0 -0.277321 34 0.000106
1 -0.271472 9 0.000028
2 -0.265622 8 0.000025
3 -0.259773 28 0.000087
4 -0.253923 25 0.000078
5 -0.248073 23 0.000072
6 -0.242224 28 0.000087
7 -0.236374 44 0.000137
8 -0.230525 27 0.000084
9 -0.224675 40 0.000124
10 -0.218826 72 0.000224
11 -0.212976 105 0.000327
12 -0.207127 87 0.000271
13 -0.201277 103 0.000320
14 -0.195428 108 0.000336
15 -0.189578 80 0.000249
16 -0.183729 93 0.000289
17 -0.177879 113 0.000351
18 -0.172030 117 0.000364
19 -0.166180 90 0.000280
20 -0.160330 92 0.000286
21 -0.154481 70 0.000218
22 -0.148631 106 0.000330
23 -0.142782 108 0.000336
24 -0.136932 107 0.000333
25 -0.131083 129 0.000401
26 -0.125233 156 0.000485
27 -0.119384 269 0.000837
28 -0.113534 276 0.000858
29 -0.107685 304 0.000945
30 -0.101835 499 0.001552
31 -0.095986 463 0.001440
32 -0.090136 520 0.001617
33 -0.084287 575 0.001788
34 -0.078437 841 0.002615
35 -0.072587 1078 0.003352
36 -0.066738 1059 0.003293
37 -0.060888 1844 0.005735
38 -0.055039 2061 0.006409
39 -0.049189 3607 0.011217
40 -0.043340 4568 0.014206
41 -0.037490 7006 0.021788
42 -0.031641 8560 0.026621
43 -0.025791 14613 0.045445
44 -0.019942 26492 0.082387
45 -0.014092 34895 0.108519
46 -0.008243 41027 0.127589
47 -0.002393 43712 0.135939
48 0.003456 39065 0.121487
49 0.009306 29109 0.090525
50 0.015156 18121 0.056354
51 0.021005 10377 0.032271
52 0.026855 7628 0.023722
53 0.032704 5103 0.015870
54 0.038554 3086 0.009597
55 0.044403 2535 0.007884
56 0.050253 1941 0.006036
57 0.056102 1228 0.003819
58 0.061952 777 0.002416
59 0.067801 904 0.002811
60 0.073651 652 0.002028
61 0.079500 554 0.001723
62 0.085350 482 0.001499
63 0.091199 384 0.001194
64 0.097049 425 0.001322
65 0.102899 307 0.000955
66 0.108748 288 0.000896
67 0.114598 164 0.000510
68 0.120447 186 0.000578
69 0.126297 212 0.000659
70 0.132146 159 0.000494
71 0.137996 118 0.000367
72 0.143845 105 0.000327
73 0.149695 102 0.000317
74 0.155544 96 0.000299
75 0.161394 59 0.000183
76 0.167243 62 0.000193
77 0.173093 69 0.000215
78 0.178942 83 0.000258
79 0.184792 93 0.000289
80 0.190642 88 0.000274
81 0.196491 59 0.000183
82 0.202341 41 0.000128
83 0.208190 39 0.000121
84 0.214040 51 0.000159
85 0.219889 30 0.000093
86 0.225739 53 0.000165
87 0.231588 59 0.000183
88 0.237438 38 0.000118
89 0.243287 58 0.000180
90 0.249137 45 0.000140
91 0.254986 9 0.000028
92 0.260836 33 0.000103
93 0.266685 48 0.000149
94 0.272535 27 0.000084
95 0.278385 39 0.000121
96 0.284234 18 0.000056
97 0.290084 32 0.000100
98 0.295933 43 0.000134
99 0.301783 1 0.000003
