0 -0.508569 7 0.000007
1 -0.498406 3 0.000003
2 -0.488243 0 0.000000
3 -0.478079 2 0.000002
4 -0.467916 0 0.000000
5 -0.457753 0 0.000000
6 -0.447589 0 0.000000
7 -0.437426 0 0.000000
8 -0.427262 2 0.000002
9 -0.417099 1 0.000001
10 -0.406936 1 0.000001
11 -0.396772 3 0.000003
12 -0.386609 26 0.000027
13 -0.376446 17 0.000018
14 -0.366282 3 0.000003
15 -0.356119 0 0.000000
16 -0.345955 1 0.000001
17 -0.335792 0 0.000000
18 -0.325629 4 0.000004
19 -0.315465 11 0.000011
20 -0.305302 34 0.000035
21 -0.295139 59 0.000061
22 -0.284975 168 0.000174
23 -0.274812 64 0.000066
24 -0.264648 72 0.000075
25 -0.254485 59 0.000061
26 -0.244322 57 0.000059
27 -0.234158 63 0.000065
28 -0.223995 143 0.000148
29 -0.213832 288 0.000299
30 -0.203668 560 0.000581
31 -0.193505 924 0.000958
32 -0.183342 1326 0.001375
33 -0.173178 1652 0.001713
34 -0.163015 1482 0.001536
35 -0.152851 2126 0.002204
36 -0.142688 3789 0.003928
37 -0.132525 6766 0.007014
38 -0.122361 4413 0.004575
39 -0.112198 4196 0.004350
40 -0.102035 6079 0.006302
41 -0.091871 7920 0.008210
42 -0.081708 15724 0.016300
43 -0.071544 18468 0.019144
44 -0.061381 14829 0.015372
45 -0.051218 21822 0.022621
46 -0.041054 38449 0.039857
47 -0.030891 56526 0.058596
48 -0.020728 101987 0.105722
49 -0.010564 178245 0.184773
50 -0.000401 174661 0.181058
51 0.009762 99709 0.103361
52 0.019926 57319 0.059418
53 0.030089 37164 0.038525
54 0.040253 19779 0.020503
55 0.050416 15792 0.016370
56 0.060579 14718 0.015257
57 0.070743 12854 0.013325
58 0.080906 7772 0.008057
59 0.091069 5913 0.006130
60 0.101233 5648 0.005855
61 0.111396 4044 0.004192
62 0.121560 7834 0.008121
63 0.131723 3200 0.003317
64 0.141886 1917 0.001987
65 0.152050 2305 0.002389
66 0.162213 1925 0.001996
67 0.172376 1463 0.001517
68 0.182540 536 0.000556
69 0.192703 487 0.000505
70 0.202866 310 0.000321
71 0.213030 103 0.000107
72 0.223193 98 0.000102
73 0.233357 97 0.000101
74 0.243520 116 0.000120
75 0.253683 42 0.000044
76 0.263847 94 0.000097
77 0.274010 110 0.000114
78 0.284173 91 0.000094
79 0.294337 138 0.000143
80 0.304500 11 0.000011
81 0.314664 0 0.000000
82 0.324827 0 0.000000
83 0.334990 0 0.000000
84 0.345154 3 0.000003
85 0.355317 5 0.000005
86 0.365480 13 0.000013
87 0.375644 10 0.000010
88 0.385807 5 0.000005
89 0.395971 5 0.000005
90 0.406134 0 0.000000
91 0.416297 0 0.000000
92 0.426461 0 0.000000
93 0.436624 0 0.000000
94 0.446787 0 0.000000
95 0.456951 0 0.000000
96 0.467114 3 0.000003
97 0.477278 1 0.000001
98 0.487441 1 0.000001
99 0.497604 1 0.000001
