0 -0.508569 7 0.000022
1 -0.498406 3 0.000009
2 -0.488243 0 0.000000
3 -0.478079 2 0.000006
4 -0.467916 0 0.000000
5 -0.457753 0 0.000000
6 -0.447589 0 0.000000
7 -0.437426 0 0.000000
8 -0.427262 2 0.000006
9 -0.417099 1 0.000003
10 -0.406936 1 0.000003
11 -0.396772 3 0.000009
12 -0.386609 26 0.000081
13 -0.376446 17 0.000053
14 -0.366282 3 0.000009
15 -0.356119 0 0.000000
16 -0.345955 1 0.000003
17 -0.335792 0 0.000000
18 -0.325629 4 0.000012
19 -0.315465 11 0.000034
20 -0.305302 34 0.000106
21 -0.295139 59 0.000183
22 -0.284975 140 0.000435
23 -0.274812 46 0.000143
24 -0.264648 43 0.000134
25 -0.254485 15 0.000047
26 -0.244322 2 0.000006
27 -0.234158 11 0.000034
28 -0.223995 39 0.000121
29 -0.213832 116 0.000361
30 -0.203668 339 0.001054
31 -0.193505 584 0.001816
32 -0.183342 971 0.003020
33 -0.173178 1282 0.003987
34 -0.163015 1026 0.003191
35 -0.152851 1622 0.005044
36 -0.142688 3173 0.009868
37 -0.132525 6176 0.019207
38 -0.122361 3583 0.011143
39 -0.112198 3077 0.009569
40 -0.102035 4588 0.014268
41 -0.091871 6253 0.019446
42 -0.081708 12290 0.038220
43 -0.071544 14065 0.043740
44 -0.061381 7826 0.024338
45 -0.051218 9563 0.029740
46 -0.041054 13335 0.041470
47 -0.030891 13976 0.043464
48 -0.020728 11396 0.035440
49 -0.010564 45832 0.142532
50 -0.000401 37739 0.117364
51 0.009762 12684 0.039446
52 0.019926 17812 0.055393
53 0.030089 16595 0.051608
54 0.040253 9476 0.029469
55 0.050416 9428 0.029320
56 0.060579 11431 0.035549
57 0.070743 10117 0.031463
58 0.080906 5618 0.017471
59 0.091069 4003 0.012449
60 0.101233 4430 0.013777
61 0.111396 3196 0.009939
62 0.121560 7114 0.022124
63 0.131723 2629 0.008176
64 0.141886 1464 0.004553
65 0.152050 1967 0.006117
66 0.162213 1677 0.005215
67 0.172376 1310 0.004074
68 0.182540 353 0.001098
69 0.192703 371 0.001154
70 0.202866 241 0.000749
71 0.213030 28 0.000087
72 0.223193 18 0.000056
73 0.233357 14 0.000044
74 0.243520 20 0.000062
75 0.253683 11 0.000034
76 0.263847 27 0.000084
77 0.274010 47 0.000146
78 0.284173 51 0.000159
79 0.294337 84 0.000261
80 0.304500 11 0.000034
81 0.314664 0 0.000000
82 0.324827 0 0.000000
83 0.334990 0 0.000000
84 0.345154 3 0.000009
85 0.355317 5 0.000016
86 0.365480 13 0.000040
87 0.375644 10 0.000031
88 0.385807 5 0.000016
89 0.395971 5 0.000016
90 0.406134 0 0.000000
91 0.416297 0 0.000000
92 0.426461 0 0.000000
93 0.436624 0 0.000000
94 0.446787 0 0.000000
95 0.456951 0 0.000000
96 0.467114 3 0.000009
97 0.477278 1 0.000003
98 0.487441 1 0.000003
99 0.497604 1 0.000003
