0 0.000000 786771 0.815587
1 0.002613 67628 0.070105
2 0.005225 35575 0.036878
3 0.007838 16487 0.017091
4 0.010450 11312 0.011726
5 0.013063 9897 0.010259
6 0.015675 13585 0.014083
7 0.018288 5620 0.005826
8 0.020900 3054 0.003166
9 0.023513 3247 0.003366
10 0.026126 2513 0.002605
11 0.028738 2817 0.002920
12 0.031351 1544 0.001601
13 0.033963 1032 0.001070
14 0.036576 743 0.000770
15 0.039188 589 0.000611
16 0.041801 385 0.000399
17 0.044413 222 0.000230
18 0.047026 133 0.000138
19 0.049639 77 0.000080
20 0.052251 118 0.000122
21 0.054864 85 0.000088
22 0.057476 75 0.000078
23 0.060089 86 0.000089
24 0.062701 75 0.000078
25 0.065314 56 0.000058
26 0.067926 71 0.000074
27 0.070539 66 0.000068
28 0.073151 90 0.000093
29 0.075764 143 0.000148
30 0.078377 115 0.000119
31 0.080989 59 0.000061
32 0.083602 78 0.000081
33 0.086214 86 0.000089
34 0.088827 76 0.000079
35 0.091439 32 0.000033
36 0.094052 3 0.000003
37 0.096664 5 0.000005
38 0.099277 4 0.000004
39 0.101890 1 0.000001
40 0.104502 0 0.000000
41 0.107115 0 0.000000
42 0.109727 0 0.000000
43 0.112340 0 0.000000
44 0.114952 0 0.000000
45 0.117565 1 0.000001
46 0.120177 0 0.000000
47 0.122790 3 0.000003
48 0.125403 4 0.000004
49 0.128015 0 0.000000
50 0.130628 1 0.000001
51 0.133240 7 0.000007
52 0.135853 8 0.000008
53 0.138465 12 0.000012
54 0.141078 27 0.000028
55 0.143690 11 0.000011
56 0.146303 0 0.000000
57 0.148916 6 0.000006
58 0.151528 3 0.000003
59 0.154141 3 0.000003
60 0.156753 3 0.000003
61 0.159366 2 0.000002
62 0.161978 1 0.000001
63 0.164591 1 0.000001
64 0.167203 0 0.000000
65 0.169816 0 0.000000
66 0.172429 0 0.000000
67 0.175041 2 0.000002
68 0.177654 0 0.000000
69 0.180266 0 0.000000
70 0.182879 0 0.000000
71 0.185491 0 0.000000
72 0.188104 0 0.000000
73 0.190716 0 0.000000
74 0.193329 0 0.000000
75 0.195942 0 0.000000
76 0.198554 0 0.000000
77 0.201167 0 0.000000
78 0.203779 0 0.000000
79 0.206392 0 0.000000
80 0.209004 0 0.000000
81 0.211617 0 0.000000
82 0.214229 0 0.000000
83 0.216842 0 0.000000
84 0.219454 1 0.000001
85 0.222067 4 0.000004
86 0.224680 0 0.000000
87 0.227292 0 0.000000
88 0.229905 0 0.000000
89 0.232517 1 0.000001
90 0.235130 0 0.000000
91 0.237742 0 0.000000
92 0.240355 0 0.000000
93 0.242967 3 0.000003
94 0.245580 2 0.000002
95 0.248193 0 0.000000
96 0.250805 0 0.000000
97 0.253418 1 0.000001
98 0.256030 3 0.000003
99 0.258643 3 0.000003
