0 -0.214444 1 0.000003
1 -0.210370 0 0.000000
2 -0.206295 2 0.000006
3 -0.202221 26 0.000081
4 -0.198146 14 0.000044
5 -0.194072 58 0.000180
6 -0.189997 63 0.000196
7 -0.185923 97 0.000302
8 -0.181848 76 0.000236
9 -0.177774 70 0.000218
10 -0.173699 83 0.000258
11 -0.169625 72 0.000224
12 -0.165550 57 0.000177
13 -0.161476 110 0.000342
14 -0.157401 160 0.000498
15 -0.153327 157 0.000488
16 -0.149252 129 0.000401
17 -0.145178 111 0.000345
18 -0.141103 168 0.000522
19 -0.137029 191 0.000594
20 -0.132954 156 0.000485
21 -0.128880 148 0.000460
22 -0.124806 183 0.000569
23 -0.120731 156 0.000485
24 -0.116657 159 0.000494
25 -0.112582 195 0.000606
26 -0.108508 260 0.000809
27 -0.104433 291 0.000905
28 -0.100359 224 0.000697
29 -0.096284 263 0.000818
30 -0.092210 272 0.000846
31 -0.088135 304 0.000945
32 -0.084061 407 0.001266
33 -0.079986 789 0.002454
34 -0.075912 1048 0.003259
35 -0.071837 1039 0.003231
36 -0.067763 947 0.002945
37 -0.063688 1125 0.003499
38 -0.059614 1688 0.005249
39 -0.055539 1510 0.004696
40 -0.051465 1930 0.006002
41 -0.047390 2609 0.008114
42 -0.043316 4018 0.012495
43 -0.039241 5006 0.015568
44 -0.035167 6621 0.020591
45 -0.031092 8400 0.026123
46 -0.027018 9563 0.029740
47 -0.022943 10106 0.031428
48 -0.018869 14088 0.043812
49 -0.014794 21036 0.065419
50 -0.010720 24788 0.077088
51 -0.006645 23748 0.073853
52 -0.002571 25897 0.080537
53 0.001504 29217 0.090861
54 0.005578 25557 0.079479
55 0.009653 18657 0.058021
56 0.013727 17943 0.055801
57 0.017802 13330 0.041455
58 0.021876 9578 0.029786
59 0.025951 7855 0.024428
60 0.030025 5962 0.018541
61 0.034099 3417 0.010626
62 0.038174 3446 0.010717
63 0.042248 2043 0.006353
64 0.046323 2176 0.006767
65 0.050397 1813 0.005638
66 0.054472 1177 0.003660
67 0.058546 1087 0.003380
68 0.062621 626 0.001947
69 0.066695 580 0.001804
70 0.070770 769 0.002391
71 0.074844 550 0.001710
72 0.078919 491 0.001527
73 0.082993 551 0.001714
74 0.087068 434 0.001350
75 0.091142 497 0.001546
76 0.095217 485 0.001508
77 0.099291 399 0.001241
78 0.103366 235 0.000731
79 0.107440 218 0.000678
80 0.111515 261 0.000812
81 0.115589 183 0.000569
82 0.119664 152 0.000473
83 0.123738 165 0.000513
84 0.127813 143 0.000445
85 0.131887 115 0.000358
86 0.135962 148 0.000460
87 0.140036 118 0.000367
88 0.144111 104 0.000323
89 0.148185 93 0.000289
90 0.152260 68 0.000211
91 0.156334 68 0.000211
92 0.160409 82 0.000255
93 0.164483 51 0.000159
94 0.168558 51 0.000159
95 0.172632 10 0.000031
96 0.176707 9 0.000028
97 0.180781 15 0.000047
98 0.184855 7 0.000022
99 0.188930 1 0.000003
