0 0.000000 2 0.000006
1 0.010099 39 0.000121
2 0.020198 99 0.000308
3 0.030297 88 0.000274
4 0.040395 98 0.000305
5 0.050494 52 0.000162
6 0.060593 32 0.000100
7 0.070692 51 0.000159
8 0.080791 79 0.000246
9 0.090890 67 0.000208
10 0.100989 58 0.000180
11 0.111087 77 0.000239
12 0.121186 41 0.000128
13 0.131285 58 0.000180
14 0.141384 41 0.000128
15 0.151483 38 0.000118
16 0.161582 33 0.000103
17 0.171681 48 0.000149
18 0.181779 53 0.000165
19 0.191878 106 0.000330
20 0.201977 94 0.000292
21 0.212076 100 0.000311
22 0.222175 91 0.000283
23 0.232274 146 0.000454
24 0.242373 319 0.000992
25 0.252471 432 0.001343
26 0.262570 488 0.001518
27 0.272669 626 0.001947
28 0.282768 532 0.001654
29 0.292867 491 0.001527
30 0.302966 614 0.001909
31 0.313065 1858 0.005778
32 0.323163 2101 0.006534
33 0.333262 2664 0.008285
34 0.343361 1447 0.004500
35 0.353460 279 0.000868
36 0.363559 255 0.000793
37 0.373658 291 0.000905
38 0.383757 285 0.000886
39 0.393855 263 0.000818
40 0.403954 432 0.001343
41 0.414053 479 0.001490
42 0.424152 465 0.001446
43 0.434251 500 0.001555
44 0.444350 650 0.002021
45 0.454448 812 0.002525
46 0.464547 958 0.002979
47 0.474646 1155 0.003592
48 0.484745 1578 0.004907
49 0.494844 2065 0.006422
50 0.504943 1758 0.005467
51 0.515042 2269 0.007056
52 0.525140 3344 0.010399
53 0.535239 3466 0.010779
54 0.545338 5582 0.017359
55 0.555437 7351 0.022861
56 0.565536 10809 0.033615
57 0.575635 25623 0.079684
58 0.585734 44180 0.137394
59 0.595832 37716 0.117292
60 0.605931 17315 0.053848
61 0.616030 13767 0.042814
62 0.626129 9642 0.029985
63 0.636228 6025 0.018737
64 0.646327 5110 0.015891
65 0.656426 4147 0.012897
66 0.666524 3610 0.011227
67 0.676623 3278 0.010194
68 0.686722 2958 0.009199
69 0.696821 2710 0.008428
70 0.706920 2352 0.007314
71 0.717019 2338 0.007271
72 0.727118 2316 0.007202
73 0.737216 2616 0.008135
74 0.747315 2514 0.007818
75 0.757414 2503 0.007784
76 0.767513 2811 0.008742
77 0.777612 2647 0.008232
78 0.787711 2766 0.008602
79 0.797810 2202 0.006848
80 0.807908 2645 0.008226
81 0.818007 3287 0.010222
82 0.828106 3634 0.011301
83 0.838205 3665 0.011398
84 0.848304 4720 0.014679
85 0.858403 6370 0.019810
86 0.868502 6415 0.019950
87 0.878600 6576 0.020451
88 0.888699 3853 0.011982
89 0.898798 3768 0.011718
90 0.908897 4106 0.012769
91 0.918996 4629 0.014396
92 0.929095 3525 0.010962
93 0.939193 2365 0.007355
94 0.949292 907 0.002821
95 0.959391 623 0.001937
96 0.969490 660 0.002053
97 0.979589 325 0.001011
98 0.989688 125 0.000389
99 0.999787 3 0.000009
