0 0.011833 35 0.000109
1 0.021605 73 0.000227
2 0.031378 72 0.000224
3 0.041151 77 0.000239
4 0.050924 198 0.000616
5 0.060696 122 0.000379
6 0.070469 103 0.000320
7 0.080242 176 0.000547
8 0.090015 122 0.000379
9 0.099787 154 0.000479
10 0.109560 131 0.000407
11 0.119333 116 0.000361
12 0.129106 191 0.000594
13 0.138878 176 0.000547
14 0.148651 168 0.000522
15 0.158424 275 0.000855
16 0.168197 202 0.000628
17 0.177969 263 0.000818
18 0.187742 330 0.001026
19 0.197515 299 0.000930
20 0.207288 499 0.001552
21 0.217060 439 0.001365
22 0.226833 433 0.001347
23 0.236606 380 0.001182
24 0.246379 461 0.001434
25 0.256151 518 0.001611
26 0.265924 643 0.002000
27 0.275697 813 0.002528
28 0.285470 886 0.002755
29 0.295242 1056 0.003284
30 0.305015 961 0.002989
31 0.314788 1059 0.003293
32 0.324561 1341 0.004170
33 0.334333 1363 0.004239
34 0.344106 1349 0.004195
35 0.353879 1367 0.004251
36 0.363652 2124 0.006605
37 0.373424 1851 0.005756
38 0.383197 2511 0.007809
39 0.392970 2736 0.008509
40 0.402743 3465 0.010776
41 0.412515 3722 0.011575
42 0.422288 4562 0.014187
43 0.432061 5588 0.017378
44 0.441833 6142 0.019101
45 0.451606 9060 0.028175
46 0.461379 11981 0.037259
47 0.471152 16746 0.052078
48 0.480924 29087 0.090457
49 0.490697 51051 0.158762
50 0.500470 46038 0.143173
51 0.510243 25498 0.079296
52 0.520015 15084 0.046909
53 0.529788 10783 0.033534
54 0.539561 7582 0.023579
55 0.549334 5973 0.018575
56 0.559106 5850 0.018193
57 0.568879 4941 0.015366
58 0.578652 4301 0.013376
59 0.588425 2747 0.008543
60 0.598197 2782 0.008652
61 0.607970 2263 0.007038
62 0.617743 2260 0.007028
63 0.627516 1775 0.005520
64 0.637288 1603 0.004985
65 0.647061 1651 0.005134
66 0.656834 1264 0.003931
67 0.666607 1185 0.003685
68 0.676379 1342 0.004173
69 0.686152 838 0.002606
70 0.695925 700 0.002177
71 0.705698 571 0.001776
72 0.715470 654 0.002034
73 0.725243 487 0.001515
74 0.735016 418 0.001300
75 0.744789 469 0.001459
76 0.754561 424 0.001319
77 0.764334 511 0.001589
78 0.774107 397 0.001235
79 0.783880 400 0.001244
80 0.793652 321 0.000998
81 0.803425 247 0.000768
82 0.813198 267 0.000830
83 0.822971 242 0.000753
84 0.832743 234 0.000728
85 0.842516 265 0.000824
86 0.852289 158 0.000491
87 0.862062 121 0.000376
88 0.871834 127 0.000395
89 0.881607 126 0.000392
90 0.891380 126 0.000392
91 0.901152 149 0.000463
92 0.910925 185 0.000575
93 0.920698 195 0.000606
94 0.930471 224 0.000697
95 0.940243 74 0.000230
96 0.950016 49 0.000152
97 0.959789 77 0.000239
98 0.969562 100 0.000311
99 0.979334 1 0.000003
