0 0.494425 126 0.000392
1 0.494610 70 0.000218
2 0.494796 52 0.000162
3 0.494982 58 0.000180
4 0.495168 68 0.000211
5 0.495353 53 0.000165
6 0.495539 52 0.000162
7 0.495725 65 0.000202
8 0.495910 129 0.000401
9 0.496096 108 0.000336
10 0.496282 80 0.000249
11 0.496468 155 0.000482
12 0.496653 243 0.000756
13 0.496839 446 0.001387
14 0.497025 466 0.001449
15 0.497210 663 0.002062
16 0.497396 769 0.002391
17 0.497582 632 0.001965
18 0.497767 988 0.003073
19 0.497953 938 0.002917
20 0.498139 899 0.002796
21 0.498325 1709 0.005315
22 0.498510 1297 0.004034
23 0.498696 1792 0.005573
24 0.498882 2095 0.006515
25 0.499067 2253 0.007007
26 0.499253 3984 0.012390
27 0.499439 4340 0.013497
28 0.499624 5567 0.017313
29 0.499810 6618 0.020581
30 0.499996 9656 0.030029
31 0.500182 10884 0.033848
32 0.500367 11069 0.034423
33 0.500553 12359 0.038435
34 0.500739 9984 0.031049
35 0.500924 9636 0.029967
36 0.501110 10528 0.032741
37 0.501296 8749 0.027208
38 0.501481 8929 0.027768
39 0.501667 9703 0.030175
40 0.501853 9890 0.030757
41 0.502039 9250 0.028766
42 0.502224 10431 0.032439
43 0.502410 10203 0.031730
44 0.502596 9418 0.029289
45 0.502781 10882 0.033842
46 0.502967 10962 0.034090
47 0.503153 10474 0.032573
48 0.503338 9161 0.028490
49 0.503524 9597 0.029846
50 0.503710 8108 0.025215
51 0.503896 9438 0.029351
52 0.504081 8484 0.026384
53 0.504267 8796 0.027354
54 0.504453 5959 0.018532
55 0.504638 6358 0.019773
56 0.504824 6344 0.019729
57 0.505010 4346 0.013516
58 0.505195 3594 0.011177
59 0.505381 2955 0.009190
60 0.505567 2564 0.007974
61 0.505753 2229 0.006932
62 0.505938 2057 0.006397
63 0.506124 1560 0.004851
64 0.506310 1310 0.004074
65 0.506495 1399 0.004351
66 0.506681 967 0.003007
67 0.506867 824 0.002563
68 0.507052 833 0.002591
69 0.507238 551 0.001714
70 0.507424 673 0.002093
71 0.507610 339 0.001054
72 0.507795 367 0.001141
73 0.507981 487 0.001515
74 0.508167 443 0.001378
75 0.508352 653 0.002031
76 0.508538 442 0.001375
77 0.508724 281 0.000874
78 0.508909 46 0.000143
79 0.509095 54 0.000168
80 0.509281 52 0.000162
81 0.509467 60 0.000187
82 0.509652 57 0.000177
83 0.509838 120 0.000373
84 0.510024 97 0.000302
85 0.510209 20 0.000062
86 0.510395 9 0.000028
87 0.510581 17 0.000053
88 0.510767 10 0.000031
89 0.510952 14 0.000044
90 0.511138 15 0.000047
91 0.511324 18 0.000056
92 0.511509 16 0.000050
93 0.511695 10 0.000031
94 0.511881 21 0.000065
95 0.512066 11 0.000034
96 0.512252 22 0.000068
97 0.512438 13 0.000040
98 0.512623 32 0.000100
99 0.512809 1 0.000003
