0 0.000000 9 0.000009
1 0.010101 75 0.000078
2 0.020202 166 0.000172
3 0.030303 167 0.000173
4 0.040404 170 0.000176
5 0.050505 252 0.000261
6 0.060606 161 0.000167
7 0.070707 162 0.000168
8 0.080808 262 0.000272
9 0.090909 191 0.000198
10 0.101010 223 0.000231
11 0.111111 209 0.000217
12 0.121212 222 0.000230
13 0.131313 245 0.000254
14 0.141414 219 0.000227
15 0.151515 281 0.000291
16 0.161616 272 0.000282
17 0.171717 273 0.000283
18 0.181818 366 0.000379
19 0.191919 432 0.000448
20 0.202020 547 0.000567
21 0.212121 685 0.000710
22 0.222222 671 0.000696
23 0.232323 593 0.000615
24 0.242424 732 0.000759
25 0.252525 989 0.001025
26 0.262626 1133 0.001174
27 0.272727 1409 0.001461
28 0.282828 1470 0.001524
29 0.292929 1711 0.001774
30 0.303030 2026 0.002100
31 0.313131 3733 0.003870
32 0.323232 4828 0.005005
33 0.333333 5235 0.005427
34 0.343434 3861 0.004002
35 0.353535 4310 0.004468
36 0.363636 5747 0.005957
37 0.373737 8055 0.008350
38 0.383838 6143 0.006368
39 0.393939 6475 0.006712
40 0.404040 9379 0.009723
41 0.414141 11821 0.012254
42 0.424242 23127 0.023974
43 0.434343 15173 0.015729
44 0.444444 15158 0.015713
45 0.454545 21137 0.021911
46 0.464646 30321 0.031432
47 0.474747 33361 0.034583
48 0.484848 53518 0.055478
49 0.494949 124459 0.129017
50 0.505050 54620 0.056621
51 0.515152 35279 0.036571
52 0.525253 37919 0.039308
53 0.535354 23860 0.024734
54 0.545455 20995 0.021764
55 0.555556 22582 0.023409
56 0.565657 29301 0.030374
57 0.575758 38700 0.040117
58 0.585859 51743 0.053638
59 0.595960 44790 0.046430
60 0.606061 24260 0.025149
61 0.616162 19890 0.020618
62 0.626263 18277 0.018946
63 0.636364 9557 0.009907
64 0.646465 7962 0.008254
65 0.656566 7293 0.007560
66 0.666667 6475 0.006712
67 0.676768 5738 0.005948
68 0.686869 4097 0.004247
69 0.696970 3790 0.003929
70 0.707071 3263 0.003383
71 0.717172 2950 0.003058
72 0.727273 2778 0.002880
73 0.737374 3178 0.003294
74 0.747475 2934 0.003041
75 0.757576 2948 0.003056
76 0.767677 3457 0.003584
77 0.777778 2988 0.003097
78 0.787879 3237 0.003356
79 0.797980 2595 0.002690
80 0.808081 2897 0.003003
81 0.818182 3515 0.003644
82 0.828283 3988 0.004134
83 0.838384 3819 0.003959
84 0.848485 4965 0.005147
85 0.858586 6838 0.007088
86 0.868687 6223 0.006451
87 0.878788 6698 0.006943
88 0.888889 4094 0.004244
89 0.898990 3866 0.004008
90 0.909091 4281 0.004438
91 0.919192 4960 0.005142
92 0.929293 3646 0.003780
93 0.939394 2399 0.002487
94 0.949495 944 0.000979
95 0.959596 713 0.000739
96 0.969697 750 0.000777
97 0.979798 332 0.000344
98 0.989899 118 0.000122
99 1.000000 2 0.000002
