0 0.144137 102 0.000106
1 0.153282 64 0.000066
2 0.162427 90 0.000093
3 0.171573 124 0.000129
4 0.180718 106 0.000110
5 0.189863 88 0.000091
6 0.199008 401 0.000416
7 0.208154 477 0.000494
8 0.217299 576 0.000597
9 0.226444 581 0.000602
10 0.235589 499 0.000517
11 0.244735 610 0.000632
12 0.253880 613 0.000635
13 0.263025 802 0.000831
14 0.272170 1204 0.001248
15 0.281316 1699 0.001761
16 0.290461 2362 0.002449
17 0.299606 1973 0.002045
18 0.308751 2481 0.002572
19 0.317897 3873 0.004015
20 0.327042 3590 0.003721
21 0.336187 2845 0.002949
22 0.345332 2380 0.002467
23 0.354478 2750 0.002851
24 0.363623 2660 0.002757
25 0.372768 2613 0.002709
26 0.381913 3111 0.003225
27 0.391059 3580 0.003711
28 0.400204 4042 0.004190
29 0.409349 4575 0.004743
30 0.418494 5241 0.005433
31 0.427640 6122 0.006346
32 0.436785 7120 0.007381
33 0.445930 8182 0.008482
34 0.455075 10782 0.011177
35 0.464221 14665 0.015202
36 0.473366 23438 0.024296
37 0.482511 27554 0.028563
38 0.491656 113002 0.117141
39 0.500802 265450 0.275172
40 0.509947 25120 0.026040
41 0.519092 22757 0.023590
42 0.528237 20227 0.020968
43 0.537383 15871 0.016452
44 0.546528 15240 0.015798
45 0.555673 17040 0.017664
46 0.564818 20748 0.021508
47 0.573964 28119 0.029149
48 0.583109 29305 0.030378
49 0.592254 30303 0.031413
50 0.601399 24708 0.025613
51 0.610545 17685 0.018333
52 0.619690 14230 0.014751
53 0.628835 12302 0.012753
54 0.637980 8693 0.009011
55 0.647126 6805 0.007054
56 0.656271 6398 0.006632
57 0.665416 5783 0.005995
58 0.674561 5457 0.005657
59 0.683707 5006 0.005189
60 0.692852 4182 0.004335
61 0.701997 3718 0.003854
62 0.711142 3716 0.003852
63 0.720288 3334 0.003456
64 0.729433 3529 0.003658
65 0.738578 3399 0.003523
66 0.747723 3612 0.003744
67 0.756869 3795 0.003934
68 0.766014 3451 0.003577
69 0.775159 2744 0.002845
70 0.784304 2815 0.002918
71 0.793450 3165 0.003281
72 0.802595 3341 0.003463
73 0.811740 3636 0.003769
74 0.820885 3408 0.003533
75 0.830031 3559 0.003689
76 0.839176 3341 0.003463
77 0.848321 3517 0.003646
78 0.857466 3644 0.003777
79 0.866612 4266 0.004422
80 0.875757 4068 0.004217
81 0.884902 3427 0.003553
82 0.894047 3432 0.003558
83 0.903193 3137 0.003252
84 0.912338 2936 0.003044
85 0.921483 2420 0.002509
86 0.930628 2256 0.002339
87 0.939774 2187 0.002267
88 0.948919 2412 0.002500
89 0.958064 1789 0.001855
90 0.967209 1409 0.001461
91 0.976355 439 0.000455
92 0.985500 40 0.000041
93 0.994645 27 0.000028
94 1.003790 33 0.000034
95 1.012936 37 0.000038
96 1.022081 44 0.000046
97 1.031226 57 0.000059
98 1.040371 120 0.000124
99 1.049517 2 0.000002
