0 0.144137 102 0.000317
1 0.153282 64 0.000199
2 0.162427 90 0.000280
3 0.171573 124 0.000386
4 0.180718 106 0.000330
5 0.189863 86 0.000267
6 0.199008 323 0.001004
7 0.208154 303 0.000942
8 0.217299 363 0.001129
9 0.226444 233 0.000725
10 0.235589 154 0.000479
11 0.244735 171 0.000532
12 0.253880 114 0.000355
13 0.263025 370 0.001151
14 0.272170 280 0.000871
15 0.281316 481 0.001496
16 0.290461 564 0.001754
17 0.299606 630 0.001959
18 0.308751 1333 0.004145
19 0.317897 2473 0.007691
20 0.327042 1830 0.005691
21 0.336187 1107 0.003443
22 0.345332 593 0.001844
23 0.354478 652 0.002028
24 0.363623 215 0.000669
25 0.372768 170 0.000529
26 0.381913 198 0.000616
27 0.391059 309 0.000961
28 0.400204 318 0.000989
29 0.409349 258 0.000802
30 0.418494 248 0.000771
31 0.427640 277 0.000861
32 0.436785 283 0.000880
33 0.445930 435 0.001353
34 0.455075 544 0.001692
35 0.464221 805 0.002503
36 0.473366 915 0.002846
37 0.482511 964 0.002998
38 0.491656 1831 0.005694
39 0.500802 1956 0.006083
40 0.509947 2097 0.006521
41 0.519092 2550 0.007930
42 0.528237 4135 0.012859
43 0.537383 4776 0.014853
44 0.546528 6498 0.020208
45 0.555673 9458 0.029413
46 0.564818 15021 0.046713
47 0.573964 23733 0.073807
48 0.583109 25253 0.078534
49 0.592254 26589 0.082689
50 0.601399 21128 0.065706
51 0.610545 14740 0.045840
52 0.619690 12089 0.037595
53 0.628835 9990 0.031068
54 0.637980 6673 0.020752
55 0.647126 4910 0.015270
56 0.656271 4633 0.014408
57 0.665416 4116 0.012800
58 0.674561 3623 0.011267
59 0.683707 3347 0.010409
60 0.692852 3130 0.009734
61 0.701997 3014 0.009373
62 0.711142 2918 0.009075
63 0.720288 2698 0.008390
64 0.729433 2760 0.008583
65 0.738578 2714 0.008440
66 0.747723 2885 0.008972
67 0.756869 3411 0.010608
68 0.766014 3197 0.009942
69 0.775159 2644 0.008223
70 0.784304 2659 0.008269
71 0.793450 2992 0.009305
72 0.802595 3312 0.010300
73 0.811740 3584 0.011146
74 0.820885 3408 0.010598
75 0.830031 3559 0.011068
76 0.839176 3341 0.010390
77 0.848321 3517 0.010937
78 0.857466 3644 0.011332
79 0.866612 4266 0.013267
80 0.875757 4068 0.012651
81 0.884902 3427 0.010658
82 0.894047 3432 0.010673
83 0.903193 3137 0.009756
84 0.912338 2936 0.009131
85 0.921483 2420 0.007526
86 0.930628 2256 0.007016
87 0.939774 2187 0.006801
88 0.948919 2412 0.007501
89 0.958064 1789 0.005564
90 0.967209 1409 0.004382
91 0.976355 439 0.001365
92 0.985500 40 0.000124
93 0.994645 27 0.000084
94 1.003790 33 0.000103
95 1.012936 37 0.000115
96 1.022081 44 0.000137
97 1.031226 57 0.000177
98 1.040371 120 0.000373
99 1.049517 2 0.000006
