0 0.198786 65 0.000202
1 0.205035 84 0.000261
2 0.211284 107 0.000333
3 0.217533 142 0.000442
4 0.223782 162 0.000504
5 0.230031 283 0.000880
6 0.236280 243 0.000756
7 0.242529 194 0.000603
8 0.248778 388 0.001207
9 0.255027 337 0.001048
10 0.261276 260 0.000809
11 0.267525 397 0.001235
12 0.273774 588 0.001829
13 0.280023 834 0.002594
14 0.286272 946 0.002942
15 0.292521 1274 0.003962
16 0.298770 1022 0.003178
17 0.305019 754 0.002345
18 0.311268 808 0.002513
19 0.317517 949 0.002951
20 0.323766 1035 0.003219
21 0.330015 1282 0.003987
22 0.336264 1204 0.003744
23 0.342513 1146 0.003564
24 0.348762 1242 0.003862
25 0.355011 1340 0.004167
26 0.361260 1679 0.005221
27 0.367509 1682 0.005231
28 0.373758 1509 0.004693
29 0.380007 2009 0.006248
30 0.386256 2026 0.006301
31 0.392505 2282 0.007097
32 0.398754 2336 0.007265
33 0.405003 2750 0.008552
34 0.411252 3019 0.009389
35 0.417501 3252 0.010113
36 0.423750 3719 0.011566
37 0.429999 3962 0.012321
38 0.436248 4529 0.014085
39 0.442497 4829 0.015018
40 0.448746 5543 0.017238
41 0.454995 6808 0.021172
42 0.461244 8176 0.025426
43 0.467493 9833 0.030579
44 0.473742 14471 0.045003
45 0.479991 17455 0.054283
46 0.486240 18671 0.058065
47 0.492489 18096 0.056276
48 0.498738 19561 0.060832
49 0.504987 17243 0.053624
50 0.511236 15247 0.047416
51 0.517485 15093 0.046937
52 0.523734 12073 0.037546
53 0.529983 11330 0.035235
54 0.536232 8076 0.025115
55 0.542481 7168 0.022292
56 0.548730 5687 0.017686
57 0.554979 5590 0.017384
58 0.561228 4578 0.014237
59 0.567477 3584 0.011146
60 0.573726 2956 0.009193
61 0.579975 2919 0.009078
62 0.586224 2771 0.008617
63 0.592473 2475 0.007697
64 0.598722 2762 0.008589
65 0.604971 2200 0.006842
66 0.611220 2028 0.006307
67 0.617469 1620 0.005038
68 0.623718 1510 0.004696
69 0.629967 1664 0.005175
70 0.636216 1325 0.004121
71 0.642465 1389 0.004320
72 0.648714 1313 0.004083
73 0.654963 1180 0.003670
74 0.661212 1185 0.003685
75 0.667461 1106 0.003440
76 0.673710 1199 0.003729
77 0.679959 1413 0.004394
78 0.686208 998 0.003104
79 0.692457 813 0.002528
80 0.698706 560 0.001742
81 0.704955 460 0.001431
82 0.711204 577 0.001794
83 0.717453 470 0.001462
84 0.723702 415 0.001291
85 0.729951 563 0.001751
86 0.736200 456 0.001418
87 0.742449 471 0.001465
88 0.748698 457 0.001421
89 0.754947 408 0.001269
90 0.761196 271 0.000843
91 0.767445 145 0.000451
92 0.773694 73 0.000227
93 0.779943 67 0.000208
94 0.786192 108 0.000336
95 0.792441 142 0.000442
96 0.798690 62 0.000193
97 0.804939 21 0.000065
98 0.811188 52 0.000162
99 0.817437 0 0.000000
