0 0.000000 7 0.000022
1 0.010101 3 0.000009
2 0.020202 1 0.000003
3 0.030303 1 0.000003
4 0.040404 0 0.000000
5 0.050505 0 0.000000
6 0.060606 0 0.000000
7 0.070707 0 0.000000
8 0.080808 0 0.000000
9 0.090909 3 0.000009
10 0.101010 1 0.000003
11 0.111111 7 0.000022
12 0.121212 34 0.000106
13 0.131313 8 0.000025
14 0.141414 0 0.000000
15 0.151515 1 0.000003
16 0.161616 0 0.000000
17 0.171717 0 0.000000
18 0.181818 1 0.000003
19 0.191919 12 0.000037
20 0.202020 39 0.000121
21 0.212121 99 0.000308
22 0.222222 127 0.000395
23 0.232323 43 0.000134
24 0.242424 25 0.000078
25 0.252525 7 0.000022
26 0.262626 3 0.000009
27 0.272727 18 0.000056
28 0.282828 30 0.000093
29 0.292929 164 0.000510
30 0.303030 388 0.001207
31 0.313131 794 0.002469
32 0.323232 1415 0.004400
33 0.333333 1089 0.003387
34 0.343434 1052 0.003272
35 0.353535 2634 0.008191
36 0.363636 3291 0.010235
37 0.373737 5743 0.017860
38 0.383838 3356 0.010437
39 0.393939 3285 0.010216
40 0.404040 5308 0.016507
41 0.414141 7434 0.023119
42 0.424242 17629 0.054824
43 0.434343 8877 0.027606
44 0.444444 7221 0.022456
45 0.454545 10244 0.031858
46 0.464646 15703 0.048834
47 0.474747 11266 0.035036
48 0.484848 11571 0.035984
49 0.494949 68164 0.211982
50 0.505050 15732 0.048925
51 0.515152 13414 0.041716
52 0.525253 22124 0.068803
53 0.535354 11146 0.034663
54 0.545455 8738 0.027174
55 0.555556 9371 0.029143
56 0.565657 12891 0.040089
57 0.575758 7568 0.023536
58 0.585859 5393 0.016772
59 0.595960 4127 0.012834
60 0.606061 4221 0.013127
61 0.616162 4114 0.012794
62 0.626263 6669 0.020740
63 0.636364 1801 0.005601
64 0.646465 1326 0.004124
65 0.656566 1808 0.005623
66 0.666667 1672 0.005200
67 0.676768 1012 0.003147
68 0.686869 371 0.001154
69 0.696970 373 0.001160
70 0.707071 234 0.000728
71 0.717172 27 0.000084
72 0.727273 18 0.000056
73 0.737374 19 0.000059
74 0.747475 12 0.000037
75 0.757576 5 0.000016
76 0.767677 30 0.000093
77 0.777778 34 0.000106
78 0.787879 62 0.000193
79 0.797980 87 0.000271
80 0.808081 12 0.000037
81 0.818182 0 0.000000
82 0.828283 0 0.000000
83 0.838384 0 0.000000
84 0.848485 0 0.000000
85 0.858586 7 0.000022
86 0.868687 10 0.000031
87 0.878788 10 0.000031
88 0.888889 7 0.000022
89 0.898990 7 0.000022
90 0.909091 0 0.000000
91 0.919192 0 0.000000
92 0.929293 0 0.000000
93 0.939394 0 0.000000
94 0.949495 0 0.000000
95 0.959596 0 0.000000
96 0.969697 0 0.000000
97 0.979798 4 0.000012
98 0.989899 0 0.000000
99 1.000000 2 0.000006
