network init start

hyperparameters
init_weight_range 0.000000 ,xavier
learning_rate 0.000200
lambda1 0.000001
lambda2 0.000001
dropout 0.020000
minibatch size 32

   DENSE CONVOLUTION  [    5    10     1] [    3     3     8] [    5    10     9] [        72          8][      4000]
                RELU  [    5    10     9] [    1     1     1] [    5    10     9] [         0          0][       900]
   DENSE CONVOLUTION  [    5    10     9] [    3     3     8] [    5    10    17] [       648          8][     32800]
                RELU  [    5    10    17] [    1     1     1] [    5    10    17] [         0          0][      1700]
   DENSE CONVOLUTION  [    5    10    17] [    3     3     8] [    5    10    25] [      1224          8][     61600]
                RELU  [    5    10    25] [    1     1     1] [    5    10    25] [         0          0][      2500]
   DENSE CONVOLUTION  [    5    10    25] [    3     3     8] [    5    10    33] [      1800          8][     90400]
                RELU  [    5    10    33] [    1     1     1] [    5    10    33] [         0          0][      3300]
         CONVOLUTION  [    5    10    33] [    1     1    32] [    5    10    32] [      1056         32][     54400]
                RELU  [    5    10    32] [    1     1     1] [    5    10    32] [         0          0][      3200]
             DROPOUT  [    5    10    32] [    1     1     1] [    5    10    32] [         0          0][      3200]
                  FC  [    5    10    32] [    1     1     3] [    1     1     3] [      4800          3][      9606]

input_geometry  [5 10 1]
output_geometry [1 1 3]
network flops operations 267606 FLOPS, 0.000268 GFLOPS
init DONE

network destructor done
