0.000000 0 0 0.009515 0.000000 0.322087 0.009531 0.000000 0.322087
0.200000 0 1 0.008873 0.000000 0.276481 0.008886 0.000000 0.267747
0.400000 0 2 0.008295 0.000000 0.276473 0.008256 0.000000 0.276032
0.600000 0 3 0.007471 0.000000 0.263188 0.007461 0.000000 0.263188
0.800000 0 4 0.007072 0.000000 0.264737 0.007063 0.000000 0.264138
1.000000 1 0 0.006464 0.000000 0.258517 0.006448 0.000000 0.253587
1.200000 1 1 0.005907 0.000000 0.256970 0.005914 0.000000 0.256970
1.400000 1 2 0.005436 0.000000 0.257673 0.005428 0.000000 0.257673
1.600000 1 3 0.005345 0.000000 0.266730 0.005325 0.000000 0.262437
1.800000 1 4 0.004947 0.000000 0.262034 0.004972 0.000000 0.262034
2.000000 2 0 0.004503 0.000000 0.263441 0.004497 0.000000 0.258358
2.200000 2 1 0.004272 0.000000 0.261900 0.004278 0.000000 0.261900
2.400000 2 2 0.004077 0.000000 0.261736 0.004092 0.000000 0.256651
2.600000 2 3 0.004065 0.000000 0.261450 0.004053 0.000000 0.261450
2.800000 2 4 0.003949 0.000000 0.260173 0.003966 0.000000 0.260173
3.000000 3 0 0.003803 0.000000 0.258869 0.003816 0.000000 0.258869
3.200000 3 1 0.003715 0.000000 0.259979 0.003715 0.000000 0.259979
3.400000 3 2 0.003593 0.000000 0.251998 0.003579 0.000000 0.251998
3.600000 3 3 0.003476 0.000000 0.249094 0.003459 0.000000 0.249094
3.800000 3 4 0.003518 0.000000 0.266281 0.003522 0.000000 0.266281
4.000000 4 0 0.003647 0.000000 0.261246 0.003656 0.000000 0.256070
4.200000 4 1 0.003231 0.000000 0.251969 0.003227 0.000000 0.251969
4.400000 4 2 0.003210 0.000000 0.250983 0.003203 0.000000 0.250983
4.600000 4 3 0.003281 0.000000 0.253664 0.003287 0.000000 0.242639
4.800000 4 4 0.003630 0.000000 0.262073 0.003633 0.000000 0.256882
5.000000 5 0 0.003482 0.000000 0.260174 0.003488 0.000000 0.260174
5.200000 5 1 0.003102 0.000000 0.249285 0.003098 0.000000 0.244222
5.400000 5 2 0.003004 0.000000 0.252178 0.003011 0.000000 0.247064
5.600000 5 3 0.003094 0.000000 0.255694 0.003094 0.000000 0.255694
5.800000 5 4 0.003020 0.000000 0.261027 0.003025 0.000000 0.261027
6.000000 6 0 0.003068 0.000000 0.249713 0.003078 0.000000 0.249713
6.200000 6 1 0.003022 0.000000 0.252144 0.003013 0.000000 0.252144
6.400000 6 2 0.002967 0.000000 0.252769 0.002968 0.000000 0.247659
6.600000 6 3 0.003224 0.000000 0.243813 0.003226 0.000000 0.243813
6.800000 6 4 0.002879 0.000000 0.244441 0.002875 0.000000 0.244441
7.000000 7 0 0.002872 0.000000 0.254965 0.002872 0.000000 0.254965
7.200000 7 1 0.002820 0.000000 0.246643 0.002811 0.000000 0.246643
7.400000 7 2 0.002884 0.000000 0.255268 0.002892 0.000000 0.255268
7.600000 7 3 0.002981 0.000000 0.249504 0.002966 0.000000 0.249504
7.800000 7 4 0.002888 0.000000 0.246504 0.002879 0.000000 0.241448
8.000000 8 0 0.002794 0.000000 0.249327 0.002798 0.000000 0.249327
8.200000 8 1 0.002795 0.000000 0.249106 0.002782 0.000000 0.249106
8.400000 8 2 0.002708 0.000000 0.245070 0.002712 0.000000 0.240056
8.600000 8 3 0.002769 0.000000 0.249463 0.002765 0.000000 0.249463
8.800000 8 4 0.002726 0.000000 0.247026 0.002722 0.000000 0.241983
9.000000 9 0 0.002786 0.000000 0.248015 0.002776 0.000000 0.242967
9.200000 9 1 0.002721 0.000000 0.243811 0.002722 0.000000 0.238617
9.400000 9 2 0.002729 0.000000 0.249593 0.002738 0.000000 0.244135
9.600000 9 3 0.002773 0.000000 0.248971 0.002761 0.000000 0.248971
9.800000 9 4 0.002745 0.000000 0.249544 0.002733 0.000000 0.249544
