0 -0.506367 3 0.000003
1 -0.496299 2 0.000002
2 -0.486230 3 0.000003
3 -0.476161 2 0.000002
4 -0.466092 0 0.000000
5 -0.456023 0 0.000000
6 -0.445954 2 0.000002
7 -0.435885 0 0.000000
8 -0.425816 5 0.000005
9 -0.415747 0 0.000000
10 -0.405679 7 0.000007
11 -0.395610 21 0.000022
12 -0.385541 15 0.000016
13 -0.375472 10 0.000010
14 -0.365403 1 0.000001
15 -0.355334 0 0.000000
16 -0.345265 0 0.000000
17 -0.335196 9 0.000009
18 -0.325127 10 0.000010
19 -0.315059 18 0.000019
20 -0.304990 66 0.000068
21 -0.294921 90 0.000093
22 -0.284852 77 0.000080
23 -0.274783 46 0.000048
24 -0.264714 26 0.000027
25 -0.254645 11 0.000011
26 -0.244576 10 0.000010
27 -0.234507 32 0.000033
28 -0.224439 63 0.000065
29 -0.214370 234 0.000243
30 -0.204301 415 0.000430
31 -0.194232 717 0.000743
32 -0.184163 1447 0.001500
33 -0.174094 1088 0.001128
34 -0.164025 1729 0.001792
35 -0.153956 3195 0.003312
36 -0.143887 4073 0.004222
37 -0.133819 5102 0.005289
38 -0.123750 3873 0.004015
39 -0.113681 4748 0.004922
40 -0.103612 6439 0.006675
41 -0.093543 9508 0.009856
42 -0.083474 20086 0.020822
43 -0.073405 11427 0.011846
44 -0.063336 16184 0.016777
45 -0.053267 23220 0.024070
46 -0.043199 38083 0.039478
47 -0.033130 63972 0.066315
48 -0.023061 127815 0.132496
49 -0.012992 233940 0.242508
50 -0.002923 147576 0.152981
51 0.007146 70907 0.073504
52 0.017215 48872 0.050662
53 0.027284 21972 0.022777
54 0.037353 18185 0.018851
55 0.047421 15526 0.016095
56 0.057490 14365 0.014891
57 0.067559 10175 0.010548
58 0.077628 6985 0.007241
59 0.087697 5405 0.005603
60 0.097766 4741 0.004915
61 0.107835 5566 0.005770
62 0.117904 6155 0.006380
63 0.127973 2000 0.002073
64 0.138041 2132 0.002210
65 0.148110 2148 0.002227
66 0.158179 1884 0.001953
67 0.168248 939 0.000973
68 0.178317 326 0.000338
69 0.188386 315 0.000327
70 0.198455 191 0.000198
71 0.208524 90 0.000093
72 0.218593 20 0.000021
73 0.228661 31 0.000032
74 0.238730 46 0.000048
75 0.248799 67 0.000069
76 0.258868 24 0.000025
77 0.268937 57 0.000059
78 0.279006 51 0.000053
79 0.289075 27 0.000028
80 0.299144 20 0.000021
81 0.309213 4 0.000004
82 0.319281 0 0.000000
83 0.329350 0 0.000000
84 0.339419 5 0.000005
85 0.349488 15 0.000016
86 0.359557 2 0.000002
87 0.369626 6 0.000006
88 0.379695 7 0.000007
89 0.389764 4 0.000004
90 0.399833 2 0.000002
91 0.409901 0 0.000000
92 0.419970 0 0.000000
93 0.430039 0 0.000000
94 0.440108 0 0.000000
95 0.450177 0 0.000000
96 0.460246 0 0.000000
97 0.470315 0 0.000000
98 0.480384 0 0.000000
99 0.490453 1 0.000001
