0 -0.169871 9 0.000028
1 -0.165548 15 0.000047
2 -0.161224 25 0.000078
3 -0.156901 26 0.000081
4 -0.152577 51 0.000159
5 -0.148254 30 0.000093
6 -0.143930 49 0.000152
7 -0.139607 57 0.000177
8 -0.135283 146 0.000454
9 -0.130960 117 0.000364
10 -0.126636 133 0.000414
11 -0.122313 101 0.000314
12 -0.117989 80 0.000249
13 -0.113666 104 0.000323
14 -0.109342 361 0.001123
15 -0.105019 188 0.000585
16 -0.100695 186 0.000578
17 -0.096372 262 0.000815
18 -0.092048 295 0.000917
19 -0.087725 346 0.001076
20 -0.083401 312 0.000970
21 -0.079078 638 0.001984
22 -0.074754 779 0.002423
23 -0.070431 866 0.002693
24 -0.066107 1138 0.003539
25 -0.061784 1763 0.005483
26 -0.057460 2180 0.006780
27 -0.053137 2776 0.008633
28 -0.048813 3139 0.009762
29 -0.044490 4120 0.012813
30 -0.040166 5392 0.016768
31 -0.035843 7566 0.023529
32 -0.031519 14140 0.043974
33 -0.027196 18258 0.056780
34 -0.022872 20311 0.063165
35 -0.018549 31422 0.097719
36 -0.014225 33225 0.103326
37 -0.009902 34945 0.108675
38 -0.005578 31912 0.099242
39 -0.001255 25790 0.080204
40 0.003069 20480 0.063690
41 0.007392 14456 0.044956
42 0.011716 9465 0.029435
43 0.016039 7198 0.022385
44 0.020363 5239 0.016293
45 0.024686 3872 0.012041
46 0.029010 2734 0.008502
47 0.033333 2186 0.006798
48 0.037657 2366 0.007358
49 0.041980 1752 0.005449
50 0.046304 1389 0.004320
51 0.050627 1325 0.004121
52 0.054951 754 0.002345
53 0.059274 603 0.001875
54 0.063598 519 0.001614
55 0.067921 416 0.001294
56 0.072245 464 0.001443
57 0.076568 306 0.000952
58 0.080892 330 0.001026
59 0.085215 347 0.001079
60 0.089539 266 0.000827
61 0.093862 159 0.000494
62 0.098186 154 0.000479
63 0.102509 161 0.000501
64 0.106833 199 0.000619
65 0.111156 143 0.000445
66 0.115480 144 0.000448
67 0.119803 84 0.000261
68 0.124127 82 0.000255
69 0.128450 82 0.000255
70 0.132774 97 0.000302
71 0.137097 150 0.000466
72 0.141421 97 0.000302
73 0.145744 34 0.000106
74 0.150068 67 0.000208
75 0.154391 41 0.000128
76 0.158715 30 0.000093
77 0.163038 24 0.000075
78 0.167362 6 0.000019
79 0.171685 3 0.000009
80 0.176009 1 0.000003
81 0.180332 4 0.000012
82 0.184656 4 0.000012
83 0.188979 3 0.000009
84 0.193302 2 0.000006
85 0.197626 3 0.000009
86 0.201949 0 0.000000
87 0.206273 0 0.000000
88 0.210596 3 0.000009
89 0.214920 2 0.000006
90 0.219243 5 0.000016
91 0.223567 1 0.000003
92 0.227890 7 0.000022
93 0.232214 0 0.000000
94 0.236537 10 0.000031
95 0.240861 7 0.000022
96 0.245184 6 0.000019
97 0.249508 7 0.000022
98 0.253831 13 0.000040
99 0.258155 1 0.000003
