0 -0.214880 22 0.000068
1 -0.210488 11 0.000034
2 -0.206097 9 0.000028
3 -0.201706 8 0.000025
4 -0.197314 4 0.000012
5 -0.192923 11 0.000034
6 -0.188531 6 0.000019
7 -0.184140 1 0.000003
8 -0.179749 7 0.000022
9 -0.175357 43 0.000134
10 -0.170966 26 0.000081
11 -0.166575 33 0.000103
12 -0.162183 36 0.000112
13 -0.157792 44 0.000137
14 -0.153401 85 0.000264
15 -0.149009 60 0.000187
16 -0.144618 67 0.000208
17 -0.140226 81 0.000252
18 -0.135835 49 0.000152
19 -0.131444 59 0.000183
20 -0.127052 47 0.000146
21 -0.122661 131 0.000407
22 -0.118270 128 0.000398
23 -0.113878 199 0.000619
24 -0.109487 163 0.000507
25 -0.105096 248 0.000771
26 -0.100704 354 0.001101
27 -0.096313 350 0.001088
28 -0.091922 382 0.001188
29 -0.087530 343 0.001067
30 -0.083139 384 0.001194
31 -0.078747 592 0.001841
32 -0.074356 750 0.002332
33 -0.069965 884 0.002749
34 -0.065573 1099 0.003418
35 -0.061182 1867 0.005806
36 -0.056791 1894 0.005890
37 -0.052399 1955 0.006080
38 -0.048008 3110 0.009672
39 -0.043617 3862 0.012010
40 -0.039225 4577 0.014234
41 -0.034834 6624 0.020600
42 -0.030442 7756 0.024120
43 -0.026051 10580 0.032903
44 -0.021660 18296 0.056898
45 -0.017268 27852 0.086616
46 -0.012877 39540 0.122965
47 -0.008486 41662 0.129564
48 -0.004094 38015 0.118222
49 0.000297 31179 0.096963
50 0.004688 20947 0.065143
51 0.009080 13360 0.041548
52 0.013471 9951 0.030946
53 0.017862 6851 0.021306
54 0.022254 4735 0.014725
55 0.026645 3315 0.010309
56 0.031037 2648 0.008235
57 0.035428 2335 0.007262
58 0.039819 1831 0.005694
59 0.044211 1526 0.004746
60 0.048602 1499 0.004662
61 0.052993 1070 0.003328
62 0.057385 805 0.002503
63 0.061776 624 0.001941
64 0.066167 697 0.002168
65 0.070559 609 0.001894
66 0.074950 663 0.002062
67 0.079342 272 0.000846
68 0.083733 229 0.000712
69 0.088124 207 0.000644
70 0.092516 211 0.000656
71 0.096907 193 0.000600
72 0.101298 181 0.000563
73 0.105690 192 0.000597
74 0.110081 117 0.000364
75 0.114472 83 0.000258
76 0.118864 74 0.000230
77 0.123255 85 0.000264
78 0.127646 70 0.000218
79 0.132038 71 0.000221
80 0.136429 81 0.000252
81 0.140821 68 0.000211
82 0.145212 77 0.000239
83 0.149603 83 0.000258
84 0.153995 76 0.000236
85 0.158386 31 0.000096
86 0.162777 51 0.000159
87 0.167169 34 0.000106
88 0.171560 35 0.000109
89 0.175951 6 0.000019
90 0.180343 6 0.000019
91 0.184734 7 0.000022
92 0.189125 6 0.000019
93 0.193517 8 0.000025
94 0.197908 10 0.000031
95 0.202300 4 0.000012
96 0.206691 8 0.000025
97 0.211082 11 0.000034
98 0.215474 18 0.000056
99 0.219865 0 0.000000
