0 -0.506367 3 0.000009
1 -0.496299 2 0.000006
2 -0.486230 3 0.000009
3 -0.476161 2 0.000006
4 -0.466092 0 0.000000
5 -0.456023 0 0.000000
6 -0.445954 2 0.000006
7 -0.435885 0 0.000000
8 -0.425816 5 0.000016
9 -0.415747 0 0.000000
10 -0.405679 7 0.000022
11 -0.395610 21 0.000065
12 -0.385541 15 0.000047
13 -0.375472 10 0.000031
14 -0.365403 1 0.000003
15 -0.355334 0 0.000000
16 -0.345265 0 0.000000
17 -0.335196 9 0.000028
18 -0.325127 10 0.000031
19 -0.315059 18 0.000056
20 -0.304990 66 0.000205
21 -0.294921 90 0.000280
22 -0.284852 77 0.000239
23 -0.274783 46 0.000143
24 -0.264714 26 0.000081
25 -0.254645 11 0.000034
26 -0.244576 10 0.000031
27 -0.234507 32 0.000100
28 -0.224439 57 0.000177
29 -0.214370 205 0.000638
30 -0.204301 399 0.001241
31 -0.194232 697 0.002168
32 -0.184163 1421 0.004419
33 -0.174094 1011 0.003144
34 -0.164025 1587 0.004935
35 -0.153956 2934 0.009124
36 -0.143887 3776 0.011743
37 -0.133819 4676 0.014542
38 -0.123750 3361 0.010452
39 -0.113681 3803 0.011827
40 -0.103612 5204 0.016184
41 -0.093543 7945 0.024708
42 -0.083474 17703 0.055054
43 -0.073405 7400 0.023013
44 -0.063336 7862 0.024450
45 -0.053267 10509 0.032682
46 -0.043199 14881 0.046278
47 -0.033130 10400 0.032343
48 -0.023061 15851 0.049295
49 -0.012992 62911 0.195646
50 -0.002923 19666 0.061159
51 0.007146 13212 0.041088
52 0.017215 22612 0.070321
53 0.027284 9666 0.030060
54 0.037353 9178 0.028542
55 0.047421 9693 0.030144
56 0.057490 11425 0.035530
57 0.067559 7615 0.023682
58 0.077628 5525 0.017182
59 0.087697 4339 0.013494
60 0.097766 3994 0.012421
61 0.107835 4848 0.015077
62 0.117904 5790 0.018006
63 0.127973 1622 0.005044
64 0.138041 1711 0.005321
65 0.148110 1851 0.005756
66 0.158179 1730 0.005380
67 0.168248 868 0.002699
68 0.178317 304 0.000945
69 0.188386 294 0.000914
70 0.198455 173 0.000538
71 0.208524 56 0.000174
72 0.218593 6 0.000019
73 0.228661 21 0.000065
74 0.238730 27 0.000084
75 0.248799 46 0.000143
76 0.258868 24 0.000075
77 0.268937 57 0.000177
78 0.279006 51 0.000159
79 0.289075 27 0.000084
80 0.299144 20 0.000062
81 0.309213 4 0.000012
82 0.319281 0 0.000000
83 0.329350 0 0.000000
84 0.339419 5 0.000016
85 0.349488 15 0.000047
86 0.359557 2 0.000006
87 0.369626 6 0.000019
88 0.379695 7 0.000022
89 0.389764 4 0.000012
90 0.399833 2 0.000006
91 0.409901 0 0.000000
92 0.419970 0 0.000000
93 0.430039 0 0.000000
94 0.440108 0 0.000000
95 0.450177 0 0.000000
96 0.460246 0 0.000000
97 0.470315 0 0.000000
98 0.480384 0 0.000000
99 0.490453 1 0.000003
