0 0.000000 795851 0.825000
1 0.002590 59640 0.061824
2 0.005180 38866 0.040290
3 0.007770 17238 0.017869
4 0.010360 11223 0.011634
5 0.012950 12173 0.012619
6 0.015540 7693 0.007975
7 0.018130 5439 0.005638
8 0.020720 4808 0.004984
9 0.023310 3196 0.003313
10 0.025900 2397 0.002485
11 0.028490 1648 0.001708
12 0.031080 1400 0.001451
13 0.033670 720 0.000746
14 0.036260 610 0.000632
15 0.038850 444 0.000460
16 0.041440 247 0.000256
17 0.044030 164 0.000170
18 0.046620 59 0.000061
19 0.049210 23 0.000024
20 0.051800 41 0.000043
21 0.054390 22 0.000023
22 0.056980 29 0.000030
23 0.059570 24 0.000025
24 0.062160 43 0.000045
25 0.064749 42 0.000044
26 0.067339 33 0.000034
27 0.069929 19 0.000020
28 0.072519 60 0.000062
29 0.075109 60 0.000062
30 0.077699 55 0.000057
31 0.080289 59 0.000061
32 0.082879 66 0.000068
33 0.085469 45 0.000047
34 0.088059 55 0.000057
35 0.090649 20 0.000021
36 0.093239 13 0.000013
37 0.095829 11 0.000011
38 0.098419 0 0.000000
39 0.101009 0 0.000000
40 0.103599 10 0.000010
41 0.106189 7 0.000007
42 0.108779 2 0.000002
43 0.111369 0 0.000000
44 0.113959 0 0.000000
45 0.116549 1 0.000001
46 0.119139 4 0.000004
47 0.121729 8 0.000008
48 0.124319 3 0.000003
49 0.126909 4 0.000004
50 0.129499 0 0.000000
51 0.132089 2 0.000002
52 0.134679 1 0.000001
53 0.137269 12 0.000012
54 0.139859 8 0.000008
55 0.142449 4 0.000004
56 0.145039 12 0.000012
57 0.147629 12 0.000012
58 0.150219 8 0.000008
59 0.152809 4 0.000004
60 0.155399 3 0.000003
61 0.157989 2 0.000002
62 0.160579 6 0.000006
63 0.163169 1 0.000001
64 0.165759 0 0.000000
65 0.168349 0 0.000000
66 0.170939 0 0.000000
67 0.173529 1 0.000001
68 0.176119 0 0.000000
69 0.178709 4 0.000004
70 0.181299 0 0.000000
71 0.183889 0 0.000000
72 0.186479 0 0.000000
73 0.189068 0 0.000000
74 0.191658 0 0.000000
75 0.194248 0 0.000000
76 0.196838 2 0.000002
77 0.199428 0 0.000000
78 0.202018 0 0.000000
79 0.204608 0 0.000000
80 0.207198 0 0.000000
81 0.209788 0 0.000000
82 0.212378 0 0.000000
83 0.214968 0 0.000000
84 0.217558 2 0.000002
85 0.220148 0 0.000000
86 0.222738 0 0.000000
87 0.225328 0 0.000000
88 0.227918 0 0.000000
89 0.230508 3 0.000003
90 0.233098 0 0.000000
91 0.235688 1 0.000001
92 0.238278 1 0.000001
93 0.240868 1 0.000001
94 0.243458 0 0.000000
95 0.246048 0 0.000000
96 0.248638 1 0.000001
97 0.251228 1 0.000001
98 0.253818 0 0.000000
99 0.256408 1 0.000001
