0 0.000000 4 0.000004
1 0.010101 102 0.000106
2 0.020202 162 0.000168
3 0.030303 200 0.000207
4 0.040404 179 0.000186
5 0.050505 249 0.000258
6 0.060606 191 0.000198
7 0.070707 193 0.000200
8 0.080808 239 0.000248
9 0.090909 193 0.000200
10 0.101010 240 0.000249
11 0.111111 184 0.000191
12 0.121212 238 0.000247
13 0.131313 232 0.000240
14 0.141414 200 0.000207
15 0.151515 278 0.000288
16 0.161616 295 0.000306
17 0.171717 285 0.000295
18 0.181818 388 0.000402
19 0.191919 437 0.000453
20 0.202020 655 0.000679
21 0.212121 731 0.000758
22 0.222222 669 0.000694
23 0.232323 533 0.000553
24 0.242424 749 0.000776
25 0.252525 1014 0.001051
26 0.262626 1127 0.001168
27 0.272727 1369 0.001419
28 0.282828 1527 0.001583
29 0.292929 1712 0.001775
30 0.303030 2118 0.002196
31 0.313131 3869 0.004011
32 0.323232 4725 0.004898
33 0.333333 5264 0.005457
34 0.343434 3869 0.004011
35 0.353535 4454 0.004617
36 0.363636 5689 0.005897
37 0.373737 8022 0.008316
38 0.383838 6292 0.006522
39 0.393939 6546 0.006786
40 0.404040 9362 0.009705
41 0.414141 11907 0.012343
42 0.424242 23239 0.024090
43 0.434343 14871 0.015416
44 0.444444 14886 0.015431
45 0.454545 20753 0.021513
46 0.464646 30175 0.031280
47 0.474747 32955 0.034162
48 0.484848 53420 0.055377
49 0.494949 124071 0.128615
50 0.505050 55190 0.057211
51 0.515152 35783 0.037094
52 0.525253 37988 0.039379
53 0.535354 23994 0.024873
54 0.545455 21071 0.021843
55 0.555556 22570 0.023397
56 0.565657 29679 0.030766
57 0.575758 38450 0.039858
58 0.585859 51311 0.053190
59 0.595960 44900 0.046545
60 0.606061 24516 0.025414
61 0.616162 19606 0.020324
62 0.626263 18267 0.018936
63 0.636364 9543 0.009893
64 0.646465 7840 0.008127
65 0.656566 7399 0.007670
66 0.666667 6633 0.006876
67 0.676768 5503 0.005705
68 0.686869 4089 0.004239
69 0.696970 3762 0.003900
70 0.707071 3460 0.003587
71 0.717172 3008 0.003118
72 0.727273 2845 0.002949
73 0.737374 3207 0.003324
74 0.747475 2872 0.002977
75 0.757576 2927 0.003034
76 0.767677 3393 0.003517
77 0.777778 2933 0.003040
78 0.787879 3118 0.003232
79 0.797980 2663 0.002761
80 0.808081 2863 0.002968
81 0.818182 3588 0.003719
82 0.828283 4012 0.004159
83 0.838384 3770 0.003908
84 0.848485 4817 0.004993
85 0.858586 6845 0.007096
86 0.868687 6258 0.006487
87 0.878788 6672 0.006916
88 0.888889 4089 0.004239
89 0.898990 4029 0.004177
90 0.909091 4289 0.004446
91 0.919192 4985 0.005168
92 0.929293 3762 0.003900
93 0.939394 2340 0.002426
94 0.949495 958 0.000993
95 0.959596 722 0.000748
96 0.969697 679 0.000704
97 0.979798 282 0.000292
98 0.989899 124 0.000129
99 1.000000 2 0.000002
