0 0.140154 250 0.000777
1 0.148646 125 0.000389
2 0.157138 85 0.000264
3 0.165630 79 0.000246
4 0.174123 72 0.000224
5 0.182615 207 0.000644
6 0.191107 273 0.000849
7 0.199599 145 0.000451
8 0.208091 279 0.000868
9 0.216583 156 0.000485
10 0.225076 179 0.000557
11 0.233568 113 0.000351
12 0.242060 253 0.000787
13 0.250552 317 0.000986
14 0.259044 324 0.001008
15 0.267536 358 0.001113
16 0.276029 395 0.001228
17 0.284521 594 0.001847
18 0.293013 466 0.001449
19 0.301505 467 0.001452
20 0.309997 771 0.002398
21 0.318489 1157 0.003598
22 0.326982 1290 0.004012
23 0.335474 1989 0.006186
24 0.343966 1333 0.004145
25 0.352458 1080 0.003359
26 0.360950 394 0.001225
27 0.369442 194 0.000603
28 0.377935 197 0.000613
29 0.386427 176 0.000547
30 0.394919 157 0.000488
31 0.403411 217 0.000675
32 0.411903 297 0.000924
33 0.420395 286 0.000889
34 0.428888 256 0.000796
35 0.437380 322 0.001001
36 0.445872 340 0.001057
37 0.454364 517 0.001608
38 0.462856 441 0.001371
39 0.471348 574 0.001785
40 0.479841 981 0.003051
41 0.488333 1073 0.003337
42 0.496825 1098 0.003415
43 0.505317 1630 0.005069
44 0.513809 1744 0.005424
45 0.522301 2345 0.007293
46 0.530794 3297 0.010253
47 0.539286 4574 0.014225
48 0.547778 5022 0.015618
49 0.556270 6520 0.020276
50 0.564762 7303 0.022711
51 0.573254 10326 0.032113
52 0.581747 15917 0.049500
53 0.590239 24301 0.075573
54 0.598731 29661 0.092242
55 0.607223 24057 0.074814
56 0.615715 21808 0.067820
57 0.624207 13003 0.040438
58 0.632699 9224 0.028686
59 0.641192 6803 0.021157
60 0.649684 5718 0.017782
61 0.658176 4316 0.013422
62 0.666668 4491 0.013966
63 0.675160 3155 0.009812
64 0.683653 2702 0.008403
65 0.692145 2593 0.008064
66 0.700637 2473 0.007691
67 0.709129 2449 0.007616
68 0.717621 2406 0.007482
69 0.726113 2417 0.007517
70 0.734605 2248 0.006991
71 0.743098 2151 0.006689
72 0.751590 2240 0.006966
73 0.760082 2329 0.007243
74 0.768574 2181 0.006783
75 0.777066 2137 0.006646
76 0.785559 2125 0.006608
77 0.794051 2839 0.008829
78 0.802543 2578 0.008017
79 0.811035 2481 0.007716
80 0.819527 2450 0.007619
81 0.828019 2540 0.007899
82 0.836511 2828 0.008795
83 0.845004 3509 0.010913
84 0.853496 3400 0.010574
85 0.861988 3739 0.011628
86 0.870480 3257 0.010129
87 0.878972 3712 0.011544
88 0.887464 4462 0.013876
89 0.895957 3195 0.009936
90 0.904449 3477 0.010813
91 0.912941 3962 0.012321
92 0.921433 3533 0.010987
93 0.929925 3373 0.010490
94 0.938417 3061 0.009519
95 0.946910 3312 0.010300
96 0.955402 2376 0.007389
97 0.963894 1012 0.003147
98 0.972386 516 0.001605
99 0.980878 1 0.000003
