0 0.011833 50 0.000155
1 0.021604 74 0.000230
2 0.031376 89 0.000277
3 0.041148 78 0.000243
4 0.050919 189 0.000588
5 0.060691 147 0.000457
6 0.070462 121 0.000376
7 0.080234 161 0.000501
8 0.090006 122 0.000379
9 0.099777 162 0.000504
10 0.109549 129 0.000401
11 0.119321 129 0.000401
12 0.129092 196 0.000610
13 0.138864 148 0.000460
14 0.148635 178 0.000554
15 0.158407 275 0.000855
16 0.168179 196 0.000610
17 0.177950 305 0.000949
18 0.187722 323 0.001004
19 0.197494 341 0.001060
20 0.207265 532 0.001654
21 0.217037 488 0.001518
22 0.226808 401 0.001247
23 0.236580 375 0.001166
24 0.246352 506 0.001574
25 0.256123 564 0.001754
26 0.265895 634 0.001972
27 0.275667 837 0.002603
28 0.285438 876 0.002724
29 0.295210 1094 0.003402
30 0.304981 1010 0.003141
31 0.314753 1083 0.003368
32 0.324525 1346 0.004186
33 0.334296 1334 0.004149
34 0.344068 1361 0.004233
35 0.353840 1399 0.004351
36 0.363611 2106 0.006549
37 0.373383 1938 0.006027
38 0.383154 2664 0.008285
39 0.392926 2724 0.008471
40 0.402698 3519 0.010944
41 0.412469 3841 0.011945
42 0.422241 4566 0.014200
43 0.432012 5525 0.017182
44 0.441784 6108 0.018995
45 0.451556 8617 0.026798
46 0.461327 12074 0.037549
47 0.471099 16441 0.051130
48 0.480871 28596 0.088930
49 0.490642 51038 0.158722
50 0.500414 45988 0.143017
51 0.510185 25886 0.080502
52 0.519957 15458 0.048072
53 0.529729 10747 0.033422
54 0.539500 7510 0.023355
55 0.549272 6184 0.019231
56 0.559044 5801 0.018040
57 0.568815 4936 0.015350
58 0.578587 4268 0.013273
59 0.588358 2774 0.008627
60 0.598130 2557 0.007952
61 0.607902 2319 0.007212
62 0.617673 2151 0.006689
63 0.627445 1765 0.005489
64 0.637217 1502 0.004671
65 0.646988 1607 0.004998
66 0.656760 1364 0.004242
67 0.666531 1221 0.003797
68 0.676303 1300 0.004043
69 0.686075 880 0.002737
70 0.695846 691 0.002149
71 0.705618 618 0.001922
72 0.715390 675 0.002099
73 0.725161 497 0.001546
74 0.734933 427 0.001328
75 0.744704 461 0.001434
76 0.754476 408 0.001269
77 0.764248 507 0.001577
78 0.774019 423 0.001315
79 0.783791 367 0.001141
80 0.793563 319 0.000992
81 0.803334 247 0.000768
82 0.813106 257 0.000799
83 0.822877 254 0.000790
84 0.832649 206 0.000641
85 0.842421 250 0.000777
86 0.852192 153 0.000476
87 0.861964 122 0.000379
88 0.871736 123 0.000383
89 0.881507 111 0.000345
90 0.891279 147 0.000457
91 0.901050 179 0.000557
92 0.910822 189 0.000588
93 0.920594 171 0.000532
94 0.930365 217 0.000675
95 0.940137 88 0.000274
96 0.949908 55 0.000171
97 0.959680 74 0.000230
98 0.969452 91 0.000283
99 0.979223 1 0.000003
