0 0.000000 3 0.000009
1 0.010101 1 0.000003
2 0.020202 1 0.000003
3 0.030303 3 0.000009
4 0.040404 2 0.000006
5 0.050505 2 0.000006
6 0.060606 0 0.000000
7 0.070707 0 0.000000
8 0.080808 0 0.000000
9 0.090909 6 0.000019
10 0.101010 4 0.000012
11 0.111111 9 0.000028
12 0.121212 30 0.000093
13 0.131313 10 0.000031
14 0.141414 0 0.000000
15 0.151515 0 0.000000
16 0.161616 0 0.000000
17 0.171717 0 0.000000
18 0.181818 1 0.000003
19 0.191919 9 0.000028
20 0.202020 60 0.000187
21 0.212121 96 0.000299
22 0.222222 121 0.000376
23 0.232323 41 0.000128
24 0.242424 25 0.000078
25 0.252525 6 0.000019
26 0.262626 3 0.000009
27 0.272727 18 0.000056
28 0.282828 28 0.000087
29 0.292929 180 0.000560
30 0.303030 399 0.001241
31 0.313131 822 0.002556
32 0.323232 1385 0.004307
33 0.333333 1124 0.003496
34 0.343434 1082 0.003365
35 0.353535 2752 0.008558
36 0.363636 3268 0.010163
37 0.373737 5559 0.017288
38 0.383838 3425 0.010651
39 0.393939 3354 0.010431
40 0.404040 5260 0.016358
41 0.414141 7347 0.022848
42 0.424242 17723 0.055116
43 0.434343 8687 0.027016
44 0.444444 6985 0.021722
45 0.454545 10013 0.031139
46 0.464646 15590 0.048483
47 0.474747 11244 0.034967
48 0.484848 11593 0.036053
49 0.494949 68068 0.211683
50 0.505050 16090 0.050038
51 0.515152 13295 0.041346
52 0.525253 22214 0.069083
53 0.535354 11217 0.034884
54 0.545455 8673 0.026972
55 0.555556 9390 0.029202
56 0.565657 13146 0.040882
57 0.575758 7400 0.023013
58 0.585859 5463 0.016989
59 0.595960 4188 0.013024
60 0.606061 4211 0.013096
61 0.616162 4215 0.013108
62 0.626263 6686 0.020793
63 0.636364 1707 0.005309
64 0.646465 1348 0.004192
65 0.656566 1826 0.005679
66 0.666667 1834 0.005704
67 0.676768 962 0.002992
68 0.686869 371 0.001154
69 0.696970 363 0.001129
70 0.707071 274 0.000852
71 0.717172 18 0.000056
72 0.727273 16 0.000050
73 0.737374 21 0.000065
74 0.747475 16 0.000050
75 0.757576 9 0.000028
76 0.767677 22 0.000068
77 0.777778 40 0.000124
78 0.787879 66 0.000205
79 0.797980 76 0.000236
80 0.808081 18 0.000056
81 0.818182 0 0.000000
82 0.828283 0 0.000000
83 0.838384 0 0.000000
84 0.848485 0 0.000000
85 0.858586 3 0.000009
86 0.868687 8 0.000025
87 0.878788 15 0.000047
88 0.888889 3 0.000009
89 0.898990 10 0.000031
90 0.909091 2 0.000006
91 0.919192 0 0.000000
92 0.929293 0 0.000000
93 0.939394 0 0.000000
94 0.949495 0 0.000000
95 0.959596 0 0.000000
96 0.969697 0 0.000000
97 0.979798 0 0.000000
98 0.989899 0 0.000000
99 1.000000 1 0.000003
