0 0.096111 60 0.000062
1 0.105048 102 0.000106
2 0.113985 62 0.000064
3 0.122922 44 0.000046
4 0.131859 286 0.000296
5 0.140796 450 0.000466
6 0.149733 307 0.000318
7 0.158670 337 0.000349
8 0.167607 288 0.000299
9 0.176544 359 0.000372
10 0.185481 517 0.000536
11 0.194418 442 0.000458
12 0.203355 640 0.000663
13 0.212292 570 0.000591
14 0.221229 767 0.000795
15 0.230166 736 0.000763
16 0.239103 739 0.000766
17 0.248040 798 0.000827
18 0.256977 845 0.000876
19 0.265914 1070 0.001109
20 0.274851 948 0.000983
21 0.283789 1278 0.001325
22 0.292726 1601 0.001660
23 0.301663 1416 0.001468
24 0.310600 1839 0.001906
25 0.319537 2035 0.002110
26 0.328474 2295 0.002379
27 0.337411 3086 0.003199
28 0.346348 2404 0.002492
29 0.355285 2473 0.002564
30 0.364222 2051 0.002126
31 0.373159 1975 0.002047
32 0.382096 2455 0.002545
33 0.391033 3119 0.003233
34 0.399970 2982 0.003091
35 0.408907 3807 0.003946
36 0.417844 5181 0.005371
37 0.426781 5199 0.005389
38 0.435718 6109 0.006333
39 0.444655 7237 0.007502
40 0.453592 9298 0.009639
41 0.462529 9636 0.009989
42 0.471467 14834 0.015377
43 0.480404 23426 0.024284
44 0.489341 35456 0.036755
45 0.498278 138701 0.143781
46 0.507215 220423 0.228496
47 0.516152 45680 0.047353
48 0.525089 22393 0.023213
49 0.534026 18064 0.018726
50 0.542963 16065 0.016653
51 0.551900 13310 0.013797
52 0.560837 13236 0.013721
53 0.569774 15049 0.015600
54 0.578711 19554 0.020270
55 0.587648 27747 0.028763
56 0.596585 34376 0.035635
57 0.605522 27984 0.029009
58 0.614459 26048 0.027002
59 0.623396 16377 0.016977
60 0.632333 11776 0.012207
61 0.641270 8668 0.008985
62 0.650207 7229 0.007494
63 0.659145 5636 0.005842
64 0.668082 5570 0.005774
65 0.677019 4411 0.004573
66 0.685956 3959 0.004104
67 0.694893 3745 0.003882
68 0.703830 3391 0.003515
69 0.712767 3220 0.003338
70 0.721704 3037 0.003148
71 0.730641 3060 0.003172
72 0.739578 2845 0.002949
73 0.748515 2778 0.002880
74 0.757452 2916 0.003023
75 0.766389 2762 0.002863
76 0.775326 2683 0.002781
77 0.784263 2517 0.002609
78 0.793200 3245 0.003364
79 0.802137 3024 0.003135
80 0.811074 2911 0.003018
81 0.820011 2833 0.002937
82 0.828948 2825 0.002928
83 0.837885 3185 0.003302
84 0.846823 3883 0.004025
85 0.855760 3597 0.003729
86 0.864697 4033 0.004181
87 0.873634 3560 0.003690
88 0.882571 4869 0.005047
89 0.891508 3656 0.003790
90 0.900445 3514 0.003643
91 0.909382 4092 0.004242
92 0.918319 4090 0.004240
93 0.927256 3468 0.003595
94 0.936193 3040 0.003151
95 0.945130 3787 0.003926
96 0.954067 2581 0.002676
97 0.963004 1161 0.001204
98 0.971941 544 0.000564
99 0.980878 1 0.000001
