0 0.096111 60 0.000187
1 0.104768 99 0.000308
2 0.113426 59 0.000183
3 0.122084 45 0.000140
4 0.130742 185 0.000575
5 0.139400 246 0.000765
6 0.148058 194 0.000603
7 0.156716 217 0.000675
8 0.165374 204 0.000634
9 0.174032 185 0.000575
10 0.182690 299 0.000930
11 0.191348 230 0.000715
12 0.200006 325 0.001011
13 0.208664 345 0.001073
14 0.217322 468 0.001455
15 0.225980 601 0.001869
16 0.234638 518 0.001611
17 0.243296 494 0.001536
18 0.251954 484 0.001505
19 0.260612 603 0.001875
20 0.269269 587 0.001825
21 0.277927 566 0.001760
22 0.286585 862 0.002681
23 0.295243 943 0.002933
24 0.303901 897 0.002790
25 0.312559 878 0.002730
26 0.321217 769 0.002391
27 0.329875 793 0.002466
28 0.338533 914 0.002842
29 0.347191 1191 0.003704
30 0.355849 1565 0.004867
31 0.364507 1789 0.005564
32 0.373165 1708 0.005312
33 0.381823 2177 0.006770
34 0.390481 2794 0.008689
35 0.399139 2695 0.008381
36 0.407797 3282 0.010207
37 0.416455 4487 0.013954
38 0.425112 4626 0.014386
39 0.433770 5575 0.017338
40 0.442428 6338 0.019710
41 0.451086 7672 0.023859
42 0.459744 9140 0.028424
43 0.468402 11372 0.035366
44 0.477060 17684 0.054995
45 0.485718 25323 0.078751
46 0.494376 33652 0.104654
47 0.503034 32357 0.100626
48 0.511692 24841 0.077252
49 0.520350 18376 0.057147
50 0.529008 14414 0.044826
51 0.537666 12628 0.039272
52 0.546324 8954 0.027846
53 0.554982 6741 0.020964
54 0.563640 5591 0.017387
55 0.572298 5590 0.017384
56 0.580956 4720 0.014679
57 0.589613 3796 0.011805
58 0.598271 3048 0.009479
59 0.606929 2568 0.007986
60 0.615587 2192 0.006817
61 0.624245 1795 0.005582
62 0.632903 2000 0.006220
63 0.641561 1490 0.004634
64 0.650219 1356 0.004217
65 0.658877 1102 0.003427
66 0.667535 1007 0.003132
67 0.676193 1199 0.003729
68 0.684851 1157 0.003598
69 0.693509 964 0.002998
70 0.702167 931 0.002895
71 0.710825 641 0.001993
72 0.719483 509 0.001583
73 0.728141 573 0.001782
74 0.736799 558 0.001735
75 0.745457 448 0.001393
76 0.754115 430 0.001337
77 0.762772 536 0.001667
78 0.771430 358 0.001113
79 0.780088 324 0.001008
80 0.788746 339 0.001054
81 0.797404 261 0.000812
82 0.806062 295 0.000917
83 0.814720 273 0.000849
84 0.823378 228 0.000709
85 0.832036 67 0.000208
86 0.840694 102 0.000317
87 0.849352 86 0.000267
88 0.858010 151 0.000470
89 0.866668 54 0.000168
90 0.875326 65 0.000202
91 0.883984 39 0.000121
92 0.892642 38 0.000118
93 0.901300 40 0.000124
94 0.909958 36 0.000112
95 0.918616 42 0.000131
96 0.927273 33 0.000103
97 0.935931 20 0.000062
98 0.944589 52 0.000162
99 0.953247 1 0.000003
