0 0.487213 63 0.000196
1 0.487739 36 0.000112
2 0.488264 119 0.000370
3 0.488789 405 0.001260
4 0.489315 241 0.000749
5 0.489840 292 0.000908
6 0.490365 224 0.000697
7 0.490890 179 0.000557
8 0.491416 187 0.000582
9 0.491941 177 0.000550
10 0.492466 152 0.000473
11 0.492992 308 0.000958
12 0.493517 248 0.000771
13 0.494042 239 0.000743
14 0.494567 233 0.000725
15 0.495093 210 0.000653
16 0.495618 403 0.001253
17 0.496143 385 0.001197
18 0.496669 313 0.000973
19 0.497194 598 0.001860
20 0.497719 605 0.001881
21 0.498244 721 0.002242
22 0.498770 1423 0.004425
23 0.499295 1555 0.004836
24 0.499820 1731 0.005383
25 0.500346 2274 0.007072
26 0.500871 3149 0.009793
27 0.501396 3158 0.009821
28 0.501921 3870 0.012035
29 0.502447 3317 0.010315
30 0.502972 4506 0.014013
31 0.503497 6450 0.020059
32 0.504023 8810 0.027398
33 0.504548 8267 0.025709
34 0.505073 10097 0.031400
35 0.505598 12468 0.038774
36 0.506124 12894 0.040099
37 0.506649 15045 0.046788
38 0.507174 14435 0.044891
39 0.507700 15571 0.048424
40 0.508225 17229 0.053580
41 0.508750 15333 0.047684
42 0.509275 16396 0.050990
43 0.509801 16894 0.052538
44 0.510326 15710 0.048856
45 0.510851 11580 0.036012
46 0.511377 11060 0.034395
47 0.511902 10442 0.032473
48 0.512427 8793 0.027345
49 0.512952 7682 0.023890
50 0.513478 6879 0.021393
51 0.514003 6263 0.019477
52 0.514528 5693 0.017705
53 0.515054 5916 0.018398
54 0.515579 4361 0.013562
55 0.516104 3221 0.010017
56 0.516629 2486 0.007731
57 0.517155 2208 0.006867
58 0.517680 1851 0.005756
59 0.518205 1730 0.005380
60 0.518731 1600 0.004976
61 0.519256 1416 0.004404
62 0.519781 1367 0.004251
63 0.520306 1151 0.003579
64 0.520832 950 0.002954
65 0.521357 1048 0.003259
66 0.521882 739 0.002298
67 0.522408 585 0.001819
68 0.522933 584 0.001816
69 0.523458 613 0.001906
70 0.523983 746 0.002320
71 0.524509 326 0.001014
72 0.525034 253 0.000787
73 0.525559 311 0.000967
74 0.526085 339 0.001054
75 0.526610 268 0.000833
76 0.527135 218 0.000678
77 0.527660 199 0.000619
78 0.528186 254 0.000790
79 0.528711 236 0.000734
80 0.529236 150 0.000466
81 0.529762 202 0.000628
82 0.530287 161 0.000501
83 0.530812 149 0.000463
84 0.531337 95 0.000295
85 0.531863 112 0.000348
86 0.532388 18 0.000056
87 0.532913 25 0.000078
88 0.533439 20 0.000062
89 0.533964 23 0.000072
90 0.534489 26 0.000081
91 0.535014 46 0.000143
92 0.535540 67 0.000208
93 0.536065 19 0.000059
94 0.536590 18 0.000056
95 0.537116 29 0.000090
96 0.537641 22 0.000068
97 0.538166 27 0.000084
98 0.538691 57 0.000177
99 0.539217 2 0.000006
