0 0.009172 47 0.000146
1 0.019181 86 0.000267
2 0.029189 116 0.000361
3 0.039197 91 0.000283
4 0.049206 61 0.000190
5 0.059214 41 0.000128
6 0.069223 48 0.000149
7 0.079231 85 0.000264
8 0.089239 51 0.000159
9 0.099248 65 0.000202
10 0.109256 65 0.000202
11 0.119264 34 0.000106
12 0.129273 47 0.000146
13 0.139281 46 0.000143
14 0.149289 58 0.000180
15 0.159298 36 0.000112
16 0.169306 43 0.000134
17 0.179315 53 0.000165
18 0.189323 69 0.000215
19 0.199331 133 0.000414
20 0.209340 108 0.000336
21 0.219348 91 0.000283
22 0.229356 118 0.000367
23 0.239365 172 0.000535
24 0.249373 448 0.001393
25 0.259381 480 0.001493
26 0.269390 437 0.001359
27 0.279398 671 0.002087
28 0.289406 462 0.001437
29 0.299415 463 0.001440
30 0.309423 1820 0.005660
31 0.319432 1143 0.003555
32 0.329440 3058 0.009510
33 0.339448 1825 0.005676
34 0.349457 751 0.002336
35 0.359465 198 0.000616
36 0.369473 300 0.000933
37 0.379482 277 0.000861
38 0.389490 249 0.000774
39 0.399498 309 0.000961
40 0.409507 482 0.001499
41 0.419515 489 0.001521
42 0.429523 419 0.001303
43 0.439532 577 0.001794
44 0.449540 855 0.002659
45 0.459549 857 0.002665
46 0.469557 1124 0.003496
47 0.479565 1304 0.004055
48 0.489574 1886 0.005865
49 0.499582 1883 0.005856
50 0.509590 1963 0.006105
51 0.519599 2782 0.008652
52 0.529607 3396 0.010561
53 0.539615 4248 0.013211
54 0.549624 6287 0.019552
55 0.559632 8247 0.025647
56 0.569641 14163 0.044045
57 0.579649 34919 0.108594
58 0.589657 44653 0.138865
59 0.599666 28538 0.088750
60 0.609674 14609 0.045432
61 0.619682 12533 0.038976
62 0.629691 8101 0.025193
63 0.639699 5516 0.017154
64 0.649707 4734 0.014722
65 0.659716 3785 0.011771
66 0.669724 3486 0.010841
67 0.679733 2968 0.009230
68 0.689741 2830 0.008801
69 0.699749 2641 0.008213
70 0.709758 2390 0.007433
71 0.719766 2310 0.007184
72 0.729774 2511 0.007809
73 0.739783 2529 0.007865
74 0.749791 2371 0.007374
75 0.759799 2530 0.007868
76 0.769808 2767 0.008605
77 0.779816 2472 0.007688
78 0.789824 2588 0.008048
79 0.799833 2354 0.007321
80 0.809841 2608 0.008111
81 0.819850 3699 0.011503
82 0.829858 3402 0.010580
83 0.839866 3775 0.011740
84 0.849875 4592 0.014281
85 0.859883 7128 0.022167
86 0.869891 5625 0.017493
87 0.879900 6258 0.019462
88 0.889908 4025 0.012517
89 0.899916 3776 0.011743
90 0.909925 4033 0.012542
91 0.919933 4816 0.014977
92 0.929942 3466 0.010779
93 0.939950 2113 0.006571
94 0.949958 869 0.002702
95 0.959967 648 0.002015
96 0.969975 575 0.001788
97 0.979983 279 0.000868
98 0.989992 117 0.000364
99 1.000000 0 0.000000
