initializing
training size    : 298756
testing size     : 298756
epoch count      : 10
sub epoch size   : 5

epoch_learning_rate_decay   : 8
learning_rate_decay         : 0.250000

training



epoch [0 0] from [10 5]
training time per iterations 0.909742[ms]
testing on 298756 items
testing done
average error 0.002701
min error     0.000000
max error     0.251053
saving best net
best net saved to experiment_4/trained/, with error 0.002701



epoch [0 1] from [10 5]
training time per iterations 0.908253[ms]
testing on 298756 items
testing done
average error 0.002306
min error     0.000000
max error     0.252502
saving best net
best net saved to experiment_4/trained/, with error 0.002306



epoch [0 2] from [10 5]
training time per iterations 0.908621[ms]
testing on 298756 items
testing done
average error 0.002110
min error     0.000000
max error     0.265408
saving best net
best net saved to experiment_4/trained/, with error 0.002110



epoch [0 3] from [10 5]
training time per iterations 0.910529[ms]
testing on 298756 items
testing done
average error 0.001935
min error     0.000000
max error     0.254806
saving best net
best net saved to experiment_4/trained/, with error 0.001935



epoch [0 4] from [10 5]
training time per iterations 0.914763[ms]
testing on 298756 items
testing done
average error 0.001917
min error     0.000000
max error     0.263159
saving best net
best net saved to experiment_4/trained/, with error 0.001917



epoch [1 0] from [10 5]
training time per iterations 0.908571[ms]
testing on 298756 items
testing done
average error 0.001803
min error     0.000000
max error     0.241453
saving best net
best net saved to experiment_4/trained/, with error 0.001803



epoch [1 1] from [10 5]
training time per iterations 0.912202[ms]
testing on 298756 items
testing done
average error 0.001847
min error     0.000000
max error     0.250276



epoch [1 2] from [10 5]
training time per iterations 0.910880[ms]
testing on 298756 items
testing done
average error 0.001885
min error     0.000000
max error     0.261275



epoch [1 3] from [10 5]
training time per iterations 0.909324[ms]
testing on 298756 items
testing done
average error 0.001761
min error     0.000000
max error     0.246857
saving best net
best net saved to experiment_4/trained/, with error 0.001761



epoch [1 4] from [10 5]
training time per iterations 0.916018[ms]
testing on 298756 items
testing done
average error 0.001747
min error     0.000000
max error     0.241216
saving best net
best net saved to experiment_4/trained/, with error 0.001747



epoch [2 0] from [10 5]
training time per iterations 0.915131[ms]
testing on 298756 items
testing done
average error 0.001716
min error     0.000000
max error     0.242295
saving best net
best net saved to experiment_4/trained/, with error 0.001716



epoch [2 1] from [10 5]
training time per iterations 0.917558[ms]
testing on 298756 items
testing done
average error 0.001664
min error     0.000000
max error     0.237361
saving best net
best net saved to experiment_4/trained/, with error 0.001664



epoch [2 2] from [10 5]
training time per iterations 0.913658[ms]
testing on 298756 items
testing done
average error 0.001873
min error     0.000000
max error     0.255329



epoch [2 3] from [10 5]
training time per iterations 0.909240[ms]
testing on 298756 items
testing done
average error 0.001817
min error     0.000000
max error     0.265838



epoch [2 4] from [10 5]
training time per iterations 0.911081[ms]
testing on 298756 items
testing done
average error 0.001663
min error     0.000000
max error     0.257355
saving best net
best net saved to experiment_4/trained/, with error 0.001663



epoch [3 0] from [10 5]
training time per iterations 0.910780[ms]
testing on 298756 items
testing done
average error 0.001656
min error     0.000000
max error     0.250324
saving best net
best net saved to experiment_4/trained/, with error 0.001656



epoch [3 1] from [10 5]
training time per iterations 0.912654[ms]
testing on 298756 items
testing done
average error 0.001699
min error     0.000000
max error     0.251353



epoch [3 2] from [10 5]
training time per iterations 0.912420[ms]
testing on 298756 items
testing done
average error 0.001686
min error     0.000000
max error     0.264759



epoch [3 3] from [10 5]
training time per iterations 0.904102[ms]
testing on 298756 items
testing done
average error 0.001725
min error     0.000000
max error     0.245009



epoch [3 4] from [10 5]
training time per iterations 0.910428[ms]
testing on 298756 items
testing done
average error 0.001730
min error     0.000000
max error     0.247470



epoch [4 0] from [10 5]
training time per iterations 0.909407[ms]
testing on 298756 items
testing done
average error 0.001688
min error     0.000000
max error     0.261952



epoch [4 1] from [10 5]
training time per iterations 0.911081[ms]
testing on 298756 items
testing done
average error 0.001667
min error     0.000000
max error     0.257946



epoch [4 2] from [10 5]
training time per iterations 0.910294[ms]
testing on 298756 items
testing done
average error 0.001618
min error     0.000000
max error     0.257125
saving best net
best net saved to experiment_4/trained/, with error 0.001618



epoch [4 3] from [10 5]
training time per iterations 0.910746[ms]
testing on 298756 items
testing done
average error 0.001637
min error     0.000000
max error     0.243832



epoch [4 4] from [10 5]
training time per iterations 0.901458[ms]
testing on 298756 items
testing done
average error 0.001729
min error     0.000000
max error     0.242504



epoch [5 0] from [10 5]
training time per iterations 0.909625[ms]
testing on 298756 items
testing done
average error 0.001640
min error     0.000000
max error     0.254477



epoch [5 1] from [10 5]
training time per iterations 0.910997[ms]
testing on 298756 items
testing done
average error 0.001840
min error     0.000000
max error     0.258374



epoch [5 2] from [10 5]
training time per iterations 0.912102[ms]
testing on 298756 items
testing done
average error 0.001697
min error     0.000000
max error     0.244769



epoch [5 3] from [10 5]
training time per iterations 0.909893[ms]
testing on 298756 items
testing done
average error 0.001700
min error     0.000000
max error     0.256835



epoch [5 4] from [10 5]
training time per iterations 0.912470[ms]
testing on 298756 items
testing done
average error 0.001610
min error     0.000000
max error     0.236318
saving best net
best net saved to experiment_4/trained/, with error 0.001610



epoch [6 0] from [10 5]
training time per iterations 0.910512[ms]
testing on 298756 items
testing done
average error 0.001683
min error     0.000000
max error     0.247930



epoch [6 1] from [10 5]
training time per iterations 0.911851[ms]
testing on 298756 items
testing done
average error 0.001689
min error     0.000000
max error     0.248499



epoch [6 2] from [10 5]
training time per iterations 0.910328[ms]
testing on 298756 items
testing done
average error 0.001713
min error     0.000000
max error     0.263991



epoch [6 3] from [10 5]
training time per iterations 0.909474[ms]
testing on 298756 items
testing done
average error 0.001653
min error     0.000000
max error     0.242598



epoch [6 4] from [10 5]
training time per iterations 0.908587[ms]
testing on 298756 items
testing done
average error 0.001667
min error     0.000000
max error     0.256408



epoch [7 0] from [10 5]
training time per iterations 0.910796[ms]
testing on 298756 items
testing done
average error 0.001660
min error     0.000000
max error     0.246784



epoch [7 1] from [10 5]
training time per iterations 0.909692[ms]
testing on 298756 items
testing done
average error 0.001708
min error     0.000000
max error     0.237448



epoch [7 2] from [10 5]
training time per iterations 0.912018[ms]
testing on 298756 items
testing done
average error 0.001572
min error     0.000000
max error     0.258028
saving best net
best net saved to experiment_4/trained/, with error 0.001572



epoch [7 3] from [10 5]
training time per iterations 0.910127[ms]
testing on 298756 items
testing done
average error 0.001611
min error     0.000000
max error     0.256261



epoch [7 4] from [10 5]
training time per iterations 0.910780[ms]
testing on 298756 items
testing done
average error 0.001682
min error     0.000000
max error     0.245993
setting learning rate to 0.000050



epoch [8 0] from [10 5]
training time per iterations 0.909909[ms]
testing on 298756 items
testing done
average error 0.001635
min error     0.000000
max error     0.249565



epoch [8 1] from [10 5]
training time per iterations 0.907734[ms]
testing on 298756 items
testing done
average error 0.001630
min error     0.000000
max error     0.248552



epoch [8 2] from [10 5]
training time per iterations 0.909976[ms]
testing on 298756 items
testing done
average error 0.001608
min error     0.000000
max error     0.254328



epoch [8 3] from [10 5]
training time per iterations 0.909324[ms]
testing on 298756 items
testing done
average error 0.001593
min error     0.000000
max error     0.244798



epoch [8 4] from [10 5]
training time per iterations 0.910780[ms]
testing on 298756 items
testing done
average error 0.001605
min error     0.000000
max error     0.253516



epoch [9 0] from [10 5]
training time per iterations 0.906880[ms]
testing on 298756 items
testing done
average error 0.001593
min error     0.000000
max error     0.252166



epoch [9 1] from [10 5]
training time per iterations 0.912721[ms]
testing on 298756 items
testing done
average error 0.001604
min error     0.000000
max error     0.242889



epoch [9 2] from [10 5]
training time per iterations 0.909558[ms]
testing on 298756 items
testing done
average error 0.001624
min error     0.000000
max error     0.251924



epoch [9 3] from [10 5]
training time per iterations 0.911566[ms]
testing on 298756 items
testing done
average error 0.001626
min error     0.000000
max error     0.265535



epoch [9 4] from [10 5]
training time per iterations 0.909407[ms]
testing on 298756 items
testing done
average error 0.001641
min error     0.000000
max error     0.245206
training done
