0.000000 0 0 0.002701 0.000000 0.251053 0.002696 0.000000 0.251053
0.200000 0 1 0.002306 0.000000 0.252502 0.002302 0.000000 0.252502
0.400000 0 2 0.002110 0.000000 0.265408 0.002115 0.000000 0.263048
0.600000 0 3 0.001935 0.000000 0.254806 0.001937 0.000000 0.254805
0.800000 0 4 0.001917 0.000000 0.263159 0.001915 0.000000 0.259451
1.000000 1 0 0.001803 0.000000 0.241453 0.001807 0.000000 0.232867
1.200000 1 1 0.001847 0.000000 0.250276 0.001846 0.000000 0.238438
1.400000 1 2 0.001885 0.000000 0.261275 0.001885 0.000000 0.261275
1.600000 1 3 0.001761 0.000000 0.246857 0.001755 0.000000 0.246857
1.800000 1 4 0.001747 0.000000 0.241216 0.001749 0.000000 0.235178
2.000000 2 0 0.001716 0.000000 0.242295 0.001717 0.000000 0.242295
2.200000 2 1 0.001664 0.000000 0.237361 0.001673 0.000000 0.237361
2.400000 2 2 0.001873 0.000000 0.255329 0.001868 0.000000 0.226479
2.600000 2 3 0.001817 0.000000 0.265838 0.001814 0.000000 0.259777
2.800000 2 4 0.001663 0.000000 0.257355 0.001666 0.000000 0.240581
3.000000 3 0 0.001656 0.000000 0.250324 0.001660 0.000000 0.250324
3.200000 3 1 0.001699 0.000000 0.251353 0.001695 0.000000 0.221899
3.400000 3 2 0.001686 0.000000 0.264759 0.001684 0.000000 0.252562
3.600000 3 3 0.001725 0.000000 0.245009 0.001733 0.000000 0.238548
3.800000 3 4 0.001730 0.000000 0.247470 0.001734 0.000000 0.243490
4.000000 4 0 0.001688 0.000000 0.261952 0.001687 0.000000 0.256051
4.200000 4 1 0.001667 0.000000 0.257946 0.001665 0.000000 0.257946
4.400000 4 2 0.001618 0.000000 0.257125 0.001626 0.000000 0.257125
4.600000 4 3 0.001637 0.000000 0.243832 0.001638 0.000000 0.243832
4.800000 4 4 0.001729 0.000000 0.242504 0.001728 0.000000 0.242504
5.000000 5 0 0.001640 0.000000 0.254477 0.001642 0.000000 0.254477
5.200000 5 1 0.001840 0.000000 0.258374 0.001835 0.000000 0.258374
5.400000 5 2 0.001697 0.000000 0.244769 0.001700 0.000000 0.239273
5.600000 5 3 0.001700 0.000000 0.256835 0.001698 0.000000 0.256835
5.800000 5 4 0.001610 0.000000 0.236318 0.001608 0.000000 0.234848
6.000000 6 0 0.001683 0.000000 0.247930 0.001677 0.000000 0.247930
6.200000 6 1 0.001689 0.000000 0.248499 0.001687 0.000000 0.248499
6.400000 6 2 0.001713 0.000000 0.263991 0.001707 0.000000 0.259224
6.600000 6 3 0.001653 0.000000 0.242598 0.001658 0.000000 0.242598
6.800000 6 4 0.001667 0.000000 0.256408 0.001668 0.000000 0.256408
7.000000 7 0 0.001660 0.000000 0.246784 0.001655 0.000000 0.246784
7.200000 7 1 0.001708 0.000000 0.237448 0.001711 0.000000 0.237448
7.400000 7 2 0.001572 0.000000 0.258028 0.001566 0.000000 0.258028
7.600000 7 3 0.001611 0.000000 0.256261 0.001607 0.000000 0.247214
7.800000 7 4 0.001682 0.000000 0.245993 0.001682 0.000000 0.245993
8.000000 8 0 0.001635 0.000000 0.249565 0.001637 0.000000 0.245142
8.200000 8 1 0.001630 0.000000 0.248552 0.001629 0.000000 0.242382
8.400000 8 2 0.001608 0.000000 0.254328 0.001616 0.000000 0.254328
8.600000 8 3 0.001593 0.000000 0.244798 0.001588 0.000000 0.233192
8.800000 8 4 0.001605 0.000000 0.253516 0.001603 0.000000 0.253516
9.000000 9 0 0.001593 0.000000 0.252166 0.001578 0.000000 0.252167
9.200000 9 1 0.001604 0.000000 0.242889 0.001611 0.000000 0.242889
9.400000 9 2 0.001624 0.000000 0.251924 0.001633 0.000000 0.251924
9.600000 9 3 0.001626 0.000000 0.265535 0.001634 0.000000 0.265535
9.800000 9 4 0.001641 0.000000 0.245206 0.001649 0.000000 0.236826
