initializing
training size    : 298756
testing size     : 298756
epoch count      : 10
sub epoch size   : 5

epoch_learning_rate_decay   : 8
learning_rate_decay         : 0.250000

training



epoch [0 0] from [10 5]
training time per iterations 2.331107[ms]
testing on 298756 items
testing done
average error 0.002612
min error     0.000000
max error     0.275409
saving best net
best net saved to experiment_6/trained/, with error 0.002612



epoch [0 1] from [10 5]
training time per iterations 2.321919[ms]
testing on 298756 items
testing done
average error 0.002220
min error     0.000000
max error     0.260171
saving best net
best net saved to experiment_6/trained/, with error 0.002220



epoch [0 2] from [10 5]
training time per iterations 2.322990[ms]
testing on 298756 items
testing done
average error 0.002161
min error     0.000000
max error     0.254968
saving best net
best net saved to experiment_6/trained/, with error 0.002161



epoch [0 3] from [10 5]
training time per iterations 2.327208[ms]
testing on 298756 items
testing done
average error 0.001942
min error     0.000000
max error     0.265177
saving best net
best net saved to experiment_6/trained/, with error 0.001942



epoch [0 4] from [10 5]
training time per iterations 2.324128[ms]
testing on 298756 items
testing done
average error 0.001964
min error     0.000000
max error     0.263467



epoch [1 0] from [10 5]
training time per iterations 2.323526[ms]
testing on 298756 items
testing done
average error 0.001829
min error     0.000000
max error     0.252549
saving best net
best net saved to experiment_6/trained/, with error 0.001829



epoch [1 1] from [10 5]
training time per iterations 2.326890[ms]
testing on 298756 items
testing done
average error 0.001777
min error     0.000000
max error     0.256128
saving best net
best net saved to experiment_6/trained/, with error 0.001777



epoch [1 2] from [10 5]
training time per iterations 2.323426[ms]
testing on 298756 items
testing done
average error 0.001837
min error     0.000000
max error     0.243333



epoch [1 3] from [10 5]
training time per iterations 2.325484[ms]
testing on 298756 items
testing done
average error 0.001755
min error     0.000000
max error     0.253586
saving best net
best net saved to experiment_6/trained/, with error 0.001755



epoch [1 4] from [10 5]
training time per iterations 2.324714[ms]
testing on 298756 items
testing done
average error 0.001824
min error     0.000000
max error     0.252907



epoch [2 0] from [10 5]
training time per iterations 2.326488[ms]
testing on 298756 items
testing done
average error 0.001734
min error     0.000000
max error     0.274974
saving best net
best net saved to experiment_6/trained/, with error 0.001734



epoch [2 1] from [10 5]
training time per iterations 2.328999[ms]
testing on 298756 items
testing done
average error 0.001770
min error     0.000000
max error     0.241074



epoch [2 2] from [10 5]
training time per iterations 2.324078[ms]
testing on 298756 items
testing done
average error 0.001800
min error     0.000000
max error     0.241067



epoch [2 3] from [10 5]
training time per iterations 2.326271[ms]
testing on 298756 items
testing done
average error 0.001707
min error     0.000000
max error     0.260274
saving best net
best net saved to experiment_6/trained/, with error 0.001707



epoch [2 4] from [10 5]
training time per iterations 2.325735[ms]
testing on 298756 items
testing done
average error 0.001891
min error     0.000000
max error     0.267585



epoch [3 0] from [10 5]
training time per iterations 2.335208[ms]
testing on 298756 items
testing done
average error 0.001685
min error     0.000000
max error     0.253397
saving best net
best net saved to experiment_6/trained/, with error 0.001685



epoch [3 1] from [10 5]
training time per iterations 2.324697[ms]
testing on 298756 items
testing done
average error 0.001788
min error     0.000000
max error     0.260641



epoch [3 2] from [10 5]
training time per iterations 2.324731[ms]
testing on 298756 items
testing done
average error 0.001755
min error     0.000000
max error     0.252692



epoch [3 3] from [10 5]
training time per iterations 2.328430[ms]
testing on 298756 items
testing done
average error 0.001744
min error     0.000000
max error     0.245039



epoch [3 4] from [10 5]
training time per iterations 2.324564[ms]
testing on 298756 items
testing done
average error 0.001622
min error     0.000000
max error     0.262493
saving best net
best net saved to experiment_6/trained/, with error 0.001622



epoch [4 0] from [10 5]
training time per iterations 2.324898[ms]
testing on 298756 items
testing done
average error 0.001783
min error     0.000000
max error     0.250703



epoch [4 1] from [10 5]
training time per iterations 2.320698[ms]
testing on 298756 items
testing done
average error 0.001683
min error     0.000000
max error     0.250455



epoch [4 2] from [10 5]
training time per iterations 2.322555[ms]
testing on 298756 items
testing done
average error 0.001800
min error     0.000000
max error     0.251059



epoch [4 3] from [10 5]
training time per iterations 2.330907[ms]
testing on 298756 items
testing done
average error 0.001695
min error     0.000000
max error     0.264857



epoch [4 4] from [10 5]
training time per iterations 2.329133[ms]
testing on 298756 items
testing done
average error 0.001657
min error     0.000000
max error     0.256957



epoch [5 0] from [10 5]
training time per iterations 2.319978[ms]
testing on 298756 items
testing done
average error 0.001679
min error     0.000000
max error     0.250355



epoch [5 1] from [10 5]
training time per iterations 2.325300[ms]
testing on 298756 items
testing done
average error 0.001679
min error     0.000000
max error     0.252654



epoch [5 2] from [10 5]
training time per iterations 2.327877[ms]
testing on 298756 items
testing done
average error 0.001595
min error     0.000000
max error     0.239882
saving best net
best net saved to experiment_6/trained/, with error 0.001595



epoch [5 3] from [10 5]
training time per iterations 2.326940[ms]
testing on 298756 items
testing done
average error 0.001685
min error     0.000000
max error     0.240923



epoch [5 4] from [10 5]
training time per iterations 2.333116[ms]
testing on 298756 items
testing done
average error 0.001600
min error     0.000000
max error     0.268446



epoch [6 0] from [10 5]
training time per iterations 2.328580[ms]
testing on 298756 items
testing done
average error 0.001671
min error     0.000000
max error     0.251139



epoch [6 1] from [10 5]
training time per iterations 2.326070[ms]
testing on 298756 items
testing done
average error 0.001631
min error     0.000000
max error     0.251119



epoch [6 2] from [10 5]
training time per iterations 2.321735[ms]
testing on 298756 items
testing done
average error 0.001674
min error     0.000000
max error     0.252316



epoch [6 3] from [10 5]
training time per iterations 2.328162[ms]
testing on 298756 items
testing done
average error 0.001709
min error     0.000000
max error     0.241760



epoch [6 4] from [10 5]
training time per iterations 2.323794[ms]
testing on 298756 items
testing done
average error 0.001657
min error     0.000000
max error     0.245115



epoch [7 0] from [10 5]
training time per iterations 2.326137[ms]
testing on 298756 items
testing done
average error 0.001669
min error     0.000000
max error     0.248552



epoch [7 1] from [10 5]
training time per iterations 2.325769[ms]
testing on 298756 items
testing done
average error 0.001686
min error     0.000000
max error     0.243804



epoch [7 2] from [10 5]
training time per iterations 2.323057[ms]
testing on 298756 items
testing done
average error 0.001738
min error     0.000000
max error     0.260229



epoch [7 3] from [10 5]
training time per iterations 2.320597[ms]
testing on 298756 items
testing done
average error 0.001626
min error     0.000000
max error     0.247556



epoch [7 4] from [10 5]
training time per iterations 2.322522[ms]
testing on 298756 items
testing done
average error 0.001853
min error     0.000000
max error     0.255274
setting learning rate to 0.000050



epoch [8 0] from [10 5]
training time per iterations 2.323861[ms]
testing on 298756 items
testing done
average error 0.001622
min error     0.000000
max error     0.245825



epoch [8 1] from [10 5]
training time per iterations 2.321953[ms]
testing on 298756 items
testing done
average error 0.001615
min error     0.000000
max error     0.245950



epoch [8 2] from [10 5]
training time per iterations 2.326672[ms]
testing on 298756 items
testing done
average error 0.001590
min error     0.000000
max error     0.243932
saving best net
best net saved to experiment_6/trained/, with error 0.001590



epoch [8 3] from [10 5]
training time per iterations 2.323543[ms]
testing on 298756 items
testing done
average error 0.001685
min error     0.000000
max error     0.247682



epoch [8 4] from [10 5]
training time per iterations 2.322488[ms]
testing on 298756 items
testing done
average error 0.001617
min error     0.000000
max error     0.246643



epoch [9 0] from [10 5]
training time per iterations 2.329735[ms]
testing on 298756 items
testing done
average error 0.001621
min error     0.000000
max error     0.245591



epoch [9 1] from [10 5]
training time per iterations 2.331660[ms]
testing on 298756 items
testing done
average error 0.001664
min error     0.000000
max error     0.239052



epoch [9 2] from [10 5]
training time per iterations 2.318873[ms]
testing on 298756 items
testing done
average error 0.001624
min error     0.000000
max error     0.238907



epoch [9 3] from [10 5]
training time per iterations 2.316095[ms]
testing on 298756 items
testing done
average error 0.001648
min error     0.000000
max error     0.242100



epoch [9 4] from [10 5]
training time per iterations 2.325149[ms]
testing on 298756 items
testing done
average error 0.001619
min error     0.000000
max error     0.247744
training done
