network init start

hyperparameters
init_weight_range 0.000000 ,xavier
learning_rate 0.000200
lambda1 0.000001
lambda2 0.000001
dropout 0.020000
minibatch size 32

   DENSE CONVOLUTION  [   16    16    24] [    3     3     8] [   16    16    32] [      1728          8][    444416]
                RELU  [   16    16    32] [    1     1     1] [   16    16    32] [         0          0][     16384]
   DENSE CONVOLUTION  [   16    16    32] [    3     3     8] [   16    16    40] [      2304          8][    591872]
                RELU  [   16    16    40] [    1     1     1] [   16    16    40] [         0          0][     20480]
   DENSE CONVOLUTION  [   16    16    40] [    3     3     8] [   16    16    48] [      2880          8][    739328]
                RELU  [   16    16    48] [    1     1     1] [   16    16    48] [         0          0][     24576]
   DENSE CONVOLUTION  [   16    16    48] [    3     3     8] [   16    16    56] [      3456          8][    886784]
                RELU  [   16    16    56] [    1     1     1] [   16    16    56] [         0          0][     28672]
         CONVOLUTION  [   16    16    56] [    1     1    16] [   16    16    16] [       896         16][    233472]
                RELU  [   16    16    16] [    1     1     1] [   16    16    16] [         0          0][      8192]
   DENSE CONVOLUTION  [   16    16    16] [    3     3     8] [   16    16    24] [      1152          8][    296960]
                RELU  [   16    16    24] [    1     1     1] [   16    16    24] [         0          0][     12288]
   DENSE CONVOLUTION  [   16    16    24] [    3     3     8] [   16    16    32] [      1728          8][    444416]
                RELU  [   16    16    32] [    1     1     1] [   16    16    32] [         0          0][     16384]
   DENSE CONVOLUTION  [   16    16    32] [    3     3     8] [   16    16    40] [      2304          8][    591872]
                RELU  [   16    16    40] [    1     1     1] [   16    16    40] [         0          0][     20480]
   DENSE CONVOLUTION  [   16    16    40] [    3     3     8] [   16    16    48] [      2880          8][    739328]
                RELU  [   16    16    48] [    1     1     1] [   16    16    48] [         0          0][     24576]
         CONVOLUTION  [   16    16    48] [    1     1    16] [   16    16    16] [       768         16][    200704]
                RELU  [   16    16    16] [    1     1     1] [   16    16    16] [         0          0][      8192]
   DENSE CONVOLUTION  [   16    16    16] [    3     3     8] [   16    16    24] [      1152          8][    296960]
                RELU  [   16    16    24] [    1     1     1] [   16    16    24] [         0          0][     12288]
   DENSE CONVOLUTION  [   16    16    24] [    3     3     8] [   16    16    32] [      1728          8][    444416]
                RELU  [   16    16    32] [    1     1     1] [   16    16    32] [         0          0][     16384]
   DENSE CONVOLUTION  [   16    16    32] [    3     3     8] [   16    16    40] [      2304          8][    591872]
                RELU  [   16    16    40] [    1     1     1] [   16    16    40] [         0          0][     20480]
   DENSE CONVOLUTION  [   16    16    40] [    3     3     8] [   16    16    48] [      2880          8][    739328]
                RELU  [   16    16    48] [    1     1     1] [   16    16    48] [         0          0][     24576]
         CONVOLUTION  [   16    16    48] [    1     1    32] [   16    16    32] [      1536         32][    401408]
                RELU  [   16    16    32] [    1     1     1] [   16    16    32] [         0          0][     16384]
             DROPOUT  [   16    16    32] [    1     1     1] [   16    16    32] [         0          0][     16384]
                  FC  [   16    16    32] [    1     1     3] [    1     1     3] [     24576          3][     49158]

input_geometry  [16 16 24]
output_geometry [1 1 3]
network flops operations 7979014 FLOPS, 0.007979 GFLOPS
init DONE

network destructor done
