0.000000 0 0 0.002612 0.000000 0.275409 0.002608 0.000000 0.275410
0.200000 0 1 0.002220 0.000000 0.260171 0.002227 0.000000 0.241776
0.400000 0 2 0.002161 0.000000 0.254968 0.002160 0.000000 0.254969
0.600000 0 3 0.001942 0.000000 0.265177 0.001938 0.000000 0.258525
0.800000 0 4 0.001964 0.000000 0.263467 0.001965 0.000000 0.263467
1.000000 1 0 0.001829 0.000000 0.252549 0.001826 0.000000 0.252549
1.200000 1 1 0.001777 0.000000 0.256128 0.001776 0.000000 0.256128
1.400000 1 2 0.001837 0.000000 0.243333 0.001838 0.000000 0.243333
1.600000 1 3 0.001755 0.000000 0.253586 0.001747 0.000000 0.253586
1.800000 1 4 0.001824 0.000000 0.252907 0.001818 0.000000 0.249079
2.000000 2 0 0.001734 0.000000 0.274974 0.001733 0.000000 0.274974
2.200000 2 1 0.001770 0.000000 0.241074 0.001771 0.000000 0.241074
2.400000 2 2 0.001800 0.000000 0.241067 0.001807 0.000000 0.239578
2.600000 2 3 0.001707 0.000000 0.260274 0.001705 0.000000 0.260274
2.800000 2 4 0.001891 0.000000 0.267585 0.001884 0.000000 0.263310
3.000000 3 0 0.001685 0.000000 0.253397 0.001680 0.000000 0.253397
3.200000 3 1 0.001788 0.000000 0.260641 0.001789 0.000000 0.255692
3.400000 3 2 0.001755 0.000000 0.252692 0.001758 0.000000 0.252692
3.600000 3 3 0.001744 0.000000 0.245039 0.001735 0.000000 0.245039
3.800000 3 4 0.001622 0.000000 0.262493 0.001622 0.000000 0.256060
4.000000 4 0 0.001783 0.000000 0.250703 0.001774 0.000000 0.250703
4.200000 4 1 0.001683 0.000000 0.250455 0.001681 0.000000 0.250455
4.400000 4 2 0.001800 0.000000 0.251059 0.001813 0.000000 0.251059
4.600000 4 3 0.001695 0.000000 0.264857 0.001697 0.000000 0.261071
4.800000 4 4 0.001657 0.000000 0.256957 0.001653 0.000000 0.256957
5.000000 5 0 0.001679 0.000000 0.250355 0.001677 0.000000 0.250355
5.200000 5 1 0.001679 0.000000 0.252654 0.001686 0.000000 0.252654
5.400000 5 2 0.001595 0.000000 0.239882 0.001598 0.000000 0.239882
5.600000 5 3 0.001685 0.000000 0.240923 0.001683 0.000000 0.240923
5.800000 5 4 0.001600 0.000000 0.268446 0.001607 0.000000 0.268446
6.000000 6 0 0.001671 0.000000 0.251139 0.001668 0.000000 0.251139
6.200000 6 1 0.001631 0.000000 0.251119 0.001628 0.000000 0.246866
6.400000 6 2 0.001674 0.000000 0.252316 0.001673 0.000000 0.252316
6.600000 6 3 0.001709 0.000000 0.241760 0.001715 0.000000 0.241760
6.800000 6 4 0.001657 0.000000 0.245115 0.001651 0.000000 0.241831
7.000000 7 0 0.001669 0.000000 0.248552 0.001665 0.000000 0.242016
7.200000 7 1 0.001686 0.000000 0.243804 0.001692 0.000000 0.243805
7.400000 7 2 0.001738 0.000000 0.260229 0.001736 0.000000 0.260229
7.600000 7 3 0.001626 0.000000 0.247556 0.001628 0.000000 0.247556
7.800000 7 4 0.001853 0.000000 0.255274 0.001854 0.000000 0.255274
8.000000 8 0 0.001622 0.000000 0.245825 0.001619 0.000000 0.241311
8.200000 8 1 0.001615 0.000000 0.245950 0.001610 0.000000 0.228082
8.400000 8 2 0.001590 0.000000 0.243932 0.001595 0.000000 0.243932
8.600000 8 3 0.001685 0.000000 0.247682 0.001686 0.000000 0.247682
8.800000 8 4 0.001617 0.000000 0.246643 0.001618 0.000000 0.246643
9.000000 9 0 0.001621 0.000000 0.245591 0.001621 0.000000 0.245591
9.200000 9 1 0.001664 0.000000 0.239052 0.001660 0.000000 0.238970
9.400000 9 2 0.001624 0.000000 0.238907 0.001624 0.000000 0.238907
9.600000 9 3 0.001648 0.000000 0.242100 0.001649 0.000000 0.235239
9.800000 9 4 0.001619 0.000000 0.247744 0.001618 0.000000 0.247744
