0 -0.139640 1 0.000003
1 -0.137806 2 0.000007
2 -0.135972 1 0.000003
3 -0.134138 0 0.000000
4 -0.132304 2 0.000007
5 -0.130471 1 0.000003
6 -0.128637 2 0.000007
7 -0.126803 0 0.000000
8 -0.124969 1 0.000003
9 -0.123135 2 0.000007
10 -0.121301 1 0.000003
11 -0.119468 1 0.000003
12 -0.117634 0 0.000000
13 -0.115800 1 0.000003
14 -0.113966 1 0.000003
15 -0.112132 3 0.000010
16 -0.110299 0 0.000000
17 -0.108465 0 0.000000
18 -0.106631 1 0.000003
19 -0.104797 1 0.000003
20 -0.102963 1 0.000003
21 -0.101130 3 0.000010
22 -0.099296 0 0.000000
23 -0.097462 9 0.000030
24 -0.095628 2 0.000007
25 -0.093794 0 0.000000
26 -0.091960 1 0.000003
27 -0.090127 0 0.000000
28 -0.088293 0 0.000000
29 -0.086459 0 0.000000
30 -0.084625 1 0.000003
31 -0.082791 0 0.000000
32 -0.080958 1 0.000003
33 -0.079124 1 0.000003
34 -0.077290 4 0.000013
35 -0.075456 3 0.000010
36 -0.073622 5 0.000017
37 -0.071788 5 0.000017
38 -0.069955 2 0.000007
39 -0.068121 3 0.000010
40 -0.066287 2 0.000007
41 -0.064453 2 0.000007
42 -0.062619 2 0.000007
43 -0.060786 10 0.000033
44 -0.058952 10 0.000033
45 -0.057118 13 0.000044
46 -0.055284 9 0.000030
47 -0.053450 16 0.000054
48 -0.051617 25 0.000084
49 -0.049783 64 0.000214
50 -0.047949 33 0.000110
51 -0.046115 73 0.000244
52 -0.044281 56 0.000187
53 -0.042447 60 0.000201
54 -0.040614 151 0.000505
55 -0.038780 264 0.000884
56 -0.036946 316 0.001058
57 -0.035112 353 0.001182
58 -0.033278 522 0.001747
59 -0.031445 467 0.001563
60 -0.029611 663 0.002219
61 -0.027777 943 0.003156
62 -0.025943 1175 0.003933
63 -0.024109 1646 0.005510
64 -0.022276 2247 0.007521
65 -0.020442 2943 0.009851
66 -0.018608 3915 0.013104
67 -0.016774 7256 0.024287
68 -0.014940 11611 0.038864
69 -0.013106 20657 0.069143
70 -0.011273 41313 0.138283
71 -0.009439 73101 0.244685
72 -0.007605 56681 0.189723
73 -0.005771 31367 0.104992
74 -0.003937 14939 0.050004
75 -0.002104 8604 0.028799
76 -0.000270 5227 0.017496
77 0.001564 2904 0.009720
78 0.003398 2237 0.007488
79 0.005232 1596 0.005342
80 0.007066 1016 0.003401
81 0.008899 789 0.002641
82 0.010733 643 0.002152
83 0.012567 560 0.001874
84 0.014401 425 0.001423
85 0.016235 319 0.001068
86 0.018068 253 0.000847
87 0.019902 260 0.000870
88 0.021736 184 0.000616
89 0.023570 137 0.000459
90 0.025404 210 0.000703
91 0.027237 163 0.000546
92 0.029071 127 0.000425
93 0.030905 62 0.000208
94 0.032739 12 0.000040
95 0.034573 19 0.000064
96 0.036407 10 0.000033
97 0.038240 29 0.000097
98 0.040074 0 0.000000
99 0.041908 3 0.000010
