0 -0.063861 3 0.000010
1 -0.062853 0 0.000000
2 -0.061844 1 0.000003
3 -0.060836 2 0.000007
4 -0.059827 3 0.000010
5 -0.058819 0 0.000000
6 -0.057811 3 0.000010
7 -0.056802 1 0.000003
8 -0.055794 10 0.000033
9 -0.054785 2 0.000007
10 -0.053777 3 0.000010
11 -0.052768 3 0.000010
12 -0.051760 11 0.000037
13 -0.050751 7 0.000023
14 -0.049743 25 0.000084
15 -0.048734 59 0.000197
16 -0.047726 35 0.000117
17 -0.046717 21 0.000070
18 -0.045709 25 0.000084
19 -0.044700 49 0.000164
20 -0.043692 71 0.000238
21 -0.042683 66 0.000221
22 -0.041675 60 0.000201
23 -0.040666 91 0.000305
24 -0.039658 144 0.000482
25 -0.038650 176 0.000589
26 -0.037641 247 0.000827
27 -0.036633 212 0.000710
28 -0.035624 134 0.000449
29 -0.034616 250 0.000837
30 -0.033607 319 0.001068
31 -0.032599 362 0.001212
32 -0.031590 550 0.001841
33 -0.030582 480 0.001607
34 -0.029573 641 0.002146
35 -0.028565 823 0.002755
36 -0.027556 1037 0.003471
37 -0.026548 1131 0.003786
38 -0.025539 1519 0.005084
39 -0.024531 1635 0.005473
40 -0.023522 1958 0.006554
41 -0.022514 2487 0.008325
42 -0.021505 3402 0.011387
43 -0.020497 3410 0.011414
44 -0.019488 4632 0.015504
45 -0.018480 5930 0.019849
46 -0.017472 6752 0.022600
47 -0.016463 7550 0.025271
48 -0.015455 8831 0.029559
49 -0.014446 11000 0.036819
50 -0.013438 14124 0.047276
51 -0.012429 18083 0.060528
52 -0.011421 24751 0.082847
53 -0.010412 31221 0.104503
54 -0.009404 31967 0.107000
55 -0.008395 26891 0.090010
56 -0.007387 20278 0.067875
57 -0.006378 13395 0.044836
58 -0.005370 11555 0.038677
59 -0.004361 8939 0.029921
60 -0.003353 6623 0.022169
61 -0.002344 4271 0.014296
62 -0.001336 3325 0.011129
63 -0.000327 2893 0.009683
64 0.000681 2548 0.008529
65 0.001689 2371 0.007936
66 0.002698 1889 0.006323
67 0.003706 1543 0.005165
68 0.004715 1188 0.003976
69 0.005723 1046 0.003501
70 0.006732 718 0.002403
71 0.007740 635 0.002125
72 0.008749 479 0.001603
73 0.009757 528 0.001767
74 0.010766 256 0.000857
75 0.011774 295 0.000987
76 0.012783 167 0.000559
77 0.013791 110 0.000368
78 0.014800 92 0.000308
79 0.015808 44 0.000147
80 0.016817 59 0.000197
81 0.017825 44 0.000147
82 0.018834 46 0.000154
83 0.019842 51 0.000171
84 0.020850 25 0.000084
85 0.021859 28 0.000094
86 0.022867 19 0.000064
87 0.023876 23 0.000077
88 0.024884 16 0.000054
89 0.025893 14 0.000047
90 0.026901 16 0.000054
91 0.027910 2 0.000007
92 0.028918 15 0.000050
93 0.029927 5 0.000017
94 0.030935 3 0.000010
95 0.031944 0 0.000000
96 0.032952 0 0.000000
97 0.033961 1 0.000003
98 0.034969 0 0.000000
99 0.035978 1 0.000003
