0 0.000000 777618 0.867618
1 0.002480 35310 0.039397
2 0.004960 28401 0.031688
3 0.007440 10525 0.011743
4 0.009920 7172 0.008002
5 0.012400 8018 0.008946
6 0.014881 8227 0.009179
7 0.017361 6073 0.006776
8 0.019841 3917 0.004370
9 0.022321 2936 0.003276
10 0.024801 2242 0.002501
11 0.027281 1904 0.002124
12 0.029761 1398 0.001560
13 0.032241 652 0.000727
14 0.034721 347 0.000387
15 0.037201 190 0.000212
16 0.039681 174 0.000194
17 0.042161 155 0.000173
18 0.044642 144 0.000161
19 0.047122 104 0.000116
20 0.049602 69 0.000077
21 0.052082 33 0.000037
22 0.054562 38 0.000042
23 0.057042 24 0.000027
24 0.059522 31 0.000035
25 0.062002 19 0.000021
26 0.064482 30 0.000033
27 0.066962 37 0.000041
28 0.069442 41 0.000046
29 0.071922 44 0.000049
30 0.074403 41 0.000046
31 0.076883 40 0.000045
32 0.079363 25 0.000028
33 0.081843 22 0.000025
34 0.084323 9 0.000010
35 0.086803 15 0.000017
36 0.089283 17 0.000019
37 0.091763 27 0.000030
38 0.094243 28 0.000031
39 0.096723 11 0.000012
40 0.099203 15 0.000017
41 0.101683 16 0.000018
42 0.104164 9 0.000010
43 0.106644 5 0.000006
44 0.109124 4 0.000004
45 0.111604 12 0.000013
46 0.114084 3 0.000003
47 0.116564 5 0.000006
48 0.119044 3 0.000003
49 0.121524 3 0.000003
50 0.124004 1 0.000001
51 0.126484 3 0.000003
52 0.128964 4 0.000004
53 0.131444 3 0.000003
54 0.133925 7 0.000008
55 0.136405 7 0.000008
56 0.138885 7 0.000008
57 0.141365 11 0.000012
58 0.143845 6 0.000007
59 0.146325 2 0.000002
60 0.148805 3 0.000003
61 0.151285 3 0.000003
62 0.153765 3 0.000003
63 0.156245 0 0.000000
64 0.158725 2 0.000002
65 0.161205 0 0.000000
66 0.163686 2 0.000002
67 0.166166 0 0.000000
68 0.168646 4 0.000004
69 0.171126 4 0.000004
70 0.173606 1 0.000001
71 0.176086 2 0.000002
72 0.178566 0 0.000000
73 0.181046 2 0.000002
74 0.183526 0 0.000000
75 0.186006 0 0.000000
76 0.188486 0 0.000000
77 0.190966 0 0.000000
78 0.193447 0 0.000000
79 0.195927 0 0.000000
80 0.198407 0 0.000000
81 0.200887 0 0.000000
82 0.203367 0 0.000000
83 0.205847 0 0.000000
84 0.208327 2 0.000002
85 0.210807 1 0.000001
86 0.213287 0 0.000000
87 0.215767 0 0.000000
88 0.218247 0 0.000000
89 0.220727 0 0.000000
90 0.223208 0 0.000000
91 0.225688 0 0.000000
92 0.228168 2 0.000002
93 0.230648 0 0.000000
94 0.233128 1 0.000001
95 0.235608 0 0.000000
96 0.238088 0 0.000000
97 0.240568 0 0.000000
98 0.243048 1 0.000001
99 0.245528 1 0.000001
