0 -0.483104 3 0.000010
1 -0.473219 0 0.000000
2 -0.463334 2 0.000007
3 -0.453449 0 0.000000
4 -0.443564 0 0.000000
5 -0.433679 2 0.000007
6 -0.423794 7 0.000023
7 -0.413909 3 0.000010
8 -0.404024 3 0.000010
9 -0.394139 3 0.000010
10 -0.384254 14 0.000047
11 -0.374369 14 0.000047
12 -0.364484 6 0.000020
13 -0.354599 6 0.000020
14 -0.344714 14 0.000047
15 -0.334829 10 0.000033
16 -0.324944 14 0.000047
17 -0.315060 18 0.000060
18 -0.305175 19 0.000064
19 -0.295290 33 0.000110
20 -0.285405 55 0.000184
21 -0.275520 86 0.000288
22 -0.265635 37 0.000124
23 -0.255750 34 0.000114
24 -0.245865 28 0.000094
25 -0.235980 41 0.000137
26 -0.226095 76 0.000254
27 -0.216210 98 0.000328
28 -0.206325 169 0.000566
29 -0.196440 285 0.000954
30 -0.186555 972 0.003253
31 -0.176670 1214 0.004064
32 -0.166785 1201 0.004020
33 -0.156900 1965 0.006577
34 -0.147015 3307 0.011069
35 -0.137130 4517 0.015119
36 -0.127245 2846 0.009526
37 -0.117360 2738 0.009165
38 -0.107475 3298 0.011039
39 -0.097590 4397 0.014718
40 -0.087705 10271 0.034379
41 -0.077820 13331 0.044622
42 -0.067935 7607 0.025462
43 -0.058050 7647 0.025596
44 -0.048165 10246 0.034296
45 -0.038280 11572 0.038734
46 -0.028395 9451 0.031635
47 -0.018510 17281 0.057843
48 -0.008625 67242 0.225073
49 0.001260 15203 0.050888
50 0.011145 13848 0.046352
51 0.021029 17978 0.060176
52 0.030914 9681 0.032404
53 0.040799 7089 0.023728
54 0.050684 8214 0.027494
55 0.060569 9764 0.032682
56 0.070454 5635 0.018862
57 0.080339 4132 0.013831
58 0.090224 3061 0.010246
59 0.100109 3007 0.010065
60 0.109994 4215 0.014109
61 0.119879 5660 0.018945
62 0.129764 2353 0.007876
63 0.139649 1532 0.005128
64 0.149534 1871 0.006263
65 0.159419 1622 0.005429
66 0.169304 771 0.002581
67 0.179189 213 0.000713
68 0.189074 140 0.000469
69 0.198959 101 0.000338
70 0.208844 151 0.000505
71 0.218729 69 0.000231
72 0.228614 45 0.000151
73 0.238499 24 0.000080
74 0.248384 14 0.000047
75 0.258269 29 0.000097
76 0.268154 14 0.000047
77 0.278039 14 0.000047
78 0.287924 11 0.000037
79 0.297809 35 0.000117
80 0.307694 25 0.000084
81 0.317579 16 0.000054
82 0.327464 8 0.000027
83 0.337349 0 0.000000
84 0.347234 3 0.000010
85 0.357118 2 0.000007
86 0.367004 3 0.000010
87 0.376888 9 0.000030
88 0.386773 5 0.000017
89 0.396658 0 0.000000
90 0.406543 3 0.000010
91 0.416428 0 0.000000
92 0.426313 0 0.000000
93 0.436198 0 0.000000
94 0.446083 0 0.000000
95 0.455968 1 0.000003
96 0.465853 0 0.000000
97 0.475738 0 0.000000
98 0.485623 0 0.000000
99 0.495508 2 0.000007
