0 -0.483104 3 0.000003
1 -0.473219 0 0.000000
2 -0.463334 2 0.000002
3 -0.453449 0 0.000000
4 -0.443564 0 0.000000
5 -0.433679 2 0.000002
6 -0.423794 7 0.000008
7 -0.413909 3 0.000003
8 -0.404024 3 0.000003
9 -0.394139 3 0.000003
10 -0.384254 14 0.000016
11 -0.374369 14 0.000016
12 -0.364484 6 0.000007
13 -0.354599 6 0.000007
14 -0.344714 14 0.000016
15 -0.334829 10 0.000011
16 -0.324944 14 0.000016
17 -0.315060 18 0.000020
18 -0.305175 19 0.000021
19 -0.295290 33 0.000037
20 -0.285405 55 0.000061
21 -0.275520 86 0.000096
22 -0.265635 37 0.000041
23 -0.255750 34 0.000038
24 -0.245865 28 0.000031
25 -0.235980 41 0.000046
26 -0.226095 76 0.000085
27 -0.216210 98 0.000109
28 -0.206325 169 0.000189
29 -0.196440 285 0.000318
30 -0.186555 972 0.001084
31 -0.176670 1214 0.001355
32 -0.166785 1201 0.001340
33 -0.156900 1965 0.002192
34 -0.147015 3310 0.003693
35 -0.137130 4523 0.005046
36 -0.127245 2851 0.003181
37 -0.117360 2743 0.003060
38 -0.107475 3304 0.003686
39 -0.097590 4409 0.004919
40 -0.087705 10274 0.011463
41 -0.077820 13350 0.014895
42 -0.067935 7636 0.008520
43 -0.058050 7862 0.008772
44 -0.048165 11368 0.012684
45 -0.038280 17271 0.019270
46 -0.028395 40507 0.045195
47 -0.018510 287348 0.320605
48 -0.008625 331234 0.369570
49 0.001260 36042 0.040213
50 0.011145 17095 0.019074
51 0.021029 19025 0.021227
52 0.030914 9818 0.010954
53 0.040799 7092 0.007913
54 0.050684 8214 0.009165
55 0.060569 9764 0.010894
56 0.070454 5635 0.006287
57 0.080339 4132 0.004610
58 0.090224 3061 0.003415
59 0.100109 3007 0.003355
60 0.109994 4215 0.004703
61 0.119879 5660 0.006315
62 0.129764 2353 0.002625
63 0.139649 1532 0.001709
64 0.149534 1871 0.002088
65 0.159419 1622 0.001810
66 0.169304 771 0.000860
67 0.179189 213 0.000238
68 0.189074 140 0.000156
69 0.198959 101 0.000113
70 0.208844 151 0.000168
71 0.218729 69 0.000077
72 0.228614 45 0.000050
73 0.238499 24 0.000027
74 0.248384 14 0.000016
75 0.258269 29 0.000032
76 0.268154 14 0.000016
77 0.278039 14 0.000016
78 0.287924 11 0.000012
79 0.297809 35 0.000039
80 0.307694 25 0.000028
81 0.317579 16 0.000018
82 0.327464 8 0.000009
83 0.337349 0 0.000000
84 0.347234 3 0.000003
85 0.357118 2 0.000002
86 0.367004 3 0.000003
87 0.376888 9 0.000010
88 0.386773 5 0.000006
89 0.396658 0 0.000000
90 0.406543 3 0.000003
91 0.416428 0 0.000000
92 0.426313 0 0.000000
93 0.436198 0 0.000000
94 0.446083 0 0.000000
95 0.455968 1 0.000001
96 0.465853 0 0.000000
97 0.475738 0 0.000000
98 0.485623 0 0.000000
99 0.495508 2 0.000002
