0 0.027792 144 0.000482
1 0.037790 58 0.000194
2 0.047788 93 0.000311
3 0.057786 82 0.000274
4 0.067784 113 0.000378
5 0.077782 94 0.000315
6 0.087780 67 0.000224
7 0.097778 58 0.000194
8 0.107776 56 0.000187
9 0.117774 32 0.000107
10 0.127772 36 0.000120
11 0.137770 38 0.000127
12 0.147768 56 0.000187
13 0.157766 50 0.000167
14 0.167764 47 0.000157
15 0.177762 48 0.000161
16 0.187760 43 0.000144
17 0.197758 39 0.000131
18 0.207756 42 0.000141
19 0.217754 48 0.000161
20 0.227752 33 0.000110
21 0.237750 150 0.000502
22 0.247748 296 0.000991
23 0.257746 208 0.000696
24 0.267744 602 0.002015
25 0.277742 618 0.002069
26 0.287740 427 0.001429
27 0.297738 603 0.002018
28 0.307736 830 0.002778
29 0.317734 1543 0.005165
30 0.327732 2621 0.008773
31 0.337730 2302 0.007705
32 0.347728 622 0.002082
33 0.357726 363 0.001215
34 0.367724 334 0.001118
35 0.377722 283 0.000947
36 0.387720 227 0.000760
37 0.397718 259 0.000867
38 0.407716 376 0.001259
39 0.417714 625 0.002092
40 0.427712 363 0.001215
41 0.437710 473 0.001583
42 0.447708 519 0.001737
43 0.457706 683 0.002286
44 0.467704 916 0.003066
45 0.477702 954 0.003193
46 0.487700 1679 0.005620
47 0.497698 1871 0.006263
48 0.507696 1840 0.006159
49 0.517694 2005 0.006711
50 0.527692 2524 0.008448
51 0.537690 3253 0.010888
52 0.547688 3939 0.013185
53 0.557686 5494 0.018390
54 0.567684 7334 0.024548
55 0.577682 11879 0.039762
56 0.587680 27964 0.093601
57 0.597678 37665 0.126073
58 0.607676 25823 0.086435
59 0.617674 17199 0.057569
60 0.627672 10523 0.035223
61 0.637670 8972 0.030031
62 0.647668 5384 0.018021
63 0.657666 4713 0.015775
64 0.667664 3857 0.012910
65 0.677662 3428 0.011474
66 0.687660 2886 0.009660
67 0.697658 2615 0.008753
68 0.707656 2533 0.008478
69 0.717654 2326 0.007786
70 0.727652 2249 0.007528
71 0.737650 2133 0.007140
72 0.747648 2338 0.007826
73 0.757646 2270 0.007598
74 0.767644 2302 0.007705
75 0.777642 2581 0.008639
76 0.787640 2846 0.009526
77 0.797638 2708 0.009064
78 0.807636 2050 0.006862
79 0.817634 2309 0.007729
80 0.827632 3115 0.010427
81 0.837630 3204 0.010724
82 0.847628 3223 0.010788
83 0.857626 4101 0.013727
84 0.867624 5337 0.017864
85 0.877622 6455 0.021606
86 0.887620 6011 0.020120
87 0.897618 4212 0.014098
88 0.907616 3095 0.010360
89 0.917614 4359 0.014591
90 0.927612 4153 0.013901
91 0.937609 4016 0.013442
92 0.947608 3761 0.012589
93 0.957605 1645 0.005506
94 0.967604 617 0.002065
95 0.977601 719 0.002407
96 0.987599 415 0.001389
97 0.997598 239 0.000800
98 1.007596 112 0.000375
99 1.017594 1 0.000003
