0 0.000000 3 0.000010
1 0.010101 51 0.000171
2 0.020202 87 0.000291
3 0.030303 86 0.000288
4 0.040404 79 0.000264
5 0.050505 72 0.000241
6 0.060606 36 0.000120
7 0.070707 67 0.000224
8 0.080808 79 0.000264
9 0.090909 68 0.000228
10 0.101010 58 0.000194
11 0.111111 61 0.000204
12 0.121212 32 0.000107
13 0.131313 66 0.000221
14 0.141414 42 0.000141
15 0.151515 47 0.000157
16 0.161616 40 0.000134
17 0.171717 46 0.000154
18 0.181818 62 0.000208
19 0.191919 26 0.000087
20 0.202020 41 0.000137
21 0.212121 48 0.000161
22 0.222222 44 0.000147
23 0.232323 62 0.000208
24 0.242424 271 0.000907
25 0.252525 351 0.001175
26 0.262626 452 0.001513
27 0.272727 536 0.001794
28 0.282828 549 0.001838
29 0.292929 465 0.001556
30 0.303030 613 0.002052
31 0.313131 2006 0.006715
32 0.323232 1974 0.006607
33 0.333333 2238 0.007491
34 0.343434 1473 0.004930
35 0.353535 268 0.000897
36 0.363636 226 0.000756
37 0.373737 275 0.000920
38 0.383838 286 0.000957
39 0.393939 290 0.000971
40 0.404040 432 0.001446
41 0.414141 508 0.001700
42 0.424242 470 0.001573
43 0.434343 467 0.001563
44 0.444444 679 0.002273
45 0.454545 792 0.002651
46 0.464646 1014 0.003394
47 0.474748 1035 0.003464
48 0.484849 1692 0.005663
49 0.494950 2018 0.006755
50 0.505050 1860 0.006226
51 0.515152 2243 0.007508
52 0.525253 3020 0.010109
53 0.535354 3315 0.011096
54 0.545455 5406 0.018095
55 0.555556 6325 0.021171
56 0.565657 9914 0.033184
57 0.575758 22523 0.075389
58 0.585859 37791 0.126495
59 0.595960 33241 0.111265
60 0.606061 16920 0.056635
61 0.616162 12962 0.043387
62 0.626263 9492 0.031772
63 0.636364 5987 0.020040
64 0.646465 4641 0.015534
65 0.656566 4041 0.013526
66 0.666667 3470 0.011615
67 0.676768 3160 0.010577
68 0.686869 2668 0.008930
69 0.696970 2579 0.008632
70 0.707071 2424 0.008114
71 0.717172 2193 0.007340
72 0.727273 2191 0.007334
73 0.737374 2613 0.008746
74 0.747475 2307 0.007722
75 0.757576 2476 0.008288
76 0.767677 2817 0.009429
77 0.777778 2451 0.008204
78 0.787879 2628 0.008796
79 0.797980 2221 0.007434
80 0.808081 2432 0.008140
81 0.818182 3302 0.011052
82 0.828283 3542 0.011856
83 0.838384 3451 0.011551
84 0.848485 4419 0.014791
85 0.858586 6224 0.020833
86 0.868687 6011 0.020120
87 0.878788 6002 0.020090
88 0.888889 3991 0.013359
89 0.898990 3786 0.012673
90 0.909091 4193 0.014035
91 0.919192 4702 0.015739
92 0.929293 3370 0.011280
93 0.939394 2241 0.007501
94 0.949495 852 0.002852
95 0.959596 609 0.002038
96 0.969697 628 0.002102
97 0.979798 311 0.001041
98 0.989899 126 0.000422
99 1.000000 2 0.000007
