0 0.430264 10 0.000033
1 0.431942 8 0.000027
2 0.433621 9 0.000030
3 0.435299 50 0.000167
4 0.436977 37 0.000124
5 0.438655 32 0.000107
6 0.440333 49 0.000164
7 0.442011 76 0.000254
8 0.443690 81 0.000271
9 0.445368 57 0.000191
10 0.447046 45 0.000151
11 0.448724 44 0.000147
12 0.450402 119 0.000398
13 0.452080 61 0.000204
14 0.453759 136 0.000455
15 0.455437 283 0.000947
16 0.457115 226 0.000756
17 0.458793 300 0.001004
18 0.460471 431 0.001443
19 0.462149 241 0.000807
20 0.463828 232 0.000777
21 0.465506 434 0.001453
22 0.467184 712 0.002383
23 0.468862 665 0.002226
24 0.470540 562 0.001881
25 0.472218 540 0.001807
26 0.473897 704 0.002356
27 0.475575 722 0.002417
28 0.477253 690 0.002310
29 0.478931 870 0.002912
30 0.480609 1166 0.003903
31 0.482287 1806 0.006045
32 0.483966 2289 0.007662
33 0.485644 2033 0.006805
34 0.487322 2293 0.007675
35 0.489000 2708 0.009064
36 0.490678 3444 0.011528
37 0.492356 4836 0.016187
38 0.494034 5523 0.018487
39 0.495713 6239 0.020883
40 0.497391 8871 0.029693
41 0.499069 11487 0.038449
42 0.500747 13452 0.045027
43 0.502425 20728 0.069381
44 0.504103 24129 0.080765
45 0.505782 36828 0.123271
46 0.507460 41833 0.140024
47 0.509138 25097 0.084005
48 0.510816 15799 0.052883
49 0.512494 11517 0.038550
50 0.514172 8660 0.028987
51 0.515851 5923 0.019826
52 0.517529 3693 0.012361
53 0.519207 3207 0.010735
54 0.520885 2880 0.009640
55 0.522563 2101 0.007032
56 0.524241 1615 0.005406
57 0.525920 1719 0.005754
58 0.527598 1522 0.005094
59 0.529276 1280 0.004284
60 0.530954 1544 0.005168
61 0.532632 1275 0.004268
62 0.534310 1228 0.004110
63 0.535989 949 0.003177
64 0.537667 866 0.002899
65 0.539345 629 0.002105
66 0.541023 912 0.003053
67 0.542701 455 0.001523
68 0.544379 704 0.002356
69 0.546058 554 0.001854
70 0.547736 714 0.002390
71 0.549414 627 0.002099
72 0.551092 537 0.001797
73 0.552770 717 0.002400
74 0.554448 477 0.001597
75 0.556127 275 0.000920
76 0.557805 205 0.000686
77 0.559483 250 0.000837
78 0.561161 242 0.000810
79 0.562839 160 0.000536
80 0.564517 278 0.000931
81 0.566195 159 0.000532
82 0.567874 130 0.000435
83 0.569552 222 0.000743
84 0.571230 211 0.000706
85 0.572908 252 0.000843
86 0.574586 179 0.000599
87 0.576265 149 0.000499
88 0.577943 177 0.000592
89 0.579621 181 0.000606
90 0.581299 41 0.000137
91 0.582977 65 0.000218
92 0.584655 39 0.000131
93 0.586334 23 0.000077
94 0.588012 90 0.000301
95 0.589690 29 0.000097
96 0.591368 67 0.000224
97 0.593046 21 0.000070
98 0.594724 18 0.000060
99 0.596402 1 0.000003
