0 0.011722 38 0.000127
1 0.021494 82 0.000274
2 0.031267 90 0.000301
3 0.041040 91 0.000305
4 0.050813 158 0.000529
5 0.060585 150 0.000502
6 0.070358 119 0.000398
7 0.080131 186 0.000623
8 0.089904 134 0.000449
9 0.099676 154 0.000515
10 0.109449 133 0.000445
11 0.119222 125 0.000418
12 0.128995 175 0.000586
13 0.138767 161 0.000539
14 0.148540 170 0.000569
15 0.158313 258 0.000864
16 0.168086 223 0.000746
17 0.177858 289 0.000967
18 0.187631 294 0.000984
19 0.197404 298 0.000997
20 0.207176 485 0.001623
21 0.216949 492 0.001647
22 0.226722 433 0.001449
23 0.236495 358 0.001198
24 0.246267 493 0.001650
25 0.256040 601 0.002012
26 0.265813 574 0.001921
27 0.275586 822 0.002751
28 0.285358 891 0.002982
29 0.295131 923 0.003089
30 0.304904 943 0.003156
31 0.314677 1059 0.003545
32 0.324449 1338 0.004479
33 0.334222 1335 0.004469
34 0.343995 1326 0.004438
35 0.353768 1327 0.004442
36 0.363540 2044 0.006842
37 0.373313 1768 0.005918
38 0.383086 2645 0.008853
39 0.392859 2650 0.008870
40 0.402631 3365 0.011263
41 0.412404 3605 0.012067
42 0.422177 4304 0.014406
43 0.431950 5364 0.017954
44 0.441722 6037 0.020207
45 0.451495 8371 0.028020
46 0.461268 10655 0.035665
47 0.471041 14809 0.049569
48 0.480813 25559 0.085551
49 0.490586 46056 0.154159
50 0.500359 42781 0.143197
51 0.510132 23109 0.077351
52 0.519904 14657 0.049060
53 0.529677 10261 0.034346
54 0.539450 7054 0.023611
55 0.549223 5777 0.019337
56 0.558995 5376 0.017995
57 0.568768 4841 0.016204
58 0.578541 4138 0.013851
59 0.588314 2668 0.008930
60 0.598086 2381 0.007970
61 0.607859 2123 0.007106
62 0.617632 2074 0.006942
63 0.627405 1650 0.005523
64 0.637177 1505 0.005038
65 0.646950 1543 0.005165
66 0.656723 1400 0.004686
67 0.666495 1308 0.004378
68 0.676268 1267 0.004241
69 0.686041 880 0.002946
70 0.695814 707 0.002366
71 0.705586 599 0.002005
72 0.715359 628 0.002102
73 0.725132 475 0.001590
74 0.734905 430 0.001439
75 0.744677 463 0.001550
76 0.754450 382 0.001279
77 0.764223 413 0.001382
78 0.773996 356 0.001192
79 0.783768 337 0.001128
80 0.793541 276 0.000924
81 0.803314 244 0.000817
82 0.813087 265 0.000887
83 0.822859 226 0.000756
84 0.832632 216 0.000723
85 0.842405 265 0.000887
86 0.852178 185 0.000619
87 0.861950 140 0.000469
88 0.871723 109 0.000365
89 0.881496 111 0.000372
90 0.891269 170 0.000569
91 0.901041 158 0.000529
92 0.910814 163 0.000546
93 0.920587 199 0.000666
94 0.930360 204 0.000683
95 0.940132 81 0.000271
96 0.949905 42 0.000141
97 0.959678 60 0.000201
98 0.969451 95 0.000318
99 0.979223 4 0.000013
