0 0.000000 2 0.000007
1 0.009959 1 0.000003
2 0.019918 0 0.000000
3 0.029877 2 0.000007
4 0.039836 2 0.000007
5 0.049795 2 0.000007
6 0.059755 0 0.000000
7 0.069714 0 0.000000
8 0.079673 0 0.000000
9 0.089632 2 0.000007
10 0.099591 8 0.000027
11 0.109550 2 0.000007
12 0.119509 28 0.000094
13 0.129468 18 0.000060
14 0.139427 0 0.000000
15 0.149386 2 0.000007
16 0.159346 0 0.000000
17 0.169305 1 0.000003
18 0.179264 0 0.000000
19 0.189223 11 0.000037
20 0.199182 38 0.000127
21 0.209141 78 0.000261
22 0.219100 121 0.000405
23 0.229059 39 0.000131
24 0.239018 32 0.000107
25 0.248977 14 0.000047
26 0.258937 7 0.000023
27 0.268896 15 0.000050
28 0.278855 27 0.000090
29 0.288814 83 0.000278
30 0.298773 245 0.000820
31 0.308732 574 0.001921
32 0.318691 1004 0.003361
33 0.328650 1343 0.004495
34 0.338609 897 0.003002
35 0.348568 1425 0.004770
36 0.358528 2628 0.008796
37 0.368487 5209 0.017436
38 0.378446 3077 0.010299
39 0.388405 3135 0.010494
40 0.398364 3479 0.011645
41 0.408323 5450 0.018242
42 0.418282 9701 0.032471
43 0.428241 14714 0.049251
44 0.438200 6485 0.021707
45 0.448159 7007 0.023454
46 0.458118 10065 0.033690
47 0.468078 14539 0.048665
48 0.478037 9625 0.032217
49 0.487996 11507 0.038516
50 0.497955 68541 0.229421
51 0.507914 12844 0.042992
52 0.517873 12492 0.041813
53 0.527832 18681 0.062529
54 0.537791 8494 0.028431
55 0.547750 7861 0.026312
56 0.557709 8719 0.029184
57 0.567669 11825 0.039581
58 0.577628 5877 0.019672
59 0.587587 4604 0.015411
60 0.597546 3705 0.012401
61 0.607505 3891 0.013024
62 0.617464 4377 0.014651
63 0.627423 5777 0.019337
64 0.637382 1599 0.005352
65 0.647341 1318 0.004412
66 0.657300 1644 0.005503
67 0.667260 1644 0.005503
68 0.677219 897 0.003002
69 0.687178 391 0.001309
70 0.697137 365 0.001222
71 0.707096 246 0.000823
72 0.717055 17 0.000057
73 0.727014 9 0.000030
74 0.736973 22 0.000074
75 0.746932 18 0.000060
76 0.756891 5 0.000017
77 0.766851 23 0.000077
78 0.776810 36 0.000120
79 0.786769 31 0.000104
80 0.796728 90 0.000301
81 0.806687 23 0.000077
82 0.816646 0 0.000000
83 0.826605 0 0.000000
84 0.836564 0 0.000000
85 0.846523 0 0.000000
86 0.856482 5 0.000017
87 0.866442 9 0.000030
88 0.876401 9 0.000030
89 0.886360 12 0.000040
90 0.896319 7 0.000023
91 0.906278 1 0.000003
92 0.916237 0 0.000000
93 0.926196 0 0.000000
94 0.936155 0 0.000000
95 0.946114 0 0.000000
96 0.956073 0 0.000000
97 0.966033 0 0.000000
98 0.975992 1 0.000003
99 0.985951 2 0.000007
