0 0.000000 5 0.000006
1 0.010101 89 0.000099
2 0.020202 163 0.000182
3 0.030303 181 0.000202
4 0.040404 170 0.000190
5 0.050505 238 0.000266
6 0.060606 189 0.000211
7 0.070707 195 0.000218
8 0.080808 264 0.000295
9 0.090909 222 0.000248
10 0.101010 208 0.000232
11 0.111111 206 0.000230
12 0.121212 212 0.000237
13 0.131313 243 0.000271
14 0.141414 203 0.000226
15 0.151515 286 0.000319
16 0.161616 277 0.000309
17 0.171717 301 0.000336
18 0.181818 370 0.000413
19 0.191919 335 0.000374
20 0.202020 511 0.000570
21 0.212121 647 0.000722
22 0.222222 641 0.000715
23 0.232323 454 0.000507
24 0.242424 708 0.000790
25 0.252525 991 0.001106
26 0.262626 1066 0.001189
27 0.272727 1318 0.001471
28 0.282828 1489 0.001661
29 0.292929 1567 0.001748
30 0.303030 2005 0.002237
31 0.313131 3804 0.004244
32 0.323232 4695 0.005238
33 0.333333 4635 0.005171
34 0.343434 3847 0.004292
35 0.353535 4222 0.004711
36 0.363636 5386 0.006009
37 0.373737 6997 0.007807
38 0.383838 6108 0.006815
39 0.393939 6100 0.006806
40 0.404040 8738 0.009749
41 0.414141 10973 0.012243
42 0.424242 21791 0.024313
43 0.434343 13889 0.015496
44 0.444444 14122 0.015756
45 0.454545 19391 0.021635
46 0.464646 27196 0.030344
47 0.474747 30037 0.033513
48 0.484848 49061 0.054739
49 0.494949 119123 0.132910
50 0.505050 49614 0.055356
51 0.515152 32614 0.036389
52 0.525253 34537 0.038534
53 0.535354 21679 0.024188
54 0.545455 19562 0.021826
55 0.555556 20957 0.023383
56 0.565657 26790 0.029891
57 0.575758 33598 0.037487
58 0.585859 45878 0.051188
59 0.595960 39577 0.044158
60 0.606061 23085 0.025757
61 0.616162 19070 0.021277
62 0.626263 17691 0.019739
63 0.636364 9280 0.010354
64 0.646465 7527 0.008398
65 0.656566 7189 0.008021
66 0.666667 6404 0.007145
67 0.676768 5439 0.006068
68 0.686869 3947 0.004404
69 0.696970 3680 0.004106
70 0.707071 3275 0.003654
71 0.717172 2846 0.003175
72 0.727273 2676 0.002986
73 0.737374 3097 0.003455
74 0.747475 2756 0.003075
75 0.757576 2907 0.003243
76 0.767677 3247 0.003623
77 0.777778 2851 0.003181
78 0.787879 3007 0.003355
79 0.797980 2536 0.002830
80 0.808081 2734 0.003050
81 0.818182 3535 0.003944
82 0.828283 3772 0.004209
83 0.838384 3699 0.004127
84 0.848485 4665 0.005205
85 0.858586 6382 0.007121
86 0.868687 6134 0.006844
87 0.878788 6127 0.006836
88 0.888889 4156 0.004637
89 0.898990 3960 0.004418
90 0.909091 4366 0.004871
91 0.919192 4907 0.005475
92 0.929293 3585 0.004000
93 0.939394 2323 0.002592
94 0.949495 900 0.001004
95 0.959596 672 0.000750
96 0.969697 724 0.000808
97 0.979798 314 0.000350
98 0.989899 126 0.000141
99 1.000000 2 0.000002
