0 0.025373 213 0.000238
1 0.035395 99 0.000110
2 0.045418 231 0.000258
3 0.055440 241 0.000269
4 0.065463 203 0.000226
5 0.075485 225 0.000251
6 0.085508 230 0.000257
7 0.095530 237 0.000264
8 0.105552 291 0.000325
9 0.115575 196 0.000219
10 0.125597 184 0.000205
11 0.135620 192 0.000214
12 0.145642 184 0.000205
13 0.155665 234 0.000261
14 0.165687 315 0.000351
15 0.175709 370 0.000413
16 0.185732 374 0.000417
17 0.195754 440 0.000491
18 0.205777 432 0.000482
19 0.215799 434 0.000484
20 0.225822 483 0.000539
21 0.235844 539 0.000601
22 0.245866 737 0.000822
23 0.255889 779 0.000869
24 0.265911 1070 0.001194
25 0.275934 1327 0.001481
26 0.285956 1307 0.001458
27 0.295979 1471 0.001641
28 0.306001 1792 0.001999
29 0.316023 2370 0.002644
30 0.326046 3493 0.003897
31 0.336068 4095 0.004569
32 0.346091 2042 0.002278
33 0.356113 1841 0.002054
34 0.366136 2102 0.002345
35 0.376158 2104 0.002348
36 0.386180 3027 0.003377
37 0.396203 2835 0.003163
38 0.406225 3297 0.003679
39 0.416248 4293 0.004790
40 0.426270 4475 0.004993
41 0.436293 6166 0.006880
42 0.446315 7299 0.008144
43 0.456337 10132 0.011305
44 0.466360 14455 0.016128
45 0.476382 22902 0.025553
46 0.486405 45243 0.050479
47 0.496427 139261 0.155379
48 0.506450 180625 0.201530
49 0.516472 44453 0.049598
50 0.526494 26568 0.029643
51 0.536517 18276 0.020391
52 0.546539 15085 0.016831
53 0.556562 12603 0.014062
54 0.566584 13245 0.014778
55 0.576607 16985 0.018951
56 0.586629 30645 0.034192
57 0.596651 41005 0.045751
58 0.606674 29441 0.032848
59 0.616696 19985 0.022298
60 0.626719 12942 0.014440
61 0.636741 11032 0.012309
62 0.646764 6987 0.007796
63 0.656786 6321 0.007053
64 0.666808 5457 0.006089
65 0.676831 4841 0.005401
66 0.686853 4276 0.004771
67 0.696876 3433 0.003830
68 0.706898 3305 0.003688
69 0.716921 3039 0.003391
70 0.726943 2868 0.003200
71 0.736965 2561 0.002857
72 0.746988 2792 0.003115
73 0.757010 2675 0.002985
74 0.767033 2693 0.003005
75 0.777055 2972 0.003316
76 0.787078 3313 0.003696
77 0.797100 3121 0.003482
78 0.807122 2344 0.002615
79 0.817145 2583 0.002882
80 0.827167 3368 0.003758
81 0.837190 3369 0.003759
82 0.847212 3409 0.003804
83 0.857235 4309 0.004808
84 0.867257 5524 0.006163
85 0.877279 6613 0.007378
86 0.887302 6180 0.006895
87 0.897324 4481 0.005000
88 0.907347 3251 0.003627
89 0.917369 4479 0.004997
90 0.927392 4407 0.004917
91 0.937414 4161 0.004643
92 0.947436 3908 0.004360
93 0.957459 1775 0.001980
94 0.967481 676 0.000754
95 0.977504 783 0.000874
96 0.987526 463 0.000517
97 0.997549 266 0.000297
98 1.007571 112 0.000125
99 1.017594 1 0.000001
