0 0.025373 84 0.000281
1 0.035224 44 0.000147
2 0.045075 126 0.000422
3 0.054926 150 0.000502
4 0.064778 108 0.000361
5 0.074629 112 0.000375
6 0.084480 169 0.000566
7 0.094331 117 0.000392
8 0.104182 282 0.000944
9 0.114033 163 0.000546
10 0.123884 137 0.000459
11 0.133736 162 0.000542
12 0.143587 132 0.000442
13 0.153438 162 0.000542
14 0.163289 228 0.000763
15 0.173140 319 0.001068
16 0.182991 274 0.000917
17 0.192842 407 0.001362
18 0.202694 395 0.001322
19 0.212545 395 0.001322
20 0.222396 409 0.001369
21 0.232247 430 0.001439
22 0.242098 394 0.001319
23 0.251949 566 0.001895
24 0.261800 483 0.001617
25 0.271652 638 0.002136
26 0.281503 736 0.002464
27 0.291354 946 0.003166
28 0.301205 861 0.002882
29 0.311056 1071 0.003585
30 0.320907 1076 0.003602
31 0.330758 1176 0.003936
32 0.340610 1292 0.004325
33 0.350461 1444 0.004833
34 0.360312 1444 0.004833
35 0.370163 1798 0.006018
36 0.380014 2110 0.007063
37 0.389865 2818 0.009432
38 0.399717 2444 0.008181
39 0.409568 3083 0.010319
40 0.419419 3721 0.012455
41 0.429270 4444 0.014875
42 0.439121 5540 0.018544
43 0.448972 6040 0.020217
44 0.458823 8368 0.028009
45 0.468675 9923 0.033214
46 0.478526 15256 0.051065
47 0.488377 23575 0.078911
48 0.498228 46066 0.154193
49 0.508079 43997 0.147267
50 0.517930 22781 0.076253
51 0.527781 14971 0.050111
52 0.537633 10178 0.034068
53 0.547484 7187 0.024056
54 0.557335 5846 0.019568
55 0.567186 4940 0.016535
56 0.577037 5184 0.017352
57 0.586888 4243 0.014202
58 0.596739 2790 0.009339
59 0.606591 2335 0.007816
60 0.616442 2190 0.007330
61 0.626293 1949 0.006524
62 0.636144 1789 0.005988
63 0.645995 1327 0.004442
64 0.655846 1528 0.005115
65 0.665697 1536 0.005141
66 0.675549 1362 0.004559
67 0.685400 1351 0.004522
68 0.695251 853 0.002855
69 0.705102 742 0.002484
70 0.714953 691 0.002313
71 0.724804 645 0.002159
72 0.734655 441 0.001476
73 0.744507 486 0.001627
74 0.754358 357 0.001195
75 0.764209 397 0.001329
76 0.774060 360 0.001205
77 0.783911 446 0.001493
78 0.793762 382 0.001279
79 0.803613 311 0.001041
80 0.813465 320 0.001071
81 0.823316 226 0.000756
82 0.833167 256 0.000857
83 0.843018 175 0.000586
84 0.852869 179 0.000599
85 0.862720 248 0.000830
86 0.872572 158 0.000529
87 0.882423 166 0.000556
88 0.892274 137 0.000459
89 0.902125 177 0.000592
90 0.911976 194 0.000649
91 0.921827 184 0.000616
92 0.931678 143 0.000479
93 0.941530 108 0.000361
94 0.951381 114 0.000382
95 0.961232 89 0.000298
96 0.971083 64 0.000214
97 0.980934 44 0.000147
98 0.990785 60 0.000201
99 1.000636 1 0.000003
