0 -0.059868 1 0.000003
1 -0.058920 2 0.000007
2 -0.057971 2 0.000007
3 -0.057022 0 0.000000
4 -0.056073 0 0.000000
5 -0.055124 3 0.000010
6 -0.054175 1 0.000003
7 -0.053226 0 0.000000
8 -0.052277 0 0.000000
9 -0.051328 0 0.000000
10 -0.050379 2 0.000007
11 -0.049430 0 0.000000
12 -0.048481 0 0.000000
13 -0.047532 3 0.000010
14 -0.046584 0 0.000000
15 -0.045635 11 0.000037
16 -0.044686 7 0.000023
17 -0.043737 7 0.000023
18 -0.042788 21 0.000070
19 -0.041839 30 0.000100
20 -0.040890 56 0.000187
21 -0.039941 63 0.000211
22 -0.038992 149 0.000499
23 -0.038043 104 0.000348
24 -0.037094 101 0.000338
25 -0.036145 128 0.000428
26 -0.035196 138 0.000462
27 -0.034247 124 0.000415
28 -0.033299 109 0.000365
29 -0.032350 159 0.000532
30 -0.031401 271 0.000907
31 -0.030452 427 0.001429
32 -0.029503 426 0.001426
33 -0.028554 421 0.001409
34 -0.027605 518 0.001734
35 -0.026656 649 0.002172
36 -0.025707 817 0.002735
37 -0.024758 919 0.003076
38 -0.023809 950 0.003180
39 -0.022860 1128 0.003776
40 -0.021911 1380 0.004619
41 -0.020963 1852 0.006199
42 -0.020014 2396 0.008020
43 -0.019065 2788 0.009332
44 -0.018116 3097 0.010366
45 -0.017167 3775 0.012636
46 -0.016218 4728 0.015826
47 -0.015269 5572 0.018651
48 -0.014320 6713 0.022470
49 -0.013371 7615 0.025489
50 -0.012422 8556 0.028639
51 -0.011473 10570 0.035380
52 -0.010524 12579 0.042105
53 -0.009575 15502 0.051888
54 -0.008627 19430 0.065036
55 -0.007678 22151 0.074144
56 -0.006729 26235 0.087814
57 -0.005780 26562 0.088909
58 -0.004831 22211 0.074345
59 -0.003882 19516 0.065324
60 -0.002933 15815 0.052936
61 -0.001984 12348 0.041331
62 -0.001035 8609 0.028816
63 -0.000086 6029 0.020180
64 0.000863 4903 0.016411
65 0.001812 4195 0.014042
66 0.002761 3404 0.011394
67 0.003710 2682 0.008977
68 0.004658 2179 0.007294
69 0.005607 1587 0.005312
70 0.006556 1248 0.004177
71 0.007505 1163 0.003893
72 0.008454 808 0.002705
73 0.009403 498 0.001667
74 0.010352 389 0.001302
75 0.011301 274 0.000917
76 0.012250 207 0.000693
77 0.013199 196 0.000656
78 0.014148 141 0.000472
79 0.015097 161 0.000539
80 0.016046 128 0.000428
81 0.016994 105 0.000351
82 0.017943 134 0.000449
83 0.018892 132 0.000442
84 0.019841 108 0.000361
85 0.020790 48 0.000161
86 0.021739 34 0.000114
87 0.022688 35 0.000117
88 0.023637 36 0.000120
89 0.024586 33 0.000110
90 0.025535 20 0.000067
91 0.026484 22 0.000074
92 0.027433 27 0.000090
93 0.028382 29 0.000097
94 0.029330 14 0.000047
95 0.030279 11 0.000037
96 0.031228 5 0.000017
97 0.032177 15 0.000050
98 0.033126 7 0.000023
99 0.034075 2 0.000007
