0 0.000000 776373 0.866229
1 0.002464 34315 0.038287
2 0.004928 26269 0.029309
3 0.007392 14128 0.015763
4 0.009856 8842 0.009865
5 0.012320 9194 0.010258
6 0.014784 5411 0.006037
7 0.017248 5048 0.005632
8 0.019712 4504 0.005025
9 0.022176 3874 0.004322
10 0.024640 2267 0.002529
11 0.027104 1323 0.001476
12 0.029568 1223 0.001365
13 0.032032 1051 0.001173
14 0.034495 582 0.000649
15 0.036959 360 0.000402
16 0.039423 279 0.000311
17 0.041887 226 0.000252
18 0.044351 169 0.000189
19 0.046815 64 0.000071
20 0.049279 48 0.000054
21 0.051743 27 0.000030
22 0.054207 38 0.000042
23 0.056671 20 0.000022
24 0.059135 14 0.000016
25 0.061599 29 0.000032
26 0.064063 15 0.000017
27 0.066527 31 0.000035
28 0.068991 19 0.000021
29 0.071455 31 0.000035
30 0.073919 60 0.000067
31 0.076383 38 0.000042
32 0.078847 40 0.000045
33 0.081311 37 0.000041
34 0.083775 46 0.000051
35 0.086239 27 0.000030
36 0.088703 30 0.000033
37 0.091167 19 0.000021
38 0.093631 22 0.000025
39 0.096095 25 0.000028
40 0.098558 21 0.000023
41 0.101022 6 0.000007
42 0.103486 6 0.000007
43 0.105950 1 0.000001
44 0.108414 4 0.000004
45 0.110878 2 0.000002
46 0.113342 0 0.000000
47 0.115806 0 0.000000
48 0.118270 0 0.000000
49 0.120734 1 0.000001
50 0.123198 1 0.000001
51 0.125662 4 0.000004
52 0.128126 2 0.000002
53 0.130590 8 0.000009
54 0.133054 10 0.000011
55 0.135518 13 0.000015
56 0.137982 7 0.000008
57 0.140446 6 0.000007
58 0.142910 8 0.000009
59 0.145374 5 0.000006
60 0.147838 1 0.000001
61 0.150302 6 0.000007
62 0.152766 0 0.000000
63 0.155230 1 0.000001
64 0.157694 7 0.000008
65 0.160158 3 0.000003
66 0.162621 2 0.000002
67 0.165085 0 0.000000
68 0.167549 0 0.000000
69 0.170013 0 0.000000
70 0.172477 4 0.000004
71 0.174941 0 0.000000
72 0.177405 0 0.000000
73 0.179869 2 0.000002
74 0.182333 3 0.000003
75 0.184797 0 0.000000
76 0.187261 0 0.000000
77 0.189725 0 0.000000
78 0.192189 0 0.000000
79 0.194653 0 0.000000
80 0.197117 0 0.000000
81 0.199581 0 0.000000
82 0.202045 0 0.000000
83 0.204509 1 0.000001
84 0.206973 0 0.000000
85 0.209437 0 0.000000
86 0.211901 0 0.000000
87 0.214365 4 0.000004
88 0.216829 0 0.000000
89 0.219293 0 0.000000
90 0.221757 0 0.000000
91 0.224221 0 0.000000
92 0.226684 0 0.000000
93 0.229148 0 0.000000
94 0.231612 0 0.000000
95 0.234076 2 0.000002
96 0.236540 5 0.000006
97 0.239004 2 0.000002
98 0.241468 2 0.000002
99 0.243932 0 0.000000
