0 -0.139224 3 0.000010
1 -0.137391 2 0.000007
2 -0.135557 0 0.000000
3 -0.133723 0 0.000000
4 -0.131889 2 0.000007
5 -0.130056 1 0.000003
6 -0.128222 1 0.000003
7 -0.126388 0 0.000000
8 -0.124554 0 0.000000
9 -0.122721 0 0.000000
10 -0.120887 0 0.000000
11 -0.119053 2 0.000007
12 -0.117219 0 0.000000
13 -0.115386 0 0.000000
14 -0.113552 0 0.000000
15 -0.111718 2 0.000007
16 -0.109884 0 0.000000
17 -0.108051 3 0.000010
18 -0.106217 2 0.000007
19 -0.104383 2 0.000007
20 -0.102549 3 0.000010
21 -0.100716 3 0.000010
22 -0.098882 0 0.000000
23 -0.097048 2 0.000007
24 -0.095214 1 0.000003
25 -0.093381 0 0.000000
26 -0.091547 0 0.000000
27 -0.089713 1 0.000003
28 -0.087879 1 0.000003
29 -0.086046 5 0.000017
30 -0.084212 2 0.000007
31 -0.082378 1 0.000003
32 -0.080544 0 0.000000
33 -0.078711 2 0.000007
34 -0.076877 0 0.000000
35 -0.075043 1 0.000003
36 -0.073209 2 0.000007
37 -0.071376 2 0.000007
38 -0.069542 1 0.000003
39 -0.067708 6 0.000020
40 -0.065874 0 0.000000
41 -0.064041 2 0.000007
42 -0.062207 3 0.000010
43 -0.060373 7 0.000023
44 -0.058539 16 0.000054
45 -0.056706 15 0.000050
46 -0.054872 24 0.000080
47 -0.053038 19 0.000064
48 -0.051204 45 0.000151
49 -0.049371 34 0.000114
50 -0.047537 38 0.000127
51 -0.045703 99 0.000331
52 -0.043869 98 0.000328
53 -0.042035 87 0.000291
54 -0.040202 114 0.000382
55 -0.038368 116 0.000388
56 -0.036534 173 0.000579
57 -0.034700 248 0.000830
58 -0.032867 369 0.001235
59 -0.031033 505 0.001690
60 -0.029199 685 0.002293
61 -0.027365 696 0.002330
62 -0.025532 900 0.003012
63 -0.023698 1210 0.004050
64 -0.021864 1825 0.006109
65 -0.020030 2569 0.008599
66 -0.018197 4098 0.013717
67 -0.016363 4330 0.014493
68 -0.014529 6616 0.022145
69 -0.012695 11005 0.036836
70 -0.010862 20093 0.067256
71 -0.009028 39507 0.132238
72 -0.007194 57818 0.193529
73 -0.005360 57442 0.192271
74 -0.003527 37940 0.126993
75 -0.001693 18192 0.060892
76 0.000141 9868 0.033030
77 0.001975 5697 0.019069
78 0.003808 5240 0.017539
79 0.005642 3221 0.010781
80 0.007476 1776 0.005945
81 0.009310 1635 0.005473
82 0.011143 1091 0.003652
83 0.012977 632 0.002115
84 0.014811 608 0.002035
85 0.016645 389 0.001302
86 0.018478 413 0.001382
87 0.020312 255 0.000854
88 0.022146 190 0.000636
89 0.023980 171 0.000572
90 0.025813 121 0.000405
91 0.027647 108 0.000361
92 0.029481 128 0.000428
93 0.031315 91 0.000305
94 0.033148 34 0.000114
95 0.034982 47 0.000157
96 0.036816 30 0.000100
97 0.038650 17 0.000057
98 0.040483 2 0.000007
99 0.042317 1 0.000003
