0 -0.493895 9 0.000010
1 -0.483976 0 0.000000
2 -0.474056 4 0.000004
3 -0.464137 0 0.000000
4 -0.454217 0 0.000000
5 -0.444298 0 0.000000
6 -0.434379 5 0.000006
7 -0.424459 4 0.000004
8 -0.414540 1 0.000001
9 -0.404620 5 0.000006
10 -0.394701 1 0.000001
11 -0.384782 13 0.000015
12 -0.374862 23 0.000026
13 -0.364943 13 0.000015
14 -0.355023 1 0.000001
15 -0.345104 1 0.000001
16 -0.335185 6 0.000007
17 -0.325265 11 0.000012
18 -0.315346 24 0.000027
19 -0.305427 29 0.000032
20 -0.295507 57 0.000064
21 -0.285588 60 0.000067
22 -0.275668 70 0.000078
23 -0.265749 26 0.000029
24 -0.255830 32 0.000036
25 -0.245910 16 0.000018
26 -0.235991 42 0.000047
27 -0.226071 79 0.000088
28 -0.216152 181 0.000202
29 -0.206233 305 0.000340
30 -0.196313 607 0.000677
31 -0.186394 1430 0.001596
32 -0.176474 1178 0.001314
33 -0.166555 1497 0.001670
34 -0.156636 3200 0.003570
35 -0.146716 3568 0.003981
36 -0.136797 3536 0.003945
37 -0.126877 2881 0.003214
38 -0.116958 3197 0.003567
39 -0.107039 4194 0.004679
40 -0.097119 7118 0.007942
41 -0.087200 14751 0.016458
42 -0.077281 8380 0.009350
43 -0.067361 7157 0.007985
44 -0.057442 10031 0.011192
45 -0.047522 12943 0.014441
46 -0.037603 15235 0.016998
47 -0.027684 36967 0.041245
48 -0.017764 215228 0.240138
49 -0.007845 397183 0.443152
50 0.002075 47198 0.052661
51 0.011994 22815 0.025456
52 0.021913 12339 0.013767
53 0.031833 7399 0.008255
54 0.041752 8587 0.009581
55 0.051672 8861 0.009887
56 0.061591 7173 0.008003
57 0.071510 4917 0.005486
58 0.081430 3223 0.003596
59 0.091349 3183 0.003551
60 0.101268 3599 0.004016
61 0.111188 5946 0.006634
62 0.121107 2650 0.002957
63 0.131027 1532 0.001709
64 0.140946 2077 0.002317
65 0.150865 1393 0.001554
66 0.160785 941 0.001050
67 0.170704 290 0.000324
68 0.180624 149 0.000166
69 0.190543 174 0.000194
70 0.200462 134 0.000150
71 0.210382 102 0.000114
72 0.220301 18 0.000020
73 0.230221 31 0.000035
74 0.240140 12 0.000013
75 0.250059 17 0.000019
76 0.259979 21 0.000023
77 0.269898 23 0.000026
78 0.279817 32 0.000036
79 0.289737 31 0.000035
80 0.299656 37 0.000041
81 0.309576 32 0.000036
82 0.319495 2 0.000002
83 0.329414 0 0.000000
84 0.339334 1 0.000001
85 0.349253 0 0.000000
86 0.359173 2 0.000002
87 0.369092 7 0.000008
88 0.379011 8 0.000009
89 0.388931 6 0.000007
90 0.398850 4 0.000004
91 0.408770 0 0.000000
92 0.418689 0 0.000000
93 0.428608 0 0.000000
94 0.438528 0 0.000000
95 0.448447 1 0.000001
96 0.458367 0 0.000000
97 0.468286 0 0.000000
98 0.478205 0 0.000000
99 0.488125 2 0.000002
