0 -0.493895 9 0.000030
1 -0.483976 0 0.000000
2 -0.474056 4 0.000013
3 -0.464137 0 0.000000
4 -0.454217 0 0.000000
5 -0.444298 0 0.000000
6 -0.434379 5 0.000017
7 -0.424459 4 0.000013
8 -0.414540 1 0.000003
9 -0.404620 5 0.000017
10 -0.394701 1 0.000003
11 -0.384782 13 0.000044
12 -0.374862 23 0.000077
13 -0.364943 13 0.000044
14 -0.355023 1 0.000003
15 -0.345104 1 0.000003
16 -0.335185 6 0.000020
17 -0.325265 11 0.000037
18 -0.315346 24 0.000080
19 -0.305427 29 0.000097
20 -0.295507 57 0.000191
21 -0.285588 60 0.000201
22 -0.275668 70 0.000234
23 -0.265749 26 0.000087
24 -0.255830 32 0.000107
25 -0.245910 16 0.000054
26 -0.235991 42 0.000141
27 -0.226071 79 0.000264
28 -0.216152 181 0.000606
29 -0.206233 305 0.001021
30 -0.196313 607 0.002032
31 -0.186394 1430 0.004787
32 -0.176474 1178 0.003943
33 -0.166555 1497 0.005011
34 -0.156636 3200 0.010711
35 -0.146716 3565 0.011933
36 -0.136797 3531 0.011819
37 -0.126877 2878 0.009633
38 -0.116958 3193 0.010688
39 -0.107039 4183 0.014001
40 -0.097119 7113 0.023809
41 -0.087200 14741 0.049341
42 -0.077281 8374 0.028030
43 -0.067361 7124 0.023846
44 -0.057442 9882 0.033077
45 -0.047522 12051 0.040337
46 -0.037603 11049 0.036983
47 -0.027684 14193 0.047507
48 -0.017764 53995 0.180733
49 -0.007845 29454 0.098589
50 0.002075 12191 0.040806
51 0.011994 18605 0.062275
52 0.021913 11303 0.037834
53 0.031833 7184 0.024046
54 0.041752 8586 0.028739
55 0.051672 8861 0.029660
56 0.061591 7173 0.024010
57 0.071510 4917 0.016458
58 0.081430 3223 0.010788
59 0.091349 3183 0.010654
60 0.101268 3599 0.012047
61 0.111188 5946 0.019903
62 0.121107 2650 0.008870
63 0.131027 1532 0.005128
64 0.140946 2077 0.006952
65 0.150865 1393 0.004663
66 0.160785 941 0.003150
67 0.170704 290 0.000971
68 0.180624 149 0.000499
69 0.190543 174 0.000582
70 0.200462 134 0.000449
71 0.210382 102 0.000341
72 0.220301 18 0.000060
73 0.230221 31 0.000104
74 0.240140 12 0.000040
75 0.250059 17 0.000057
76 0.259979 21 0.000070
77 0.269898 23 0.000077
78 0.279817 32 0.000107
79 0.289737 31 0.000104
80 0.299656 37 0.000124
81 0.309576 32 0.000107
82 0.319495 2 0.000007
83 0.329414 0 0.000000
84 0.339334 1 0.000003
85 0.349253 0 0.000000
86 0.359173 2 0.000007
87 0.369092 7 0.000023
88 0.379011 8 0.000027
89 0.388931 6 0.000020
90 0.398850 4 0.000013
91 0.408770 0 0.000000
92 0.418689 0 0.000000
93 0.428608 0 0.000000
94 0.438528 0 0.000000
95 0.448447 1 0.000003
96 0.458367 0 0.000000
97 0.468286 0 0.000000
98 0.478205 0 0.000000
99 0.488125 2 0.000007
