0 0.000000 7 0.000023
1 0.010101 2 0.000007
2 0.020202 1 0.000003
3 0.030303 3 0.000010
4 0.040404 0 0.000000
5 0.050505 0 0.000000
6 0.060606 0 0.000000
7 0.070707 0 0.000000
8 0.080808 0 0.000000
9 0.090909 3 0.000010
10 0.101010 9 0.000030
11 0.111111 5 0.000017
12 0.121212 37 0.000124
13 0.131313 12 0.000040
14 0.141414 0 0.000000
15 0.151515 0 0.000000
16 0.161616 0 0.000000
17 0.171717 2 0.000007
18 0.181818 0 0.000000
19 0.191919 10 0.000033
20 0.202020 43 0.000144
21 0.212121 93 0.000311
22 0.222222 101 0.000338
23 0.232323 36 0.000120
24 0.242424 23 0.000077
25 0.252525 5 0.000017
26 0.262626 10 0.000033
27 0.272727 23 0.000077
28 0.282828 31 0.000104
29 0.292929 180 0.000602
30 0.303030 390 0.001305
31 0.313131 746 0.002497
32 0.323232 1416 0.004740
33 0.333333 1015 0.003397
34 0.343434 983 0.003290
35 0.353535 2564 0.008582
36 0.363636 3042 0.010182
37 0.373737 4725 0.015816
38 0.383838 3246 0.010865
39 0.393939 3132 0.010483
40 0.404040 4733 0.015842
41 0.414141 6539 0.021887
42 0.424242 16550 0.055396
43 0.434343 7832 0.026215
44 0.444444 6468 0.021650
45 0.454545 9626 0.032220
46 0.464646 14013 0.046904
47 0.474747 10518 0.035206
48 0.484848 11279 0.037753
49 0.494949 66722 0.223333
50 0.505050 14764 0.049418
51 0.515152 11880 0.039765
52 0.525253 19588 0.065565
53 0.535354 9909 0.033168
54 0.545455 7954 0.026624
55 0.555556 8775 0.029372
56 0.565657 11629 0.038925
57 0.575758 6671 0.022329
58 0.585859 5073 0.016980
59 0.595960 3777 0.012642
60 0.606061 3830 0.012820
61 0.616162 3747 0.012542
62 0.626263 6421 0.021492
63 0.636364 1719 0.005754
64 0.646465 1221 0.004087
65 0.656566 1689 0.005653
66 0.666667 1704 0.005704
67 0.676768 924 0.003093
68 0.686869 359 0.001202
69 0.696970 367 0.001228
70 0.707071 224 0.000750
71 0.717172 26 0.000087
72 0.727273 14 0.000047
73 0.737374 20 0.000067
74 0.747475 10 0.000033
75 0.757576 6 0.000020
76 0.767677 24 0.000080
77 0.777778 39 0.000131
78 0.787879 54 0.000181
79 0.797980 86 0.000288
80 0.808081 26 0.000087
81 0.818182 0 0.000000
82 0.828283 0 0.000000
83 0.838384 0 0.000000
84 0.848485 0 0.000000
85 0.858586 2 0.000007
86 0.868687 9 0.000030
87 0.878788 18 0.000060
88 0.888889 9 0.000030
89 0.898990 9 0.000030
90 0.909091 1 0.000003
91 0.919192 0 0.000000
92 0.929293 0 0.000000
93 0.939394 0 0.000000
94 0.949495 0 0.000000
95 0.959596 0 0.000000
96 0.969697 0 0.000000
97 0.979798 1 0.000003
98 0.989899 0 0.000000
99 1.000000 2 0.000007
