0 0.015383 40 0.000045
1 0.025488 47 0.000052
2 0.035594 237 0.000264
3 0.045699 194 0.000216
4 0.055805 225 0.000251
5 0.065910 152 0.000170
6 0.076016 250 0.000279
7 0.086121 262 0.000292
8 0.096227 239 0.000267
9 0.106332 290 0.000324
10 0.116438 219 0.000244
11 0.126543 247 0.000276
12 0.136648 225 0.000251
13 0.146754 264 0.000295
14 0.156859 274 0.000306
15 0.166965 248 0.000277
16 0.177070 354 0.000395
17 0.187176 453 0.000505
18 0.197281 421 0.000470
19 0.207387 406 0.000453
20 0.217492 496 0.000553
21 0.227598 447 0.000499
22 0.237703 466 0.000520
23 0.247809 800 0.000893
24 0.257914 1179 0.001315
25 0.268019 1134 0.001265
26 0.278125 1367 0.001525
27 0.288230 1377 0.001536
28 0.298336 1362 0.001520
29 0.308441 2135 0.002382
30 0.318547 2536 0.002830
31 0.328652 4213 0.004701
32 0.338758 3218 0.003590
33 0.348863 1843 0.002056
34 0.358969 1908 0.002129
35 0.369074 2150 0.002399
36 0.379179 2577 0.002875
37 0.389285 2866 0.003198
38 0.399390 2899 0.003235
39 0.409496 4029 0.004495
40 0.419601 4431 0.004944
41 0.429707 5495 0.006131
42 0.439812 6306 0.007036
43 0.449918 6871 0.007666
44 0.460023 10805 0.012056
45 0.470129 16061 0.017920
46 0.480234 25895 0.028892
47 0.490340 54236 0.060513
48 0.500445 133776 0.149259
49 0.510550 177190 0.197698
50 0.520656 48967 0.054634
51 0.530761 22919 0.025572
52 0.540867 16401 0.018299
53 0.550972 14418 0.016087
54 0.561078 14000 0.015620
55 0.571183 14874 0.016595
56 0.581289 28024 0.031267
57 0.591394 42346 0.047247
58 0.601500 36696 0.040943
59 0.611605 19897 0.022200
60 0.621710 14486 0.016163
61 0.631816 10833 0.012087
62 0.641921 7073 0.007892
63 0.652027 6102 0.006808
64 0.662132 5530 0.006170
65 0.672238 4756 0.005306
66 0.682343 4360 0.004865
67 0.692449 3558 0.003970
68 0.702554 2996 0.003343
69 0.712660 3007 0.003355
70 0.722765 2912 0.003249
71 0.732871 2730 0.003046
72 0.742976 2936 0.003276
73 0.753081 2957 0.003299
74 0.763187 2769 0.003089
75 0.773292 2812 0.003137
76 0.783398 3260 0.003637
77 0.793503 2913 0.003250
78 0.803609 2703 0.003016
79 0.813714 2592 0.002892
80 0.823820 3042 0.003394
81 0.833925 3827 0.004270
82 0.844031 3252 0.003628
83 0.854136 4692 0.005235
84 0.864241 5057 0.005642
85 0.874347 6498 0.007250
86 0.884452 6350 0.007085
87 0.894558 4573 0.005102
88 0.904663 3377 0.003768
89 0.914769 3663 0.004087
90 0.924874 5473 0.006106
91 0.934980 4147 0.004627
92 0.945085 3788 0.004226
93 0.955191 1509 0.001684
94 0.965296 561 0.000626
95 0.975402 590 0.000658
96 0.985507 532 0.000594
97 0.995612 340 0.000379
98 1.005718 53 0.000059
99 1.015823 2 0.000002
