0 0.011833 37 0.000124
1 0.021605 67 0.000224
2 0.031378 74 0.000248
3 0.041151 93 0.000311
4 0.050924 164 0.000549
5 0.060696 146 0.000489
6 0.070469 105 0.000351
7 0.080242 173 0.000579
8 0.090015 134 0.000449
9 0.099787 162 0.000542
10 0.109560 143 0.000479
11 0.119333 133 0.000445
12 0.129106 160 0.000536
13 0.138878 152 0.000509
14 0.148651 153 0.000512
15 0.158424 267 0.000894
16 0.168197 200 0.000669
17 0.177969 273 0.000914
18 0.187742 316 0.001058
19 0.197515 312 0.001044
20 0.207288 515 0.001724
21 0.217060 496 0.001660
22 0.226833 415 0.001389
23 0.236606 378 0.001265
24 0.246379 468 0.001566
25 0.256151 524 0.001754
26 0.265924 612 0.002048
27 0.275697 841 0.002815
28 0.285470 847 0.002835
29 0.295242 963 0.003223
30 0.305015 947 0.003170
31 0.314788 1044 0.003494
32 0.324561 1315 0.004402
33 0.334333 1310 0.004385
34 0.344106 1243 0.004161
35 0.353879 1321 0.004422
36 0.363652 2043 0.006838
37 0.373424 1872 0.006266
38 0.383197 2461 0.008237
39 0.392970 2559 0.008566
40 0.402743 3456 0.011568
41 0.412515 3688 0.012345
42 0.422288 4420 0.014795
43 0.432061 5486 0.018363
44 0.441833 6042 0.020224
45 0.451606 8171 0.027350
46 0.461379 10614 0.035527
47 0.471152 14899 0.049870
48 0.480924 25991 0.086997
49 0.490697 46694 0.156295
50 0.500470 42290 0.141554
51 0.510243 23070 0.077220
52 0.520015 14572 0.048776
53 0.529788 10023 0.033549
54 0.539561 7106 0.023785
55 0.549334 5623 0.018821
56 0.559106 5502 0.018416
57 0.568879 4910 0.016435
58 0.578652 4123 0.013801
59 0.588425 2485 0.008318
60 0.598197 2393 0.008010
61 0.607970 2179 0.007294
62 0.617743 2122 0.007103
63 0.627516 1691 0.005660
64 0.637288 1407 0.004710
65 0.647061 1478 0.004947
66 0.656834 1365 0.004569
67 0.666607 1181 0.003953
68 0.676379 1316 0.004405
69 0.686152 832 0.002785
70 0.695925 685 0.002293
71 0.705698 598 0.002002
72 0.715470 585 0.001958
73 0.725243 444 0.001486
74 0.735016 421 0.001409
75 0.744789 448 0.001500
76 0.754561 371 0.001242
77 0.764334 480 0.001607
78 0.774107 412 0.001379
79 0.783880 380 0.001272
80 0.793652 263 0.000880
81 0.803425 239 0.000800
82 0.813198 283 0.000947
83 0.822971 289 0.000967
84 0.832743 251 0.000840
85 0.842516 271 0.000907
86 0.852289 180 0.000602
87 0.862062 125 0.000418
88 0.871834 127 0.000425
89 0.881607 119 0.000398
90 0.891380 143 0.000479
91 0.901152 172 0.000576
92 0.910925 183 0.000613
93 0.920698 172 0.000576
94 0.930471 237 0.000793
95 0.940243 92 0.000308
96 0.950016 39 0.000131
97 0.959789 64 0.000214
98 0.969562 114 0.000382
99 0.979334 2 0.000007
