0 0.015383 40 0.000134
1 0.025387 47 0.000157
2 0.035391 84 0.000281
3 0.045395 105 0.000351
4 0.055399 159 0.000532
5 0.065403 95 0.000318
6 0.075406 108 0.000361
7 0.085410 157 0.000526
8 0.095414 162 0.000542
9 0.105418 251 0.000840
10 0.115422 171 0.000572
11 0.125426 177 0.000592
12 0.135430 176 0.000589
13 0.145434 194 0.000649
14 0.155438 228 0.000763
15 0.165442 218 0.000730
16 0.175446 275 0.000920
17 0.185449 355 0.001188
18 0.195453 408 0.001366
19 0.205457 355 0.001188
20 0.215461 460 0.001540
21 0.225465 379 0.001269
22 0.235469 429 0.001436
23 0.245473 490 0.001640
24 0.255477 565 0.001891
25 0.265481 576 0.001928
26 0.275485 818 0.002738
27 0.285489 983 0.003290
28 0.295492 749 0.002507
29 0.305496 1088 0.003642
30 0.315500 1035 0.003464
31 0.325504 1226 0.004104
32 0.335508 1305 0.004368
33 0.345512 1295 0.004335
34 0.355516 1396 0.004673
35 0.365520 1782 0.005965
36 0.375524 2133 0.007140
37 0.385528 2571 0.008606
38 0.395532 2416 0.008087
39 0.405535 3196 0.010698
40 0.415539 3819 0.012783
41 0.425543 4504 0.015076
42 0.435547 5368 0.017968
43 0.445551 5856 0.019601
44 0.455555 7515 0.025154
45 0.465559 10207 0.034165
46 0.475563 15322 0.051286
47 0.485567 23685 0.079279
48 0.495571 45015 0.150675
49 0.505575 47450 0.158825
50 0.515578 22652 0.075821
51 0.525582 14342 0.048006
52 0.535586 10002 0.033479
53 0.545590 7009 0.023461
54 0.555594 6014 0.020130
55 0.565598 5512 0.018450
56 0.575602 4685 0.015682
57 0.585606 4211 0.014095
58 0.595610 2906 0.009727
59 0.605614 2239 0.007494
60 0.615618 2058 0.006889
61 0.625621 2114 0.007076
62 0.635625 1796 0.006012
63 0.645629 1356 0.004539
64 0.655633 1486 0.004974
65 0.665637 1276 0.004271
66 0.675641 1370 0.004586
67 0.685645 1328 0.004445
68 0.695649 671 0.002246
69 0.705653 672 0.002249
70 0.715657 659 0.002206
71 0.725661 630 0.002109
72 0.735664 453 0.001516
73 0.745668 407 0.001362
74 0.755672 457 0.001530
75 0.765676 357 0.001195
76 0.775680 492 0.001647
77 0.785684 464 0.001553
78 0.795688 316 0.001058
79 0.805692 368 0.001232
80 0.815696 284 0.000951
81 0.825700 245 0.000820
82 0.835703 210 0.000703
83 0.845707 223 0.000746
84 0.855711 245 0.000820
85 0.865715 234 0.000783
86 0.875719 144 0.000482
87 0.885723 138 0.000462
88 0.895727 148 0.000495
89 0.905731 193 0.000646
90 0.915735 165 0.000552
91 0.925739 152 0.000509
92 0.935743 169 0.000566
93 0.945746 170 0.000569
94 0.955750 121 0.000405
95 0.965754 87 0.000291
96 0.975758 59 0.000197
97 0.985762 14 0.000047
98 0.995766 54 0.000181
99 1.005770 1 0.000003
