0 0.008426 54 0.000181
1 0.018442 91 0.000305
2 0.028458 92 0.000308
3 0.038473 87 0.000291
4 0.048489 60 0.000201
5 0.058505 56 0.000187
6 0.068521 49 0.000164
7 0.078537 68 0.000228
8 0.088553 73 0.000244
9 0.098569 72 0.000241
10 0.108585 53 0.000177
11 0.118601 45 0.000151
12 0.128617 65 0.000218
13 0.138633 42 0.000141
14 0.148648 47 0.000157
15 0.158664 57 0.000191
16 0.168680 53 0.000177
17 0.178696 43 0.000144
18 0.188712 36 0.000120
19 0.198728 43 0.000144
20 0.208744 48 0.000161
21 0.218760 37 0.000124
22 0.228776 54 0.000181
23 0.238792 130 0.000435
24 0.248807 435 0.001456
25 0.258823 433 0.001449
26 0.268839 400 0.001339
27 0.278855 586 0.001961
28 0.288871 496 0.001660
29 0.298887 436 0.001459
30 0.308903 1640 0.005489
31 0.318919 1168 0.003910
32 0.328935 2863 0.009583
33 0.338951 1459 0.004884
34 0.348966 791 0.002648
35 0.358982 218 0.000730
36 0.368998 300 0.001004
37 0.379014 239 0.000800
38 0.389030 251 0.000840
39 0.399046 318 0.001064
40 0.409062 441 0.001476
41 0.419078 471 0.001577
42 0.429094 449 0.001503
43 0.439110 545 0.001824
44 0.449125 772 0.002584
45 0.459141 821 0.002748
46 0.469157 1162 0.003889
47 0.479173 1212 0.004057
48 0.489189 1836 0.006145
49 0.499205 1796 0.006012
50 0.509221 1953 0.006537
51 0.519237 2569 0.008599
52 0.529253 3078 0.010303
53 0.539269 3799 0.012716
54 0.549284 5755 0.019263
55 0.559300 7237 0.024224
56 0.569316 11987 0.040123
57 0.579332 29632 0.099185
58 0.589348 39844 0.133366
59 0.599364 26153 0.087540
60 0.609380 14470 0.048434
61 0.619396 12654 0.042356
62 0.629412 7633 0.025549
63 0.639428 5386 0.018028
64 0.649443 4453 0.014905
65 0.659459 3875 0.012970
66 0.669475 3297 0.011036
67 0.679491 2893 0.009683
68 0.689507 2615 0.008753
69 0.699523 2564 0.008582
70 0.709539 2317 0.007755
71 0.719555 2287 0.007655
72 0.729571 2290 0.007665
73 0.739587 2628 0.008796
74 0.749602 2332 0.007806
75 0.759618 2440 0.008167
76 0.769634 2751 0.009208
77 0.779650 2393 0.008010
78 0.789666 2695 0.009021
79 0.799682 2240 0.007498
80 0.809698 2672 0.008944
81 0.819714 3440 0.011514
82 0.829730 3380 0.011314
83 0.839746 3392 0.011354
84 0.849761 4593 0.015374
85 0.859777 6294 0.021067
86 0.869793 5719 0.019143
87 0.879809 5788 0.019374
88 0.889825 3899 0.013051
89 0.899841 3641 0.012187
90 0.909857 4143 0.013868
91 0.919873 4737 0.015856
92 0.929889 3250 0.010878
93 0.939905 2073 0.006939
94 0.949920 879 0.002942
95 0.959936 639 0.002139
96 0.969952 590 0.001975
97 0.979968 299 0.001001
98 0.989984 114 0.000382
99 1.000000 1 0.000003
