0 0.039776 188 0.000629
1 0.049635 76 0.000254
2 0.059494 63 0.000211
3 0.069353 82 0.000274
4 0.079212 130 0.000435
5 0.089071 85 0.000285
6 0.098930 58 0.000194
7 0.108789 39 0.000131
8 0.118648 45 0.000151
9 0.128507 69 0.000231
10 0.138366 47 0.000157
11 0.148225 55 0.000184
12 0.158084 37 0.000124
13 0.167943 39 0.000131
14 0.177803 58 0.000194
15 0.187662 43 0.000144
16 0.197521 41 0.000137
17 0.207380 38 0.000127
18 0.217239 33 0.000110
19 0.227098 63 0.000211
20 0.236957 42 0.000141
21 0.246816 248 0.000830
22 0.256675 555 0.001858
23 0.266534 517 0.001731
24 0.276393 415 0.001389
25 0.286252 452 0.001513
26 0.296111 483 0.001617
27 0.305970 892 0.002986
28 0.315829 1348 0.004512
29 0.325689 2496 0.008355
30 0.335548 2405 0.008050
31 0.345407 726 0.002430
32 0.355266 347 0.001161
33 0.365125 307 0.001028
34 0.374984 253 0.000847
35 0.384843 219 0.000733
36 0.394702 246 0.000823
37 0.404561 324 0.001084
38 0.414420 398 0.001332
39 0.424279 528 0.001767
40 0.434138 481 0.001610
41 0.443997 523 0.001751
42 0.453856 679 0.002273
43 0.463716 804 0.002691
44 0.473575 806 0.002698
45 0.483434 1446 0.004840
46 0.493293 1613 0.005399
47 0.503152 1959 0.006557
48 0.513011 1943 0.006504
49 0.522870 1961 0.006564
50 0.532729 3063 0.010253
51 0.542588 3871 0.012957
52 0.552447 4737 0.015856
53 0.562306 6689 0.022390
54 0.572165 8930 0.029891
55 0.582024 23148 0.077481
56 0.591883 38370 0.128433
57 0.601743 33396 0.111784
58 0.611602 17493 0.058553
59 0.621461 11801 0.039500
60 0.631320 9146 0.030614
61 0.641179 5628 0.018838
62 0.651038 4541 0.015200
63 0.660897 4185 0.014008
64 0.670756 3395 0.011364
65 0.680615 2968 0.009935
66 0.690474 2725 0.009121
67 0.700333 2327 0.007789
68 0.710192 2335 0.007816
69 0.720051 2167 0.007253
70 0.729910 2189 0.007327
71 0.739769 2425 0.008117
72 0.749629 2366 0.007920
73 0.759488 2504 0.008381
74 0.769347 2166 0.007250
75 0.779206 2389 0.007996
76 0.789065 2725 0.009121
77 0.798924 2559 0.008566
78 0.808783 2107 0.007053
79 0.818642 2384 0.007980
80 0.828501 3120 0.010443
81 0.838360 3485 0.011665
82 0.848219 3201 0.010714
83 0.858078 4571 0.015300
84 0.867937 5178 0.017332
85 0.877796 6350 0.021255
86 0.887655 5688 0.019039
87 0.897515 3862 0.012927
88 0.907374 3028 0.010135
89 0.917233 3929 0.013151
90 0.927092 4821 0.016137
91 0.936951 3891 0.013024
92 0.946810 3216 0.010765
93 0.956669 1184 0.003963
94 0.966528 479 0.001603
95 0.976387 499 0.001670
96 0.986246 503 0.001684
97 0.996105 271 0.000907
98 1.005964 46 0.000154
99 1.015823 0 0.000000
