0 0.000000 11 0.000012
1 0.010101 101 0.000113
2 0.020202 167 0.000186
3 0.030303 158 0.000176
4 0.040404 178 0.000199
5 0.050505 228 0.000254
6 0.060606 198 0.000221
7 0.070707 169 0.000189
8 0.080808 247 0.000276
9 0.090909 224 0.000250
10 0.101010 236 0.000263
11 0.111111 206 0.000230
12 0.121212 224 0.000250
13 0.131313 237 0.000264
14 0.141414 182 0.000203
15 0.151515 279 0.000311
16 0.161616 294 0.000328
17 0.171717 281 0.000314
18 0.181818 357 0.000398
19 0.191919 358 0.000399
20 0.202020 530 0.000591
21 0.212121 660 0.000736
22 0.222222 620 0.000692
23 0.232323 473 0.000528
24 0.242424 700 0.000781
25 0.252525 974 0.001087
26 0.262626 1037 0.001157
27 0.272727 1334 0.001488
28 0.282828 1442 0.001609
29 0.292929 1631 0.001820
30 0.303030 2012 0.002245
31 0.313131 3661 0.004085
32 0.323232 4637 0.005174
33 0.333333 4646 0.005184
34 0.343434 3616 0.004035
35 0.353535 4218 0.004706
36 0.363636 5399 0.006024
37 0.373737 7031 0.007845
38 0.383838 5941 0.006629
39 0.393939 6125 0.006834
40 0.404040 8805 0.009824
41 0.414141 10829 0.012082
42 0.424242 21958 0.024499
43 0.434343 13930 0.015542
44 0.444444 14236 0.015884
45 0.454545 19298 0.021532
46 0.464646 27192 0.030339
47 0.474747 30115 0.033600
48 0.484848 49405 0.055123
49 0.494949 119377 0.133193
50 0.505050 49363 0.055076
51 0.515152 32707 0.036492
52 0.525253 34446 0.038433
53 0.535354 21621 0.024123
54 0.545455 19493 0.021749
55 0.555556 20820 0.023230
56 0.565657 26754 0.029850
57 0.575758 33955 0.037885
58 0.585859 45892 0.051203
59 0.595960 39994 0.044623
60 0.606061 23095 0.025768
61 0.616162 18895 0.021082
62 0.626263 17680 0.019726
63 0.636364 8984 0.010024
64 0.646465 7418 0.008277
65 0.656566 7223 0.008059
66 0.666667 6407 0.007149
67 0.676768 5306 0.005920
68 0.686869 3882 0.004331
69 0.696970 3646 0.004068
70 0.707071 3241 0.003616
71 0.717172 2883 0.003217
72 0.727273 2678 0.002988
73 0.737374 3165 0.003531
74 0.747475 2855 0.003185
75 0.757576 2791 0.003114
76 0.767677 3321 0.003705
77 0.777778 2900 0.003236
78 0.787879 3135 0.003498
79 0.797980 2600 0.002901
80 0.808081 2827 0.003154
81 0.818182 3536 0.003945
82 0.828283 3940 0.004396
83 0.838384 3627 0.004047
84 0.848485 4672 0.005213
85 0.858586 6188 0.006904
86 0.868687 6213 0.006932
87 0.878788 6151 0.006863
88 0.888889 3974 0.004434
89 0.898990 3832 0.004276
90 0.909091 4418 0.004929
91 0.919192 4892 0.005458
92 0.929293 3575 0.003989
93 0.939394 2305 0.002572
94 0.949495 947 0.001057
95 0.959596 705 0.000787
96 0.969697 725 0.000809
97 0.979798 296 0.000330
98 0.989899 125 0.000139
99 1.000000 3 0.000003
