0 0.445625 50 0.000167
1 0.447174 17 0.000057
2 0.448722 22 0.000074
3 0.450271 18 0.000060
4 0.451820 15 0.000050
5 0.453368 25 0.000084
6 0.454917 17 0.000057
7 0.456466 13 0.000044
8 0.458014 4 0.000013
9 0.459563 5 0.000017
10 0.461112 65 0.000218
11 0.462660 192 0.000643
12 0.464209 120 0.000402
13 0.465758 241 0.000807
14 0.467306 263 0.000880
15 0.468855 254 0.000850
16 0.470404 337 0.001128
17 0.471952 389 0.001302
18 0.473501 490 0.001640
19 0.475049 441 0.001476
20 0.476598 568 0.001901
21 0.478147 494 0.001654
22 0.479695 544 0.001821
23 0.481244 975 0.003264
24 0.482793 763 0.002554
25 0.484341 878 0.002939
26 0.485890 1075 0.003598
27 0.487439 1501 0.005024
28 0.488987 1372 0.004592
29 0.490536 2052 0.006868
30 0.492085 2019 0.006758
31 0.493633 1892 0.006333
32 0.495182 2895 0.009690
33 0.496731 3502 0.011722
34 0.498279 4220 0.014125
35 0.499828 5119 0.017134
36 0.501377 5545 0.018560
37 0.502925 6141 0.020555
38 0.504474 8431 0.028220
39 0.506023 10964 0.036699
40 0.507571 17486 0.058529
41 0.509120 26545 0.088852
42 0.510669 35848 0.119991
43 0.512217 33512 0.112172
44 0.513766 24148 0.080829
45 0.515315 18871 0.063165
46 0.516863 15291 0.051182
47 0.518412 10555 0.035330
48 0.519961 8826 0.029543
49 0.521509 6370 0.021322
50 0.523058 5275 0.017657
51 0.524607 4782 0.016006
52 0.526155 3439 0.011511
53 0.527704 2608 0.008730
54 0.529253 2113 0.007073
55 0.530801 1603 0.005366
56 0.532350 1436 0.004807
57 0.533899 1411 0.004723
58 0.535447 1160 0.003883
59 0.536996 984 0.003294
60 0.538545 1139 0.003812
61 0.540093 819 0.002741
62 0.541642 702 0.002350
63 0.543191 533 0.001784
64 0.544739 616 0.002062
65 0.546288 571 0.001911
66 0.547837 816 0.002731
67 0.549385 670 0.002243
68 0.550934 697 0.002333
69 0.552483 633 0.002119
70 0.554031 514 0.001720
71 0.555580 325 0.001088
72 0.557129 322 0.001078
73 0.558677 399 0.001336
74 0.560226 404 0.001352
75 0.561775 280 0.000937
76 0.563323 394 0.001319
77 0.564872 283 0.000947
78 0.566420 297 0.000994
79 0.567969 200 0.000669
80 0.569518 177 0.000592
81 0.571066 167 0.000559
82 0.572615 143 0.000479
83 0.574164 126 0.000422
84 0.575713 168 0.000562
85 0.577261 125 0.000418
86 0.578810 191 0.000639
87 0.580358 78 0.000261
88 0.581907 83 0.000278
89 0.583456 72 0.000241
90 0.585004 99 0.000331
91 0.586553 112 0.000375
92 0.588102 108 0.000361
93 0.589650 116 0.000388
94 0.591199 70 0.000234
95 0.592748 50 0.000167
96 0.594296 9 0.000030
97 0.595845 15 0.000050
98 0.597394 41 0.000137
99 0.598942 1 0.000003
