initializing
training size    : 321556
testing size     : 321556
epoch count      : 10
sub epoch size   : 5

epoch_learning_rate_decay   : 8
learning_rate_decay         : 0.250000

training



epoch [0 0] from [10 5]
training time per iterations 1.436162[ms]
testing on 321556 items
testing done
average error 0.009824
min error     0.000000
max error     0.337370
saving best net
best net saved to experiment_3/trained/, with error 0.009824



epoch [0 1] from [10 5]
training time per iterations 1.435882[ms]
testing on 321556 items
testing done
average error 0.008816
min error     0.000000
max error     0.259623
saving best net
best net saved to experiment_3/trained/, with error 0.008816



epoch [0 2] from [10 5]
training time per iterations 1.436846[ms]
testing on 321556 items
testing done
average error 0.007665
min error     0.000000
max error     0.259797
saving best net
best net saved to experiment_3/trained/, with error 0.007665



epoch [0 3] from [10 5]
training time per iterations 1.433503[ms]
testing on 321556 items
testing done
average error 0.007435
min error     0.000000
max error     0.267327
saving best net
best net saved to experiment_3/trained/, with error 0.007435



epoch [0 4] from [10 5]
training time per iterations 1.431481[ms]
testing on 321556 items
testing done
average error 0.006043
min error     0.000000
max error     0.262673
saving best net
best net saved to experiment_3/trained/, with error 0.006043



epoch [1 0] from [10 5]
training time per iterations 1.433954[ms]
testing on 321556 items
testing done
average error 0.005280
min error     0.000000
max error     0.272725
saving best net
best net saved to experiment_3/trained/, with error 0.005280



epoch [1 1] from [10 5]
training time per iterations 1.431202[ms]
testing on 321556 items
testing done
average error 0.005228
min error     0.000000
max error     0.269659
saving best net
best net saved to experiment_3/trained/, with error 0.005228



epoch [1 2] from [10 5]
training time per iterations 1.432788[ms]
testing on 321556 items
testing done
average error 0.004290
min error     0.000000
max error     0.260570
saving best net
best net saved to experiment_3/trained/, with error 0.004290



epoch [1 3] from [10 5]
training time per iterations 1.433845[ms]
testing on 321556 items
testing done
average error 0.003964
min error     0.000000
max error     0.260474
saving best net
best net saved to experiment_3/trained/, with error 0.003964



epoch [1 4] from [10 5]
training time per iterations 1.434576[ms]
testing on 321556 items
testing done
average error 0.003811
min error     0.000000
max error     0.259799
saving best net
best net saved to experiment_3/trained/, with error 0.003811



epoch [2 0] from [10 5]
training time per iterations 1.435789[ms]
testing on 321556 items
testing done
average error 0.003601
min error     0.000000
max error     0.261634
saving best net
best net saved to experiment_3/trained/, with error 0.003601



epoch [2 1] from [10 5]
training time per iterations 1.439629[ms]
testing on 321556 items
testing done
average error 0.003470
min error     0.000000
max error     0.260261
saving best net
best net saved to experiment_3/trained/, with error 0.003470



epoch [2 2] from [10 5]
training time per iterations 1.437515[ms]
testing on 321556 items
testing done
average error 0.003362
min error     0.000000
max error     0.258965
saving best net
best net saved to experiment_3/trained/, with error 0.003362



epoch [2 3] from [10 5]
training time per iterations 1.432150[ms]
testing on 321556 items
testing done
average error 0.003752
min error     0.000000
max error     0.258043



epoch [2 4] from [10 5]
training time per iterations 1.436131[ms]
testing on 321556 items
testing done
average error 0.003271
min error     0.000000
max error     0.254831
saving best net
best net saved to experiment_3/trained/, with error 0.003271



epoch [3 0] from [10 5]
training time per iterations 1.436955[ms]
testing on 321556 items
testing done
average error 0.003210
min error     0.000000
max error     0.263035
saving best net
best net saved to experiment_3/trained/, with error 0.003210



epoch [3 1] from [10 5]
training time per iterations 1.425775[ms]
testing on 321556 items
testing done
average error 0.003118
min error     0.000000
max error     0.256315
saving best net
best net saved to experiment_3/trained/, with error 0.003118



epoch [3 2] from [10 5]
training time per iterations 1.431155[ms]
testing on 321556 items
testing done
average error 0.003590
min error     0.000000
max error     0.272200



epoch [3 3] from [10 5]
training time per iterations 1.434187[ms]
testing on 321556 items
testing done
average error 0.003329
min error     0.000000
max error     0.262907



epoch [3 4] from [10 5]
training time per iterations 1.433487[ms]
testing on 321556 items
testing done
average error 0.002807
min error     0.000000
max error     0.261818
saving best net
best net saved to experiment_3/trained/, with error 0.002807



epoch [4 0] from [10 5]
training time per iterations 1.438292[ms]
testing on 321556 items
testing done
average error 0.002758
min error     0.000000
max error     0.261491
saving best net
best net saved to experiment_3/trained/, with error 0.002758



epoch [4 1] from [10 5]
training time per iterations 1.437110[ms]
testing on 321556 items
testing done
average error 0.002850
min error     0.000000
max error     0.262281



epoch [4 2] from [10 5]
training time per iterations 1.433876[ms]
testing on 321556 items
testing done
average error 0.002574
min error     0.000000
max error     0.261602
saving best net
best net saved to experiment_3/trained/, with error 0.002574



epoch [4 3] from [10 5]
training time per iterations 1.436426[ms]
testing on 321556 items
testing done
average error 0.002665
min error     0.000000
max error     0.261653



epoch [4 4] from [10 5]
training time per iterations 1.439147[ms]
testing on 321556 items
testing done
average error 0.002767
min error     0.000000
max error     0.260609



epoch [5 0] from [10 5]
training time per iterations 1.437390[ms]
testing on 321556 items
testing done
average error 0.002629
min error     0.000000
max error     0.251311



epoch [5 1] from [10 5]
training time per iterations 1.436333[ms]
testing on 321556 items
testing done
average error 0.002653
min error     0.000000
max error     0.269210



epoch [5 2] from [10 5]
training time per iterations 1.436862[ms]
testing on 321556 items
testing done
average error 0.002404
min error     0.000000
max error     0.255320
saving best net
best net saved to experiment_3/trained/, with error 0.002404



epoch [5 3] from [10 5]
training time per iterations 1.438059[ms]
testing on 321556 items
testing done
average error 0.002404
min error     0.000000
max error     0.259542
saving best net
best net saved to experiment_3/trained/, with error 0.002404



epoch [5 4] from [10 5]
training time per iterations 1.431341[ms]
testing on 321556 items
testing done
average error 0.002514
min error     0.000000
max error     0.264835



epoch [6 0] from [10 5]
training time per iterations 1.434327[ms]
testing on 321556 items
testing done
average error 0.002443
min error     0.000000
max error     0.257229



epoch [6 1] from [10 5]
training time per iterations 1.437546[ms]
testing on 321556 items
testing done
average error 0.002483
min error     0.000000
max error     0.255378



epoch [6 2] from [10 5]
training time per iterations 1.436488[ms]
testing on 321556 items
testing done
average error 0.002266
min error     0.000000
max error     0.257446
saving best net
best net saved to experiment_3/trained/, with error 0.002266



epoch [6 3] from [10 5]
training time per iterations 1.438370[ms]
testing on 321556 items
testing done
average error 0.002297
min error     0.000000
max error     0.253340



epoch [6 4] from [10 5]
training time per iterations 1.432601[ms]
testing on 321556 items
testing done
average error 0.002375
min error     0.000000
max error     0.254143



epoch [7 0] from [10 5]
training time per iterations 1.436442[ms]
testing on 321556 items
testing done
average error 0.002414
min error     0.000000
max error     0.270073



epoch [7 1] from [10 5]
training time per iterations 1.429771[ms]
testing on 321556 items
testing done
average error 0.002892
min error     0.000000
max error     0.249786



epoch [7 2] from [10 5]
training time per iterations 1.424624[ms]
testing on 321556 items
testing done
average error 0.002238
min error     0.000000
max error     0.254776
saving best net
best net saved to experiment_3/trained/, with error 0.002238



epoch [7 3] from [10 5]
training time per iterations 1.438945[ms]
testing on 321556 items
testing done
average error 0.002139
min error     0.000000
max error     0.250138
saving best net
best net saved to experiment_3/trained/, with error 0.002139



epoch [7 4] from [10 5]
training time per iterations 1.438821[ms]
testing on 321556 items
testing done
average error 0.002237
min error     0.000000
max error     0.259210
setting learning rate to 0.000050



epoch [8 0] from [10 5]
training time per iterations 1.438961[ms]
testing on 321556 items
testing done
average error 0.002060
min error     0.000000
max error     0.253255
saving best net
best net saved to experiment_3/trained/, with error 0.002060



epoch [8 1] from [10 5]
training time per iterations 1.431373[ms]
testing on 321556 items
testing done
average error 0.002052
min error     0.000000
max error     0.254859
saving best net
best net saved to experiment_3/trained/, with error 0.002052



epoch [8 2] from [10 5]
training time per iterations 1.435586[ms]
testing on 321556 items
testing done
average error 0.002167
min error     0.000000
max error     0.255460



epoch [8 3] from [10 5]
training time per iterations 1.432881[ms]
testing on 321556 items
testing done
average error 0.002153
min error     0.000000
max error     0.259761



epoch [8 4] from [10 5]
training time per iterations 1.431170[ms]
testing on 321556 items
testing done
average error 0.002040
min error     0.000000
max error     0.256408
saving best net
best net saved to experiment_3/trained/, with error 0.002040



epoch [9 0] from [10 5]
training time per iterations 1.430704[ms]
testing on 321556 items
testing done
average error 0.002060
min error     0.000000
max error     0.255616



epoch [9 1] from [10 5]
training time per iterations 1.434731[ms]
testing on 321556 items
testing done
average error 0.002146
min error     0.000000
max error     0.259928



epoch [9 2] from [10 5]
training time per iterations 1.434747[ms]
testing on 321556 items
testing done
average error 0.002056
min error     0.000000
max error     0.261171



epoch [9 3] from [10 5]
training time per iterations 1.431481[ms]
testing on 321556 items
testing done
average error 0.002051
min error     0.000000
max error     0.259638



epoch [9 4] from [10 5]
training time per iterations 1.438463[ms]
testing on 321556 items
testing done
average error 0.002092
min error     0.000000
max error     0.256150
training done
