0.000000 0 0 0.009824 0.000000 0.337370 0.009820 0.000000 0.337369
0.200000 0 1 0.008816 0.000000 0.259623 0.008819 0.000000 0.259623
0.400000 0 2 0.007665 0.000000 0.259797 0.007651 0.000000 0.259796
0.600000 0 3 0.007435 0.000000 0.267327 0.007388 0.000000 0.267327
0.800000 0 4 0.006043 0.000000 0.262673 0.006028 0.000000 0.260577
1.000000 1 0 0.005280 0.000000 0.272725 0.005300 0.000000 0.270787
1.200000 1 1 0.005228 0.000000 0.269659 0.005217 0.000000 0.268175
1.400000 1 2 0.004290 0.000000 0.260570 0.004290 0.000000 0.260570
1.600000 1 3 0.003964 0.000000 0.260474 0.003977 0.000000 0.259654
1.800000 1 4 0.003811 0.000000 0.259799 0.003796 0.000000 0.259799
2.000000 2 0 0.003601 0.000000 0.261634 0.003617 0.000000 0.261634
2.200000 2 1 0.003470 0.000000 0.260261 0.003468 0.000000 0.259982
2.400000 2 2 0.003362 0.000000 0.258965 0.003356 0.000000 0.258781
2.600000 2 3 0.003752 0.000000 0.258043 0.003753 0.000000 0.257999
2.800000 2 4 0.003271 0.000000 0.254831 0.003279 0.000000 0.254630
3.000000 3 0 0.003210 0.000000 0.263035 0.003210 0.000000 0.262577
3.200000 3 1 0.003118 0.000000 0.256315 0.003110 0.000000 0.256178
3.400000 3 2 0.003590 0.000000 0.272200 0.003606 0.000000 0.271404
3.600000 3 3 0.003329 0.000000 0.262907 0.003329 0.000000 0.262907
3.800000 3 4 0.002807 0.000000 0.261818 0.002804 0.000000 0.261818
4.000000 4 0 0.002758 0.000000 0.261491 0.002761 0.000000 0.261491
4.200000 4 1 0.002850 0.000000 0.262281 0.002844 0.000000 0.262281
4.400000 4 2 0.002574 0.000000 0.261602 0.002585 0.000000 0.261602
4.600000 4 3 0.002665 0.000000 0.261653 0.002667 0.000000 0.260516
4.800000 4 4 0.002767 0.000000 0.260609 0.002762 0.000000 0.260609
5.000000 5 0 0.002629 0.000000 0.251311 0.002630 0.000000 0.250238
5.200000 5 1 0.002653 0.000000 0.269210 0.002652 0.000000 0.263517
5.400000 5 2 0.002404 0.000000 0.255320 0.002406 0.000000 0.252895
5.600000 5 3 0.002404 0.000000 0.259542 0.002404 0.000000 0.259542
5.800000 5 4 0.002514 0.000000 0.264835 0.002508 0.000000 0.264835
6.000000 6 0 0.002443 0.000000 0.257229 0.002434 0.000000 0.255307
6.200000 6 1 0.002483 0.000000 0.255378 0.002493 0.000000 0.255378
6.400000 6 2 0.002266 0.000000 0.257446 0.002267 0.000000 0.255517
6.600000 6 3 0.002297 0.000000 0.253340 0.002287 0.000000 0.251643
6.800000 6 4 0.002375 0.000000 0.254143 0.002366 0.000000 0.254143
7.000000 7 0 0.002414 0.000000 0.270073 0.002415 0.000000 0.270073
7.200000 7 1 0.002892 0.000000 0.249786 0.002891 0.000000 0.247654
7.400000 7 2 0.002238 0.000000 0.254776 0.002246 0.000000 0.254776
7.600000 7 3 0.002139 0.000000 0.250138 0.002144 0.000000 0.247508
7.800000 7 4 0.002237 0.000000 0.259210 0.002226 0.000000 0.259210
8.000000 8 0 0.002060 0.000000 0.253255 0.002058 0.000000 0.245492
8.200000 8 1 0.002052 0.000000 0.254859 0.002054 0.000000 0.254859
8.400000 8 2 0.002167 0.000000 0.255460 0.002166 0.000000 0.253518
8.600000 8 3 0.002153 0.000000 0.259761 0.002151 0.000000 0.259761
8.800000 8 4 0.002040 0.000000 0.256408 0.002038 0.000000 0.256408
9.000000 9 0 0.002060 0.000000 0.255616 0.002061 0.000000 0.255616
9.200000 9 1 0.002146 0.000000 0.259928 0.002155 0.000000 0.259928
9.400000 9 2 0.002056 0.000000 0.261171 0.002061 0.000000 0.245738
9.600000 9 3 0.002051 0.000000 0.259638 0.002051 0.000000 0.259638
9.800000 9 4 0.002092 0.000000 0.256150 0.002094 0.000000 0.256150
