0 -0.464679 4 0.000013
1 -0.454819 3 0.000010
2 -0.444959 2 0.000007
3 -0.435099 0 0.000000
4 -0.425239 2 0.000007
5 -0.415379 0 0.000000
6 -0.405519 8 0.000027
7 -0.395659 2 0.000007
8 -0.385799 6 0.000020
9 -0.375939 6 0.000020
10 -0.366079 14 0.000047
11 -0.356218 7 0.000023
12 -0.346358 11 0.000037
13 -0.336498 7 0.000023
14 -0.326638 6 0.000020
15 -0.316778 9 0.000030
16 -0.306918 28 0.000094
17 -0.297058 10 0.000033
18 -0.287198 13 0.000044
19 -0.277338 45 0.000151
20 -0.267478 91 0.000305
21 -0.257618 64 0.000214
22 -0.247758 27 0.000090
23 -0.237898 26 0.000087
24 -0.228038 71 0.000238
25 -0.218178 87 0.000291
26 -0.208318 156 0.000522
27 -0.198458 319 0.001068
28 -0.188598 715 0.002393
29 -0.178738 1179 0.003946
30 -0.168878 1401 0.004689
31 -0.159018 1954 0.006540
32 -0.149158 3489 0.011678
33 -0.139298 3976 0.013309
34 -0.129438 3453 0.011558
35 -0.119578 2817 0.009429
36 -0.109718 3299 0.011042
37 -0.099858 4377 0.014651
38 -0.089998 8724 0.029201
39 -0.080138 12542 0.041981
40 -0.070278 8627 0.028876
41 -0.060418 7310 0.024468
42 -0.050558 9777 0.032726
43 -0.040698 12131 0.040605
44 -0.030838 11805 0.039514
45 -0.020978 21216 0.071014
46 -0.011118 64115 0.214607
47 -0.001258 15482 0.051822
48 0.008603 12498 0.041833
49 0.018463 15782 0.052826
50 0.028323 10770 0.036049
51 0.038183 7053 0.023608
52 0.048043 8116 0.027166
53 0.057903 9241 0.030932
54 0.067763 7010 0.023464
55 0.077623 3982 0.013329
56 0.087483 3282 0.010986
57 0.097343 2582 0.008643
58 0.107203 3942 0.013195
59 0.117063 5023 0.016813
60 0.126923 3184 0.010658
61 0.136783 1413 0.004730
62 0.146643 1712 0.005730
63 0.156503 1770 0.005925
64 0.166363 818 0.002738
65 0.176223 305 0.001021
66 0.186083 127 0.000425
67 0.195943 79 0.000264
68 0.205803 86 0.000288
69 0.215663 143 0.000479
70 0.225523 111 0.000372
71 0.235383 23 0.000077
72 0.245243 47 0.000157
73 0.255103 32 0.000107
74 0.264963 34 0.000114
75 0.274823 32 0.000107
76 0.284683 4 0.000013
77 0.294543 12 0.000040
78 0.304403 17 0.000057
79 0.314263 33 0.000110
80 0.324123 31 0.000104
81 0.333983 1 0.000003
82 0.343843 11 0.000037
83 0.353703 3 0.000010
84 0.363564 7 0.000023
85 0.373424 4 0.000013
86 0.383284 2 0.000007
87 0.393144 6 0.000020
88 0.403004 6 0.000020
89 0.412864 4 0.000013
90 0.422724 4 0.000013
91 0.432584 0 0.000000
92 0.442444 0 0.000000
93 0.452304 0 0.000000
94 0.462164 0 0.000000
95 0.472024 0 0.000000
96 0.481884 0 0.000000
97 0.491744 0 0.000000
98 0.501604 0 0.000000
99 0.511464 1 0.000003
