0 -0.105380 1 0.000003
1 -0.103740 0 0.000000
2 -0.102101 0 0.000000
3 -0.100461 1 0.000003
4 -0.098821 0 0.000000
5 -0.097182 0 0.000000
6 -0.095542 0 0.000000
7 -0.093902 1 0.000003
8 -0.092263 0 0.000000
9 -0.090623 1 0.000003
10 -0.088983 1 0.000003
11 -0.087344 0 0.000000
12 -0.085704 1 0.000003
13 -0.084064 1 0.000003
14 -0.082425 0 0.000000
15 -0.080785 1 0.000003
16 -0.079146 1 0.000003
17 -0.077506 0 0.000000
18 -0.075866 2 0.000007
19 -0.074227 0 0.000000
20 -0.072587 0 0.000000
21 -0.070947 3 0.000010
22 -0.069308 4 0.000013
23 -0.067668 1 0.000003
24 -0.066028 2 0.000007
25 -0.064389 1 0.000003
26 -0.062749 0 0.000000
27 -0.061109 0 0.000000
28 -0.059470 0 0.000000
29 -0.057830 1 0.000003
30 -0.056190 0 0.000000
31 -0.054551 1 0.000003
32 -0.052911 1 0.000003
33 -0.051272 3 0.000010
34 -0.049632 1 0.000003
35 -0.047992 32 0.000107
36 -0.046353 20 0.000067
37 -0.044713 28 0.000094
38 -0.043073 31 0.000104
39 -0.041434 21 0.000070
40 -0.039794 69 0.000231
41 -0.038154 111 0.000372
42 -0.036515 206 0.000690
43 -0.034875 257 0.000860
44 -0.033235 276 0.000924
45 -0.031596 241 0.000807
46 -0.029956 358 0.001198
47 -0.028316 439 0.001469
48 -0.026677 582 0.001948
49 -0.025037 802 0.002684
50 -0.023398 1026 0.003434
51 -0.021758 1406 0.004706
52 -0.020118 1851 0.006196
53 -0.018479 3036 0.010162
54 -0.016839 3781 0.012656
55 -0.015199 5079 0.017000
56 -0.013560 7671 0.025676
57 -0.011920 13200 0.044183
58 -0.010280 25490 0.085320
59 -0.008641 44398 0.148610
60 -0.007001 56964 0.190671
61 -0.005361 51987 0.174012
62 -0.003722 31514 0.105484
63 -0.002082 17259 0.057770
64 -0.000442 11191 0.037459
65 0.001197 6771 0.022664
66 0.002837 2915 0.009757
67 0.004476 2489 0.008331
68 0.006116 1874 0.006273
69 0.007756 1066 0.003568
70 0.009395 791 0.002648
71 0.011035 580 0.001941
72 0.012675 490 0.001640
73 0.014314 411 0.001376
74 0.015954 382 0.001279
75 0.017594 315 0.001054
76 0.019233 214 0.000716
77 0.020873 126 0.000422
78 0.022513 82 0.000274
79 0.024152 103 0.000345
80 0.025792 97 0.000325
81 0.027432 101 0.000338
82 0.029071 104 0.000348
83 0.030711 76 0.000254
84 0.032350 44 0.000147
85 0.033990 36 0.000120
86 0.035630 25 0.000084
87 0.037269 23 0.000077
88 0.038909 37 0.000124
89 0.040549 29 0.000097
90 0.042188 27 0.000090
91 0.043828 36 0.000120
92 0.045468 42 0.000141
93 0.047107 54 0.000181
94 0.048747 10 0.000033
95 0.050387 13 0.000044
96 0.052026 8 0.000027
97 0.053666 10 0.000033
98 0.055306 19 0.000064
99 0.056945 1 0.000003
