0 0.000000 781107 0.871511
1 0.002642 37316 0.041635
2 0.005285 25144 0.028054
3 0.007927 10260 0.011447
4 0.010570 8088 0.009024
5 0.013212 8586 0.009580
6 0.015854 7530 0.008402
7 0.018497 5247 0.005854
8 0.021139 3649 0.004071
9 0.023781 2956 0.003298
10 0.026424 2137 0.002384
11 0.029066 1379 0.001539
12 0.031709 735 0.000820
13 0.034351 530 0.000591
14 0.036993 218 0.000243
15 0.039636 150 0.000167
16 0.042278 138 0.000154
17 0.044920 95 0.000106
18 0.047563 123 0.000137
19 0.050205 137 0.000153
20 0.052848 63 0.000070
21 0.055490 20 0.000022
22 0.058132 36 0.000040
23 0.060775 35 0.000039
24 0.063417 79 0.000088
25 0.066059 61 0.000068
26 0.068702 55 0.000061
27 0.071344 59 0.000066
28 0.073987 26 0.000029
29 0.076629 29 0.000032
30 0.079271 9 0.000010
31 0.081914 5 0.000006
32 0.084556 8 0.000009
33 0.087198 11 0.000012
34 0.089841 25 0.000028
35 0.092483 15 0.000017
36 0.095126 10 0.000011
37 0.097768 20 0.000022
38 0.100410 14 0.000016
39 0.103053 14 0.000016
40 0.105695 21 0.000023
41 0.108337 10 0.000011
42 0.110980 4 0.000004
43 0.113622 2 0.000002
44 0.116265 5 0.000006
45 0.118907 9 0.000010
46 0.121549 14 0.000016
47 0.124192 0 0.000000
48 0.126834 10 0.000011
49 0.129477 7 0.000008
50 0.132119 3 0.000003
51 0.134761 4 0.000004
52 0.137404 6 0.000007
53 0.140046 0 0.000000
54 0.142688 4 0.000004
55 0.145331 6 0.000007
56 0.147973 2 0.000002
57 0.150616 2 0.000002
58 0.153258 0 0.000000
59 0.155900 3 0.000003
60 0.158543 3 0.000003
61 0.161185 9 0.000010
62 0.163827 3 0.000003
63 0.166470 2 0.000002
64 0.169112 2 0.000002
65 0.171755 0 0.000000
66 0.174397 0 0.000000
67 0.177039 5 0.000006
68 0.179682 2 0.000002
69 0.182324 1 0.000001
70 0.184966 0 0.000000
71 0.187609 0 0.000000
72 0.190251 0 0.000000
73 0.192894 2 0.000002
74 0.195536 0 0.000000
75 0.198178 0 0.000000
76 0.200821 0 0.000000
77 0.203463 2 0.000002
78 0.206105 1 0.000001
79 0.208748 3 0.000003
80 0.211390 0 0.000000
81 0.214033 1 0.000001
82 0.216675 0 0.000000
83 0.219317 0 0.000000
84 0.221960 0 0.000000
85 0.224602 0 0.000000
86 0.227244 0 0.000000
87 0.229887 0 0.000000
88 0.232529 0 0.000000
89 0.235172 0 0.000000
90 0.237814 0 0.000000
91 0.240456 0 0.000000
92 0.243099 0 0.000000
93 0.245741 0 0.000000
94 0.248383 0 0.000000
95 0.251026 0 0.000000
96 0.253668 0 0.000000
97 0.256311 0 0.000000
98 0.258953 0 0.000000
99 0.261595 1 0.000001
