0 -0.464679 4 0.000004
1 -0.454819 3 0.000003
2 -0.444959 2 0.000002
3 -0.435099 0 0.000000
4 -0.425239 2 0.000002
5 -0.415379 0 0.000000
6 -0.405519 8 0.000009
7 -0.395659 2 0.000002
8 -0.385799 6 0.000007
9 -0.375939 6 0.000007
10 -0.366079 14 0.000016
11 -0.356218 7 0.000008
12 -0.346358 11 0.000012
13 -0.336498 7 0.000008
14 -0.326638 6 0.000007
15 -0.316778 9 0.000010
16 -0.306918 28 0.000031
17 -0.297058 10 0.000011
18 -0.287198 13 0.000015
19 -0.277338 45 0.000050
20 -0.267478 91 0.000102
21 -0.257618 64 0.000071
22 -0.247758 27 0.000030
23 -0.237898 26 0.000029
24 -0.228038 71 0.000079
25 -0.218178 87 0.000097
26 -0.208318 156 0.000174
27 -0.198458 319 0.000356
28 -0.188598 715 0.000798
29 -0.178738 1179 0.001315
30 -0.168878 1401 0.001563
31 -0.159018 1954 0.002180
32 -0.149158 3489 0.003893
33 -0.139298 3976 0.004436
34 -0.129438 3453 0.003853
35 -0.119578 2817 0.003143
36 -0.109718 3300 0.003682
37 -0.099858 4380 0.004887
38 -0.089998 8727 0.009737
39 -0.080138 12549 0.014001
40 -0.070278 8635 0.009634
41 -0.060418 7376 0.008230
42 -0.050558 10147 0.011321
43 -0.040698 14521 0.016202
44 -0.030838 27629 0.030827
45 -0.020978 173311 0.193370
46 -0.011118 441587 0.492695
47 -0.001258 58588 0.065369
48 0.008603 16995 0.018962
49 0.018463 16809 0.018754
50 0.028323 11109 0.012395
51 0.038183 7287 0.008130
52 0.048043 8186 0.009133
53 0.057903 9241 0.010311
54 0.067763 7010 0.007821
55 0.077623 3982 0.004443
56 0.087483 3282 0.003662
57 0.097343 2582 0.002881
58 0.107203 3942 0.004398
59 0.117063 5023 0.005604
60 0.126923 3184 0.003553
61 0.136783 1413 0.001577
62 0.146643 1712 0.001910
63 0.156503 1770 0.001975
64 0.166363 818 0.000913
65 0.176223 305 0.000340
66 0.186083 127 0.000142
67 0.195943 79 0.000088
68 0.205803 86 0.000096
69 0.215663 143 0.000160
70 0.225523 111 0.000124
71 0.235383 23 0.000026
72 0.245243 47 0.000052
73 0.255103 32 0.000036
74 0.264963 34 0.000038
75 0.274823 32 0.000036
76 0.284683 4 0.000004
77 0.294543 12 0.000013
78 0.304403 17 0.000019
79 0.314263 33 0.000037
80 0.324123 31 0.000035
81 0.333983 1 0.000001
82 0.343843 11 0.000012
83 0.353703 3 0.000003
84 0.363564 7 0.000008
85 0.373424 4 0.000004
86 0.383284 2 0.000002
87 0.393144 6 0.000007
88 0.403004 6 0.000007
89 0.412864 4 0.000004
90 0.422724 4 0.000004
91 0.432584 0 0.000000
92 0.442444 0 0.000000
93 0.452304 0 0.000000
94 0.462164 0 0.000000
95 0.472024 0 0.000000
96 0.481884 0 0.000000
97 0.491744 0 0.000000
98 0.501604 0 0.000000
99 0.511464 1 0.000001
