0 -0.058135 13 0.000044
1 -0.057230 10 0.000033
2 -0.056324 13 0.000044
3 -0.055419 4 0.000013
4 -0.054513 3 0.000010
5 -0.053608 2 0.000007
6 -0.052702 7 0.000023
7 -0.051797 9 0.000030
8 -0.050891 8 0.000027
9 -0.049985 13 0.000044
10 -0.049080 18 0.000060
11 -0.048174 23 0.000077
12 -0.047269 16 0.000054
13 -0.046363 24 0.000080
14 -0.045458 27 0.000090
15 -0.044552 34 0.000114
16 -0.043647 32 0.000107
17 -0.042741 26 0.000087
18 -0.041836 24 0.000080
19 -0.040930 21 0.000070
20 -0.040025 39 0.000131
21 -0.039119 49 0.000164
22 -0.038214 77 0.000258
23 -0.037308 89 0.000298
24 -0.036403 167 0.000559
25 -0.035497 153 0.000512
26 -0.034591 152 0.000509
27 -0.033686 176 0.000589
28 -0.032780 149 0.000499
29 -0.031875 216 0.000723
30 -0.030969 340 0.001138
31 -0.030064 254 0.000850
32 -0.029158 350 0.001172
33 -0.028253 485 0.001623
34 -0.027347 519 0.001737
35 -0.026442 679 0.002273
36 -0.025536 1029 0.003444
37 -0.024631 1732 0.005797
38 -0.023725 1951 0.006530
39 -0.022820 2160 0.007230
40 -0.021914 2407 0.008057
41 -0.021009 3007 0.010065
42 -0.020103 4157 0.013914
43 -0.019197 5067 0.016960
44 -0.018292 6326 0.021174
45 -0.017386 7822 0.026182
46 -0.016481 10725 0.035899
47 -0.015575 12847 0.043002
48 -0.014670 15596 0.052203
49 -0.013764 17283 0.057850
50 -0.012859 20326 0.068035
51 -0.011953 23534 0.078773
52 -0.011048 25389 0.084982
53 -0.010142 24208 0.081029
54 -0.009237 22888 0.076611
55 -0.008331 21586 0.072253
56 -0.007426 17432 0.058349
57 -0.006520 12754 0.042690
58 -0.005615 8707 0.029144
59 -0.004709 5694 0.019059
60 -0.003804 3819 0.012783
61 -0.002898 3104 0.010390
62 -0.001992 2303 0.007709
63 -0.001087 1761 0.005894
64 -0.000181 1433 0.004797
65 0.000724 1191 0.003987
66 0.001630 983 0.003290
67 0.002535 928 0.003106
68 0.003441 824 0.002758
69 0.004346 586 0.001961
70 0.005252 553 0.001851
71 0.006157 473 0.001583
72 0.007063 352 0.001178
73 0.007968 240 0.000803
74 0.008874 183 0.000613
75 0.009779 186 0.000623
76 0.010685 198 0.000663
77 0.011590 147 0.000492
78 0.012496 71 0.000238
79 0.013402 71 0.000238
80 0.014307 67 0.000224
81 0.015213 78 0.000261
82 0.016118 49 0.000164
83 0.017024 69 0.000231
84 0.017929 49 0.000164
85 0.018835 20 0.000067
86 0.019740 18 0.000060
87 0.020646 10 0.000033
88 0.021551 21 0.000070
89 0.022457 16 0.000054
90 0.023362 15 0.000050
91 0.024268 51 0.000171
92 0.025173 15 0.000050
93 0.026079 6 0.000020
94 0.026984 7 0.000023
95 0.027890 7 0.000023
96 0.028796 0 0.000000
97 0.029701 1 0.000003
98 0.030607 2 0.000007
99 0.031512 1 0.000003
