0 0.433568 45 0.000151
1 0.435373 45 0.000151
2 0.437177 63 0.000211
3 0.438982 96 0.000321
4 0.440787 40 0.000134
5 0.442592 34 0.000114
6 0.444397 39 0.000131
7 0.446202 177 0.000592
8 0.448007 98 0.000328
9 0.449811 153 0.000512
10 0.451616 148 0.000495
11 0.453421 323 0.001081
12 0.455226 370 0.001238
13 0.457031 275 0.000920
14 0.458836 280 0.000937
15 0.460641 327 0.001095
16 0.462446 496 0.001660
17 0.464251 686 0.002296
18 0.466055 559 0.001871
19 0.467860 556 0.001861
20 0.469665 937 0.003136
21 0.471470 850 0.002845
22 0.473275 682 0.002283
23 0.475080 678 0.002269
24 0.476885 1201 0.004020
25 0.478690 1489 0.004984
26 0.480494 1559 0.005218
27 0.482299 1655 0.005540
28 0.484104 2425 0.008117
29 0.485909 2604 0.008716
30 0.487714 2353 0.007876
31 0.489519 2670 0.008937
32 0.491324 3533 0.011826
33 0.493129 3901 0.013057
34 0.494933 5364 0.017954
35 0.496738 5336 0.017861
36 0.498543 8377 0.028040
37 0.500348 11705 0.039179
38 0.502153 14338 0.047992
39 0.503958 19947 0.066767
40 0.505763 27925 0.093471
41 0.507568 35323 0.118234
42 0.509372 28424 0.095141
43 0.511177 23226 0.077742
44 0.512982 17598 0.058904
45 0.514787 14953 0.050051
46 0.516592 12239 0.040967
47 0.518397 7970 0.026677
48 0.520202 5226 0.017493
49 0.522007 4002 0.013396
50 0.523811 2912 0.009747
51 0.525616 2099 0.007026
52 0.527421 2348 0.007859
53 0.529226 1974 0.006607
54 0.531031 1384 0.004633
55 0.532836 1161 0.003886
56 0.534641 1305 0.004368
57 0.536446 971 0.003250
58 0.538250 731 0.002447
59 0.540055 763 0.002554
60 0.541860 743 0.002487
61 0.543665 764 0.002557
62 0.545470 699 0.002340
63 0.547275 763 0.002554
64 0.549080 624 0.002089
65 0.550885 562 0.001881
66 0.552689 572 0.001915
67 0.554494 536 0.001794
68 0.556299 480 0.001607
69 0.558104 364 0.001218
70 0.559909 332 0.001111
71 0.561714 191 0.000639
72 0.563519 191 0.000639
73 0.565324 195 0.000653
74 0.567128 191 0.000639
75 0.568933 244 0.000817
76 0.570738 204 0.000683
77 0.572543 230 0.000770
78 0.574348 239 0.000800
79 0.576153 255 0.000854
80 0.577958 244 0.000817
81 0.579763 84 0.000281
82 0.581567 73 0.000244
83 0.583372 78 0.000261
84 0.585177 87 0.000291
85 0.586982 74 0.000248
86 0.588787 65 0.000218
87 0.590592 78 0.000261
88 0.592397 59 0.000197
89 0.594202 68 0.000228
90 0.596006 79 0.000264
91 0.597811 84 0.000281
92 0.599616 64 0.000214
93 0.601421 69 0.000231
94 0.603226 88 0.000295
95 0.605031 69 0.000231
96 0.606836 12 0.000040
97 0.608641 23 0.000077
98 0.610445 30 0.000100
99 0.612250 1 0.000003
