0 0.010537 37 0.000124
1 0.020408 15 0.000050
2 0.030279 74 0.000248
3 0.040150 82 0.000274
4 0.050022 95 0.000318
5 0.059893 126 0.000422
6 0.069764 199 0.000666
7 0.079635 149 0.000499
8 0.089506 167 0.000559
9 0.099377 177 0.000592
10 0.109248 208 0.000696
11 0.119119 167 0.000559
12 0.128990 143 0.000479
13 0.138861 147 0.000492
14 0.148732 170 0.000569
15 0.158603 239 0.000800
16 0.168475 333 0.001115
17 0.178346 309 0.001034
18 0.188217 281 0.000941
19 0.198088 373 0.001249
20 0.207959 359 0.001202
21 0.217830 366 0.001225
22 0.227701 444 0.001486
23 0.237572 325 0.001088
24 0.247443 388 0.001299
25 0.257314 459 0.001536
26 0.267185 603 0.002018
27 0.277056 765 0.002561
28 0.286928 829 0.002775
29 0.296799 957 0.003203
30 0.306670 955 0.003197
31 0.316541 1056 0.003535
32 0.326412 1193 0.003993
33 0.336283 1494 0.005001
34 0.346154 1343 0.004495
35 0.356025 1436 0.004807
36 0.365896 1711 0.005727
37 0.375767 1853 0.006202
38 0.385638 2381 0.007970
39 0.395509 2624 0.008783
40 0.405380 3283 0.010989
41 0.415252 3637 0.012174
42 0.425123 4381 0.014664
43 0.434994 5089 0.017034
44 0.444865 6299 0.021084
45 0.454736 7521 0.025174
46 0.464607 10020 0.033539
47 0.474478 13292 0.044491
48 0.484349 21891 0.073274
49 0.494220 40527 0.135653
50 0.504091 49312 0.165058
51 0.513962 25703 0.086033
52 0.523834 15969 0.053452
53 0.533705 10809 0.036180
54 0.543576 8032 0.026885
55 0.553447 5547 0.018567
56 0.563318 5466 0.018296
57 0.573189 5006 0.016756
58 0.583060 4611 0.015434
59 0.592931 2961 0.009911
60 0.602802 2316 0.007752
61 0.612673 2404 0.008047
62 0.622544 2248 0.007525
63 0.632415 1554 0.005202
64 0.642286 1485 0.004971
65 0.652158 1400 0.004686
66 0.662029 1347 0.004509
67 0.671900 1354 0.004532
68 0.681771 1237 0.004141
69 0.691642 906 0.003033
70 0.701513 657 0.002199
71 0.711384 648 0.002169
72 0.721255 631 0.002112
73 0.731126 468 0.001566
74 0.740997 409 0.001369
75 0.750868 458 0.001533
76 0.760739 329 0.001101
77 0.770611 465 0.001556
78 0.780482 436 0.001459
79 0.790353 319 0.001068
80 0.800224 309 0.001034
81 0.810095 320 0.001071
82 0.819966 316 0.001058
83 0.829837 194 0.000649
84 0.839708 186 0.000623
85 0.849579 215 0.000720
86 0.859450 221 0.000740
87 0.869321 115 0.000385
88 0.879192 128 0.000428
89 0.889064 129 0.000432
90 0.898935 145 0.000485
91 0.908806 154 0.000515
92 0.918677 181 0.000606
93 0.928548 211 0.000706
94 0.938419 146 0.000489
95 0.948290 92 0.000308
96 0.958161 80 0.000268
97 0.968032 94 0.000315
98 0.977903 59 0.000197
99 0.987774 2 0.000007
