0 0.010537 37 0.000041
1 0.020751 17 0.000019
2 0.030965 80 0.000089
3 0.041178 231 0.000258
4 0.051392 281 0.000314
5 0.061606 217 0.000242
6 0.071820 345 0.000385
7 0.082033 226 0.000252
8 0.092247 235 0.000262
9 0.102461 256 0.000286
10 0.112675 243 0.000271
11 0.122888 233 0.000260
12 0.133102 184 0.000205
13 0.143316 228 0.000254
14 0.153530 224 0.000250
15 0.163743 365 0.000407
16 0.173957 370 0.000413
17 0.184171 321 0.000358
18 0.194384 400 0.000446
19 0.204598 441 0.000492
20 0.214812 428 0.000478
21 0.225026 481 0.000537
22 0.235239 469 0.000523
23 0.245453 544 0.000607
24 0.255667 723 0.000807
25 0.265881 1049 0.001170
26 0.276094 1146 0.001279
27 0.286308 1507 0.001681
28 0.296522 1510 0.001685
29 0.306736 1651 0.001842
30 0.316949 2590 0.002890
31 0.327163 3531 0.003940
32 0.337377 3741 0.004174
33 0.347591 2673 0.002982
34 0.357804 1983 0.002213
35 0.368018 2066 0.002305
36 0.378232 2529 0.002822
37 0.388445 2703 0.003016
38 0.398659 3164 0.003530
39 0.408873 4154 0.004635
40 0.419087 4254 0.004746
41 0.429300 5667 0.006323
42 0.439514 6863 0.007657
43 0.449728 9033 0.010078
44 0.459942 13131 0.014651
45 0.470155 18008 0.020092
46 0.480369 31819 0.035502
47 0.490583 67404 0.075205
48 0.500797 186723 0.208334
49 0.511010 115349 0.128699
50 0.521224 36468 0.040689
51 0.531438 20099 0.022425
52 0.541652 16551 0.018467
53 0.551865 12826 0.014310
54 0.562079 12911 0.014405
55 0.572293 14887 0.016610
56 0.582507 21918 0.024455
57 0.592720 41201 0.045970
58 0.602934 37256 0.041568
59 0.613148 23456 0.026171
60 0.623362 16040 0.017896
61 0.633575 11350 0.012664
62 0.643789 8241 0.009195
63 0.654003 6485 0.007236
64 0.664216 5844 0.006520
65 0.674430 4895 0.005462
66 0.684644 4367 0.004872
67 0.694858 3557 0.003969
68 0.705071 3263 0.003641
69 0.715285 3056 0.003410
70 0.725499 2896 0.003231
71 0.735713 2592 0.002892
72 0.745926 2833 0.003161
73 0.756140 2877 0.003210
74 0.766354 2778 0.003100
75 0.776568 3010 0.003358
76 0.786781 3090 0.003448
77 0.796995 3016 0.003365
78 0.807209 2624 0.002928
79 0.817423 2600 0.002901
80 0.827636 3053 0.003406
81 0.837850 3414 0.003809
82 0.848064 3916 0.004369
83 0.858277 4797 0.005352
84 0.868491 5221 0.005825
85 0.878705 6589 0.007352
86 0.888919 6458 0.007205
87 0.899132 4919 0.005488
88 0.909346 3953 0.004411
89 0.919560 3580 0.003994
90 0.929774 4690 0.005233
91 0.939987 4544 0.005070
92 0.950201 2946 0.003287
93 0.960415 1447 0.001614
94 0.970629 594 0.000663
95 0.980842 556 0.000620
96 0.991056 391 0.000436
97 1.001270 236 0.000263
98 1.011484 149 0.000166
99 1.021697 1 0.000001
