0 0.043288 166 0.000556
1 0.053171 179 0.000599
2 0.063054 77 0.000258
3 0.072937 114 0.000382
4 0.082819 85 0.000285
5 0.092702 62 0.000208
6 0.102585 41 0.000137
7 0.112468 44 0.000147
8 0.122351 58 0.000194
9 0.132234 49 0.000164
10 0.142117 45 0.000151
11 0.152000 48 0.000161
12 0.161883 36 0.000120
13 0.171766 35 0.000117
14 0.181649 44 0.000147
15 0.191532 53 0.000177
16 0.201415 43 0.000144
17 0.211297 30 0.000100
18 0.221180 50 0.000167
19 0.231063 81 0.000271
20 0.240946 104 0.000348
21 0.250829 211 0.000706
22 0.260712 357 0.001195
23 0.270595 443 0.001483
24 0.280478 304 0.001018
25 0.290361 713 0.002387
26 0.300244 513 0.001717
27 0.310127 650 0.002176
28 0.320010 1934 0.006474
29 0.329893 2245 0.007514
30 0.339775 1968 0.006587
31 0.349658 1022 0.003421
32 0.359541 408 0.001366
33 0.369424 267 0.000894
34 0.379307 296 0.000991
35 0.389190 328 0.001098
36 0.399073 331 0.001108
37 0.408956 349 0.001168
38 0.418839 404 0.001352
39 0.428722 442 0.001479
40 0.438605 450 0.001506
41 0.448488 706 0.002363
42 0.458371 785 0.002628
43 0.468253 852 0.002852
44 0.478136 946 0.003166
45 0.488019 1341 0.004489
46 0.497902 1795 0.006008
47 0.507785 1938 0.006487
48 0.517668 1975 0.006611
49 0.527551 2024 0.006775
50 0.537434 3162 0.010584
51 0.547317 3649 0.012214
52 0.557200 5299 0.017737
53 0.567083 6510 0.021790
54 0.576966 10174 0.034055
55 0.586849 25263 0.084561
56 0.596731 40562 0.135770
57 0.606614 25930 0.086793
58 0.616497 17536 0.058697
59 0.626380 12420 0.041572
60 0.636263 8773 0.029365
61 0.646146 5937 0.019872
62 0.656029 4770 0.015966
63 0.665912 4220 0.014125
64 0.675795 3298 0.011039
65 0.685678 2953 0.009884
66 0.695561 2748 0.009198
67 0.705444 2514 0.008415
68 0.715327 2298 0.007692
69 0.725210 2212 0.007404
70 0.735092 2072 0.006935
71 0.744975 2356 0.007886
72 0.754858 2394 0.008013
73 0.764741 2236 0.007484
74 0.774624 2457 0.008224
75 0.784507 2674 0.008950
76 0.794390 2495 0.008351
77 0.804273 2402 0.008040
78 0.814156 2138 0.007156
79 0.824039 2391 0.008003
80 0.833922 3320 0.011113
81 0.843805 3009 0.010072
82 0.853688 3971 0.013292
83 0.863570 4526 0.015149
84 0.873453 5481 0.018346
85 0.883336 6979 0.023360
86 0.893219 5645 0.018895
87 0.903102 3689 0.012348
88 0.912985 3562 0.011923
89 0.922868 3719 0.012448
90 0.932751 4232 0.014165
91 0.942634 3926 0.013141
92 0.952517 2655 0.008887
93 0.962400 1047 0.003505
94 0.972283 508 0.001700
95 0.982166 480 0.001607
96 0.992049 370 0.001238
97 1.001931 209 0.000700
98 1.011814 142 0.000475
99 1.021697 2 0.000007
