0 0.000000 10 0.000011
1 0.010101 86 0.000096
2 0.020202 166 0.000185
3 0.030303 165 0.000184
4 0.040404 176 0.000196
5 0.050505 258 0.000288
6 0.060606 193 0.000215
7 0.070707 194 0.000216
8 0.080808 280 0.000312
9 0.090909 207 0.000231
10 0.101010 248 0.000277
11 0.111111 201 0.000224
12 0.121212 232 0.000259
13 0.131313 243 0.000271
14 0.141414 206 0.000230
15 0.151515 295 0.000329
16 0.161616 278 0.000310
17 0.171717 273 0.000305
18 0.181818 398 0.000444
19 0.191919 361 0.000403
20 0.202020 497 0.000555
21 0.212121 625 0.000697
22 0.222222 612 0.000683
23 0.232323 430 0.000480
24 0.242424 618 0.000690
25 0.252525 1004 0.001120
26 0.262626 1061 0.001184
27 0.272727 1310 0.001462
28 0.282828 1415 0.001579
29 0.292929 1621 0.001809
30 0.303030 2022 0.002256
31 0.313131 3802 0.004242
32 0.323232 4573 0.005102
33 0.333333 4686 0.005228
34 0.343434 3728 0.004159
35 0.353535 4215 0.004703
36 0.363636 5482 0.006116
37 0.373737 7029 0.007843
38 0.383838 5966 0.006656
39 0.393939 6170 0.006884
40 0.404040 8670 0.009673
41 0.414141 10985 0.012256
42 0.424242 21763 0.024282
43 0.434343 13822 0.015422
44 0.444444 14476 0.016151
45 0.454545 19453 0.021704
46 0.464646 27558 0.030747
47 0.474747 30397 0.033915
48 0.484848 49126 0.054812
49 0.494949 119139 0.132928
50 0.505050 49626 0.055370
51 0.515152 32482 0.036241
52 0.525253 34508 0.038502
53 0.535354 21607 0.024108
54 0.545455 19414 0.021661
55 0.555556 20995 0.023425
56 0.565657 26879 0.029990
57 0.575758 33719 0.037622
58 0.585859 46078 0.051411
59 0.595960 39679 0.044271
60 0.606061 22919 0.025572
61 0.616162 18832 0.021012
62 0.626263 17592 0.019628
63 0.636364 9220 0.010287
64 0.646465 7443 0.008304
65 0.656566 7068 0.007886
66 0.666667 6262 0.006987
67 0.676768 5379 0.006002
68 0.686869 3860 0.004307
69 0.696970 3652 0.004075
70 0.707071 3193 0.003563
71 0.717172 2782 0.003104
72 0.727273 2607 0.002909
73 0.737374 3094 0.003452
74 0.747475 2841 0.003170
75 0.757576 2869 0.003201
76 0.767677 3393 0.003786
77 0.777778 2958 0.003300
78 0.787879 2982 0.003327
79 0.797980 2520 0.002812
80 0.808081 2876 0.003209
81 0.818182 3452 0.003852
82 0.828283 3834 0.004278
83 0.838384 3653 0.004076
84 0.848485 4703 0.005247
85 0.858586 6445 0.007191
86 0.868687 6106 0.006813
87 0.878788 6144 0.006855
88 0.888889 4020 0.004485
89 0.898990 4001 0.004464
90 0.909091 4314 0.004813
91 0.919192 4833 0.005392
92 0.929293 3615 0.004033
93 0.939394 2281 0.002545
94 0.949495 958 0.001069
95 0.959596 722 0.000806
96 0.969697 716 0.000799
97 0.979798 284 0.000317
98 0.989899 131 0.000146
99 1.000000 2 0.000002
