0 0.000000 4 0.000013
1 0.010101 2 0.000007
2 0.020202 2 0.000007
3 0.030303 1 0.000003
4 0.040404 0 0.000000
5 0.050505 0 0.000000
6 0.060606 0 0.000000
7 0.070707 0 0.000000
8 0.080808 0 0.000000
9 0.090909 5 0.000017
10 0.101010 9 0.000030
11 0.111111 10 0.000033
12 0.121212 26 0.000087
13 0.131313 11 0.000037
14 0.141414 0 0.000000
15 0.151515 2 0.000007
16 0.161616 0 0.000000
17 0.171717 2 0.000007
18 0.181818 1 0.000003
19 0.191919 13 0.000044
20 0.202020 45 0.000151
21 0.212121 84 0.000281
22 0.222222 103 0.000345
23 0.232323 40 0.000134
24 0.242424 21 0.000070
25 0.252525 12 0.000040
26 0.262626 6 0.000020
27 0.272727 22 0.000074
28 0.282828 36 0.000120
29 0.292929 144 0.000482
30 0.303030 416 0.001392
31 0.313131 759 0.002541
32 0.323232 1361 0.004556
33 0.333333 981 0.003284
34 0.343434 1022 0.003421
35 0.353535 2524 0.008448
36 0.363636 3181 0.010647
37 0.373737 4775 0.015983
38 0.383838 3249 0.010875
39 0.393939 3078 0.010303
40 0.404040 4665 0.015615
41 0.414141 6644 0.022239
42 0.424242 16348 0.054720
43 0.434343 7758 0.025968
44 0.444444 6526 0.021844
45 0.454545 9489 0.031762
46 0.464646 14181 0.047467
47 0.474747 10600 0.035480
48 0.484848 11255 0.037673
49 0.494949 66690 0.223226
50 0.505050 14938 0.050001
51 0.515152 11977 0.040090
52 0.525253 19588 0.065565
53 0.535354 9773 0.032712
54 0.545455 7901 0.026446
55 0.555556 8658 0.028980
56 0.565657 11765 0.039380
57 0.575758 6774 0.022674
58 0.585859 5060 0.016937
59 0.595960 3709 0.012415
60 0.606061 3858 0.012914
61 0.616162 3800 0.012719
62 0.626263 6375 0.021338
63 0.636364 1719 0.005754
64 0.646465 1284 0.004298
65 0.656566 1635 0.005473
66 0.666667 1562 0.005228
67 0.676768 981 0.003284
68 0.686869 368 0.001232
69 0.696970 338 0.001131
70 0.707071 246 0.000823
71 0.717172 19 0.000064
72 0.727273 12 0.000040
73 0.737374 13 0.000044
74 0.747475 12 0.000040
75 0.757576 13 0.000044
76 0.767677 23 0.000077
77 0.777778 34 0.000114
78 0.787879 54 0.000181
79 0.797980 93 0.000311
80 0.808081 23 0.000077
81 0.818182 0 0.000000
82 0.828283 0 0.000000
83 0.838384 0 0.000000
84 0.848485 0 0.000000
85 0.858586 0 0.000000
86 0.868687 11 0.000037
87 0.878788 12 0.000040
88 0.888889 13 0.000044
89 0.898990 10 0.000033
90 0.909091 1 0.000003
91 0.919192 0 0.000000
92 0.929293 0 0.000000
93 0.939394 0 0.000000
94 0.949495 0 0.000000
95 0.959596 0 0.000000
96 0.969697 0 0.000000
97 0.979798 0 0.000000
98 0.989899 0 0.000000
99 1.000000 1 0.000003
