0 0.011833 39 0.000131
1 0.021604 72 0.000241
2 0.031376 75 0.000251
3 0.041148 82 0.000274
4 0.050919 190 0.000636
5 0.060691 146 0.000489
6 0.070462 128 0.000428
7 0.080234 188 0.000629
8 0.090006 116 0.000388
9 0.099777 184 0.000616
10 0.109549 149 0.000499
11 0.119321 125 0.000418
12 0.129092 197 0.000659
13 0.138864 151 0.000505
14 0.148635 181 0.000606
15 0.158407 260 0.000870
16 0.168179 190 0.000636
17 0.177950 303 0.001014
18 0.187722 329 0.001101
19 0.197494 308 0.001031
20 0.207265 499 0.001670
21 0.217037 447 0.001496
22 0.226808 404 0.001352
23 0.236580 335 0.001121
24 0.246352 431 0.001443
25 0.256123 571 0.001911
26 0.265895 584 0.001955
27 0.275667 812 0.002718
28 0.285438 835 0.002795
29 0.295210 960 0.003213
30 0.304981 950 0.003180
31 0.314753 1121 0.003752
32 0.324525 1289 0.004315
33 0.334296 1424 0.004766
34 0.344068 1232 0.004124
35 0.353840 1373 0.004596
36 0.363611 1954 0.006540
37 0.373383 1781 0.005961
38 0.383154 2493 0.008345
39 0.392926 2586 0.008656
40 0.402698 3404 0.011394
41 0.412469 3666 0.012271
42 0.422241 4467 0.014952
43 0.432012 5435 0.018192
44 0.441784 6140 0.020552
45 0.451556 8490 0.028418
46 0.461327 10880 0.036418
47 0.471099 14918 0.049934
48 0.480871 25608 0.085715
49 0.490642 46635 0.156097
50 0.500414 42418 0.141982
51 0.510185 23035 0.077103
52 0.519957 14338 0.047992
53 0.529729 10108 0.033834
54 0.539500 7056 0.023618
55 0.549272 5696 0.019066
56 0.559044 5413 0.018118
57 0.568815 4760 0.015933
58 0.578587 4240 0.014192
59 0.588358 2656 0.008890
60 0.598130 2434 0.008147
61 0.607902 2165 0.007247
62 0.617673 2041 0.006832
63 0.627445 1709 0.005720
64 0.637217 1441 0.004823
65 0.646988 1539 0.005151
66 0.656760 1289 0.004315
67 0.666531 1250 0.004184
68 0.676303 1256 0.004204
69 0.686075 847 0.002835
70 0.695846 677 0.002266
71 0.705618 574 0.001921
72 0.715390 580 0.001941
73 0.725161 466 0.001560
74 0.734933 405 0.001356
75 0.744704 466 0.001560
76 0.754476 397 0.001329
77 0.764248 438 0.001466
78 0.774019 372 0.001245
79 0.783791 334 0.001118
80 0.793563 273 0.000914
81 0.803334 251 0.000840
82 0.813106 275 0.000920
83 0.822877 242 0.000810
84 0.832649 209 0.000700
85 0.842421 252 0.000843
86 0.852192 166 0.000556
87 0.861964 131 0.000438
88 0.871736 121 0.000405
89 0.881507 150 0.000502
90 0.891279 137 0.000459
91 0.901050 170 0.000569
92 0.910822 185 0.000619
93 0.920594 176 0.000589
94 0.930365 187 0.000626
95 0.940137 87 0.000291
96 0.949908 46 0.000154
97 0.959680 53 0.000177
98 0.969452 103 0.000345
99 0.979223 5 0.000017
