0 0.000000 6 0.000020
1 0.010101 49 0.000164
2 0.020202 95 0.000318
3 0.030303 86 0.000288
4 0.040404 96 0.000321
5 0.050505 67 0.000224
6 0.060606 41 0.000137
7 0.070707 62 0.000208
8 0.080808 82 0.000274
9 0.090909 74 0.000248
10 0.101010 54 0.000181
11 0.111111 50 0.000167
12 0.121212 49 0.000164
13 0.131313 54 0.000181
14 0.141414 43 0.000144
15 0.151515 53 0.000177
16 0.161616 45 0.000151
17 0.171717 42 0.000141
18 0.181818 46 0.000154
19 0.191919 43 0.000144
20 0.202020 36 0.000120
21 0.212121 41 0.000137
22 0.222222 49 0.000164
23 0.232323 50 0.000167
24 0.242424 251 0.000840
25 0.252525 427 0.001429
26 0.262626 436 0.001459
27 0.272727 535 0.001791
28 0.282828 538 0.001801
29 0.292929 478 0.001600
30 0.303030 622 0.002082
31 0.313131 1927 0.006450
32 0.323232 1862 0.006233
33 0.333333 2249 0.007528
34 0.343434 1425 0.004770
35 0.353535 282 0.000944
36 0.363636 296 0.000991
37 0.373737 290 0.000971
38 0.383838 263 0.000880
39 0.393939 277 0.000927
40 0.404040 403 0.001349
41 0.414141 484 0.001620
42 0.424242 454 0.001520
43 0.434343 483 0.001617
44 0.444444 755 0.002527
45 0.454545 806 0.002698
46 0.464646 932 0.003120
47 0.474748 1106 0.003702
48 0.484849 1687 0.005647
49 0.494950 2019 0.006758
50 0.505050 1742 0.005831
51 0.515152 2211 0.007401
52 0.525253 3014 0.010089
53 0.535354 3269 0.010942
54 0.545455 5465 0.018293
55 0.555556 6684 0.022373
56 0.565657 9839 0.032933
57 0.575758 22412 0.075018
58 0.585859 37975 0.127110
59 0.595960 33388 0.111757
60 0.606061 16852 0.056407
61 0.616162 12833 0.042955
62 0.626263 9427 0.031554
63 0.636364 5986 0.020036
64 0.646465 4583 0.015340
65 0.656566 4100 0.013724
66 0.666667 3411 0.011417
67 0.676768 3122 0.010450
68 0.686869 2639 0.008833
69 0.696970 2623 0.008780
70 0.707071 2369 0.007930
71 0.717172 2166 0.007250
72 0.727273 2133 0.007140
73 0.737374 2670 0.008937
74 0.747475 2353 0.007876
75 0.757576 2453 0.008211
76 0.767677 2893 0.009683
77 0.777778 2564 0.008582
78 0.787879 2616 0.008756
79 0.797980 2193 0.007340
80 0.808081 2544 0.008515
81 0.818182 3202 0.010718
82 0.828283 3610 0.012083
83 0.838384 3412 0.011421
84 0.848485 4464 0.014942
85 0.858586 6325 0.021171
86 0.868687 5963 0.019959
87 0.878788 5988 0.020043
88 0.888889 3861 0.012924
89 0.898990 3831 0.012823
90 0.909091 4118 0.013784
91 0.919192 4649 0.015561
92 0.929293 3410 0.011414
93 0.939394 2197 0.007354
94 0.949495 904 0.003026
95 0.959596 664 0.002223
96 0.969697 613 0.002052
97 0.979798 284 0.000951
98 0.989899 131 0.000438
99 1.000000 1 0.000003
