0 -0.489956 3 0.000009
1 -0.480122 0 0.000000
2 -0.470289 3 0.000009
3 -0.460456 0 0.000000
4 -0.450623 0 0.000000
5 -0.440790 0 0.000000
6 -0.430957 0 0.000000
7 -0.421123 3 0.000009
8 -0.411290 2 0.000006
9 -0.401457 8 0.000025
10 -0.391624 18 0.000056
11 -0.381791 18 0.000056
12 -0.371958 7 0.000022
13 -0.362124 0 0.000000
14 -0.352291 0 0.000000
15 -0.342458 2 0.000006
16 -0.332625 1 0.000003
17 -0.322792 10 0.000031
18 -0.312959 28 0.000087
19 -0.303125 36 0.000112
20 -0.293292 101 0.000314
21 -0.283459 82 0.000255
22 -0.273626 44 0.000137
23 -0.263793 32 0.000100
24 -0.253960 13 0.000040
25 -0.244126 19 0.000059
26 -0.234293 48 0.000149
27 -0.224460 84 0.000261
28 -0.214627 150 0.000466
29 -0.204794 344 0.001070
30 -0.194961 615 0.001913
31 -0.185127 1074 0.003340
32 -0.175294 1244 0.003869
33 -0.165461 1482 0.004609
34 -0.155628 2747 0.008543
35 -0.145795 4236 0.013173
36 -0.135962 4553 0.014159
37 -0.126128 2889 0.008984
38 -0.116295 3172 0.009865
39 -0.106462 4059 0.012623
40 -0.096629 5076 0.015786
41 -0.086796 13093 0.040718
42 -0.076963 13429 0.041763
43 -0.067129 8650 0.026900
44 -0.057296 9135 0.028409
45 -0.047463 12848 0.039956
46 -0.037630 13954 0.043395
47 -0.027797 9452 0.029395
48 -0.017963 22507 0.069994
49 -0.008130 61528 0.191345
50 0.001703 12959 0.040301
51 0.011536 13010 0.040460
52 0.021369 20550 0.063908
53 0.031202 10529 0.032744
54 0.041036 9159 0.028483
55 0.050869 10332 0.032131
56 0.060702 11245 0.034971
57 0.070535 6331 0.019689
58 0.080368 4158 0.012931
59 0.090201 3669 0.011410
60 0.100035 3132 0.009740
61 0.109868 4092 0.012726
62 0.119701 6146 0.019113
63 0.129534 2533 0.007877
64 0.139367 1852 0.005759
65 0.149200 1697 0.005277
66 0.159034 1627 0.005060
67 0.168867 568 0.001766
68 0.178700 241 0.000749
69 0.188533 293 0.000911
70 0.198366 206 0.000641
71 0.208199 86 0.000267
72 0.218033 15 0.000047
73 0.227866 19 0.000059
74 0.237699 17 0.000053
75 0.247532 24 0.000075
76 0.257365 26 0.000081
77 0.267198 46 0.000143
78 0.277032 33 0.000103
79 0.286865 57 0.000177
80 0.296698 58 0.000180
81 0.306531 10 0.000031
82 0.316364 0 0.000000
83 0.326197 0 0.000000
84 0.336031 0 0.000000
85 0.345864 6 0.000019
86 0.355697 4 0.000012
87 0.365530 3 0.000009
88 0.375363 5 0.000016
89 0.385196 6 0.000019
90 0.395030 8 0.000025
91 0.404863 2 0.000006
92 0.414696 0 0.000000
93 0.424529 0 0.000000
94 0.434362 0 0.000000
95 0.444195 0 0.000000
96 0.454029 0 0.000000
97 0.463862 0 0.000000
98 0.473695 2 0.000006
99 0.483528 1 0.000003
