0 -0.489956 3 0.000003
1 -0.480122 0 0.000000
2 -0.470289 3 0.000003
3 -0.460456 0 0.000000
4 -0.450623 0 0.000000
5 -0.440790 0 0.000000
6 -0.430957 0 0.000000
7 -0.421123 3 0.000003
8 -0.411290 2 0.000002
9 -0.401457 8 0.000008
10 -0.391624 18 0.000019
11 -0.381791 18 0.000019
12 -0.371958 7 0.000007
13 -0.362124 0 0.000000
14 -0.352291 0 0.000000
15 -0.342458 2 0.000002
16 -0.332625 45 0.000047
17 -0.322792 28 0.000029
18 -0.312959 44 0.000046
19 -0.303125 55 0.000057
20 -0.293292 181 0.000188
21 -0.283459 161 0.000167
22 -0.273626 166 0.000172
23 -0.263793 132 0.000137
24 -0.253960 145 0.000150
25 -0.244126 131 0.000136
26 -0.234293 175 0.000181
27 -0.224460 240 0.000249
28 -0.214627 349 0.000362
29 -0.204794 654 0.000678
30 -0.194961 1080 0.001120
31 -0.185127 1527 0.001583
32 -0.175294 1775 0.001840
33 -0.165461 2180 0.002260
34 -0.155628 3693 0.003828
35 -0.145795 5185 0.005375
36 -0.135962 6116 0.006340
37 -0.126128 4640 0.004810
38 -0.116295 5267 0.005460
39 -0.106462 6346 0.006578
40 -0.096629 8191 0.008491
41 -0.086796 18202 0.018869
42 -0.076963 20520 0.021272
43 -0.067129 20198 0.020938
44 -0.057296 26228 0.027189
45 -0.047463 38751 0.040170
46 -0.037630 59182 0.061350
47 -0.027797 79212 0.082113
48 -0.017963 126733 0.131375
49 -0.008130 163450 0.169437
50 0.001703 95975 0.099490
51 0.011536 68769 0.071288
52 0.021369 52877 0.054814
53 0.031202 31584 0.032741
54 0.041036 21013 0.021783
55 0.050869 17982 0.018641
56 0.060702 16218 0.016812
57 0.070535 10236 0.010611
58 0.080368 7455 0.007728
59 0.090201 6466 0.006703
60 0.100035 5584 0.005789
61 0.109868 6184 0.006410
62 0.119701 7796 0.008082
63 0.129534 3856 0.003997
64 0.139367 2979 0.003088
65 0.149200 2494 0.002585
66 0.159034 2304 0.002388
67 0.168867 964 0.000999
68 0.178700 544 0.000564
69 0.188533 567 0.000588
70 0.198366 376 0.000390
71 0.208199 209 0.000217
72 0.218033 97 0.000101
73 0.227866 108 0.000112
74 0.237699 104 0.000108
75 0.247532 149 0.000154
76 0.257365 107 0.000111
77 0.267198 123 0.000128
78 0.277032 108 0.000112
79 0.286865 138 0.000143
80 0.296698 129 0.000134
81 0.306531 20 0.000021
82 0.316364 13 0.000013
83 0.326197 13 0.000013
84 0.336031 44 0.000046
85 0.345864 6 0.000006
86 0.355697 4 0.000004
87 0.365530 3 0.000003
88 0.375363 5 0.000005
89 0.385196 6 0.000006
90 0.395030 8 0.000008
91 0.404863 2 0.000002
92 0.414696 0 0.000000
93 0.424529 0 0.000000
94 0.434362 0 0.000000
95 0.444195 0 0.000000
96 0.454029 0 0.000000
97 0.463862 0 0.000000
98 0.473695 2 0.000002
99 0.483528 1 0.000001
