0 0.000000 739569 0.766657
1 0.002425 82502 0.085524
2 0.004850 47303 0.049036
3 0.007274 20096 0.020832
4 0.009699 13762 0.014266
5 0.012124 12325 0.012776
6 0.014549 12397 0.012851
7 0.016974 9319 0.009660
8 0.019399 6254 0.006483
9 0.021823 5175 0.005365
10 0.024248 3541 0.003671
11 0.026673 2850 0.002954
12 0.029098 1889 0.001958
13 0.031523 1330 0.001379
14 0.033947 1110 0.001151
15 0.036372 1014 0.001051
16 0.038797 674 0.000699
17 0.041222 430 0.000446
18 0.043647 332 0.000344
19 0.046071 200 0.000207
20 0.048496 182 0.000189
21 0.050921 156 0.000162
22 0.053346 128 0.000133
23 0.055771 131 0.000136
24 0.058196 100 0.000104
25 0.060620 165 0.000171
26 0.063045 137 0.000142
27 0.065470 102 0.000106
28 0.067895 127 0.000132
29 0.070320 155 0.000161
30 0.072744 111 0.000115
31 0.075169 123 0.000128
32 0.077594 119 0.000123
33 0.080019 128 0.000133
34 0.082444 143 0.000148
35 0.084868 112 0.000116
36 0.087293 77 0.000080
37 0.089718 73 0.000076
38 0.092143 37 0.000038
39 0.094568 36 0.000037
40 0.096993 15 0.000016
41 0.099417 15 0.000016
42 0.101842 15 0.000016
43 0.104267 17 0.000018
44 0.106692 27 0.000028
45 0.109117 20 0.000021
46 0.111541 6 0.000006
47 0.113966 12 0.000012
48 0.116391 28 0.000029
49 0.118816 0 0.000000
50 0.121241 0 0.000000
51 0.123665 5 0.000005
52 0.126090 1 0.000001
53 0.128515 1 0.000001
54 0.130940 3 0.000003
55 0.133365 3 0.000003
56 0.135790 4 0.000004
57 0.138214 7 0.000007
58 0.140639 7 0.000007
59 0.143064 7 0.000007
60 0.145489 9 0.000009
61 0.147914 7 0.000007
62 0.150338 8 0.000008
63 0.152763 8 0.000008
64 0.155188 2 0.000002
65 0.157613 11 0.000011
66 0.160038 0 0.000000
67 0.162462 2 0.000002
68 0.164887 1 0.000001
69 0.167312 1 0.000001
70 0.169737 1 0.000001
71 0.172162 2 0.000002
72 0.174587 0 0.000000
73 0.177011 0 0.000000
74 0.179436 0 0.000000
75 0.181861 0 0.000000
76 0.184286 0 0.000000
77 0.186711 0 0.000000
78 0.189135 0 0.000000
79 0.191560 0 0.000000
80 0.193985 0 0.000000
81 0.196410 0 0.000000
82 0.198835 0 0.000000
83 0.201259 0 0.000000
84 0.203684 0 0.000000
85 0.206109 0 0.000000
86 0.208534 0 0.000000
87 0.210959 0 0.000000
88 0.213384 2 0.000002
89 0.215808 0 0.000000
90 0.218233 1 0.000001
91 0.220658 0 0.000000
92 0.223083 0 0.000000
93 0.225508 0 0.000000
94 0.227932 0 0.000000
95 0.230357 0 0.000000
96 0.232782 4 0.000004
97 0.235207 0 0.000000
98 0.237632 1 0.000001
99 0.240056 1 0.000001
