0 -0.238439 12 0.000037
1 -0.233291 16 0.000050
2 -0.228144 34 0.000106
3 -0.222997 42 0.000131
4 -0.217849 22 0.000068
5 -0.212702 23 0.000072
6 -0.207555 10 0.000031
7 -0.202407 51 0.000159
8 -0.197260 144 0.000448
9 -0.192113 107 0.000333
10 -0.186965 85 0.000264
11 -0.181818 71 0.000221
12 -0.176671 149 0.000463
13 -0.171523 142 0.000442
14 -0.166376 152 0.000473
15 -0.161229 220 0.000684
16 -0.156081 205 0.000638
17 -0.150934 266 0.000827
18 -0.145787 213 0.000662
19 -0.140639 166 0.000516
20 -0.135492 323 0.001004
21 -0.130345 365 0.001135
22 -0.125197 398 0.001238
23 -0.120050 512 0.001592
24 -0.114902 515 0.001602
25 -0.109755 485 0.001508
26 -0.104608 556 0.001729
27 -0.099460 615 0.001913
28 -0.094313 691 0.002149
29 -0.089166 880 0.002737
30 -0.084018 1251 0.003890
31 -0.078871 1471 0.004575
32 -0.073724 1736 0.005399
33 -0.068576 3308 0.010287
34 -0.063429 4002 0.012446
35 -0.058282 4502 0.014001
36 -0.053134 4873 0.015154
37 -0.047987 6245 0.019421
38 -0.042840 8130 0.025283
39 -0.037692 10073 0.031326
40 -0.032545 12996 0.040416
41 -0.027398 17110 0.053210
42 -0.022250 19751 0.061423
43 -0.017103 23877 0.074255
44 -0.011956 25545 0.079442
45 -0.006808 25812 0.080272
46 -0.001661 26429 0.082191
47 0.003486 23055 0.071698
48 0.008634 17478 0.054354
49 0.013781 15605 0.048530
50 0.018929 11313 0.035182
51 0.024076 9103 0.028309
52 0.029223 7113 0.022121
53 0.034371 7234 0.022497
54 0.039518 4480 0.013932
55 0.044665 3159 0.009824
56 0.049813 2747 0.008543
57 0.054960 2114 0.006574
58 0.060107 1464 0.004553
59 0.065255 1325 0.004121
60 0.070402 1034 0.003216
61 0.075549 930 0.002892
62 0.080697 729 0.002267
63 0.085844 810 0.002519
64 0.090991 787 0.002447
65 0.096139 789 0.002454
66 0.101286 640 0.001990
67 0.106433 657 0.002043
68 0.111581 598 0.001860
69 0.116728 647 0.002012
70 0.121875 480 0.001493
71 0.127023 442 0.001375
72 0.132170 365 0.001135
73 0.137318 308 0.000958
74 0.142465 276 0.000858
75 0.147612 211 0.000656
76 0.152760 163 0.000507
77 0.157907 151 0.000470
78 0.163054 204 0.000634
79 0.168202 93 0.000289
80 0.173349 77 0.000239
81 0.178496 75 0.000233
82 0.183644 79 0.000246
83 0.188791 51 0.000159
84 0.193938 82 0.000255
85 0.199086 30 0.000093
86 0.204233 4 0.000012
87 0.209380 4 0.000012
88 0.214528 3 0.000009
89 0.219675 0 0.000000
90 0.224822 5 0.000016
91 0.229970 1 0.000003
92 0.235117 7 0.000022
93 0.240264 4 0.000012
94 0.245412 4 0.000012
95 0.250559 2 0.000006
96 0.255706 7 0.000022
97 0.260854 16 0.000050
98 0.266001 19 0.000059
99 0.271149 1 0.000003
