0 -0.332314 38 0.000118
1 -0.325482 13 0.000040
2 -0.318650 13 0.000040
3 -0.311819 9 0.000028
4 -0.304987 9 0.000028
5 -0.298155 34 0.000106
6 -0.291324 58 0.000180
7 -0.284492 39 0.000121
8 -0.277660 70 0.000218
9 -0.270829 94 0.000292
10 -0.263997 68 0.000211
11 -0.257165 92 0.000286
12 -0.250334 77 0.000239
13 -0.243502 72 0.000224
14 -0.236670 72 0.000224
15 -0.229839 59 0.000183
16 -0.223007 54 0.000168
17 -0.216175 90 0.000280
18 -0.209344 108 0.000336
19 -0.202512 157 0.000488
20 -0.195680 142 0.000442
21 -0.188849 212 0.000659
22 -0.182017 204 0.000634
23 -0.175185 188 0.000585
24 -0.168354 197 0.000613
25 -0.161522 230 0.000715
26 -0.154690 367 0.001141
27 -0.147859 351 0.001092
28 -0.141027 477 0.001483
29 -0.134195 626 0.001947
30 -0.127364 683 0.002124
31 -0.120532 640 0.001990
32 -0.113700 863 0.002684
33 -0.106869 710 0.002208
34 -0.100037 1077 0.003349
35 -0.093205 1320 0.004105
36 -0.086374 1890 0.005878
37 -0.079542 2118 0.006587
38 -0.072711 2670 0.008303
39 -0.065879 2652 0.008247
40 -0.059047 4796 0.014915
41 -0.052216 6403 0.019913
42 -0.045384 8417 0.026176
43 -0.038552 13078 0.040671
44 -0.031721 20745 0.064514
45 -0.024889 26321 0.081855
46 -0.018057 41294 0.128419
47 -0.011226 36918 0.114810
48 -0.004394 35822 0.111402
49 0.002438 28059 0.087260
50 0.009269 22825 0.070983
51 0.016101 16234 0.050486
52 0.022933 10140 0.031534
53 0.029764 7101 0.022083
54 0.036596 3991 0.012412
55 0.043428 3273 0.010179
56 0.050259 2511 0.007809
57 0.057091 1723 0.005358
58 0.063923 1625 0.005054
59 0.070754 1478 0.004596
60 0.077586 1306 0.004062
61 0.084418 1191 0.003704
62 0.091249 950 0.002954
63 0.098081 770 0.002395
64 0.104913 775 0.002410
65 0.111744 631 0.001962
66 0.118576 452 0.001406
67 0.125408 521 0.001620
68 0.132239 367 0.001141
69 0.139071 477 0.001483
70 0.145903 315 0.000980
71 0.152734 306 0.000952
72 0.159566 252 0.000784
73 0.166398 205 0.000638
74 0.173229 135 0.000420
75 0.180061 120 0.000373
76 0.186893 79 0.000246
77 0.193724 105 0.000327
78 0.200556 99 0.000308
79 0.207388 89 0.000277
80 0.214219 56 0.000174
81 0.221051 56 0.000174
82 0.227882 56 0.000174
83 0.234714 53 0.000165
84 0.241546 75 0.000233
85 0.248377 74 0.000230
86 0.255209 51 0.000159
87 0.262041 37 0.000115
88 0.268872 38 0.000118
89 0.275704 45 0.000140
90 0.282536 71 0.000221
91 0.289367 46 0.000143
92 0.296199 56 0.000174
93 0.303031 22 0.000068
94 0.309862 8 0.000025
95 0.316694 7 0.000022
96 0.323526 15 0.000047
97 0.330357 6 0.000019
98 0.337189 41 0.000128
99 0.344021 1 0.000003
