0 0.000000 11 0.000011
1 0.010101 92 0.000095
2 0.020202 156 0.000162
3 0.030303 159 0.000165
4 0.040404 150 0.000155
5 0.050505 233 0.000242
6 0.060606 199 0.000206
7 0.070707 177 0.000183
8 0.080808 274 0.000284
9 0.090909 212 0.000220
10 0.101010 257 0.000266
11 0.111111 177 0.000183
12 0.121212 238 0.000247
13 0.131313 204 0.000211
14 0.141414 214 0.000222
15 0.151515 270 0.000280
16 0.161616 286 0.000296
17 0.171717 274 0.000284
18 0.181818 377 0.000391
19 0.191919 413 0.000428
20 0.202020 619 0.000642
21 0.212121 707 0.000733
22 0.222222 710 0.000736
23 0.232323 542 0.000562
24 0.242424 722 0.000748
25 0.252525 1027 0.001065
26 0.262626 1126 0.001167
27 0.272727 1363 0.001413
28 0.282828 1527 0.001583
29 0.292929 1678 0.001739
30 0.303030 2148 0.002227
31 0.313131 3794 0.003933
32 0.323232 4915 0.005095
33 0.333333 5239 0.005431
34 0.343434 3836 0.003976
35 0.353535 4457 0.004620
36 0.363636 5707 0.005916
37 0.373737 8086 0.008382
38 0.383838 6317 0.006548
39 0.393939 6643 0.006886
40 0.404040 9426 0.009771
41 0.414141 11781 0.012212
42 0.424242 23395 0.024252
43 0.434343 15249 0.015808
44 0.444444 15254 0.015813
45 0.454545 20984 0.021753
46 0.464646 30724 0.031849
47 0.474748 33115 0.034328
48 0.484849 53224 0.055173
49 0.494950 123434 0.127955
50 0.505050 54867 0.056877
51 0.515152 35394 0.036690
52 0.525253 37541 0.038916
53 0.535354 23783 0.024654
54 0.545455 20729 0.021488
55 0.555556 22403 0.023224
56 0.565657 29295 0.030368
57 0.575758 38664 0.040080
58 0.585859 51526 0.053413
59 0.595960 44993 0.046641
60 0.606061 24822 0.025731
61 0.616162 19559 0.020275
62 0.626263 18014 0.018674
63 0.636364 9700 0.010055
64 0.646465 7954 0.008245
65 0.656566 7455 0.007728
66 0.666667 6672 0.006916
67 0.676768 5584 0.005789
68 0.686869 4049 0.004197
69 0.696970 3836 0.003976
70 0.707071 3370 0.003493
71 0.717172 2999 0.003109
72 0.727273 2875 0.002980
73 0.737374 3225 0.003343
74 0.747475 2965 0.003074
75 0.757576 2935 0.003042
76 0.767677 3494 0.003622
77 0.777778 2979 0.003088
78 0.787879 3110 0.003224
79 0.797980 2620 0.002716
80 0.808081 2836 0.002940
81 0.818182 3682 0.003817
82 0.828283 4037 0.004185
83 0.838384 3783 0.003922
84 0.848485 4927 0.005107
85 0.858586 6882 0.007134
86 0.868687 6287 0.006517
87 0.878788 6522 0.006761
88 0.888889 3968 0.004113
89 0.898990 3952 0.004097
90 0.909091 4504 0.004669
91 0.919192 4921 0.005101
92 0.929293 3681 0.003816
93 0.939394 2362 0.002449
94 0.949495 942 0.000977
95 0.959596 704 0.000730
96 0.969697 704 0.000730
97 0.979798 292 0.000303
98 0.989899 143 0.000148
99 1.000000 5 0.000005
