0 0.469816 30 0.000093
1 0.470628 12 0.000037
2 0.471440 11 0.000034
3 0.472252 42 0.000131
4 0.473064 74 0.000230
5 0.473876 42 0.000131
6 0.474688 75 0.000233
7 0.475500 77 0.000239
8 0.476311 66 0.000205
9 0.477123 45 0.000140
10 0.477935 70 0.000218
11 0.478747 87 0.000271
12 0.479559 90 0.000280
13 0.480371 249 0.000774
14 0.481183 328 0.001020
15 0.481995 429 0.001334
16 0.482807 337 0.001048
17 0.483619 365 0.001135
18 0.484431 378 0.001176
19 0.485242 317 0.000986
20 0.486054 403 0.001253
21 0.486866 405 0.001260
22 0.487678 669 0.002081
23 0.488490 917 0.002852
24 0.489302 977 0.003038
25 0.490114 947 0.002945
26 0.490926 1034 0.003216
27 0.491738 1023 0.003181
28 0.492550 875 0.002721
29 0.493362 965 0.003001
30 0.494173 1093 0.003399
31 0.494985 1369 0.004257
32 0.495797 1677 0.005215
33 0.496609 1715 0.005333
34 0.497421 2377 0.007392
35 0.498233 2815 0.008754
36 0.499045 5005 0.015565
37 0.499857 5025 0.015627
38 0.500669 5007 0.015571
39 0.501481 7438 0.023131
40 0.502293 11395 0.035437
41 0.503105 14057 0.043716
42 0.503916 17224 0.053565
43 0.504728 21147 0.065765
44 0.505540 21331 0.066337
45 0.506352 27048 0.084116
46 0.507164 20190 0.062788
47 0.507976 19950 0.062042
48 0.508788 18913 0.058817
49 0.509600 13586 0.042251
50 0.510412 12222 0.038009
51 0.511224 11459 0.035636
52 0.512035 9528 0.029631
53 0.512847 7254 0.022559
54 0.513659 7896 0.024556
55 0.514471 6776 0.021073
56 0.515283 4590 0.014274
57 0.516095 4393 0.013662
58 0.516907 2786 0.008664
59 0.517719 2667 0.008294
60 0.518531 1797 0.005588
61 0.519343 1955 0.006080
62 0.520155 1664 0.005175
63 0.520967 1209 0.003760
64 0.521778 1157 0.003598
65 0.522590 1062 0.003303
66 0.523402 1189 0.003698
67 0.524214 1049 0.003262
68 0.525026 1082 0.003365
69 0.525838 1066 0.003315
70 0.526650 982 0.003054
71 0.527462 1092 0.003396
72 0.528274 730 0.002270
73 0.529086 691 0.002149
74 0.529898 663 0.002062
75 0.530709 434 0.001350
76 0.531521 389 0.001210
77 0.532333 467 0.001452
78 0.533145 398 0.001238
79 0.533957 432 0.001343
80 0.534769 446 0.001387
81 0.535581 343 0.001067
82 0.536393 320 0.000995
83 0.537205 242 0.000753
84 0.538017 235 0.000731
85 0.538829 204 0.000634
86 0.539640 206 0.000641
87 0.540452 145 0.000451
88 0.541264 83 0.000258
89 0.542076 51 0.000159
90 0.542888 66 0.000205
91 0.543700 52 0.000162
92 0.544512 66 0.000205
93 0.545324 87 0.000271
94 0.546136 65 0.000202
95 0.546948 30 0.000093
96 0.547760 32 0.000100
97 0.548571 28 0.000087
98 0.549383 74 0.000230
99 0.550195 1 0.000003
