0 0.179043 219 0.000227
1 0.187346 128 0.000133
2 0.195650 416 0.000431
3 0.203953 482 0.000500
4 0.212256 221 0.000229
5 0.220560 280 0.000290
6 0.228863 167 0.000173
7 0.237167 351 0.000364
8 0.245470 334 0.000346
9 0.253774 536 0.000556
10 0.262077 634 0.000657
11 0.270380 564 0.000585
12 0.278684 1063 0.001102
13 0.286987 1349 0.001398
14 0.295291 1370 0.001420
15 0.303594 1837 0.001904
16 0.311898 1965 0.002037
17 0.320201 2319 0.002404
18 0.328505 2606 0.002701
19 0.336808 2284 0.002368
20 0.345111 2456 0.002546
21 0.353415 1914 0.001984
22 0.361718 2371 0.002458
23 0.370022 2925 0.003032
24 0.378325 3640 0.003773
25 0.386629 3668 0.003802
26 0.394932 3723 0.003859
27 0.403236 4164 0.004317
28 0.411539 4558 0.004725
29 0.419842 4532 0.004698
30 0.428146 7142 0.007404
31 0.436449 7333 0.007602
32 0.444753 8941 0.009268
33 0.453056 10714 0.011106
34 0.461360 12400 0.012854
35 0.469663 15629 0.016201
36 0.477967 20385 0.021132
37 0.486270 25962 0.026913
38 0.494573 62460 0.064748
39 0.502877 213288 0.221100
40 0.511180 85592 0.088727
41 0.519484 33118 0.034331
42 0.527787 24733 0.025639
43 0.536091 20595 0.021349
44 0.544394 18722 0.019408
45 0.552698 17382 0.018019
46 0.561001 18400 0.019074
47 0.569304 16753 0.017367
48 0.577608 19657 0.020377
49 0.585911 21112 0.021885
50 0.594215 25345 0.026273
51 0.602518 24891 0.025803
52 0.610822 20021 0.020754
53 0.619125 17035 0.017659
54 0.627429 12361 0.012814
55 0.635732 9975 0.010340
56 0.644035 9326 0.009668
57 0.652339 6723 0.006969
58 0.660642 6113 0.006337
59 0.668946 5396 0.005594
60 0.677249 5030 0.005214
61 0.685553 4528 0.004694
62 0.693856 4566 0.004733
63 0.702160 4261 0.004417
64 0.710463 3983 0.004129
65 0.718766 4092 0.004242
66 0.727070 3517 0.003646
67 0.735373 3429 0.003555
68 0.743677 3073 0.003186
69 0.751980 2970 0.003079
70 0.760284 3134 0.003249
71 0.768587 3346 0.003469
72 0.776891 3205 0.003322
73 0.785194 3540 0.003670
74 0.793497 3647 0.003781
75 0.801801 3613 0.003745
76 0.810104 3664 0.003798
77 0.818408 3062 0.003174
78 0.826711 2914 0.003021
79 0.835015 2970 0.003079
80 0.843318 3208 0.003325
81 0.851622 3337 0.003459
82 0.859925 3527 0.003656
83 0.868228 3858 0.003999
84 0.876532 3545 0.003675
85 0.884835 3256 0.003375
86 0.893139 3269 0.003389
87 0.901442 3383 0.003507
88 0.909746 2150 0.002229
89 0.918049 1778 0.001843
90 0.926353 1188 0.001232
91 0.934656 1511 0.001566
92 0.942959 1265 0.001311
93 0.951263 1511 0.001566
94 0.959566 1071 0.001110
95 0.967870 1083 0.001123
96 0.976173 1051 0.001089
97 0.984477 655 0.000679
98 0.992780 897 0.000930
99 1.001083 1 0.000001
