0 0.179043 219 0.000681
1 0.187346 128 0.000398
2 0.195650 416 0.001294
3 0.203953 482 0.001499
4 0.212256 221 0.000687
5 0.220560 280 0.000871
6 0.228863 167 0.000519
7 0.237167 229 0.000712
8 0.245470 294 0.000914
9 0.253774 506 0.001574
10 0.262077 238 0.000740
11 0.270380 263 0.000818
12 0.278684 454 0.001412
13 0.286987 478 0.001487
14 0.295291 713 0.002217
15 0.303594 988 0.003073
16 0.311898 1219 0.003791
17 0.320201 1014 0.003153
18 0.328505 805 0.002503
19 0.336808 695 0.002161
20 0.345111 752 0.002339
21 0.353415 320 0.000995
22 0.361718 636 0.001978
23 0.370022 660 0.002053
24 0.378325 791 0.002460
25 0.386629 557 0.001732
26 0.394932 379 0.001179
27 0.403236 266 0.000827
28 0.411539 236 0.000734
29 0.419842 289 0.000899
30 0.428146 515 0.001602
31 0.436449 481 0.001496
32 0.444753 509 0.001583
33 0.453056 561 0.001745
34 0.461360 794 0.002469
35 0.469663 912 0.002836
36 0.477967 1236 0.003844
37 0.486270 1206 0.003751
38 0.494573 1532 0.004764
39 0.502877 1990 0.006189
40 0.511180 2763 0.008593
41 0.519484 2991 0.009302
42 0.527787 3253 0.010116
43 0.536091 3921 0.012194
44 0.544394 5914 0.018392
45 0.552698 7849 0.024409
46 0.561001 10368 0.032243
47 0.569304 9549 0.029696
48 0.577608 12557 0.039051
49 0.585911 16887 0.052517
50 0.594215 21387 0.066511
51 0.602518 20872 0.064909
52 0.610822 16904 0.052569
53 0.619125 14634 0.045510
54 0.627429 10260 0.031907
55 0.635732 8253 0.025666
56 0.644035 7516 0.023374
57 0.652339 5334 0.016588
58 0.660642 4873 0.015154
59 0.668946 4158 0.012931
60 0.677249 3772 0.011730
61 0.685553 3640 0.011320
62 0.693856 3516 0.010934
63 0.702160 3230 0.010045
64 0.710463 3280 0.010200
65 0.718766 3149 0.009793
66 0.727070 3145 0.009781
67 0.735373 3059 0.009513
68 0.743677 2932 0.009118
69 0.751980 2910 0.009050
70 0.760284 3068 0.009541
71 0.768587 3212 0.009989
72 0.776891 3015 0.009376
73 0.785194 3540 0.011009
74 0.793497 3647 0.011342
75 0.801801 3613 0.011236
76 0.810104 3664 0.011395
77 0.818408 3062 0.009522
78 0.826711 2914 0.009062
79 0.835015 2970 0.009236
80 0.843318 3208 0.009976
81 0.851622 3337 0.010378
82 0.859925 3527 0.010969
83 0.868228 3858 0.011998
84 0.876532 3545 0.011025
85 0.884835 3256 0.010126
86 0.893139 3269 0.010166
87 0.901442 3383 0.010521
88 0.909746 2150 0.006686
89 0.918049 1778 0.005529
90 0.926353 1188 0.003695
91 0.934656 1511 0.004699
92 0.942959 1265 0.003934
93 0.951263 1511 0.004699
94 0.959566 1071 0.003331
95 0.967870 1083 0.003368
96 0.976173 1051 0.003268
97 0.984477 655 0.002037
98 0.992780 897 0.002790
99 1.001083 1 0.000003
