0 0.001706 2 0.000006
1 0.011790 1 0.000003
2 0.021874 1 0.000003
3 0.031958 2 0.000006
4 0.042041 0 0.000000
5 0.052125 0 0.000000
6 0.062209 0 0.000000
7 0.072293 0 0.000000
8 0.082377 0 0.000000
9 0.092460 2 0.000006
10 0.102544 4 0.000012
11 0.112628 8 0.000025
12 0.122712 40 0.000124
13 0.132795 2 0.000006
14 0.142879 0 0.000000
15 0.152963 0 0.000000
16 0.163047 0 0.000000
17 0.173131 1 0.000003
18 0.183214 1 0.000003
19 0.193298 14 0.000044
20 0.203382 49 0.000152
21 0.213466 108 0.000336
22 0.223549 112 0.000348
23 0.233633 40 0.000124
24 0.243717 21 0.000065
25 0.253801 16 0.000050
26 0.263884 16 0.000050
27 0.273968 19 0.000059
28 0.284052 39 0.000121
29 0.294136 182 0.000566
30 0.304220 486 0.001511
31 0.314303 836 0.002600
32 0.324387 1483 0.004612
33 0.334471 991 0.003082
34 0.344555 1211 0.003766
35 0.354638 2826 0.008789
36 0.364722 3955 0.012300
37 0.374806 5089 0.015826
38 0.384890 3554 0.011053
39 0.394974 3625 0.011273
40 0.405057 5399 0.016790
41 0.415141 7958 0.024748
42 0.425225 17951 0.055825
43 0.435309 8342 0.025943
44 0.445392 7251 0.022550
45 0.455476 10503 0.032663
46 0.465560 16290 0.050660
47 0.475644 10768 0.033487
48 0.485728 11652 0.036236
49 0.495811 68436 0.212828
50 0.505895 14876 0.046263
51 0.515979 13415 0.041719
52 0.526063 21812 0.067833
53 0.536146 10755 0.033447
54 0.546230 8492 0.026409
55 0.556314 9365 0.029124
56 0.566398 13092 0.040715
57 0.576481 7262 0.022584
58 0.586565 5224 0.016246
59 0.596649 4148 0.012900
60 0.606733 4281 0.013313
61 0.616817 4351 0.013531
62 0.626900 6233 0.019384
63 0.636984 1774 0.005517
64 0.647068 1380 0.004292
65 0.657152 1781 0.005539
66 0.667235 1809 0.005626
67 0.677319 894 0.002780
68 0.687403 390 0.001213
69 0.697487 376 0.001169
70 0.707571 202 0.000628
71 0.717654 18 0.000056
72 0.727738 19 0.000059
73 0.737822 11 0.000034
74 0.747906 19 0.000059
75 0.757989 5 0.000016
76 0.768073 34 0.000106
77 0.778157 28 0.000087
78 0.788241 82 0.000255
79 0.798325 90 0.000280
80 0.808408 15 0.000047
81 0.818492 0 0.000000
82 0.828576 0 0.000000
83 0.838660 0 0.000000
84 0.848743 0 0.000000
85 0.858827 0 0.000000
86 0.868911 10 0.000031
87 0.878995 7 0.000022
88 0.889078 10 0.000031
89 0.899162 5 0.000016
90 0.909246 2 0.000006
91 0.919330 0 0.000000
92 0.929414 0 0.000000
93 0.939497 0 0.000000
94 0.949581 0 0.000000
95 0.959665 0 0.000000
96 0.969749 0 0.000000
97 0.979832 0 0.000000
98 0.989916 0 0.000000
99 1.000000 3 0.000009
