0 0.011722 42 0.000131
1 0.021495 73 0.000227
2 0.031269 73 0.000227
3 0.041043 65 0.000202
4 0.050817 173 0.000538
5 0.060591 149 0.000463
6 0.070365 99 0.000308
7 0.080139 191 0.000594
8 0.089913 127 0.000395
9 0.099686 194 0.000603
10 0.109460 120 0.000373
11 0.119234 139 0.000432
12 0.129008 162 0.000504
13 0.138782 162 0.000504
14 0.148556 160 0.000498
15 0.158330 255 0.000793
16 0.168103 199 0.000619
17 0.177877 287 0.000893
18 0.187651 307 0.000955
19 0.197425 336 0.001045
20 0.207199 513 0.001595
21 0.216973 488 0.001518
22 0.226747 390 0.001213
23 0.236521 385 0.001197
24 0.246294 467 0.001452
25 0.256068 537 0.001670
26 0.265842 599 0.001863
27 0.275616 824 0.002563
28 0.285390 894 0.002780
29 0.295164 1043 0.003244
30 0.304938 1011 0.003144
31 0.314711 1117 0.003474
32 0.324485 1350 0.004198
33 0.334259 1376 0.004279
34 0.344033 1296 0.004030
35 0.353807 1331 0.004139
36 0.363581 2119 0.006590
37 0.373355 1918 0.005965
38 0.383129 2565 0.007977
39 0.392902 2727 0.008481
40 0.402676 3438 0.010692
41 0.412450 3682 0.011451
42 0.422224 4478 0.013926
43 0.431998 5765 0.017928
44 0.441772 6196 0.019269
45 0.451546 9016 0.028039
46 0.461319 12071 0.037539
47 0.471093 16556 0.051487
48 0.480867 28697 0.089244
49 0.490641 51115 0.158961
50 0.500415 45983 0.143002
51 0.510189 25856 0.080409
52 0.519963 15263 0.047466
53 0.529737 10772 0.033500
54 0.539510 7331 0.022799
55 0.549284 5874 0.018267
56 0.559058 5874 0.018267
57 0.568832 4899 0.015235
58 0.578606 4314 0.013416
59 0.588380 2799 0.008705
60 0.598154 2760 0.008583
61 0.607927 2304 0.007165
62 0.617701 2244 0.006979
63 0.627475 1743 0.005421
64 0.637249 1502 0.004671
65 0.647023 1606 0.004994
66 0.656797 1311 0.004077
67 0.666571 1280 0.003981
68 0.676345 1318 0.004099
69 0.686118 823 0.002559
70 0.695892 717 0.002230
71 0.705666 618 0.001922
72 0.715440 593 0.001844
73 0.725214 519 0.001614
74 0.734988 459 0.001427
75 0.744762 437 0.001359
76 0.754535 433 0.001347
77 0.764309 564 0.001754
78 0.774083 413 0.001284
79 0.783857 387 0.001204
80 0.793631 307 0.000955
81 0.803405 252 0.000784
82 0.813179 272 0.000846
83 0.822953 243 0.000756
84 0.832726 221 0.000687
85 0.842500 265 0.000824
86 0.852274 163 0.000507
87 0.862048 117 0.000364
88 0.871822 115 0.000358
89 0.881596 142 0.000442
90 0.891370 151 0.000470
91 0.901144 164 0.000510
92 0.910917 177 0.000550
93 0.920691 174 0.000541
94 0.930465 214 0.000666
95 0.940239 101 0.000314
96 0.950013 42 0.000131
97 0.959787 65 0.000202
98 0.969561 96 0.000299
99 0.979334 2 0.000006
