0 0.000000 9 0.000028
1 0.010101 52 0.000162
2 0.020202 90 0.000280
3 0.030303 76 0.000236
4 0.040404 85 0.000264
5 0.050505 57 0.000177
6 0.060606 47 0.000146
7 0.070707 65 0.000202
8 0.080808 85 0.000264
9 0.090909 72 0.000224
10 0.101010 63 0.000196
11 0.111111 50 0.000155
12 0.121212 47 0.000146
13 0.131313 41 0.000128
14 0.141414 42 0.000131
15 0.151515 54 0.000168
16 0.161616 46 0.000143
17 0.171717 49 0.000152
18 0.181818 42 0.000131
19 0.191919 107 0.000333
20 0.202020 109 0.000339
21 0.212121 124 0.000386
22 0.222222 111 0.000345
23 0.232323 116 0.000361
24 0.242424 286 0.000889
25 0.252525 438 0.001362
26 0.262626 512 0.001592
27 0.272727 567 0.001763
28 0.282828 604 0.001878
29 0.292929 471 0.001465
30 0.303030 642 0.001997
31 0.313131 1888 0.005871
32 0.323232 2080 0.006469
33 0.333333 2731 0.008493
34 0.343434 1404 0.004366
35 0.353535 307 0.000955
36 0.363636 261 0.000812
37 0.373737 275 0.000855
38 0.383838 274 0.000852
39 0.393939 255 0.000793
40 0.404040 426 0.001325
41 0.414141 464 0.001443
42 0.424242 480 0.001493
43 0.434343 469 0.001459
44 0.444444 745 0.002317
45 0.454545 835 0.002597
46 0.464646 961 0.002989
47 0.474748 1017 0.003163
48 0.484849 1530 0.004758
49 0.494950 1986 0.006176
50 0.505050 1847 0.005744
51 0.515152 2301 0.007156
52 0.525253 3131 0.009737
53 0.535354 3454 0.010742
54 0.545455 5778 0.017969
55 0.555556 7005 0.021785
56 0.565657 10996 0.034196
57 0.575758 26378 0.082032
58 0.585859 42949 0.133566
59 0.595960 38007 0.118197
60 0.606061 18117 0.056342
61 0.616162 13014 0.040472
62 0.626263 9583 0.029802
63 0.636364 6308 0.019617
64 0.646465 4953 0.015403
65 0.656566 4264 0.013261
66 0.666667 3574 0.011115
67 0.676768 3270 0.010169
68 0.686869 2827 0.008792
69 0.696970 2717 0.008450
70 0.707071 2557 0.007952
71 0.717172 2357 0.007330
72 0.727273 2347 0.007299
73 0.737374 2731 0.008493
74 0.747475 2498 0.007768
75 0.757576 2471 0.007685
76 0.767677 2871 0.008928
77 0.777778 2562 0.007968
78 0.787879 2658 0.008266
79 0.797980 2262 0.007035
80 0.808081 2554 0.007943
81 0.818182 3420 0.010636
82 0.828283 3798 0.011811
83 0.838384 3517 0.010937
84 0.848485 4701 0.014620
85 0.858586 6771 0.021057
86 0.868687 6148 0.019120
87 0.878788 6374 0.019822
88 0.888889 3809 0.011846
89 0.898990 3783 0.011765
90 0.909091 4310 0.013404
91 0.919192 4756 0.014791
92 0.929293 3446 0.010717
93 0.939394 2262 0.007035
94 0.949495 892 0.002774
95 0.959596 634 0.001972
96 0.969697 610 0.001897
97 0.979798 292 0.000908
98 0.989899 143 0.000445
99 1.000000 2 0.000006
