0 0.238071 107 0.000333
1 0.243588 32 0.000100
2 0.249105 29 0.000090
3 0.254622 22 0.000068
4 0.260139 110 0.000342
5 0.265656 318 0.000989
6 0.271173 177 0.000550
7 0.276690 291 0.000905
8 0.282207 478 0.001487
9 0.287724 601 0.001869
10 0.293241 483 0.001502
11 0.298758 444 0.001381
12 0.304275 597 0.001857
13 0.309792 491 0.001527
14 0.315309 510 0.001586
15 0.320826 673 0.002093
16 0.326343 1460 0.004540
17 0.331860 1012 0.003147
18 0.337377 1051 0.003268
19 0.342894 1060 0.003296
20 0.348410 1162 0.003614
21 0.353927 929 0.002889
22 0.359444 1294 0.004024
23 0.364961 1116 0.003471
24 0.370478 1423 0.004425
25 0.375995 1609 0.005004
26 0.381512 2110 0.006562
27 0.387029 1924 0.005983
28 0.392546 2332 0.007252
29 0.398063 2207 0.006864
30 0.403580 2434 0.007569
31 0.409097 3007 0.009351
32 0.414614 2834 0.008813
33 0.420131 2811 0.008742
34 0.425648 3881 0.012069
35 0.431165 4162 0.012943
36 0.436682 4586 0.014262
37 0.442199 4447 0.013830
38 0.447716 6304 0.019605
39 0.453233 6419 0.019962
40 0.458750 7100 0.022080
41 0.464267 8223 0.025573
42 0.469783 9301 0.028925
43 0.475300 10398 0.032337
44 0.480817 10868 0.033798
45 0.486334 10673 0.033192
46 0.491851 11697 0.036376
47 0.497368 13588 0.042257
48 0.502885 14902 0.046343
49 0.508402 15142 0.047090
50 0.513919 15356 0.047755
51 0.519436 12574 0.039104
52 0.524953 10101 0.031413
53 0.530470 10839 0.033708
54 0.535987 10169 0.031624
55 0.541504 9125 0.028378
56 0.547021 8039 0.025000
57 0.552538 6866 0.021352
58 0.558055 5465 0.016995
59 0.563572 5295 0.016467
60 0.569089 4698 0.014610
61 0.574606 5041 0.015677
62 0.580123 4590 0.014274
63 0.585639 3058 0.009510
64 0.591156 2309 0.007181
65 0.596673 2808 0.008733
66 0.602190 2935 0.009127
67 0.607707 2321 0.007218
68 0.613224 1937 0.006024
69 0.618741 1527 0.004749
70 0.624258 1570 0.004883
71 0.629775 1399 0.004351
72 0.635292 1232 0.003831
73 0.640809 1320 0.004105
74 0.646326 969 0.003013
75 0.651843 1039 0.003231
76 0.657360 789 0.002454
77 0.662877 811 0.002522
78 0.668394 855 0.002659
79 0.673911 838 0.002606
80 0.679428 821 0.002553
81 0.684945 566 0.001760
82 0.690462 644 0.002003
83 0.695979 731 0.002273
84 0.701495 719 0.002236
85 0.707012 616 0.001916
86 0.712529 409 0.001272
87 0.718046 584 0.001816
88 0.723563 529 0.001645
89 0.729080 239 0.000743
90 0.734597 233 0.000725
91 0.740114 215 0.000669
92 0.745631 91 0.000283
93 0.751148 43 0.000134
94 0.756665 35 0.000109
95 0.762182 41 0.000128
96 0.767699 79 0.000246
97 0.773216 143 0.000445
98 0.778733 113 0.000351
99 0.784250 1 0.000003
