initializing
training size    : 321556
testing size     : 321556
epoch count      : 10
sub epoch size   : 5

epoch_learning_rate_decay   : 8
learning_rate_decay         : 0.250000

training



epoch [0 0] from [10 5]
training time per iterations 0.474149[ms]
testing on 321556 items
testing done
average error 0.010484
min error     0.000000
max error     0.404967
saving best net
best net saved to experiment_1/trained/, with error 0.010484



epoch [0 1] from [10 5]
training time per iterations 0.478207[ms]
testing on 321556 items
testing done
average error 0.010230
min error     0.000000
max error     0.391566
saving best net
best net saved to experiment_1/trained/, with error 0.010230



epoch [0 2] from [10 5]
training time per iterations 0.472843[ms]
testing on 321556 items
testing done
average error 0.009810
min error     0.000000
max error     0.374003
saving best net
best net saved to experiment_1/trained/, with error 0.009810



epoch [0 3] from [10 5]
training time per iterations 0.474165[ms]
testing on 321556 items
testing done
average error 0.009431
min error     0.000000
max error     0.345234
saving best net
best net saved to experiment_1/trained/, with error 0.009431



epoch [0 4] from [10 5]
training time per iterations 0.477772[ms]
testing on 321556 items
testing done
average error 0.009026
min error     0.000000
max error     0.321687
saving best net
best net saved to experiment_1/trained/, with error 0.009026



epoch [1 0] from [10 5]
training time per iterations 0.480913[ms]
testing on 321556 items
testing done
average error 0.008628
min error     0.000000
max error     0.311913
saving best net
best net saved to experiment_1/trained/, with error 0.008628



epoch [1 1] from [10 5]
training time per iterations 0.474647[ms]
testing on 321556 items
testing done
average error 0.008099
min error     0.000000
max error     0.276716
saving best net
best net saved to experiment_1/trained/, with error 0.008099



epoch [1 2] from [10 5]
training time per iterations 0.477010[ms]
testing on 321556 items
testing done
average error 0.007541
min error     0.000000
max error     0.269528
saving best net
best net saved to experiment_1/trained/, with error 0.007541



epoch [1 3] from [10 5]
training time per iterations 0.479607[ms]
testing on 321556 items
testing done
average error 0.006848
min error     0.000000
max error     0.248591
saving best net
best net saved to experiment_1/trained/, with error 0.006848



epoch [1 4] from [10 5]
training time per iterations 0.471925[ms]
testing on 321556 items
testing done
average error 0.006263
min error     0.000000
max error     0.249301
saving best net
best net saved to experiment_1/trained/, with error 0.006263



epoch [2 0] from [10 5]
training time per iterations 0.475424[ms]
testing on 321556 items
testing done
average error 0.005755
min error     0.000000
max error     0.250082
saving best net
best net saved to experiment_1/trained/, with error 0.005755



epoch [2 1] from [10 5]
training time per iterations 0.474693[ms]
testing on 321556 items
testing done
average error 0.005461
min error     0.000000
max error     0.254850
saving best net
best net saved to experiment_1/trained/, with error 0.005461



epoch [2 2] from [10 5]
training time per iterations 0.474911[ms]
testing on 321556 items
testing done
average error 0.005221
min error     0.000000
max error     0.248060
saving best net
best net saved to experiment_1/trained/, with error 0.005221



epoch [2 3] from [10 5]
training time per iterations 0.472236[ms]
testing on 321556 items
testing done
average error 0.004863
min error     0.000000
max error     0.248628
saving best net
best net saved to experiment_1/trained/, with error 0.004863



epoch [2 4] from [10 5]
training time per iterations 0.473216[ms]
testing on 321556 items
testing done
average error 0.004521
min error     0.000000
max error     0.245022
saving best net
best net saved to experiment_1/trained/, with error 0.004521



epoch [3 0] from [10 5]
training time per iterations 0.473263[ms]
testing on 321556 items
testing done
average error 0.004242
min error     0.000000
max error     0.246407
saving best net
best net saved to experiment_1/trained/, with error 0.004242



epoch [3 1] from [10 5]
training time per iterations 0.474211[ms]
testing on 321556 items
testing done
average error 0.004074
min error     0.000000
max error     0.249475
saving best net
best net saved to experiment_1/trained/, with error 0.004074



epoch [3 2] from [10 5]
training time per iterations 0.474040[ms]
testing on 321556 items
testing done
average error 0.003955
min error     0.000000
max error     0.249323
saving best net
best net saved to experiment_1/trained/, with error 0.003955



epoch [3 3] from [10 5]
training time per iterations 0.472936[ms]
testing on 321556 items
testing done
average error 0.003832
min error     0.000000
max error     0.252294
saving best net
best net saved to experiment_1/trained/, with error 0.003832



epoch [3 4] from [10 5]
training time per iterations 0.470635[ms]
testing on 321556 items
testing done
average error 0.003759
min error     0.000000
max error     0.250755
saving best net
best net saved to experiment_1/trained/, with error 0.003759



epoch [4 0] from [10 5]
training time per iterations 0.474460[ms]
testing on 321556 items
testing done
average error 0.003763
min error     0.000000
max error     0.252914



epoch [4 1] from [10 5]
training time per iterations 0.473558[ms]
testing on 321556 items
testing done
average error 0.003622
min error     0.000000
max error     0.253784
saving best net
best net saved to experiment_1/trained/, with error 0.003622



epoch [4 2] from [10 5]
training time per iterations 0.472563[ms]
testing on 321556 items
testing done
average error 0.003507
min error     0.000000
max error     0.254881
saving best net
best net saved to experiment_1/trained/, with error 0.003507



epoch [4 3] from [10 5]
training time per iterations 0.473620[ms]
testing on 321556 items
testing done
average error 0.003490
min error     0.000000
max error     0.256989
saving best net
best net saved to experiment_1/trained/, with error 0.003490



epoch [4 4] from [10 5]
training time per iterations 0.470168[ms]
testing on 321556 items
testing done
average error 0.003303
min error     0.000000
max error     0.255753
saving best net
best net saved to experiment_1/trained/, with error 0.003303



epoch [5 0] from [10 5]
training time per iterations 0.475004[ms]
testing on 321556 items
testing done
average error 0.003291
min error     0.000000
max error     0.254462
saving best net
best net saved to experiment_1/trained/, with error 0.003291



epoch [5 1] from [10 5]
training time per iterations 0.470744[ms]
testing on 321556 items
testing done
average error 0.003196
min error     0.000000
max error     0.254764
saving best net
best net saved to experiment_1/trained/, with error 0.003196



epoch [5 2] from [10 5]
training time per iterations 0.474522[ms]
testing on 321556 items
testing done
average error 0.003206
min error     0.000000
max error     0.254938



epoch [5 3] from [10 5]
training time per iterations 0.474584[ms]
testing on 321556 items
testing done
average error 0.003123
min error     0.000000
max error     0.255709
saving best net
best net saved to experiment_1/trained/, with error 0.003123



epoch [5 4] from [10 5]
training time per iterations 0.471925[ms]
testing on 321556 items
testing done
average error 0.003010
min error     0.000000
max error     0.252593
saving best net
best net saved to experiment_1/trained/, with error 0.003010



epoch [6 0] from [10 5]
training time per iterations 0.475782[ms]
testing on 321556 items
testing done
average error 0.003035
min error     0.000000
max error     0.257001



epoch [6 1] from [10 5]
training time per iterations 0.474864[ms]
testing on 321556 items
testing done
average error 0.002951
min error     0.000000
max error     0.255387
saving best net
best net saved to experiment_1/trained/, with error 0.002951



epoch [6 2] from [10 5]
training time per iterations 0.474584[ms]
testing on 321556 items
testing done
average error 0.002935
min error     0.000000
max error     0.254619
saving best net
best net saved to experiment_1/trained/, with error 0.002935



epoch [6 3] from [10 5]
training time per iterations 0.472890[ms]
testing on 321556 items
testing done
average error 0.002908
min error     0.000000
max error     0.256899
saving best net
best net saved to experiment_1/trained/, with error 0.002908



epoch [6 4] from [10 5]
training time per iterations 0.473994[ms]
testing on 321556 items
testing done
average error 0.002879
min error     0.000000
max error     0.258108
saving best net
best net saved to experiment_1/trained/, with error 0.002879



epoch [7 0] from [10 5]
training time per iterations 0.471599[ms]
testing on 321556 items
testing done
average error 0.002802
min error     0.000000
max error     0.257654
saving best net
best net saved to experiment_1/trained/, with error 0.002802



epoch [7 1] from [10 5]
training time per iterations 0.476964[ms]
testing on 321556 items
testing done
average error 0.002965
min error     0.000000
max error     0.256172



epoch [7 2] from [10 5]
training time per iterations 0.475129[ms]
testing on 321556 items
testing done
average error 0.002874
min error     0.000000
max error     0.257842



epoch [7 3] from [10 5]
training time per iterations 0.474165[ms]
testing on 321556 items
testing done
average error 0.002716
min error     0.000000
max error     0.258896
saving best net
best net saved to experiment_1/trained/, with error 0.002716



epoch [7 4] from [10 5]
training time per iterations 0.473667[ms]
testing on 321556 items
testing done
average error 0.002671
min error     0.000000
max error     0.261336
saving best net
best net saved to experiment_1/trained/, with error 0.002671
setting learning rate to 0.000050



epoch [8 0] from [10 5]
training time per iterations 0.472314[ms]
testing on 321556 items
testing done
average error 0.002656
min error     0.000000
max error     0.259748
saving best net
best net saved to experiment_1/trained/, with error 0.002656



epoch [8 1] from [10 5]
training time per iterations 0.471164[ms]
testing on 321556 items
testing done
average error 0.002650
min error     0.000000
max error     0.260237
saving best net
best net saved to experiment_1/trained/, with error 0.002650



epoch [8 2] from [10 5]
training time per iterations 0.473543[ms]
testing on 321556 items
testing done
average error 0.002659
min error     0.000000
max error     0.259660



epoch [8 3] from [10 5]
training time per iterations 0.474709[ms]
testing on 321556 items
testing done
average error 0.002641
min error     0.000000
max error     0.260282
saving best net
best net saved to experiment_1/trained/, with error 0.002641



epoch [8 4] from [10 5]
training time per iterations 0.474149[ms]
testing on 321556 items
testing done
average error 0.002675
min error     0.000000
max error     0.259276



epoch [9 0] from [10 5]
training time per iterations 0.473154[ms]
testing on 321556 items
testing done
average error 0.002634
min error     0.000000
max error     0.260255
saving best net
best net saved to experiment_1/trained/, with error 0.002634



epoch [9 1] from [10 5]
training time per iterations 0.473776[ms]
testing on 321556 items
testing done
average error 0.002612
min error     0.000000
max error     0.259955
saving best net
best net saved to experiment_1/trained/, with error 0.002612



epoch [9 2] from [10 5]
training time per iterations 0.475331[ms]
testing on 321556 items
testing done
average error 0.002617
min error     0.000000
max error     0.259761



epoch [9 3] from [10 5]
training time per iterations 0.473201[ms]
testing on 321556 items
testing done
average error 0.002641
min error     0.000000
max error     0.259363



epoch [9 4] from [10 5]
training time per iterations 0.473729[ms]
testing on 321556 items
testing done
average error 0.002586
min error     0.000000
max error     0.259820
saving best net
best net saved to experiment_1/trained/, with error 0.002586
training done
