0.000000 0 0 0.010484 0.000000 0.404967 0.010517 0.000000 0.396498
0.200000 0 1 0.010230 0.000000 0.391566 0.010250 0.000000 0.384894
0.400000 0 2 0.009810 0.000000 0.374003 0.009797 0.000000 0.374003
0.600000 0 3 0.009431 0.000000 0.345234 0.009418 0.000000 0.345234
0.800000 0 4 0.009026 0.000000 0.321687 0.009023 0.000000 0.321687
1.000000 1 0 0.008628 0.000000 0.311913 0.008618 0.000000 0.311913
1.200000 1 1 0.008099 0.000000 0.276716 0.008098 0.000000 0.276716
1.400000 1 2 0.007541 0.000000 0.269528 0.007539 0.000000 0.259899
1.600000 1 3 0.006848 0.000000 0.248591 0.006832 0.000000 0.248591
1.800000 1 4 0.006263 0.000000 0.249301 0.006290 0.000000 0.244187
2.000000 2 0 0.005755 0.000000 0.250082 0.005759 0.000000 0.250082
2.200000 2 1 0.005461 0.000000 0.254850 0.005496 0.000000 0.232815
2.400000 2 2 0.005221 0.000000 0.248060 0.005231 0.000000 0.238651
2.600000 2 3 0.004863 0.000000 0.248628 0.004871 0.000000 0.238359
2.800000 2 4 0.004521 0.000000 0.245022 0.004520 0.000000 0.243570
3.000000 3 0 0.004242 0.000000 0.246407 0.004260 0.000000 0.246407
3.200000 3 1 0.004074 0.000000 0.249475 0.004087 0.000000 0.249475
3.400000 3 2 0.003955 0.000000 0.249323 0.003959 0.000000 0.249323
3.600000 3 3 0.003832 0.000000 0.252294 0.003830 0.000000 0.252294
3.800000 3 4 0.003759 0.000000 0.250755 0.003773 0.000000 0.250201
4.000000 4 0 0.003763 0.000000 0.252914 0.003753 0.000000 0.252914
4.200000 4 1 0.003622 0.000000 0.253784 0.003634 0.000000 0.248920
4.400000 4 2 0.003507 0.000000 0.254881 0.003521 0.000000 0.254881
4.600000 4 3 0.003490 0.000000 0.256989 0.003484 0.000000 0.256989
4.800000 4 4 0.003303 0.000000 0.255753 0.003292 0.000000 0.255753
5.000000 5 0 0.003291 0.000000 0.254462 0.003283 0.000000 0.254462
5.200000 5 1 0.003196 0.000000 0.254764 0.003203 0.000000 0.254452
5.400000 5 2 0.003206 0.000000 0.254938 0.003212 0.000000 0.249044
5.600000 5 3 0.003123 0.000000 0.255709 0.003128 0.000000 0.250844
5.800000 5 4 0.003010 0.000000 0.252593 0.003000 0.000000 0.252593
6.000000 6 0 0.003035 0.000000 0.257001 0.003039 0.000000 0.257001
6.200000 6 1 0.002951 0.000000 0.255387 0.002961 0.000000 0.255387
6.400000 6 2 0.002935 0.000000 0.254619 0.002918 0.000000 0.254619
6.600000 6 3 0.002908 0.000000 0.256899 0.002898 0.000000 0.256899
6.800000 6 4 0.002879 0.000000 0.258108 0.002876 0.000000 0.257470
7.000000 7 0 0.002802 0.000000 0.257654 0.002804 0.000000 0.257654
7.200000 7 1 0.002965 0.000000 0.256172 0.002957 0.000000 0.256172
7.400000 7 2 0.002874 0.000000 0.257842 0.002878 0.000000 0.257842
7.600000 7 3 0.002716 0.000000 0.258896 0.002703 0.000000 0.258896
7.800000 7 4 0.002671 0.000000 0.261336 0.002670 0.000000 0.261336
8.000000 8 0 0.002656 0.000000 0.259748 0.002654 0.000000 0.253826
8.200000 8 1 0.002650 0.000000 0.260237 0.002651 0.000000 0.260237
8.400000 8 2 0.002659 0.000000 0.259660 0.002654 0.000000 0.259217
8.600000 8 3 0.002641 0.000000 0.260282 0.002643 0.000000 0.260282
8.800000 8 4 0.002675 0.000000 0.259276 0.002669 0.000000 0.259276
9.000000 9 0 0.002634 0.000000 0.260255 0.002639 0.000000 0.259578
9.200000 9 1 0.002612 0.000000 0.259955 0.002613 0.000000 0.259955
9.400000 9 2 0.002617 0.000000 0.259761 0.002622 0.000000 0.259761
9.600000 9 3 0.002641 0.000000 0.259363 0.002645 0.000000 0.259363
9.800000 9 4 0.002586 0.000000 0.259820 0.002577 0.000000 0.258958
