0 -0.273462 26 0.000081
1 -0.267487 32 0.000100
2 -0.261511 50 0.000155
3 -0.255536 78 0.000243
4 -0.249560 71 0.000221
5 -0.243585 63 0.000196
6 -0.237609 128 0.000398
7 -0.231633 142 0.000442
8 -0.225658 86 0.000267
9 -0.219682 77 0.000239
10 -0.213707 120 0.000373
11 -0.207731 130 0.000404
12 -0.201756 113 0.000351
13 -0.195780 124 0.000386
14 -0.189804 148 0.000460
15 -0.183829 134 0.000417
16 -0.177853 117 0.000364
17 -0.171878 183 0.000569
18 -0.165902 152 0.000473
19 -0.159927 179 0.000557
20 -0.153951 198 0.000616
21 -0.147975 192 0.000597
22 -0.142000 174 0.000541
23 -0.136024 224 0.000697
24 -0.130049 441 0.001371
25 -0.124073 483 0.001502
26 -0.118097 420 0.001306
27 -0.112122 531 0.001651
28 -0.106146 814 0.002531
29 -0.100171 588 0.001829
30 -0.094195 586 0.001822
31 -0.088220 858 0.002668
32 -0.082244 887 0.002758
33 -0.076268 1018 0.003166
34 -0.070293 1341 0.004170
35 -0.064317 1390 0.004323
36 -0.058342 1957 0.006086
37 -0.052366 2651 0.008244
38 -0.046391 4337 0.013488
39 -0.040415 5983 0.018606
40 -0.034439 9274 0.028841
41 -0.028464 13407 0.041694
42 -0.022488 22719 0.070653
43 -0.016513 30423 0.094612
44 -0.010537 37116 0.115426
45 -0.004562 38417 0.119472
46 0.001414 41727 0.129766
47 0.007390 30101 0.093610
48 0.013365 21351 0.066399
49 0.019341 14327 0.044555
50 0.025316 7248 0.022540
51 0.031292 5510 0.017135
52 0.037267 3967 0.012337
53 0.043243 2564 0.007974
54 0.049219 1978 0.006151
55 0.055194 1845 0.005738
56 0.061170 1422 0.004422
57 0.067145 1179 0.003667
58 0.073121 927 0.002883
59 0.079096 779 0.002423
60 0.085072 802 0.002494
61 0.091048 622 0.001934
62 0.097023 662 0.002059
63 0.102999 785 0.002441
64 0.108974 571 0.001776
65 0.114950 612 0.001903
66 0.120926 367 0.001141
67 0.126901 280 0.000871
68 0.132877 305 0.000949
69 0.138852 255 0.000793
70 0.144828 273 0.000849
71 0.150803 222 0.000690
72 0.156779 242 0.000753
73 0.162755 214 0.000666
74 0.168730 243 0.000756
75 0.174706 155 0.000482
76 0.180681 163 0.000507
77 0.186657 178 0.000554
78 0.192632 126 0.000392
79 0.198608 83 0.000258
80 0.204584 90 0.000280
81 0.210559 148 0.000460
82 0.216535 73 0.000227
83 0.222510 46 0.000143
84 0.228486 50 0.000155
85 0.234461 75 0.000233
86 0.240437 38 0.000118
87 0.246413 56 0.000174
88 0.252388 52 0.000162
89 0.258364 24 0.000075
90 0.264339 25 0.000078
91 0.270315 34 0.000106
92 0.276290 31 0.000096
93 0.282266 17 0.000053
94 0.288242 26 0.000081
95 0.294217 26 0.000081
96 0.300193 49 0.000152
97 0.306168 12 0.000037
98 0.312144 16 0.000050
99 0.318119 1 0.000003
