0 -0.508879 3 0.000009
1 -0.498773 0 0.000000
2 -0.488668 0 0.000000
3 -0.478562 3 0.000009
4 -0.468456 0 0.000000
5 -0.458350 1 0.000003
6 -0.448244 0 0.000000
7 -0.438139 0 0.000000
8 -0.428033 0 0.000000
9 -0.417927 5 0.000016
10 -0.407821 6 0.000019
11 -0.397715 3 0.000009
12 -0.387610 27 0.000084
13 -0.377504 15 0.000047
14 -0.367398 0 0.000000
15 -0.357292 1 0.000003
16 -0.347186 0 0.000000
17 -0.337081 3 0.000009
18 -0.326975 1 0.000003
19 -0.316869 15 0.000047
20 -0.306763 39 0.000121
21 -0.296658 64 0.000199
22 -0.286552 113 0.000351
23 -0.276446 30 0.000093
24 -0.266340 28 0.000087
25 -0.256234 16 0.000050
26 -0.246128 6 0.000019
27 -0.236023 13 0.000040
28 -0.225917 40 0.000124
29 -0.215811 122 0.000379
30 -0.205705 305 0.000949
31 -0.195599 652 0.002028
32 -0.185494 914 0.002842
33 -0.175388 1263 0.003928
34 -0.165282 1074 0.003340
35 -0.155176 2222 0.006910
36 -0.145071 2631 0.008182
37 -0.134965 5222 0.016240
38 -0.124859 3686 0.011463
39 -0.114753 3463 0.010770
40 -0.104647 4332 0.013472
41 -0.094542 5847 0.018183
42 -0.084436 11028 0.034296
43 -0.074330 16657 0.051801
44 -0.064224 7057 0.021946
45 -0.054118 9246 0.028754
46 -0.044013 12698 0.039489
47 -0.033907 13462 0.041865
48 -0.023801 10338 0.032150
49 -0.013695 27098 0.084271
50 -0.003589 56530 0.175801
51 0.006516 12719 0.039555
52 0.016622 16594 0.051605
53 0.026728 20112 0.062546
54 0.036834 8624 0.026820
55 0.046940 9560 0.029730
56 0.057045 10320 0.032094
57 0.067151 10449 0.032495
58 0.077257 6013 0.018700
59 0.087363 4684 0.014567
60 0.097469 4373 0.013599
61 0.107574 3302 0.010269
62 0.117680 7017 0.021822
63 0.127786 3530 0.010978
64 0.137892 1794 0.005579
65 0.147998 1825 0.005676
66 0.158103 1300 0.004043
67 0.168209 1556 0.004839
68 0.178315 494 0.001536
69 0.188421 376 0.001169
70 0.198527 294 0.000914
71 0.208632 33 0.000103
72 0.218738 9 0.000028
73 0.228844 12 0.000037
74 0.238950 18 0.000056
75 0.249056 3 0.000009
76 0.259161 39 0.000121
77 0.269267 17 0.000053
78 0.279373 37 0.000115
79 0.289479 109 0.000339
80 0.299585 20 0.000062
81 0.309690 0 0.000000
82 0.319796 0 0.000000
83 0.329902 0 0.000000
84 0.340008 0 0.000000
85 0.350114 2 0.000006
86 0.360219 11 0.000034
87 0.370325 3 0.000009
88 0.380431 9 0.000028
89 0.390537 17 0.000053
90 0.400643 0 0.000000
91 0.410748 0 0.000000
92 0.420854 0 0.000000
93 0.430960 0 0.000000
94 0.441066 0 0.000000
95 0.451172 0 0.000000
96 0.461277 0 0.000000
97 0.471383 1 0.000003
98 0.481489 0 0.000000
99 0.491595 1 0.000003
