0 -0.508879 3 0.000003
1 -0.498773 0 0.000000
2 -0.488668 0 0.000000
3 -0.478562 3 0.000003
4 -0.468456 0 0.000000
5 -0.458350 1 0.000001
6 -0.448244 0 0.000000
7 -0.438139 0 0.000000
8 -0.428033 0 0.000000
9 -0.417927 5 0.000005
10 -0.407821 6 0.000006
11 -0.397715 3 0.000003
12 -0.387610 27 0.000028
13 -0.377504 15 0.000016
14 -0.367398 0 0.000000
15 -0.357292 1 0.000001
16 -0.347186 0 0.000000
17 -0.337081 3 0.000003
18 -0.326975 1 0.000001
19 -0.316869 15 0.000016
20 -0.306763 39 0.000040
21 -0.296658 64 0.000066
22 -0.286552 113 0.000117
23 -0.276446 59 0.000061
24 -0.266340 103 0.000107
25 -0.256234 137 0.000142
26 -0.246128 209 0.000217
27 -0.236023 332 0.000344
28 -0.225917 316 0.000328
29 -0.215811 462 0.000479
30 -0.205705 685 0.000710
31 -0.195599 1066 0.001105
32 -0.185494 1431 0.001483
33 -0.175388 1713 0.001776
34 -0.165282 1655 0.001716
35 -0.155176 2915 0.003022
36 -0.145071 3494 0.003622
37 -0.134965 6272 0.006502
38 -0.124859 5233 0.005425
39 -0.114753 5454 0.005654
40 -0.104647 6808 0.007057
41 -0.094542 8585 0.008899
42 -0.084436 15274 0.015833
43 -0.074330 22824 0.023660
44 -0.064224 14810 0.015352
45 -0.054118 21489 0.022276
46 -0.044013 34922 0.036201
47 -0.033907 52549 0.054474
48 -0.023801 85810 0.088953
49 -0.013695 138038 0.143094
50 -0.003589 178694 0.185239
51 0.006516 99700 0.103352
52 0.016622 70888 0.073484
53 0.026728 52035 0.053941
54 0.036834 26256 0.027218
55 0.046940 19130 0.019831
56 0.057045 15911 0.016494
57 0.067151 14472 0.015002
58 0.077257 8883 0.009208
59 0.087363 7081 0.007340
60 0.097469 6698 0.006943
61 0.107574 5520 0.005722
62 0.117680 8590 0.008905
63 0.127786 4812 0.004988
64 0.137892 2834 0.002938
65 0.147998 2670 0.002768
66 0.158103 2067 0.002143
67 0.168209 2124 0.002202
68 0.178315 900 0.000933
69 0.188421 731 0.000758
70 0.198527 461 0.000478
71 0.208632 285 0.000295
72 0.218738 124 0.000129
73 0.228844 140 0.000145
74 0.238950 104 0.000108
75 0.249056 87 0.000090
76 0.259161 84 0.000087
77 0.269267 78 0.000081
78 0.279373 70 0.000073
79 0.289479 152 0.000158
80 0.299585 78 0.000081
81 0.309690 21 0.000022
82 0.319796 0 0.000000
83 0.329902 0 0.000000
84 0.340008 0 0.000000
85 0.350114 2 0.000002
86 0.360219 11 0.000011
87 0.370325 3 0.000003
88 0.380431 9 0.000009
89 0.390537 17 0.000018
90 0.400643 0 0.000000
91 0.410748 0 0.000000
92 0.420854 0 0.000000
93 0.430960 0 0.000000
94 0.441066 0 0.000000
95 0.451172 0 0.000000
96 0.461277 0 0.000000
97 0.471383 1 0.000001
98 0.481489 0 0.000000
99 0.491595 1 0.000001
