0 -0.252956 6 0.000019
1 -0.248038 19 0.000059
2 -0.243120 42 0.000131
3 -0.238202 39 0.000121
4 -0.233285 37 0.000115
5 -0.228367 45 0.000140
6 -0.223449 82 0.000255
7 -0.218531 57 0.000177
8 -0.213614 88 0.000274
9 -0.208696 70 0.000218
10 -0.203778 69 0.000215
11 -0.198860 96 0.000299
12 -0.193942 107 0.000333
13 -0.189025 113 0.000351
14 -0.184107 133 0.000414
15 -0.179189 113 0.000351
16 -0.174271 86 0.000267
17 -0.169354 108 0.000336
18 -0.164436 158 0.000491
19 -0.159518 142 0.000442
20 -0.154600 118 0.000367
21 -0.149682 245 0.000762
22 -0.144765 235 0.000731
23 -0.139847 272 0.000846
24 -0.134929 243 0.000756
25 -0.130011 250 0.000777
26 -0.125094 291 0.000905
27 -0.120176 471 0.001465
28 -0.115258 499 0.001552
29 -0.110340 527 0.001639
30 -0.105422 520 0.001617
31 -0.100505 684 0.002127
32 -0.095587 795 0.002472
33 -0.090669 812 0.002525
34 -0.085751 1002 0.003116
35 -0.080834 1350 0.004198
36 -0.075916 1938 0.006027
37 -0.070998 1982 0.006164
38 -0.066080 2027 0.006304
39 -0.061162 2405 0.007479
40 -0.056245 3144 0.009777
41 -0.051327 3822 0.011886
42 -0.046409 4390 0.013652
43 -0.041491 5939 0.018470
44 -0.036574 7379 0.022948
45 -0.031656 9818 0.030533
46 -0.026738 14361 0.044661
47 -0.021820 16192 0.050355
48 -0.016902 21070 0.065525
49 -0.011985 24354 0.075738
50 -0.007067 26184 0.081429
51 -0.002149 27239 0.084710
52 0.002769 23887 0.074286
53 0.007686 20066 0.062403
54 0.012604 15860 0.049323
55 0.017522 16097 0.050060
56 0.022440 11763 0.036581
57 0.027358 12304 0.038264
58 0.032275 8451 0.026282
59 0.037193 6435 0.020012
60 0.042111 4724 0.014691
61 0.047029 3738 0.011625
62 0.051946 2264 0.007041
63 0.056864 1627 0.005060
64 0.061782 1241 0.003859
65 0.066700 1109 0.003449
66 0.071618 1016 0.003160
67 0.076535 834 0.002594
68 0.081453 685 0.002130
69 0.086371 654 0.002034
70 0.091289 575 0.001788
71 0.096206 605 0.001881
72 0.101124 506 0.001574
73 0.106042 586 0.001822
74 0.110960 540 0.001679
75 0.115878 522 0.001623
76 0.120795 383 0.001191
77 0.125713 375 0.001166
78 0.130631 381 0.001185
79 0.135549 355 0.001104
80 0.140466 291 0.000905
81 0.145384 238 0.000740
82 0.150302 227 0.000706
83 0.155220 177 0.000550
84 0.160138 184 0.000572
85 0.165055 188 0.000585
86 0.169973 58 0.000180
87 0.174891 75 0.000233
88 0.179809 66 0.000205
89 0.184726 62 0.000193
90 0.189644 63 0.000196
91 0.194562 58 0.000180
92 0.199480 13 0.000040
93 0.204398 17 0.000053
94 0.209315 15 0.000047
95 0.214233 25 0.000078
96 0.219151 5 0.000016
97 0.224069 12 0.000037
98 0.228986 30 0.000093
99 0.233904 1 0.000003
