0 0.000000 763829 0.791805
1 0.002616 71825 0.074456
2 0.005231 40758 0.042251
3 0.007847 19823 0.020549
4 0.010463 13592 0.014090
5 0.013079 13443 0.013935
6 0.015694 12802 0.013271
7 0.018310 5885 0.006101
8 0.020926 5100 0.005287
9 0.023542 3382 0.003506
10 0.026157 2995 0.003105
11 0.028773 2942 0.003050
12 0.031389 1657 0.001718
13 0.034005 1436 0.001489
14 0.036620 1023 0.001060
15 0.039236 796 0.000825
16 0.041852 499 0.000517
17 0.044468 441 0.000457
18 0.047083 280 0.000290
19 0.049699 243 0.000252
20 0.052315 303 0.000314
21 0.054931 196 0.000203
22 0.057546 158 0.000164
23 0.060162 111 0.000115
24 0.062778 149 0.000154
25 0.065393 82 0.000085
26 0.068009 81 0.000084
27 0.070625 62 0.000064
28 0.073241 70 0.000073
29 0.075856 75 0.000078
30 0.078472 88 0.000091
31 0.081088 86 0.000089
32 0.083704 86 0.000089
33 0.086319 88 0.000091
34 0.088935 67 0.000069
35 0.091551 59 0.000061
36 0.094167 22 0.000023
37 0.096782 6 0.000006
38 0.099398 17 0.000018
39 0.102014 0 0.000000
40 0.104630 0 0.000000
41 0.107245 3 0.000003
42 0.109861 0 0.000000
43 0.112477 0 0.000000
44 0.115092 0 0.000000
45 0.117708 0 0.000000
46 0.120324 1 0.000001
47 0.122940 0 0.000000
48 0.125555 2 0.000002
49 0.128171 4 0.000004
50 0.130787 3 0.000003
51 0.133403 3 0.000003
52 0.136018 5 0.000005
53 0.138634 5 0.000005
54 0.141250 15 0.000016
55 0.143866 19 0.000020
56 0.146481 6 0.000006
57 0.149097 5 0.000005
58 0.151713 7 0.000007
59 0.154329 9 0.000009
60 0.156944 5 0.000005
61 0.159560 2 0.000002
62 0.162176 0 0.000000
63 0.164792 5 0.000005
64 0.167407 0 0.000000
65 0.170023 1 0.000001
66 0.172639 2 0.000002
67 0.175254 0 0.000000
68 0.177870 0 0.000000
69 0.180486 0 0.000000
70 0.183102 0 0.000000
71 0.185717 0 0.000000
72 0.188333 0 0.000000
73 0.190949 0 0.000000
74 0.193565 0 0.000000
75 0.196180 0 0.000000
76 0.198796 0 0.000000
77 0.201412 1 0.000001
78 0.204028 0 0.000000
79 0.206643 0 0.000000
80 0.209259 0 0.000000
81 0.211875 0 0.000000
82 0.214491 0 0.000000
83 0.217106 0 0.000000
84 0.219722 0 0.000000
85 0.222338 1 0.000001
86 0.224953 0 0.000000
87 0.227569 3 0.000003
88 0.230185 0 0.000000
89 0.232801 0 0.000000
90 0.235416 0 0.000000
91 0.238032 0 0.000000
92 0.240648 1 0.000001
93 0.243264 0 0.000000
94 0.245879 0 0.000000
95 0.248495 1 0.000001
96 0.251111 0 0.000000
97 0.253727 1 0.000001
98 0.256342 0 0.000000
99 0.258958 1 0.000001
