0 0.001706 2 0.000006
1 0.011790 1 0.000003
2 0.021874 2 0.000006
3 0.031958 1 0.000003
4 0.042041 0 0.000000
5 0.052125 1 0.000003
6 0.062209 0 0.000000
7 0.072293 0 0.000000
8 0.082377 0 0.000000
9 0.092460 6 0.000019
10 0.102544 5 0.000016
11 0.112628 10 0.000031
12 0.122712 32 0.000100
13 0.132795 3 0.000009
14 0.142879 0 0.000000
15 0.152963 1 0.000003
16 0.163047 0 0.000000
17 0.173131 3 0.000009
18 0.183214 0 0.000000
19 0.193298 21 0.000065
20 0.203382 44 0.000137
21 0.213466 86 0.000267
22 0.223549 100 0.000311
23 0.233633 30 0.000093
24 0.243717 25 0.000078
25 0.253801 5 0.000016
26 0.263884 8 0.000025
27 0.273968 21 0.000065
28 0.284052 50 0.000155
29 0.294136 166 0.000516
30 0.304220 466 0.001449
31 0.314303 853 0.002653
32 0.324387 1396 0.004341
33 0.334471 987 0.003069
34 0.344555 1147 0.003567
35 0.354638 2806 0.008726
36 0.364722 3951 0.012287
37 0.374806 4973 0.015465
38 0.384890 3523 0.010956
39 0.394974 3604 0.011208
40 0.405057 5325 0.016560
41 0.415141 8045 0.025019
42 0.425225 18053 0.056143
43 0.435309 8197 0.025492
44 0.445392 7109 0.022108
45 0.455476 10454 0.032511
46 0.465560 16144 0.050206
47 0.475644 10987 0.034168
48 0.485728 11657 0.036252
49 0.495811 68790 0.213929
50 0.505895 15211 0.047304
51 0.515979 13299 0.041358
52 0.526063 22187 0.068999
53 0.536146 10594 0.032946
54 0.546230 8486 0.026390
55 0.556314 9032 0.028088
56 0.566398 13452 0.041834
57 0.576481 7010 0.021800
58 0.586565 5091 0.015832
59 0.596649 4286 0.013329
60 0.606733 4170 0.012968
61 0.616817 4502 0.014001
62 0.626900 6261 0.019471
63 0.636984 1741 0.005414
64 0.647068 1421 0.004419
65 0.657152 1740 0.005411
66 0.667235 1800 0.005598
67 0.677319 898 0.002793
68 0.687403 403 0.001253
69 0.697487 317 0.000986
70 0.707571 239 0.000743
71 0.717654 22 0.000068
72 0.727738 8 0.000025
73 0.737822 17 0.000053
74 0.747906 12 0.000037
75 0.757989 1 0.000003
76 0.768073 27 0.000084
77 0.778157 25 0.000078
78 0.788241 58 0.000180
79 0.798325 95 0.000295
80 0.808408 17 0.000053
81 0.818492 0 0.000000
82 0.828576 0 0.000000
83 0.838660 0 0.000000
84 0.848743 0 0.000000
85 0.858827 2 0.000006
86 0.868911 8 0.000025
87 0.878995 9 0.000028
88 0.889078 9 0.000028
89 0.899162 14 0.000044
90 0.909246 0 0.000000
91 0.919330 0 0.000000
92 0.929414 0 0.000000
93 0.939497 0 0.000000
94 0.949581 0 0.000000
95 0.959665 0 0.000000
96 0.969749 0 0.000000
97 0.979832 1 0.000003
98 0.989916 0 0.000000
99 1.000000 1 0.000003
