0 0.218021 35 0.000109
1 0.223946 27 0.000084
2 0.229872 25 0.000078
3 0.235797 60 0.000187
4 0.241723 129 0.000401
5 0.247649 187 0.000582
6 0.253574 415 0.001291
7 0.259500 364 0.001132
8 0.265425 422 0.001312
9 0.271351 569 0.001770
10 0.277276 494 0.001536
11 0.283202 715 0.002224
12 0.289127 582 0.001810
13 0.295053 688 0.002140
14 0.300978 668 0.002077
15 0.306904 747 0.002323
16 0.312830 901 0.002802
17 0.318755 908 0.002824
18 0.324681 844 0.002625
19 0.330606 1014 0.003153
20 0.336532 1079 0.003356
21 0.342457 1115 0.003468
22 0.348383 1206 0.003751
23 0.354308 1496 0.004652
24 0.360234 1919 0.005968
25 0.366159 1554 0.004833
26 0.372085 1784 0.005548
27 0.378011 1774 0.005517
28 0.383936 1811 0.005632
29 0.389862 1888 0.005871
30 0.395787 2307 0.007174
31 0.401713 2315 0.007199
32 0.407638 2589 0.008051
33 0.413564 2867 0.008916
34 0.419489 2937 0.009134
35 0.425415 3197 0.009942
36 0.431341 3807 0.011839
37 0.437266 4133 0.012853
38 0.443192 5015 0.015596
39 0.449117 6021 0.018725
40 0.455043 7813 0.024297
41 0.460968 10607 0.032986
42 0.466894 11263 0.035027
43 0.472819 12884 0.040068
44 0.478745 13770 0.042823
45 0.484670 15961 0.049637
46 0.490596 18444 0.057359
47 0.496522 16009 0.049786
48 0.502447 16550 0.051468
49 0.508373 14666 0.045609
50 0.514298 13397 0.041663
51 0.520224 13566 0.042189
52 0.526149 11343 0.035275
53 0.532075 10707 0.033297
54 0.538000 9045 0.028129
55 0.543926 8968 0.027889
56 0.549851 5889 0.018314
57 0.555777 4766 0.014822
58 0.561703 4127 0.012834
59 0.567628 3612 0.011233
60 0.573554 3069 0.009544
61 0.579479 2916 0.009068
62 0.585405 2825 0.008785
63 0.591330 2442 0.007594
64 0.597256 2314 0.007196
65 0.603181 2086 0.006487
66 0.609107 2158 0.006711
67 0.615032 1727 0.005371
68 0.620958 1688 0.005249
69 0.626884 1552 0.004827
70 0.632809 1119 0.003480
71 0.638735 1243 0.003866
72 0.644660 1305 0.004058
73 0.650586 1230 0.003825
74 0.656511 1190 0.003701
75 0.662437 936 0.002911
76 0.668362 881 0.002740
77 0.674288 833 0.002591
78 0.680214 723 0.002248
79 0.686139 703 0.002186
80 0.692065 476 0.001480
81 0.697990 293 0.000911
82 0.703916 279 0.000868
83 0.709841 303 0.000942
84 0.715767 366 0.001138
85 0.721692 485 0.001508
86 0.727618 270 0.000840
87 0.733544 209 0.000650
88 0.739469 250 0.000777
89 0.745395 202 0.000628
90 0.751320 173 0.000538
91 0.757246 221 0.000687
92 0.763171 264 0.000821
93 0.769097 250 0.000777
94 0.775022 138 0.000429
95 0.780948 150 0.000466
96 0.786873 170 0.000529
97 0.792799 35 0.000109
98 0.798725 86 0.000267
99 0.804650 1 0.000003
