0 0.245937 478 0.001487
1 0.253894 513 0.001595
2 0.261852 418 0.001300
3 0.269809 300 0.000933
4 0.277767 259 0.000805
5 0.285724 304 0.000945
6 0.293682 705 0.002192
7 0.301639 1034 0.003216
8 0.309597 930 0.002892
9 0.317554 1248 0.003881
10 0.325512 1096 0.003408
11 0.333469 1314 0.004086
12 0.341427 1141 0.003548
13 0.349384 1078 0.003352
14 0.357342 875 0.002721
15 0.365299 454 0.001412
16 0.373257 362 0.001126
17 0.381214 259 0.000805
18 0.389172 242 0.000753
19 0.397129 288 0.000896
20 0.405087 198 0.000616
21 0.413044 233 0.000725
22 0.421002 251 0.000781
23 0.428959 256 0.000796
24 0.436917 275 0.000855
25 0.444874 548 0.001704
26 0.452832 743 0.002311
27 0.460789 906 0.002818
28 0.468747 1087 0.003380
29 0.476704 1155 0.003592
30 0.484662 1329 0.004133
31 0.492619 1279 0.003978
32 0.500577 1387 0.004313
33 0.508534 2345 0.007293
34 0.516492 3105 0.009656
35 0.524449 3103 0.009650
36 0.532407 3981 0.012380
37 0.540364 5511 0.017139
38 0.548322 6606 0.020544
39 0.556279 6438 0.020021
40 0.564237 10787 0.033546
41 0.572195 16086 0.050026
42 0.580152 20042 0.062328
43 0.588109 18948 0.058926
44 0.596067 19565 0.060845
45 0.604025 18570 0.057750
46 0.611982 16617 0.051677
47 0.619940 11044 0.034345
48 0.627897 8990 0.027958
49 0.635855 7222 0.022460
50 0.643812 7400 0.023013
51 0.651770 5552 0.017266
52 0.659727 4396 0.013671
53 0.667685 3886 0.012085
54 0.675642 3298 0.010256
55 0.683600 2932 0.009118
56 0.691557 2812 0.008745
57 0.699515 2804 0.008720
58 0.707472 2710 0.008428
59 0.715430 2556 0.007949
60 0.723387 2410 0.007495
61 0.731345 2499 0.007772
62 0.739302 2419 0.007523
63 0.747260 2297 0.007143
64 0.755217 2329 0.007243
65 0.763175 2382 0.007408
66 0.771132 2378 0.007395
67 0.779090 2446 0.007607
68 0.787047 2439 0.007585
69 0.795005 2507 0.007796
70 0.802962 2782 0.008652
71 0.810920 3177 0.009880
72 0.818877 2642 0.008216
73 0.826835 3072 0.009554
74 0.834792 3017 0.009383
75 0.842750 3408 0.010598
76 0.850707 3118 0.009697
77 0.858665 3133 0.009743
78 0.866622 2992 0.009305
79 0.874580 2799 0.008705
80 0.882537 2744 0.008534
81 0.890495 3114 0.009684
82 0.898452 3269 0.010166
83 0.906410 3398 0.010567
84 0.914367 2720 0.008459
85 0.922325 1732 0.005386
86 0.930282 1668 0.005187
87 0.938240 1608 0.005001
88 0.946197 1324 0.004117
89 0.954155 769 0.002391
90 0.962112 709 0.002205
91 0.970070 711 0.002211
92 0.978027 924 0.002874
93 0.985985 666 0.002071
94 0.993942 478 0.001487
95 1.001900 242 0.000753
96 1.009857 383 0.001191
97 1.017815 320 0.000995
98 1.025772 279 0.000868
99 1.033730 1 0.000003
