0 0.001706 10 0.000010
1 0.011790 82 0.000085
2 0.021874 185 0.000192
3 0.031958 167 0.000173
4 0.042041 196 0.000203
5 0.052125 270 0.000280
6 0.062209 179 0.000186
7 0.072293 182 0.000189
8 0.082377 229 0.000237
9 0.092460 222 0.000230
10 0.102544 189 0.000196
11 0.112628 221 0.000229
12 0.122712 258 0.000267
13 0.132795 221 0.000229
14 0.142879 193 0.000200
15 0.152963 320 0.000332
16 0.163047 270 0.000280
17 0.173131 303 0.000314
18 0.183214 365 0.000378
19 0.193298 440 0.000456
20 0.203382 600 0.000622
21 0.213466 666 0.000690
22 0.223549 647 0.000671
23 0.233633 540 0.000560
24 0.243717 839 0.000870
25 0.253801 1035 0.001073
26 0.263884 1078 0.001117
27 0.273968 1364 0.001414
28 0.284052 1523 0.001579
29 0.294136 1640 0.001700
30 0.304220 2378 0.002465
31 0.314303 3641 0.003774
32 0.324387 4905 0.005085
33 0.334471 5112 0.005299
34 0.344555 3954 0.004099
35 0.354638 4613 0.004782
36 0.364722 6279 0.006509
37 0.374806 7456 0.007729
38 0.384890 6167 0.006393
39 0.394974 6885 0.007137
40 0.405057 9625 0.009978
41 0.415141 12425 0.012880
42 0.425225 23738 0.024607
43 0.435309 14560 0.015093
44 0.445392 15410 0.015974
45 0.455476 21533 0.022322
46 0.465560 31345 0.032493
47 0.475644 33845 0.035085
48 0.485728 56023 0.058075
49 0.495811 124054 0.128598
50 0.505895 52195 0.054107
51 0.515979 34787 0.036061
52 0.526063 37733 0.039115
53 0.536146 23297 0.024150
54 0.546230 20492 0.021243
55 0.556314 22406 0.023227
56 0.566398 30261 0.031369
57 0.576481 38085 0.039480
58 0.586565 53635 0.055599
59 0.596649 42857 0.044427
60 0.606733 23661 0.024528
61 0.616817 19830 0.020556
62 0.626900 17688 0.018336
63 0.636984 9371 0.009714
64 0.647068 8055 0.008350
65 0.657152 7073 0.007332
66 0.667235 6681 0.006926
67 0.677319 5314 0.005509
68 0.687403 4050 0.004198
69 0.697487 3688 0.003823
70 0.707571 3328 0.003450
71 0.717654 2983 0.003092
72 0.727738 2795 0.002897
73 0.737822 3246 0.003365
74 0.747906 2925 0.003032
75 0.757989 2960 0.003068
76 0.768073 3342 0.003464
77 0.778157 3070 0.003182
78 0.788241 3197 0.003314
79 0.798325 2605 0.002700
80 0.808408 2946 0.003054
81 0.818492 3533 0.003662
82 0.828576 3748 0.003885
83 0.838660 3961 0.004106
84 0.848743 4909 0.005089
85 0.858827 6499 0.006737
86 0.868911 6399 0.006633
87 0.878995 6465 0.006702
88 0.889078 4154 0.004306
89 0.899162 3935 0.004079
90 0.909246 4322 0.004480
91 0.919330 5103 0.005290
92 0.929414 3624 0.003757
93 0.939497 2329 0.002414
94 0.949581 911 0.000944
95 0.959665 696 0.000721
96 0.969749 718 0.000744
97 0.979832 296 0.000307
98 0.989916 125 0.000130
99 1.000000 3 0.000003
