0 0.493783 16 0.000050
1 0.494028 17 0.000053
2 0.494272 11 0.000034
3 0.494516 16 0.000050
4 0.494761 11 0.000034
5 0.495005 8 0.000025
6 0.495249 14 0.000044
7 0.495494 28 0.000087
8 0.495738 114 0.000355
9 0.495982 156 0.000485
10 0.496227 172 0.000535
11 0.496471 241 0.000749
12 0.496715 208 0.000647
13 0.496960 160 0.000498
14 0.497204 215 0.000669
15 0.497449 344 0.001070
16 0.497693 856 0.002662
17 0.497937 1032 0.003209
18 0.498182 1286 0.003999
19 0.498426 2558 0.007955
20 0.498670 2661 0.008275
21 0.498915 6356 0.019766
22 0.499159 3822 0.011886
23 0.499403 4247 0.013208
24 0.499648 5142 0.015991
25 0.499892 4603 0.014315
26 0.500136 5493 0.017083
27 0.500381 5843 0.018171
28 0.500625 6889 0.021424
29 0.500869 7079 0.022015
30 0.501114 9536 0.029656
31 0.501358 9222 0.028679
32 0.501603 8303 0.025821
33 0.501847 7503 0.023333
34 0.502091 8009 0.024907
35 0.502336 6568 0.020426
36 0.502580 8965 0.027880
37 0.502824 10314 0.032075
38 0.503069 9610 0.029886
39 0.503313 10539 0.032775
40 0.503557 10454 0.032511
41 0.503802 12311 0.038286
42 0.504046 13666 0.042500
43 0.504290 14597 0.045395
44 0.504535 12567 0.039082
45 0.504779 10239 0.031842
46 0.505023 8084 0.025140
47 0.505268 7806 0.024276
48 0.505512 9048 0.028138
49 0.505757 8358 0.025992
50 0.506001 7114 0.022124
51 0.506245 6430 0.019997
52 0.506490 5922 0.018417
53 0.506734 5017 0.015602
54 0.506978 4576 0.014231
55 0.507223 4592 0.014281
56 0.507467 5525 0.017182
57 0.507711 4219 0.013121
58 0.507956 2870 0.008925
59 0.508200 2795 0.008692
60 0.508444 2597 0.008076
61 0.508689 1764 0.005486
62 0.508933 2344 0.007290
63 0.509178 1213 0.003772
64 0.509422 1122 0.003489
65 0.509666 1011 0.003144
66 0.509911 765 0.002379
67 0.510155 834 0.002594
68 0.510399 724 0.002252
69 0.510644 1275 0.003965
70 0.510888 521 0.001620
71 0.511132 338 0.001051
72 0.511377 293 0.000911
73 0.511621 364 0.001132
74 0.511865 389 0.001210
75 0.512110 286 0.000889
76 0.512354 249 0.000774
77 0.512599 172 0.000535
78 0.512843 215 0.000669
79 0.513087 168 0.000522
80 0.513332 111 0.000345
81 0.513576 18 0.000056
82 0.513820 12 0.000037
83 0.514065 16 0.000050
84 0.514309 14 0.000044
85 0.514553 11 0.000034
86 0.514798 10 0.000031
87 0.515042 10 0.000031
88 0.515286 9 0.000028
89 0.515531 13 0.000040
90 0.515775 6 0.000019
91 0.516019 20 0.000062
92 0.516264 35 0.000109
93 0.516508 52 0.000162
94 0.516753 45 0.000140
95 0.516997 70 0.000218
96 0.517241 27 0.000084
97 0.517486 27 0.000084
98 0.517730 47 0.000146
99 0.517974 2 0.000006
