0 0.218021 42 0.000044
1 0.226260 38 0.000039
2 0.234500 101 0.000105
3 0.242739 521 0.000540
4 0.250979 969 0.001004
5 0.259218 983 0.001019
6 0.267458 1084 0.001124
7 0.275697 976 0.001012
8 0.283937 1246 0.001292
9 0.292176 1558 0.001615
10 0.300416 1932 0.002003
11 0.308655 2140 0.002218
12 0.316895 2506 0.002598
13 0.325134 2437 0.002526
14 0.333374 2813 0.002916
15 0.341613 2726 0.002826
16 0.349853 2976 0.003085
17 0.358092 3430 0.003556
18 0.366332 2552 0.002645
19 0.374571 2879 0.002984
20 0.382810 2826 0.002930
21 0.391050 3142 0.003257
22 0.399289 3490 0.003618
23 0.407529 3779 0.003917
24 0.415768 4471 0.004635
25 0.424008 4608 0.004777
26 0.432247 5754 0.005965
27 0.440487 7023 0.007280
28 0.448726 9151 0.009486
29 0.456966 13604 0.014102
30 0.465205 16992 0.017614
31 0.473445 19777 0.020501
32 0.481684 22248 0.023063
33 0.489924 29515 0.030596
34 0.498163 287946 0.298492
35 0.506403 77035 0.079856
36 0.514642 22422 0.023243
37 0.522882 20112 0.020849
38 0.531121 18321 0.018992
39 0.539361 17951 0.018608
40 0.547600 16335 0.016933
41 0.555840 13076 0.013555
42 0.564079 16435 0.017037
43 0.572319 21237 0.022015
44 0.580558 24780 0.025688
45 0.588798 22854 0.023691
46 0.597037 23589 0.024453
47 0.605277 22216 0.023030
48 0.613516 17943 0.018600
49 0.621756 13518 0.014013
50 0.629995 10196 0.010569
51 0.638235 9586 0.009937
52 0.646474 8937 0.009264
53 0.654714 6424 0.006659
54 0.662953 5602 0.005807
55 0.671193 4928 0.005108
56 0.679432 4297 0.004454
57 0.687671 3756 0.003894
58 0.695911 3405 0.003530
59 0.704150 3164 0.003280
60 0.712390 3190 0.003307
61 0.720629 3174 0.003290
62 0.728869 2823 0.002926
63 0.737108 2900 0.003006
64 0.745348 2637 0.002734
65 0.753587 2735 0.002835
66 0.761827 2770 0.002871
67 0.770066 2766 0.002867
68 0.778306 2687 0.002785
69 0.786545 2755 0.002856
70 0.794785 2650 0.002747
71 0.803024 2952 0.003060
72 0.811264 3245 0.003364
73 0.819503 2737 0.002837
74 0.827743 3282 0.003402
75 0.835982 3157 0.003273
76 0.844222 3373 0.003497
77 0.852461 3217 0.003335
78 0.860701 3421 0.003546
79 0.868940 2969 0.003078
80 0.877180 2731 0.002831
81 0.885419 2996 0.003106
82 0.893659 3471 0.003598
83 0.901898 3771 0.003909
84 0.910138 2698 0.002797
85 0.918377 2377 0.002464
86 0.926617 1592 0.001650
87 0.934856 1800 0.001866
88 0.943096 1446 0.001499
89 0.951335 1057 0.001096
90 0.959575 706 0.000732
91 0.967814 729 0.000756
92 0.976053 908 0.000941
93 0.984293 795 0.000824
94 0.992532 535 0.000555
95 1.000772 255 0.000264
96 1.009012 387 0.000401
97 1.017251 336 0.000348
98 1.025490 283 0.000293
99 1.033730 1 0.000001
