0 0.011722 34 0.000106
1 0.021494 84 0.000261
2 0.031267 85 0.000264
3 0.041040 86 0.000267
4 0.050813 191 0.000594
5 0.060585 157 0.000488
6 0.070358 121 0.000376
7 0.080131 158 0.000491
8 0.089904 119 0.000370
9 0.099676 140 0.000435
10 0.109449 123 0.000383
11 0.119222 154 0.000479
12 0.128995 181 0.000563
13 0.138767 162 0.000504
14 0.148540 175 0.000544
15 0.158313 268 0.000833
16 0.168086 182 0.000566
17 0.177858 296 0.000921
18 0.187631 318 0.000989
19 0.197404 288 0.000896
20 0.207176 479 0.001490
21 0.216949 457 0.001421
22 0.226722 405 0.001260
23 0.236495 378 0.001176
24 0.246267 490 0.001524
25 0.256040 557 0.001732
26 0.265813 639 0.001987
27 0.275586 761 0.002367
28 0.285358 906 0.002818
29 0.295131 1020 0.003172
30 0.304904 945 0.002939
31 0.314677 1075 0.003343
32 0.324449 1370 0.004261
33 0.334222 1393 0.004332
34 0.343995 1372 0.004267
35 0.353768 1329 0.004133
36 0.363540 2115 0.006577
37 0.373313 1918 0.005965
38 0.383086 2518 0.007831
39 0.392859 2769 0.008611
40 0.402631 3502 0.010891
41 0.412404 3780 0.011755
42 0.422177 4552 0.014156
43 0.431950 5622 0.017484
44 0.441722 6251 0.019440
45 0.451495 8879 0.027613
46 0.461268 12111 0.037664
47 0.471041 16587 0.051584
48 0.480813 28669 0.089157
49 0.490586 50822 0.158050
50 0.500359 46123 0.143437
51 0.510132 26011 0.080891
52 0.519904 15373 0.047808
53 0.529677 10955 0.034069
54 0.539450 7594 0.023616
55 0.549223 5874 0.018267
56 0.558995 5692 0.017701
57 0.568768 4826 0.015008
58 0.578541 4310 0.013404
59 0.588314 2850 0.008863
60 0.598086 2605 0.008101
61 0.607859 2281 0.007094
62 0.617632 2244 0.006979
63 0.627405 1750 0.005442
64 0.637177 1472 0.004578
65 0.646950 1644 0.005113
66 0.656723 1308 0.004068
67 0.666495 1244 0.003869
68 0.676268 1312 0.004080
69 0.686041 876 0.002724
70 0.695814 704 0.002189
71 0.705586 588 0.001829
72 0.715359 633 0.001969
73 0.725132 486 0.001511
74 0.734905 419 0.001303
75 0.744677 483 0.001502
76 0.754450 451 0.001403
77 0.764223 502 0.001561
78 0.773996 370 0.001151
79 0.783768 380 0.001182
80 0.793541 307 0.000955
81 0.803314 233 0.000725
82 0.813087 268 0.000833
83 0.822859 257 0.000799
84 0.832632 216 0.000672
85 0.842405 247 0.000768
86 0.852178 182 0.000566
87 0.861950 107 0.000333
88 0.871723 94 0.000292
89 0.881496 119 0.000370
90 0.891269 160 0.000498
91 0.901041 184 0.000572
92 0.910814 188 0.000585
93 0.920587 160 0.000498
94 0.930360 215 0.000669
95 0.940132 88 0.000274
96 0.949905 39 0.000121
97 0.959678 56 0.000174
98 0.969451 81 0.000252
99 0.979223 2 0.000006
