0 0.009172 42 0.000131
1 0.019181 85 0.000264
2 0.029189 83 0.000258
3 0.039197 88 0.000274
4 0.049206 70 0.000218
5 0.059214 35 0.000109
6 0.069223 45 0.000140
7 0.079231 70 0.000218
8 0.089239 73 0.000227
9 0.099248 56 0.000174
10 0.109256 85 0.000264
11 0.119264 48 0.000149
12 0.129273 47 0.000146
13 0.139281 51 0.000159
14 0.149289 56 0.000174
15 0.159298 49 0.000152
16 0.169306 47 0.000146
17 0.179315 33 0.000103
18 0.189323 94 0.000292
19 0.199331 132 0.000411
20 0.209340 95 0.000295
21 0.219348 88 0.000274
22 0.229356 135 0.000420
23 0.239365 188 0.000585
24 0.249373 483 0.001502
25 0.259381 469 0.001459
26 0.269390 432 0.001343
27 0.279398 636 0.001978
28 0.289406 465 0.001446
29 0.299415 448 0.001393
30 0.309423 1769 0.005501
31 0.319432 1166 0.003626
32 0.329440 3041 0.009457
33 0.339448 1920 0.005971
34 0.349457 782 0.002432
35 0.359465 221 0.000687
36 0.369473 273 0.000849
37 0.379482 214 0.000666
38 0.389490 282 0.000877
39 0.399498 333 0.001036
40 0.409507 454 0.001412
41 0.419515 477 0.001483
42 0.429523 469 0.001459
43 0.439532 519 0.001614
44 0.449540 814 0.002531
45 0.459549 855 0.002659
46 0.469557 1144 0.003558
47 0.479565 1266 0.003937
48 0.489574 1907 0.005931
49 0.499582 1792 0.005573
50 0.509590 2020 0.006282
51 0.519599 2578 0.008017
52 0.529607 3392 0.010549
53 0.539615 4252 0.013223
54 0.549624 6218 0.019337
55 0.559632 8328 0.025899
56 0.569641 13940 0.043352
57 0.579649 35007 0.108868
58 0.589657 45019 0.140004
59 0.599666 28458 0.088501
60 0.609674 14709 0.045743
61 0.619682 12545 0.039013
62 0.629691 8180 0.025439
63 0.639699 5526 0.017185
64 0.649707 4767 0.014825
65 0.659716 3842 0.011948
66 0.669724 3468 0.010785
67 0.679733 2947 0.009165
68 0.689741 2762 0.008589
69 0.699749 2561 0.007964
70 0.709758 2461 0.007653
71 0.719766 2299 0.007150
72 0.729774 2435 0.007573
73 0.739783 2583 0.008033
74 0.749791 2412 0.007501
75 0.759799 2500 0.007775
76 0.769808 2884 0.008969
77 0.779816 2554 0.007943
78 0.789824 2684 0.008347
79 0.799833 2359 0.007336
80 0.809841 2599 0.008083
81 0.819850 3614 0.011239
82 0.829858 3258 0.010132
83 0.839866 3797 0.011808
84 0.849875 4645 0.014445
85 0.859883 6986 0.021726
86 0.869891 5684 0.017677
87 0.879900 6126 0.019051
88 0.889908 4042 0.012570
89 0.899916 3676 0.011432
90 0.909925 4133 0.012853
91 0.919933 4855 0.015098
92 0.929942 3344 0.010399
93 0.939950 2160 0.006717
94 0.949958 851 0.002647
95 0.959967 631 0.001962
96 0.969975 631 0.001962
97 0.979983 284 0.000883
98 0.989992 124 0.000386
99 1.000000 0 0.000000
