initializing
training size    : 298756
testing size     : 298756
epoch count      : 10
sub epoch size   : 5

epoch_learning_rate_decay   : 8
learning_rate_decay         : 0.250000

training



epoch [0 0] from [10 5]
training time per iterations 1.607438[ms]
testing on 298756 items
testing done
average error 0.002796
min error     0.000000
max error     0.249084
saving best net
best net saved to experiment_5/trained/, with error 0.002796



epoch [0 1] from [10 5]
training time per iterations 1.608090[ms]
testing on 298756 items
testing done
average error 0.002357
min error     0.000000
max error     0.267255
saving best net
best net saved to experiment_5/trained/, with error 0.002357



epoch [0 2] from [10 5]
training time per iterations 1.610902[ms]
testing on 298756 items
testing done
average error 0.002120
min error     0.000000
max error     0.267198
saving best net
best net saved to experiment_5/trained/, with error 0.002120



epoch [0 3] from [10 5]
training time per iterations 1.617714[ms]
testing on 298756 items
testing done
average error 0.002026
min error     0.000000
max error     0.261005
saving best net
best net saved to experiment_5/trained/, with error 0.002026



epoch [0 4] from [10 5]
training time per iterations 1.616592[ms]
testing on 298756 items
testing done
average error 0.001878
min error     0.000000
max error     0.248646
saving best net
best net saved to experiment_5/trained/, with error 0.001878



epoch [1 0] from [10 5]
training time per iterations 1.620860[ms]
testing on 298756 items
testing done
average error 0.001946
min error     0.000000
max error     0.259016



epoch [1 1] from [10 5]
training time per iterations 1.613211[ms]
testing on 298756 items
testing done
average error 0.001768
min error     0.000000
max error     0.259941
saving best net
best net saved to experiment_5/trained/, with error 0.001768



epoch [1 2] from [10 5]
training time per iterations 1.610484[ms]
testing on 298756 items
testing done
average error 0.001881
min error     0.000000
max error     0.256686



epoch [1 3] from [10 5]
training time per iterations 1.609563[ms]
testing on 298756 items
testing done
average error 0.001822
min error     0.000000
max error     0.244607



epoch [1 4] from [10 5]
training time per iterations 1.613412[ms]
testing on 298756 items
testing done
average error 0.001730
min error     0.000000
max error     0.255054
saving best net
best net saved to experiment_5/trained/, with error 0.001730



epoch [2 0] from [10 5]
training time per iterations 1.618734[ms]
testing on 298756 items
testing done
average error 0.001731
min error     0.000000
max error     0.251678



epoch [2 1] from [10 5]
training time per iterations 1.608944[ms]
testing on 298756 items
testing done
average error 0.001723
min error     0.000000
max error     0.252946
saving best net
best net saved to experiment_5/trained/, with error 0.001723



epoch [2 2] from [10 5]
training time per iterations 1.611153[ms]
testing on 298756 items
testing done
average error 0.001748
min error     0.000000
max error     0.256921



epoch [2 3] from [10 5]
training time per iterations 1.604291[ms]
testing on 298756 items
testing done
average error 0.001701
min error     0.000000
max error     0.254190
saving best net
best net saved to experiment_5/trained/, with error 0.001701



epoch [2 4] from [10 5]
training time per iterations 1.608860[ms]
testing on 298756 items
testing done
average error 0.001735
min error     0.000000
max error     0.253826



epoch [3 0] from [10 5]
training time per iterations 1.615220[ms]
testing on 298756 items
testing done
average error 0.001701
min error     0.000000
max error     0.254255
saving best net
best net saved to experiment_5/trained/, with error 0.001701



epoch [3 1] from [10 5]
training time per iterations 1.611320[ms]
testing on 298756 items
testing done
average error 0.001651
min error     0.000000
max error     0.255656
saving best net
best net saved to experiment_5/trained/, with error 0.001651



epoch [3 2] from [10 5]
training time per iterations 1.610919[ms]
testing on 298756 items
testing done
average error 0.001810
min error     0.000000
max error     0.248363



epoch [3 3] from [10 5]
training time per iterations 1.609747[ms]
testing on 298756 items
testing done
average error 0.001623
min error     0.000000
max error     0.254727
saving best net
best net saved to experiment_5/trained/, with error 0.001623



epoch [3 4] from [10 5]
training time per iterations 1.607019[ms]
testing on 298756 items
testing done
average error 0.001676
min error     0.000000
max error     0.254615



epoch [4 0] from [10 5]
training time per iterations 1.608509[ms]
testing on 298756 items
testing done
average error 0.001647
min error     0.000000
max error     0.245879



epoch [4 1] from [10 5]
training time per iterations 1.617178[ms]
testing on 298756 items
testing done
average error 0.001652
min error     0.000000
max error     0.252437



epoch [4 2] from [10 5]
training time per iterations 1.608726[ms]
testing on 298756 items
testing done
average error 0.001728
min error     0.000000
max error     0.257886



epoch [4 3] from [10 5]
training time per iterations 1.610751[ms]
testing on 298756 items
testing done
average error 0.001704
min error     0.000000
max error     0.251263



epoch [4 4] from [10 5]
training time per iterations 1.608994[ms]
testing on 298756 items
testing done
average error 0.001748
min error     0.000000
max error     0.252482



epoch [5 0] from [10 5]
training time per iterations 1.611839[ms]
testing on 298756 items
testing done
average error 0.001802
min error     0.000000
max error     0.249125



epoch [5 1] from [10 5]
training time per iterations 1.613881[ms]
testing on 298756 items
testing done
average error 0.001709
min error     0.000000
max error     0.244876



epoch [5 2] from [10 5]
training time per iterations 1.608776[ms]
testing on 298756 items
testing done
average error 0.001649
min error     0.000000
max error     0.253645



epoch [5 3] from [10 5]
training time per iterations 1.609312[ms]
testing on 298756 items
testing done
average error 0.001626
min error     0.000000
max error     0.252545



epoch [5 4] from [10 5]
training time per iterations 1.614082[ms]
testing on 298756 items
testing done
average error 0.001625
min error     0.000000
max error     0.243119



epoch [6 0] from [10 5]
training time per iterations 1.619538[ms]
testing on 298756 items
testing done
average error 0.001640
min error     0.000000
max error     0.254019



epoch [6 1] from [10 5]
training time per iterations 1.609647[ms]
testing on 298756 items
testing done
average error 0.001833
min error     0.000000
max error     0.257033



epoch [6 2] from [10 5]
training time per iterations 1.610299[ms]
testing on 298756 items
testing done
average error 0.001617
min error     0.000000
max error     0.247984
saving best net
best net saved to experiment_5/trained/, with error 0.001617



epoch [6 3] from [10 5]
training time per iterations 1.611421[ms]
testing on 298756 items
testing done
average error 0.001746
min error     0.000000
max error     0.249828



epoch [6 4] from [10 5]
training time per iterations 1.609814[ms]
testing on 298756 items
testing done
average error 0.001614
min error     0.000000
max error     0.252809
saving best net
best net saved to experiment_5/trained/, with error 0.001614



epoch [7 0] from [10 5]
training time per iterations 1.611337[ms]
testing on 298756 items
testing done
average error 0.001698
min error     0.000000
max error     0.242307



epoch [7 1] from [10 5]
training time per iterations 1.609596[ms]
testing on 298756 items
testing done
average error 0.001651
min error     0.000000
max error     0.241216



epoch [7 2] from [10 5]
training time per iterations 1.611069[ms]
testing on 298756 items
testing done
average error 0.001604
min error     0.000000
max error     0.242427
saving best net
best net saved to experiment_5/trained/, with error 0.001604



epoch [7 3] from [10 5]
training time per iterations 1.609479[ms]
testing on 298756 items
testing done
average error 0.001750
min error     0.000000
max error     0.248059



epoch [7 4] from [10 5]
training time per iterations 1.610350[ms]
testing on 298756 items
testing done
average error 0.001707
min error     0.000000
max error     0.243948
setting learning rate to 0.000050



epoch [8 0] from [10 5]
training time per iterations 1.607605[ms]
testing on 298756 items
testing done
average error 0.001636
min error     0.000000
max error     0.239722



epoch [8 1] from [10 5]
training time per iterations 1.612525[ms]
testing on 298756 items
testing done
average error 0.001651
min error     0.000000
max error     0.242557



epoch [8 2] from [10 5]
training time per iterations 1.613463[ms]
testing on 298756 items
testing done
average error 0.001716
min error     0.000000
max error     0.241259



epoch [8 3] from [10 5]
training time per iterations 1.614885[ms]
testing on 298756 items
testing done
average error 0.001660
min error     0.000000
max error     0.237237



epoch [8 4] from [10 5]
training time per iterations 1.616425[ms]
testing on 298756 items
testing done
average error 0.001631
min error     0.000000
max error     0.239941



epoch [9 0] from [10 5]
training time per iterations 1.608057[ms]
testing on 298756 items
testing done
average error 0.001659
min error     0.000000
max error     0.238422



epoch [9 1] from [10 5]
training time per iterations 1.612475[ms]
testing on 298756 items
testing done
average error 0.001608
min error     0.000000
max error     0.242820



epoch [9 2] from [10 5]
training time per iterations 1.615739[ms]
testing on 298756 items
testing done
average error 0.001703
min error     0.000000
max error     0.250133



epoch [9 3] from [10 5]
training time per iterations 1.607839[ms]
testing on 298756 items
testing done
average error 0.001661
min error     0.000000
max error     0.246801



epoch [9 4] from [10 5]
training time per iterations 1.614350[ms]
testing on 298756 items
testing done
average error 0.001584
min error     0.000000
max error     0.245528
saving best net
best net saved to experiment_5/trained/, with error 0.001584
training done
