0.000000 0 0 0.002796 0.000000 0.249084 0.002791 0.000000 0.249084
0.200000 0 1 0.002357 0.000000 0.267255 0.002360 0.000000 0.267255
0.400000 0 2 0.002120 0.000000 0.267198 0.002119 0.000000 0.265543
0.600000 0 3 0.002026 0.000000 0.261005 0.002028 0.000000 0.261005
0.800000 0 4 0.001878 0.000000 0.248646 0.001879 0.000000 0.248646
1.000000 1 0 0.001946 0.000000 0.259016 0.001937 0.000000 0.259016
1.200000 1 1 0.001768 0.000000 0.259941 0.001769 0.000000 0.259941
1.400000 1 2 0.001881 0.000000 0.256686 0.001886 0.000000 0.251656
1.600000 1 3 0.001822 0.000000 0.244607 0.001836 0.000000 0.244607
1.800000 1 4 0.001730 0.000000 0.255054 0.001728 0.000000 0.255054
2.000000 2 0 0.001731 0.000000 0.251678 0.001735 0.000000 0.251678
2.200000 2 1 0.001723 0.000000 0.252946 0.001727 0.000000 0.252946
2.400000 2 2 0.001748 0.000000 0.256921 0.001747 0.000000 0.256921
2.600000 2 3 0.001701 0.000000 0.254190 0.001702 0.000000 0.254190
2.800000 2 4 0.001735 0.000000 0.253826 0.001742 0.000000 0.250196
3.000000 3 0 0.001701 0.000000 0.254255 0.001699 0.000000 0.250835
3.200000 3 1 0.001651 0.000000 0.255656 0.001653 0.000000 0.251174
3.400000 3 2 0.001810 0.000000 0.248363 0.001809 0.000000 0.248363
3.600000 3 3 0.001623 0.000000 0.254727 0.001623 0.000000 0.254727
3.800000 3 4 0.001676 0.000000 0.254615 0.001670 0.000000 0.252323
4.000000 4 0 0.001647 0.000000 0.245879 0.001641 0.000000 0.245879
4.200000 4 1 0.001652 0.000000 0.252437 0.001651 0.000000 0.234025
4.400000 4 2 0.001728 0.000000 0.257886 0.001726 0.000000 0.257886
4.600000 4 3 0.001704 0.000000 0.251263 0.001710 0.000000 0.251263
4.800000 4 4 0.001748 0.000000 0.252482 0.001746 0.000000 0.252482
5.000000 5 0 0.001802 0.000000 0.249125 0.001795 0.000000 0.249125
5.200000 5 1 0.001709 0.000000 0.244876 0.001711 0.000000 0.243812
5.400000 5 2 0.001649 0.000000 0.253645 0.001650 0.000000 0.253645
5.600000 5 3 0.001626 0.000000 0.252545 0.001627 0.000000 0.252545
5.800000 5 4 0.001625 0.000000 0.243119 0.001630 0.000000 0.243119
6.000000 6 0 0.001640 0.000000 0.254019 0.001642 0.000000 0.236951
6.200000 6 1 0.001833 0.000000 0.257033 0.001827 0.000000 0.257033
6.400000 6 2 0.001617 0.000000 0.247984 0.001611 0.000000 0.247984
6.600000 6 3 0.001746 0.000000 0.249828 0.001738 0.000000 0.249828
6.800000 6 4 0.001614 0.000000 0.252809 0.001607 0.000000 0.252809
7.000000 7 0 0.001698 0.000000 0.242307 0.001698 0.000000 0.238327
7.200000 7 1 0.001651 0.000000 0.241216 0.001654 0.000000 0.241216
7.400000 7 2 0.001604 0.000000 0.242427 0.001594 0.000000 0.242427
7.600000 7 3 0.001750 0.000000 0.248059 0.001748 0.000000 0.248059
7.800000 7 4 0.001707 0.000000 0.243948 0.001707 0.000000 0.241142
8.000000 8 0 0.001636 0.000000 0.239722 0.001639 0.000000 0.239722
8.200000 8 1 0.001651 0.000000 0.242557 0.001648 0.000000 0.239476
8.400000 8 2 0.001716 0.000000 0.241259 0.001710 0.000000 0.241259
8.600000 8 3 0.001660 0.000000 0.237237 0.001660 0.000000 0.237237
8.800000 8 4 0.001631 0.000000 0.239941 0.001631 0.000000 0.239877
9.000000 9 0 0.001659 0.000000 0.238422 0.001668 0.000000 0.238422
9.200000 9 1 0.001608 0.000000 0.242820 0.001612 0.000000 0.238841
9.400000 9 2 0.001703 0.000000 0.250133 0.001699 0.000000 0.240371
9.600000 9 3 0.001661 0.000000 0.246801 0.001657 0.000000 0.230170
9.800000 9 4 0.001584 0.000000 0.245528 0.001589 0.000000 0.245528
