initializing
training size    : 321556
testing size     : 321556
epoch count      : 10
sub epoch size   : 5

epoch_learning_rate_decay   : 8
learning_rate_decay         : 0.250000

training



epoch [0 0] from [10 5]
training time per iterations 0.421670[ms]
testing on 321556 items
testing done
average error 0.012144
min error     0.000000
max error     0.353645
saving best net
best net saved to experiment_0/trained/, with error 0.012144



epoch [0 1] from [10 5]
training time per iterations 0.415948[ms]
testing on 321556 items
testing done
average error 0.010511
min error     0.000000
max error     0.367441
saving best net
best net saved to experiment_0/trained/, with error 0.010511



epoch [0 2] from [10 5]
training time per iterations 0.416725[ms]
testing on 321556 items
testing done
average error 0.009968
min error     0.000000
max error     0.343358
saving best net
best net saved to experiment_0/trained/, with error 0.009968



epoch [0 3] from [10 5]
training time per iterations 0.417036[ms]
testing on 321556 items
testing done
average error 0.009439
min error     0.000000
max error     0.303258
saving best net
best net saved to experiment_0/trained/, with error 0.009439



epoch [0 4] from [10 5]
training time per iterations 0.418575[ms]
testing on 321556 items
testing done
average error 0.008701
min error     0.000000
max error     0.259056
saving best net
best net saved to experiment_0/trained/, with error 0.008701



epoch [1 0] from [10 5]
training time per iterations 0.414486[ms]
testing on 321556 items
testing done
average error 0.008033
min error     0.000000
max error     0.253740
saving best net
best net saved to experiment_0/trained/, with error 0.008033



epoch [1 1] from [10 5]
training time per iterations 0.420130[ms]
testing on 321556 items
testing done
average error 0.007181
min error     0.000000
max error     0.249655
saving best net
best net saved to experiment_0/trained/, with error 0.007181



epoch [1 2] from [10 5]
training time per iterations 0.418016[ms]
testing on 321556 items
testing done
average error 0.006155
min error     0.000000
max error     0.248448
saving best net
best net saved to experiment_0/trained/, with error 0.006155



epoch [1 3] from [10 5]
training time per iterations 0.423256[ms]
testing on 321556 items
testing done
average error 0.005283
min error     0.000000
max error     0.250365
saving best net
best net saved to experiment_0/trained/, with error 0.005283



epoch [1 4] from [10 5]
training time per iterations 0.417471[ms]
testing on 321556 items
testing done
average error 0.004905
min error     0.000000
max error     0.245113
saving best net
best net saved to experiment_0/trained/, with error 0.004905



epoch [2 0] from [10 5]
training time per iterations 0.426863[ms]
testing on 321556 items
testing done
average error 0.004576
min error     0.000000
max error     0.244567
saving best net
best net saved to experiment_0/trained/, with error 0.004576



epoch [2 1] from [10 5]
training time per iterations 0.410194[ms]
testing on 321556 items
testing done
average error 0.004308
min error     0.000000
max error     0.246515
saving best net
best net saved to experiment_0/trained/, with error 0.004308



epoch [2 2] from [10 5]
training time per iterations 0.418840[ms]
testing on 321556 items
testing done
average error 0.004245
min error     0.000000
max error     0.245849
saving best net
best net saved to experiment_0/trained/, with error 0.004245



epoch [2 3] from [10 5]
training time per iterations 0.426490[ms]
testing on 321556 items
testing done
average error 0.004061
min error     0.000000
max error     0.247500
saving best net
best net saved to experiment_0/trained/, with error 0.004061



epoch [2 4] from [10 5]
training time per iterations 0.422136[ms]
testing on 321556 items
testing done
average error 0.003916
min error     0.000000
max error     0.250350
saving best net
best net saved to experiment_0/trained/, with error 0.003916



epoch [3 0] from [10 5]
training time per iterations 0.428838[ms]
testing on 321556 items
testing done
average error 0.003819
min error     0.000000
max error     0.252602
saving best net
best net saved to experiment_0/trained/, with error 0.003819



epoch [3 1] from [10 5]
training time per iterations 0.419306[ms]
testing on 321556 items
testing done
average error 0.003753
min error     0.000000
max error     0.249874
saving best net
best net saved to experiment_0/trained/, with error 0.003753



epoch [3 2] from [10 5]
training time per iterations 0.412931[ms]
testing on 321556 items
testing done
average error 0.003600
min error     0.000000
max error     0.253917
saving best net
best net saved to experiment_0/trained/, with error 0.003600



epoch [3 3] from [10 5]
training time per iterations 0.425153[ms]
testing on 321556 items
testing done
average error 0.003529
min error     0.000000
max error     0.251996
saving best net
best net saved to experiment_0/trained/, with error 0.003529



epoch [3 4] from [10 5]
training time per iterations 0.420799[ms]
testing on 321556 items
testing done
average error 0.003445
min error     0.000000
max error     0.254233
saving best net
best net saved to experiment_0/trained/, with error 0.003445



epoch [4 0] from [10 5]
training time per iterations 0.424484[ms]
testing on 321556 items
testing done
average error 0.003347
min error     0.000000
max error     0.255966
saving best net
best net saved to experiment_0/trained/, with error 0.003347



epoch [4 1] from [10 5]
training time per iterations 0.424220[ms]
testing on 321556 items
testing done
average error 0.003241
min error     0.000000
max error     0.256065
saving best net
best net saved to experiment_0/trained/, with error 0.003241



epoch [4 2] from [10 5]
training time per iterations 0.417145[ms]
testing on 321556 items
testing done
average error 0.003196
min error     0.000000
max error     0.254728
saving best net
best net saved to experiment_0/trained/, with error 0.003196



epoch [4 3] from [10 5]
training time per iterations 0.424469[ms]
testing on 321556 items
testing done
average error 0.003103
min error     0.000000
max error     0.256288
saving best net
best net saved to experiment_0/trained/, with error 0.003103



epoch [4 4] from [10 5]
training time per iterations 0.418218[ms]
testing on 321556 items
testing done
average error 0.003014
min error     0.000000
max error     0.256361
saving best net
best net saved to experiment_0/trained/, with error 0.003014



epoch [5 0] from [10 5]
training time per iterations 0.417813[ms]
testing on 321556 items
testing done
average error 0.002976
min error     0.000000
max error     0.258510
saving best net
best net saved to experiment_0/trained/, with error 0.002976



epoch [5 1] from [10 5]
training time per iterations 0.425184[ms]
testing on 321556 items
testing done
average error 0.002941
min error     0.000000
max error     0.257277
saving best net
best net saved to experiment_0/trained/, with error 0.002941



epoch [5 2] from [10 5]
training time per iterations 0.422463[ms]
testing on 321556 items
testing done
average error 0.002801
min error     0.000000
max error     0.257183
saving best net
best net saved to experiment_0/trained/, with error 0.002801



epoch [5 3] from [10 5]
training time per iterations 0.419088[ms]
testing on 321556 items
testing done
average error 0.002795
min error     0.000000
max error     0.258829
saving best net
best net saved to experiment_0/trained/, with error 0.002795



epoch [5 4] from [10 5]
training time per iterations 0.423365[ms]
testing on 321556 items
testing done
average error 0.002695
min error     0.000000
max error     0.255580
saving best net
best net saved to experiment_0/trained/, with error 0.002695



epoch [6 0] from [10 5]
training time per iterations 0.418140[ms]
testing on 321556 items
testing done
average error 0.002645
min error     0.000000
max error     0.258546
saving best net
best net saved to experiment_0/trained/, with error 0.002645



epoch [6 1] from [10 5]
training time per iterations 0.419539[ms]
testing on 321556 items
testing done
average error 0.002582
min error     0.000000
max error     0.258158
saving best net
best net saved to experiment_0/trained/, with error 0.002582



epoch [6 2] from [10 5]
training time per iterations 0.422292[ms]
testing on 321556 items
testing done
average error 0.002581
min error     0.000000
max error     0.258095
saving best net
best net saved to experiment_0/trained/, with error 0.002581



epoch [6 3] from [10 5]
training time per iterations 0.418249[ms]
testing on 321556 items
testing done
average error 0.002520
min error     0.000000
max error     0.258223
saving best net
best net saved to experiment_0/trained/, with error 0.002520



epoch [6 4] from [10 5]
training time per iterations 0.418295[ms]
testing on 321556 items
testing done
average error 0.002483
min error     0.000000
max error     0.259585
saving best net
best net saved to experiment_0/trained/, with error 0.002483



epoch [7 0] from [10 5]
training time per iterations 0.419773[ms]
testing on 321556 items
testing done
average error 0.002459
min error     0.000000
max error     0.258123
saving best net
best net saved to experiment_0/trained/, with error 0.002459



epoch [7 1] from [10 5]
training time per iterations 0.418964[ms]
testing on 321556 items
testing done
average error 0.002416
min error     0.000000
max error     0.258564
saving best net
best net saved to experiment_0/trained/, with error 0.002416



epoch [7 2] from [10 5]
training time per iterations 0.418280[ms]
testing on 321556 items
testing done
average error 0.002408
min error     0.000000
max error     0.257565
saving best net
best net saved to experiment_0/trained/, with error 0.002408



epoch [7 3] from [10 5]
training time per iterations 0.417938[ms]
testing on 321556 items
testing done
average error 0.002390
min error     0.000000
max error     0.259502
saving best net
best net saved to experiment_0/trained/, with error 0.002390



epoch [7 4] from [10 5]
training time per iterations 0.423722[ms]
testing on 321556 items
testing done
average error 0.002367
min error     0.000000
max error     0.259414
saving best net
best net saved to experiment_0/trained/, with error 0.002367
setting learning rate to 0.000050



epoch [8 0] from [10 5]
training time per iterations 0.419633[ms]
testing on 321556 items
testing done
average error 0.002329
min error     0.000000
max error     0.258714
saving best net
best net saved to experiment_0/trained/, with error 0.002329



epoch [8 1] from [10 5]
training time per iterations 0.421701[ms]
testing on 321556 items
testing done
average error 0.002300
min error     0.000000
max error     0.258890
saving best net
best net saved to experiment_0/trained/, with error 0.002300



epoch [8 2] from [10 5]
training time per iterations 0.417984[ms]
testing on 321556 items
testing done
average error 0.002298
min error     0.000000
max error     0.258843
saving best net
best net saved to experiment_0/trained/, with error 0.002298



epoch [8 3] from [10 5]
training time per iterations 0.414735[ms]
testing on 321556 items
testing done
average error 0.002283
min error     0.000000
max error     0.258583
saving best net
best net saved to experiment_0/trained/, with error 0.002283



epoch [8 4] from [10 5]
training time per iterations 0.419850[ms]
testing on 321556 items
testing done
average error 0.002298
min error     0.000000
max error     0.259304



epoch [9 0] from [10 5]
training time per iterations 0.420301[ms]
testing on 321556 items
testing done
average error 0.002291
min error     0.000000
max error     0.259541



epoch [9 1] from [10 5]
training time per iterations 0.417378[ms]
testing on 321556 items
testing done
average error 0.002284
min error     0.000000
max error     0.259506



epoch [9 2] from [10 5]
training time per iterations 0.418513[ms]
testing on 321556 items
testing done
average error 0.002282
min error     0.000000
max error     0.259461
saving best net
best net saved to experiment_0/trained/, with error 0.002282



epoch [9 3] from [10 5]
training time per iterations 0.421265[ms]
testing on 321556 items
testing done
average error 0.002259
min error     0.000000
max error     0.259590
saving best net
best net saved to experiment_0/trained/, with error 0.002259



epoch [9 4] from [10 5]
training time per iterations 0.416678[ms]
testing on 321556 items
testing done
average error 0.002240
min error     0.000000
max error     0.258643
saving best net
best net saved to experiment_0/trained/, with error 0.002240
training done
