0.000000 0 0 0.012144 0.000000 0.353645 0.012172 0.000000 0.353645
0.200000 0 1 0.010511 0.000000 0.367441 0.010513 0.000000 0.367441
0.400000 0 2 0.009968 0.000000 0.343358 0.009949 0.000000 0.343358
0.600000 0 3 0.009439 0.000000 0.303258 0.009428 0.000000 0.303258
0.800000 0 4 0.008701 0.000000 0.259056 0.008696 0.000000 0.259056
1.000000 1 0 0.008033 0.000000 0.253740 0.008023 0.000000 0.253740
1.200000 1 1 0.007181 0.000000 0.249655 0.007186 0.000000 0.247516
1.400000 1 2 0.006155 0.000000 0.248448 0.006153 0.000000 0.248448
1.600000 1 3 0.005283 0.000000 0.250365 0.005255 0.000000 0.244280
1.800000 1 4 0.004905 0.000000 0.245113 0.004919 0.000000 0.245113
2.000000 2 0 0.004576 0.000000 0.244567 0.004564 0.000000 0.244567
2.200000 2 1 0.004308 0.000000 0.246515 0.004294 0.000000 0.240459
2.400000 2 2 0.004245 0.000000 0.245849 0.004225 0.000000 0.245764
2.600000 2 3 0.004061 0.000000 0.247500 0.004070 0.000000 0.247272
2.800000 2 4 0.003916 0.000000 0.250350 0.003919 0.000000 0.250350
3.000000 3 0 0.003819 0.000000 0.252602 0.003810 0.000000 0.252602
3.200000 3 1 0.003753 0.000000 0.249874 0.003762 0.000000 0.249616
3.400000 3 2 0.003600 0.000000 0.253917 0.003607 0.000000 0.253316
3.600000 3 3 0.003529 0.000000 0.251996 0.003532 0.000000 0.251996
3.800000 3 4 0.003445 0.000000 0.254233 0.003435 0.000000 0.253129
4.000000 4 0 0.003347 0.000000 0.255966 0.003353 0.000000 0.255966
4.200000 4 1 0.003241 0.000000 0.256065 0.003250 0.000000 0.251567
4.400000 4 2 0.003196 0.000000 0.254728 0.003194 0.000000 0.254728
4.600000 4 3 0.003103 0.000000 0.256288 0.003108 0.000000 0.255208
4.800000 4 4 0.003014 0.000000 0.256361 0.003009 0.000000 0.256361
5.000000 5 0 0.002976 0.000000 0.258510 0.002977 0.000000 0.253984
5.200000 5 1 0.002941 0.000000 0.257277 0.002932 0.000000 0.257277
5.400000 5 2 0.002801 0.000000 0.257183 0.002797 0.000000 0.257183
5.600000 5 3 0.002795 0.000000 0.258829 0.002798 0.000000 0.258829
5.800000 5 4 0.002695 0.000000 0.255580 0.002690 0.000000 0.255580
6.000000 6 0 0.002645 0.000000 0.258546 0.002648 0.000000 0.258546
6.200000 6 1 0.002582 0.000000 0.258158 0.002583 0.000000 0.257892
6.400000 6 2 0.002581 0.000000 0.258095 0.002582 0.000000 0.253854
6.600000 6 3 0.002520 0.000000 0.258223 0.002523 0.000000 0.258223
6.800000 6 4 0.002483 0.000000 0.259585 0.002488 0.000000 0.254788
7.000000 7 0 0.002459 0.000000 0.258123 0.002458 0.000000 0.258123
7.200000 7 1 0.002416 0.000000 0.258564 0.002422 0.000000 0.258564
7.400000 7 2 0.002408 0.000000 0.257565 0.002406 0.000000 0.257565
7.600000 7 3 0.002390 0.000000 0.259502 0.002382 0.000000 0.259502
7.800000 7 4 0.002367 0.000000 0.259414 0.002375 0.000000 0.259414
8.000000 8 0 0.002329 0.000000 0.258714 0.002344 0.000000 0.258714
8.200000 8 1 0.002300 0.000000 0.258890 0.002299 0.000000 0.258890
8.400000 8 2 0.002298 0.000000 0.258843 0.002301 0.000000 0.258393
8.600000 8 3 0.002283 0.000000 0.258583 0.002283 0.000000 0.258583
8.800000 8 4 0.002298 0.000000 0.259304 0.002306 0.000000 0.253705
9.000000 9 0 0.002291 0.000000 0.259541 0.002290 0.000000 0.259541
9.200000 9 1 0.002284 0.000000 0.259506 0.002281 0.000000 0.259506
9.400000 9 2 0.002282 0.000000 0.259461 0.002274 0.000000 0.255075
9.600000 9 3 0.002259 0.000000 0.259590 0.002261 0.000000 0.259202
9.800000 9 4 0.002240 0.000000 0.258643 0.002230 0.000000 0.258643
