initializing
training size    : 298756
testing size     : 298756
epoch count      : 10
sub epoch size   : 5

epoch_learning_rate_decay   : 8
learning_rate_decay         : 0.250000

training



epoch [0 0] from [10 5]
training time per iterations 2.611186[ms]
testing on 298756 items
testing done
average error 0.002300
min error     0.000000
max error     0.253611
saving best net
best net saved to experiment_7/trained/, with error 0.002300



epoch [0 1] from [10 5]
training time per iterations 2.610768[ms]
testing on 298756 items
testing done
average error 0.002004
min error     0.000000
max error     0.255756
saving best net
best net saved to experiment_7/trained/, with error 0.002004



epoch [0 2] from [10 5]
training time per iterations 2.618885[ms]
testing on 298756 items
testing done
average error 0.001895
min error     0.000000
max error     0.258921
saving best net
best net saved to experiment_7/trained/, with error 0.001895



epoch [0 3] from [10 5]
training time per iterations 2.607806[ms]
testing on 298756 items
testing done
average error 0.001923
min error     0.000000
max error     0.249510



epoch [0 4] from [10 5]
training time per iterations 2.609931[ms]
testing on 298756 items
testing done
average error 0.001847
min error     0.000000
max error     0.266720
saving best net
best net saved to experiment_7/trained/, with error 0.001847



epoch [1 0] from [10 5]
training time per iterations 2.604291[ms]
testing on 298756 items
testing done
average error 0.001727
min error     0.000000
max error     0.246120
saving best net
best net saved to experiment_7/trained/, with error 0.001727



epoch [1 1] from [10 5]
training time per iterations 2.609630[ms]
testing on 298756 items
testing done
average error 0.001774
min error     0.000000
max error     0.245783



epoch [1 2] from [10 5]
training time per iterations 2.607237[ms]
testing on 298756 items
testing done
average error 0.001734
min error     0.000000
max error     0.254136



epoch [1 3] from [10 5]
training time per iterations 2.609228[ms]
testing on 298756 items
testing done
average error 0.001750
min error     0.000000
max error     0.239615



epoch [1 4] from [10 5]
training time per iterations 2.607705[ms]
testing on 298756 items
testing done
average error 0.001945
min error     0.000000
max error     0.259805



epoch [2 0] from [10 5]
training time per iterations 2.611437[ms]
testing on 298756 items
testing done
average error 0.001665
min error     0.000000
max error     0.265550
saving best net
best net saved to experiment_7/trained/, with error 0.001665



epoch [2 1] from [10 5]
training time per iterations 2.610366[ms]
testing on 298756 items
testing done
average error 0.001665
min error     0.000000
max error     0.240341
saving best net
best net saved to experiment_7/trained/, with error 0.001665



epoch [2 2] from [10 5]
training time per iterations 2.609161[ms]
testing on 298756 items
testing done
average error 0.001821
min error     0.000000
max error     0.252336



epoch [2 3] from [10 5]
training time per iterations 2.610735[ms]
testing on 298756 items
testing done
average error 0.001715
min error     0.000000
max error     0.263160



epoch [2 4] from [10 5]
training time per iterations 2.609061[ms]
testing on 298756 items
testing done
average error 0.001752
min error     0.000000
max error     0.243152



epoch [3 0] from [10 5]
training time per iterations 2.612592[ms]
testing on 298756 items
testing done
average error 0.001699
min error     0.000000
max error     0.248943



epoch [3 1] from [10 5]
training time per iterations 2.599622[ms]
testing on 298756 items
testing done
average error 0.001768
min error     0.000000
max error     0.257200



epoch [3 2] from [10 5]
training time per iterations 2.611237[ms]
testing on 298756 items
testing done
average error 0.001750
min error     0.000000
max error     0.238423



epoch [3 3] from [10 5]
training time per iterations 2.607923[ms]
testing on 298756 items
testing done
average error 0.001648
min error     0.000000
max error     0.248024
saving best net
best net saved to experiment_7/trained/, with error 0.001648



epoch [3 4] from [10 5]
training time per iterations 2.607772[ms]
testing on 298756 items
testing done
average error 0.001749
min error     0.000000
max error     0.257425



epoch [4 0] from [10 5]
training time per iterations 2.605948[ms]
testing on 298756 items
testing done
average error 0.001779
min error     0.000000
max error     0.241997



epoch [4 1] from [10 5]
training time per iterations 2.611504[ms]
testing on 298756 items
testing done
average error 0.001689
min error     0.000000
max error     0.237978



epoch [4 2] from [10 5]
training time per iterations 2.610584[ms]
testing on 298756 items
testing done
average error 0.001643
min error     0.000000
max error     0.244481
saving best net
best net saved to experiment_7/trained/, with error 0.001643



epoch [4 3] from [10 5]
training time per iterations 2.611488[ms]
testing on 298756 items
testing done
average error 0.001621
min error     0.000000
max error     0.242246
saving best net
best net saved to experiment_7/trained/, with error 0.001621



epoch [4 4] from [10 5]
training time per iterations 2.606735[ms]
testing on 298756 items
testing done
average error 0.001684
min error     0.000000
max error     0.260351



epoch [5 0] from [10 5]
training time per iterations 2.609479[ms]
testing on 298756 items
testing done
average error 0.001593
min error     0.000000
max error     0.254214
saving best net
best net saved to experiment_7/trained/, with error 0.001593



epoch [5 1] from [10 5]
training time per iterations 2.611387[ms]
testing on 298756 items
testing done
average error 0.001717
min error     0.000000
max error     0.255839



epoch [5 2] from [10 5]
training time per iterations 2.608207[ms]
testing on 298756 items
testing done
average error 0.001635
min error     0.000000
max error     0.247171



epoch [5 3] from [10 5]
training time per iterations 2.610902[ms]
testing on 298756 items
testing done
average error 0.001725
min error     0.000000
max error     0.249513



epoch [5 4] from [10 5]
training time per iterations 2.596593[ms]
testing on 298756 items
testing done
average error 0.001642
min error     0.000000
max error     0.250612



epoch [6 0] from [10 5]
training time per iterations 2.607538[ms]
testing on 298756 items
testing done
average error 0.001644
min error     0.000000
max error     0.251736



epoch [6 1] from [10 5]
training time per iterations 2.610701[ms]
testing on 298756 items
testing done
average error 0.001634
min error     0.000000
max error     0.248795



epoch [6 2] from [10 5]
training time per iterations 2.606802[ms]
testing on 298756 items
testing done
average error 0.001655
min error     0.000000
max error     0.231318



epoch [6 3] from [10 5]
training time per iterations 2.611538[ms]
testing on 298756 items
testing done
average error 0.001669
min error     0.000000
max error     0.245076



epoch [6 4] from [10 5]
training time per iterations 2.611571[ms]
testing on 298756 items
testing done
average error 0.001655
min error     0.000000
max error     0.257753



epoch [7 0] from [10 5]
training time per iterations 2.608793[ms]
testing on 298756 items
testing done
average error 0.001717
min error     0.000000
max error     0.236448



epoch [7 1] from [10 5]
training time per iterations 2.608107[ms]
testing on 298756 items
testing done
average error 0.001665
min error     0.000000
max error     0.246936



epoch [7 2] from [10 5]
training time per iterations 2.611203[ms]
testing on 298756 items
testing done
average error 0.001601
min error     0.000000
max error     0.239919



epoch [7 3] from [10 5]
training time per iterations 2.615571[ms]
testing on 298756 items
testing done
average error 0.001622
min error     0.000000
max error     0.237194



epoch [7 4] from [10 5]
training time per iterations 2.612576[ms]
testing on 298756 items
testing done
average error 0.001584
min error     0.000000
max error     0.261595
saving best net
best net saved to experiment_7/trained/, with error 0.001584
setting learning rate to 0.000050



epoch [8 0] from [10 5]
training time per iterations 2.607772[ms]
testing on 298756 items
testing done
average error 0.001643
min error     0.000000
max error     0.241638



epoch [8 1] from [10 5]
training time per iterations 2.604492[ms]
testing on 298756 items
testing done
average error 0.001633
min error     0.000000
max error     0.243086



epoch [8 2] from [10 5]
training time per iterations 2.612442[ms]
testing on 298756 items
testing done
average error 0.001647
min error     0.000000
max error     0.238110



epoch [8 3] from [10 5]
training time per iterations 2.612960[ms]
testing on 298756 items
testing done
average error 0.001645
min error     0.000000
max error     0.241722



epoch [8 4] from [10 5]
training time per iterations 2.612626[ms]
testing on 298756 items
testing done
average error 0.001611
min error     0.000000
max error     0.253141



epoch [9 0] from [10 5]
training time per iterations 2.605647[ms]
testing on 298756 items
testing done
average error 0.001598
min error     0.000000
max error     0.234332



epoch [9 1] from [10 5]
training time per iterations 2.610718[ms]
testing on 298756 items
testing done
average error 0.001634
min error     0.000000
max error     0.241573



epoch [9 2] from [10 5]
training time per iterations 2.607019[ms]
testing on 298756 items
testing done
average error 0.001676
min error     0.000000
max error     0.239964



epoch [9 3] from [10 5]
training time per iterations 2.608726[ms]
testing on 298756 items
testing done
average error 0.001597
min error     0.000000
max error     0.237067



epoch [9 4] from [10 5]
training time per iterations 2.607873[ms]
testing on 298756 items
testing done
average error 0.001598
min error     0.000000
max error     0.244754
training done
