network init start

hyperparameters
init_weight_range 0.000000 ,xavier
learning_rate 0.000200
lambda1 0.000001
lambda2 0.000001
dropout 0.020000
minibatch size 32

   DENSE CONVOLUTION  [   16    16    24] [    3     3     8] [   16    16    32] [      1728          8][    444416]
                RELU  [   16    16    32] [    1     1     1] [   16    16    32] [         0          0][     16384]
   DENSE CONVOLUTION  [   16    16    32] [    3     3     8] [   16    16    40] [      2304          8][    591872]
                RELU  [   16    16    40] [    1     1     1] [   16    16    40] [         0          0][     20480]
   DENSE CONVOLUTION  [   16    16    40] [    3     3     8] [   16    16    48] [      2880          8][    739328]
                RELU  [   16    16    48] [    1     1     1] [   16    16    48] [         0          0][     24576]
   DENSE CONVOLUTION  [   16    16    48] [    3     3     8] [   16    16    56] [      3456          8][    886784]
                RELU  [   16    16    56] [    1     1     1] [   16    16    56] [         0          0][     28672]
         CONVOLUTION  [   16    16    56] [    1     1    32] [   16    16    32] [      1792         32][    466944]
                RELU  [   16    16    32] [    1     1     1] [   16    16    32] [         0          0][     16384]
   DENSE CONVOLUTION  [   16    16    32] [    3     3     8] [   16    16    40] [      2304          8][    591872]
                RELU  [   16    16    40] [    1     1     1] [   16    16    40] [         0          0][     20480]
   DENSE CONVOLUTION  [   16    16    40] [    3     3     8] [   16    16    48] [      2880          8][    739328]
                RELU  [   16    16    48] [    1     1     1] [   16    16    48] [         0          0][     24576]
   DENSE CONVOLUTION  [   16    16    48] [    3     3     8] [   16    16    56] [      3456          8][    886784]
                RELU  [   16    16    56] [    1     1     1] [   16    16    56] [         0          0][     28672]
   DENSE CONVOLUTION  [   16    16    56] [    3     3     8] [   16    16    64] [      4032          8][   1034240]
                RELU  [   16    16    64] [    1     1     1] [   16    16    64] [         0          0][     32768]
         CONVOLUTION  [   16    16    64] [    1     1    32] [   16    16    32] [      2048         32][    532480]
                RELU  [   16    16    32] [    1     1     1] [   16    16    32] [         0          0][     16384]
   DENSE CONVOLUTION  [   16    16    32] [    3     3     8] [   16    16    40] [      2304          8][    591872]
                RELU  [   16    16    40] [    1     1     1] [   16    16    40] [         0          0][     20480]
   DENSE CONVOLUTION  [   16    16    40] [    3     3     8] [   16    16    48] [      2880          8][    739328]
                RELU  [   16    16    48] [    1     1     1] [   16    16    48] [         0          0][     24576]
   DENSE CONVOLUTION  [   16    16    48] [    3     3     8] [   16    16    56] [      3456          8][    886784]
                RELU  [   16    16    56] [    1     1     1] [   16    16    56] [         0          0][     28672]
   DENSE CONVOLUTION  [   16    16    56] [    3     3     8] [   16    16    64] [      4032          8][   1034240]
                RELU  [   16    16    64] [    1     1     1] [   16    16    64] [         0          0][     32768]
         CONVOLUTION  [   16    16    64] [    1     1    64] [   16    16    64] [      4096         64][   1064960]
                RELU  [   16    16    64] [    1     1     1] [   16    16    64] [         0          0][     32768]
             DROPOUT  [   16    16    64] [    1     1     1] [   16    16    64] [         0          0][     32768]
                  FC  [   16    16    64] [    1     1     3] [    1     1     3] [     49152          3][     98310]

input_geometry  [16 16 24]
output_geometry [1 1 3]
network flops operations 11730950 FLOPS, 0.011731 GFLOPS
init DONE

network destructor done
