0.000000 0 0 0.002300 0.000000 0.253611 0.002294 0.000000 0.253611
0.200000 0 1 0.002004 0.000000 0.255756 0.002004 0.000000 0.253880
0.400000 0 2 0.001895 0.000000 0.258921 0.001894 0.000000 0.247263
0.600000 0 3 0.001923 0.000000 0.249510 0.001926 0.000000 0.249510
0.800000 0 4 0.001847 0.000000 0.266720 0.001854 0.000000 0.266199
1.000000 1 0 0.001727 0.000000 0.246120 0.001728 0.000000 0.244721
1.200000 1 1 0.001774 0.000000 0.245783 0.001775 0.000000 0.244571
1.400000 1 2 0.001734 0.000000 0.254136 0.001736 0.000000 0.254136
1.600000 1 3 0.001750 0.000000 0.239615 0.001738 0.000000 0.239615
1.800000 1 4 0.001945 0.000000 0.259805 0.001945 0.000000 0.256804
2.000000 2 0 0.001665 0.000000 0.265550 0.001672 0.000000 0.261586
2.200000 2 1 0.001665 0.000000 0.240341 0.001675 0.000000 0.240341
2.400000 2 2 0.001821 0.000000 0.252336 0.001814 0.000000 0.252336
2.600000 2 3 0.001715 0.000000 0.263160 0.001706 0.000000 0.257573
2.800000 2 4 0.001752 0.000000 0.243152 0.001754 0.000000 0.242061
3.000000 3 0 0.001699 0.000000 0.248943 0.001692 0.000000 0.232758
3.200000 3 1 0.001768 0.000000 0.257200 0.001761 0.000000 0.257200
3.400000 3 2 0.001750 0.000000 0.238423 0.001747 0.000000 0.238423
3.600000 3 3 0.001648 0.000000 0.248024 0.001642 0.000000 0.231099
3.800000 3 4 0.001749 0.000000 0.257425 0.001745 0.000000 0.257425
4.000000 4 0 0.001779 0.000000 0.241997 0.001781 0.000000 0.241997
4.200000 4 1 0.001689 0.000000 0.237978 0.001692 0.000000 0.237978
4.400000 4 2 0.001643 0.000000 0.244481 0.001651 0.000000 0.244481
4.600000 4 3 0.001621 0.000000 0.242246 0.001618 0.000000 0.242246
4.800000 4 4 0.001684 0.000000 0.260351 0.001688 0.000000 0.242078
5.000000 5 0 0.001593 0.000000 0.254214 0.001595 0.000000 0.254214
5.200000 5 1 0.001717 0.000000 0.255839 0.001715 0.000000 0.255839
5.400000 5 2 0.001635 0.000000 0.247171 0.001634 0.000000 0.247171
5.600000 5 3 0.001725 0.000000 0.249513 0.001731 0.000000 0.249513
5.800000 5 4 0.001642 0.000000 0.250612 0.001638 0.000000 0.250612
6.000000 6 0 0.001644 0.000000 0.251736 0.001652 0.000000 0.251736
6.200000 6 1 0.001634 0.000000 0.248795 0.001632 0.000000 0.223872
6.400000 6 2 0.001655 0.000000 0.231318 0.001661 0.000000 0.231319
6.600000 6 3 0.001669 0.000000 0.245076 0.001660 0.000000 0.245076
6.800000 6 4 0.001655 0.000000 0.257753 0.001654 0.000000 0.257753
7.000000 7 0 0.001717 0.000000 0.236448 0.001711 0.000000 0.236448
7.200000 7 1 0.001665 0.000000 0.246936 0.001659 0.000000 0.246936
7.400000 7 2 0.001601 0.000000 0.239919 0.001598 0.000000 0.239919
7.600000 7 3 0.001622 0.000000 0.237194 0.001620 0.000000 0.237193
7.800000 7 4 0.001584 0.000000 0.261595 0.001581 0.000000 0.261595
8.000000 8 0 0.001643 0.000000 0.241638 0.001636 0.000000 0.231625
8.200000 8 1 0.001633 0.000000 0.243086 0.001636 0.000000 0.234675
8.400000 8 2 0.001647 0.000000 0.238110 0.001649 0.000000 0.238110
8.600000 8 3 0.001645 0.000000 0.241722 0.001643 0.000000 0.230469
8.800000 8 4 0.001611 0.000000 0.253141 0.001608 0.000000 0.253141
9.000000 9 0 0.001598 0.000000 0.234332 0.001605 0.000000 0.230589
9.200000 9 1 0.001634 0.000000 0.241573 0.001633 0.000000 0.225911
9.400000 9 2 0.001676 0.000000 0.239964 0.001675 0.000000 0.239964
9.600000 9 3 0.001597 0.000000 0.237067 0.001597 0.000000 0.230621
9.800000 9 4 0.001598 0.000000 0.244754 0.001592 0.000000 0.244754
