0 -0.463582 8 0.000009
1 -0.453768 0 0.000000
2 -0.443954 0 0.000000
3 -0.434141 3 0.000003
4 -0.424327 2 0.000002
5 -0.414514 8 0.000009
6 -0.404700 2 0.000002
7 -0.394886 2 0.000002
8 -0.385073 2 0.000002
9 -0.375259 11 0.000012
10 -0.365446 22 0.000025
11 -0.355632 7 0.000008
12 -0.345818 10 0.000011
13 -0.336005 8 0.000009
14 -0.326191 7 0.000008
15 -0.316378 10 0.000011
16 -0.306564 11 0.000012
17 -0.296750 15 0.000017
18 -0.286937 23 0.000026
19 -0.277123 98 0.000109
20 -0.267310 37 0.000041
21 -0.257496 29 0.000032
22 -0.247682 36 0.000040
23 -0.237869 37 0.000041
24 -0.228055 37 0.000041
25 -0.218242 65 0.000073
26 -0.208428 169 0.000189
27 -0.198614 302 0.000337
28 -0.188801 888 0.000991
29 -0.178987 1316 0.001468
30 -0.169174 1431 0.001597
31 -0.159360 2078 0.002319
32 -0.149546 2526 0.002818
33 -0.139733 3850 0.004296
34 -0.129919 3186 0.003555
35 -0.120106 2850 0.003180
36 -0.110292 2868 0.003200
37 -0.100478 3821 0.004263
38 -0.090665 8904 0.009935
39 -0.080851 13605 0.015180
40 -0.071038 8044 0.008975
41 -0.061224 8207 0.009157
42 -0.051410 9311 0.010389
43 -0.041597 14726 0.016430
44 -0.031783 25738 0.028717
45 -0.021970 86061 0.096022
46 -0.012156 480615 0.536240
47 -0.002342 97470 0.108751
48 0.007471 21916 0.024453
49 0.017285 20009 0.022325
50 0.027098 12494 0.013940
51 0.036912 8654 0.009656
52 0.046726 7063 0.007880
53 0.056539 8446 0.009424
54 0.066353 7886 0.008799
55 0.076166 4913 0.005482
56 0.085980 3429 0.003826
57 0.095794 2760 0.003079
58 0.105607 3818 0.004260
59 0.115421 6037 0.006736
60 0.125234 3048 0.003401
61 0.135048 2206 0.002461
62 0.144862 1504 0.001678
63 0.154675 1358 0.001515
64 0.164489 1001 0.001117
65 0.174302 404 0.000451
66 0.184116 193 0.000215
67 0.193930 115 0.000128
68 0.203743 151 0.000168
69 0.213557 111 0.000124
70 0.223370 67 0.000075
71 0.233184 44 0.000049
72 0.242998 33 0.000037
73 0.252811 12 0.000013
74 0.262625 11 0.000012
75 0.272438 7 0.000008
76 0.282252 9 0.000010
77 0.292066 14 0.000016
78 0.301879 33 0.000037
79 0.311693 20 0.000022
80 0.321506 19 0.000021
81 0.331320 3 0.000003
82 0.341134 3 0.000003
83 0.350947 1 0.000001
84 0.360761 1 0.000001
85 0.370574 1 0.000001
86 0.380388 1 0.000001
87 0.390202 1 0.000001
88 0.400015 8 0.000009
89 0.409829 4 0.000004
90 0.419642 2 0.000002
91 0.429456 0 0.000000
92 0.439270 0 0.000000
93 0.449083 0 0.000000
94 0.458897 0 0.000000
95 0.468710 0 0.000000
96 0.478524 0 0.000000
97 0.488338 1 0.000001
98 0.498151 0 0.000000
99 0.507965 1 0.000001
