0 -0.135185 2 0.000007
1 -0.132901 1 0.000003
2 -0.130617 2 0.000007
3 -0.128333 4 0.000013
4 -0.126049 0 0.000000
5 -0.123765 1 0.000003
6 -0.121480 1 0.000003
7 -0.119196 3 0.000010
8 -0.116912 3 0.000010
9 -0.114628 3 0.000010
10 -0.112344 0 0.000000
11 -0.110060 1 0.000003
12 -0.107776 4 0.000013
13 -0.105492 0 0.000000
14 -0.103208 1 0.000003
15 -0.100923 3 0.000010
16 -0.098639 0 0.000000
17 -0.096355 0 0.000000
18 -0.094071 1 0.000003
19 -0.091787 3 0.000010
20 -0.089503 3 0.000010
21 -0.087219 2 0.000007
22 -0.084935 5 0.000017
23 -0.082650 9 0.000030
24 -0.080366 1 0.000003
25 -0.078082 0 0.000000
26 -0.075798 1 0.000003
27 -0.073514 5 0.000017
28 -0.071230 19 0.000064
29 -0.068946 10 0.000033
30 -0.066662 10 0.000033
31 -0.064377 26 0.000087
32 -0.062093 29 0.000097
33 -0.059809 26 0.000087
34 -0.057525 24 0.000080
35 -0.055241 46 0.000154
36 -0.052957 107 0.000358
37 -0.050673 57 0.000191
38 -0.048389 88 0.000295
39 -0.046105 95 0.000318
40 -0.043820 157 0.000526
41 -0.041536 233 0.000780
42 -0.039252 260 0.000870
43 -0.036968 253 0.000847
44 -0.034684 459 0.001536
45 -0.032400 487 0.001630
46 -0.030116 691 0.002313
47 -0.027832 849 0.002842
48 -0.025547 1398 0.004679
49 -0.023263 2506 0.008388
50 -0.020979 3149 0.010540
51 -0.018695 4067 0.013613
52 -0.016411 8926 0.029877
53 -0.014127 16251 0.054396
54 -0.011843 31854 0.106622
55 -0.009559 66579 0.222854
56 -0.007274 79227 0.265190
57 -0.004990 40601 0.135900
58 -0.002706 16321 0.054630
59 -0.000422 7787 0.026065
60 0.001862 4900 0.016401
61 0.004146 2953 0.009884
62 0.006430 1708 0.005717
63 0.008714 1275 0.004268
64 0.010998 1035 0.003464
65 0.013283 765 0.002561
66 0.015567 594 0.001988
67 0.017851 426 0.001426
68 0.020135 428 0.001433
69 0.022419 422 0.001413
70 0.024703 268 0.000897
71 0.026987 288 0.000964
72 0.029271 210 0.000703
73 0.031556 149 0.000499
74 0.033840 157 0.000526
75 0.036124 76 0.000254
76 0.038408 85 0.000285
77 0.040692 81 0.000271
78 0.042976 49 0.000164
79 0.045260 57 0.000191
80 0.047544 24 0.000080
81 0.049829 15 0.000050
82 0.052113 10 0.000033
83 0.054397 11 0.000037
84 0.056681 14 0.000047
85 0.058965 10 0.000033
86 0.061249 6 0.000020
87 0.063533 8 0.000027
88 0.065817 2 0.000007
89 0.068101 3 0.000010
90 0.070386 11 0.000037
91 0.072670 5 0.000017
92 0.074954 1 0.000003
93 0.077238 3 0.000010
94 0.079522 21 0.000070
95 0.081806 11 0.000037
96 0.084090 4 0.000013
97 0.086374 11 0.000037
98 0.088659 8 0.000027
99 0.090943 1 0.000003
