0 -0.463582 8 0.000027
1 -0.453768 0 0.000000
2 -0.443954 0 0.000000
3 -0.434141 3 0.000010
4 -0.424327 2 0.000007
5 -0.414514 8 0.000027
6 -0.404700 2 0.000007
7 -0.394886 2 0.000007
8 -0.385073 2 0.000007
9 -0.375259 11 0.000037
10 -0.365446 22 0.000074
11 -0.355632 7 0.000023
12 -0.345818 10 0.000033
13 -0.336005 8 0.000027
14 -0.326191 7 0.000023
15 -0.316378 10 0.000033
16 -0.306564 11 0.000037
17 -0.296750 15 0.000050
18 -0.286937 23 0.000077
19 -0.277123 98 0.000328
20 -0.267310 37 0.000124
21 -0.257496 29 0.000097
22 -0.247682 36 0.000120
23 -0.237869 37 0.000124
24 -0.228055 37 0.000124
25 -0.218242 65 0.000218
26 -0.208428 169 0.000566
27 -0.198614 302 0.001011
28 -0.188801 888 0.002972
29 -0.178987 1316 0.004405
30 -0.169174 1431 0.004790
31 -0.159360 2078 0.006956
32 -0.149546 2526 0.008455
33 -0.139733 3847 0.012877
34 -0.129919 3178 0.010637
35 -0.120106 2841 0.009509
36 -0.110292 2861 0.009576
37 -0.100478 3818 0.012780
38 -0.090665 8876 0.029710
39 -0.080851 13581 0.045459
40 -0.071038 7930 0.026543
41 -0.061224 7880 0.026376
42 -0.051410 8394 0.028097
43 -0.041597 10924 0.036565
44 -0.031783 11758 0.039357
45 -0.021970 12820 0.042911
46 -0.012156 58698 0.196475
47 -0.002342 26470 0.088601
48 0.007471 13496 0.045174
49 0.017285 17838 0.059708
50 0.027098 11589 0.038791
51 0.036912 8275 0.027698
52 0.046726 6925 0.023179
53 0.056539 8408 0.028143
54 0.066353 7864 0.026322
55 0.076166 4874 0.016314
56 0.085980 3409 0.011411
57 0.095794 2760 0.009238
58 0.105607 3818 0.012780
59 0.115421 6037 0.020207
60 0.125234 3048 0.010202
61 0.135048 2206 0.007384
62 0.144862 1504 0.005034
63 0.154675 1358 0.004546
64 0.164489 1001 0.003351
65 0.174302 404 0.001352
66 0.184116 193 0.000646
67 0.193930 115 0.000385
68 0.203743 151 0.000505
69 0.213557 111 0.000372
70 0.223370 67 0.000224
71 0.233184 44 0.000147
72 0.242998 33 0.000110
73 0.252811 12 0.000040
74 0.262625 11 0.000037
75 0.272438 7 0.000023
76 0.282252 9 0.000030
77 0.292066 14 0.000047
78 0.301879 33 0.000110
79 0.311693 20 0.000067
80 0.321506 19 0.000064
81 0.331320 3 0.000010
82 0.341134 3 0.000010
83 0.350947 1 0.000003
84 0.360761 1 0.000003
85 0.370574 1 0.000003
86 0.380388 1 0.000003
87 0.390202 1 0.000003
88 0.400015 8 0.000027
89 0.409829 4 0.000013
90 0.419642 2 0.000007
91 0.429456 0 0.000000
92 0.439270 0 0.000000
93 0.449083 0 0.000000
94 0.458897 0 0.000000
95 0.468710 0 0.000000
96 0.478524 0 0.000000
97 0.488338 1 0.000003
98 0.498151 0 0.000000
99 0.507965 1 0.000003
