0 -0.086586 2 0.000007
1 -0.085182 1 0.000003
2 -0.083778 0 0.000000
3 -0.082374 3 0.000010
4 -0.080969 3 0.000010
5 -0.079565 1 0.000003
6 -0.078161 3 0.000010
7 -0.076757 1 0.000003
8 -0.075352 6 0.000020
9 -0.073948 0 0.000000
10 -0.072544 0 0.000000
11 -0.071140 5 0.000017
12 -0.069735 0 0.000000
13 -0.068331 1 0.000003
14 -0.066927 1 0.000003
15 -0.065523 2 0.000007
16 -0.064118 3 0.000010
17 -0.062714 26 0.000087
18 -0.061310 12 0.000040
19 -0.059906 14 0.000047
20 -0.058501 6 0.000020
21 -0.057097 12 0.000040
22 -0.055693 9 0.000030
23 -0.054289 23 0.000077
24 -0.052884 36 0.000120
25 -0.051480 34 0.000114
26 -0.050076 25 0.000084
27 -0.048672 66 0.000221
28 -0.047267 73 0.000244
29 -0.045863 55 0.000184
30 -0.044459 74 0.000248
31 -0.043055 196 0.000656
32 -0.041651 161 0.000539
33 -0.040246 259 0.000867
34 -0.038842 198 0.000663
35 -0.037438 300 0.001004
36 -0.036034 403 0.001349
37 -0.034629 522 0.001747
38 -0.033225 581 0.001945
39 -0.031821 561 0.001878
40 -0.030417 733 0.002454
41 -0.029012 896 0.002999
42 -0.027608 1161 0.003886
43 -0.026204 1541 0.005158
44 -0.024800 1758 0.005884
45 -0.023395 2676 0.008957
46 -0.021991 2730 0.009138
47 -0.020587 2960 0.009908
48 -0.019183 4420 0.014795
49 -0.017778 5194 0.017385
50 -0.016374 7467 0.024994
51 -0.014970 8770 0.029355
52 -0.013566 10950 0.036652
53 -0.012161 14241 0.047668
54 -0.010757 20354 0.068129
55 -0.009353 27725 0.092801
56 -0.007949 41766 0.139800
57 -0.006545 41266 0.138126
58 -0.005140 31885 0.106726
59 -0.003736 20183 0.067557
60 -0.002332 13314 0.044565
61 -0.000928 9162 0.030667
62 0.000477 6300 0.021087
63 0.001881 4788 0.016026
64 0.003285 3649 0.012214
65 0.004689 2746 0.009191
66 0.006094 1770 0.005925
67 0.007498 1315 0.004402
68 0.008902 846 0.002832
69 0.010306 601 0.002012
70 0.011711 517 0.001731
71 0.013115 297 0.000994
72 0.014519 249 0.000833
73 0.015923 144 0.000482
74 0.017328 192 0.000643
75 0.018732 118 0.000395
76 0.020136 93 0.000311
77 0.021540 32 0.000107
78 0.022945 22 0.000074
79 0.024349 18 0.000060
80 0.025753 6 0.000020
81 0.027157 12 0.000040
82 0.028562 15 0.000050
83 0.029966 4 0.000013
84 0.031370 14 0.000047
85 0.032774 8 0.000027
86 0.034178 9 0.000030
87 0.035583 19 0.000064
88 0.036987 21 0.000070
89 0.038391 8 0.000027
90 0.039795 10 0.000033
91 0.041200 15 0.000050
92 0.042604 7 0.000023
93 0.044008 12 0.000040
94 0.045412 12 0.000040
95 0.046817 13 0.000044
96 0.048221 13 0.000044
97 0.049625 15 0.000050
98 0.051029 15 0.000050
99 0.052434 1 0.000003
