0 0.000000 779889 0.870152
1 0.002606 35245 0.039324
2 0.005213 28720 0.032044
3 0.007819 9651 0.010768
4 0.010425 7800 0.008703
5 0.013032 9729 0.010855
6 0.015638 6893 0.007691
7 0.018244 5305 0.005919
8 0.020851 3305 0.003688
9 0.023457 2761 0.003081
10 0.026063 2148 0.002397
11 0.028670 1600 0.001785
12 0.031276 1112 0.001241
13 0.033883 516 0.000576
14 0.036489 295 0.000329
15 0.039095 194 0.000216
16 0.041702 167 0.000186
17 0.044308 148 0.000165
18 0.046914 78 0.000087
19 0.049521 66 0.000074
20 0.052127 54 0.000060
21 0.054733 50 0.000056
22 0.057340 32 0.000036
23 0.059946 50 0.000056
24 0.062552 19 0.000021
25 0.065159 20 0.000022
26 0.067765 31 0.000035
27 0.070371 33 0.000037
28 0.072978 67 0.000075
29 0.075584 24 0.000027
30 0.078190 13 0.000015
31 0.080797 11 0.000012
32 0.083403 9 0.000010
33 0.086009 13 0.000015
34 0.088616 11 0.000012
35 0.091222 20 0.000022
36 0.093828 19 0.000021
37 0.096435 22 0.000025
38 0.099041 6 0.000007
39 0.101648 13 0.000015
40 0.104254 15 0.000017
41 0.106860 5 0.000006
42 0.109467 7 0.000008
43 0.112073 3 0.000003
44 0.114679 4 0.000004
45 0.117286 6 0.000007
46 0.119892 3 0.000003
47 0.122498 4 0.000004
48 0.125105 3 0.000003
49 0.127711 11 0.000012
50 0.130317 9 0.000010
51 0.132924 7 0.000008
52 0.135530 6 0.000007
53 0.138136 1 0.000001
54 0.140743 2 0.000002
55 0.143349 0 0.000000
56 0.145955 0 0.000000
57 0.148562 3 0.000003
58 0.151168 0 0.000000
59 0.153774 0 0.000000
60 0.156381 2 0.000002
61 0.158987 2 0.000002
62 0.161594 4 0.000004
63 0.164200 8 0.000009
64 0.166806 2 0.000002
65 0.169413 5 0.000006
66 0.172019 0 0.000000
67 0.174625 0 0.000000
68 0.177232 3 0.000003
69 0.179838 1 0.000001
70 0.182444 3 0.000003
71 0.185051 0 0.000000
72 0.187657 0 0.000000
73 0.190263 0 0.000000
74 0.192870 0 0.000000
75 0.195476 0 0.000000
76 0.198082 0 0.000000
77 0.200689 0 0.000000
78 0.203295 0 0.000000
79 0.205901 0 0.000000
80 0.208508 2 0.000002
81 0.211114 0 0.000000
82 0.213720 6 0.000007
83 0.216327 0 0.000000
84 0.218933 0 0.000000
85 0.221539 0 0.000000
86 0.224146 0 0.000000
87 0.226752 0 0.000000
88 0.229359 0 0.000000
89 0.231965 0 0.000000
90 0.234571 0 0.000000
91 0.237178 1 0.000001
92 0.239784 0 0.000000
93 0.242390 0 0.000000
94 0.244997 0 0.000000
95 0.247603 0 0.000000
96 0.250209 0 0.000000
97 0.252816 0 0.000000
98 0.255422 0 0.000000
99 0.258028 1 0.000001
