0 0.011722 48 0.000161
1 0.021495 69 0.000231
2 0.031269 75 0.000251
3 0.041043 82 0.000274
4 0.050817 174 0.000582
5 0.060591 157 0.000526
6 0.070365 130 0.000435
7 0.080139 177 0.000592
8 0.089913 132 0.000442
9 0.099686 151 0.000505
10 0.109460 121 0.000405
11 0.119234 120 0.000402
12 0.129008 184 0.000616
13 0.138782 186 0.000623
14 0.148556 171 0.000572
15 0.158330 236 0.000790
16 0.168103 213 0.000713
17 0.177877 303 0.001014
18 0.187651 314 0.001051
19 0.197425 309 0.001034
20 0.207199 462 0.001546
21 0.216973 492 0.001647
22 0.226747 444 0.001486
23 0.236521 357 0.001195
24 0.246294 499 0.001670
25 0.256068 570 0.001908
26 0.265842 597 0.001998
27 0.275616 813 0.002721
28 0.285390 861 0.002882
29 0.295164 998 0.003341
30 0.304938 964 0.003227
31 0.314711 1040 0.003481
32 0.324485 1286 0.004305
33 0.334259 1338 0.004479
34 0.344033 1274 0.004264
35 0.353807 1258 0.004211
36 0.363581 2054 0.006875
37 0.373355 1817 0.006082
38 0.383129 2457 0.008224
39 0.392902 2758 0.009232
40 0.402676 3307 0.011069
41 0.412450 3652 0.012224
42 0.422224 4355 0.014577
43 0.431998 5340 0.017874
44 0.441772 6043 0.020227
45 0.451546 8309 0.027812
46 0.461319 10763 0.036026
47 0.471093 15051 0.050379
48 0.480867 25518 0.085414
49 0.490641 46604 0.155994
50 0.500415 42292 0.141560
51 0.510189 23440 0.078459
52 0.519963 14414 0.048247
53 0.529737 10115 0.033857
54 0.539510 7031 0.023534
55 0.549284 5815 0.019464
56 0.559058 5474 0.018323
57 0.568832 4697 0.015722
58 0.578606 4141 0.013861
59 0.588380 2534 0.008482
60 0.598154 2430 0.008134
61 0.607927 2206 0.007384
62 0.617701 2057 0.006885
63 0.627475 1681 0.005627
64 0.637249 1516 0.005074
65 0.647023 1560 0.005222
66 0.656797 1356 0.004539
67 0.666571 1176 0.003936
68 0.676345 1297 0.004341
69 0.686118 865 0.002895
70 0.695892 705 0.002360
71 0.705666 568 0.001901
72 0.715440 630 0.002109
73 0.725214 488 0.001633
74 0.734988 438 0.001466
75 0.744762 449 0.001503
76 0.754535 397 0.001329
77 0.764309 448 0.001500
78 0.774083 384 0.001285
79 0.783857 398 0.001332
80 0.793631 248 0.000830
81 0.803405 246 0.000823
82 0.813179 244 0.000817
83 0.822953 232 0.000777
84 0.832726 199 0.000666
85 0.842500 237 0.000793
86 0.852274 165 0.000552
87 0.862048 123 0.000412
88 0.871822 117 0.000392
89 0.881596 115 0.000385
90 0.891370 160 0.000536
91 0.901144 149 0.000499
92 0.910917 183 0.000613
93 0.920691 200 0.000669
94 0.930465 216 0.000723
95 0.940239 97 0.000325
96 0.950013 40 0.000134
97 0.959787 55 0.000184
98 0.969561 92 0.000308
99 0.979334 3 0.000010
