0 0.000000 3 0.000010
1 0.010101 48 0.000161
2 0.020202 83 0.000278
3 0.030303 76 0.000254
4 0.040404 86 0.000288
5 0.050505 56 0.000187
6 0.060606 34 0.000114
7 0.070707 59 0.000197
8 0.080808 88 0.000295
9 0.090909 77 0.000258
10 0.101010 64 0.000214
11 0.111111 76 0.000254
12 0.121212 36 0.000120
13 0.131313 43 0.000144
14 0.141414 42 0.000141
15 0.151515 52 0.000174
16 0.161616 49 0.000164
17 0.171717 45 0.000151
18 0.181818 39 0.000131
19 0.191919 40 0.000134
20 0.202020 43 0.000144
21 0.212121 54 0.000181
22 0.222222 36 0.000120
23 0.232323 60 0.000201
24 0.242424 266 0.000890
25 0.252525 406 0.001359
26 0.262626 441 0.001476
27 0.272727 559 0.001871
28 0.282828 558 0.001868
29 0.292929 437 0.001463
30 0.303030 596 0.001995
31 0.313131 1883 0.006303
32 0.323232 1926 0.006447
33 0.333333 2175 0.007280
34 0.343434 1374 0.004599
35 0.353535 286 0.000957
36 0.363636 256 0.000857
37 0.373737 287 0.000961
38 0.383838 260 0.000870
39 0.393939 250 0.000837
40 0.404040 396 0.001325
41 0.414141 525 0.001757
42 0.424242 458 0.001533
43 0.434343 461 0.001543
44 0.444444 722 0.002417
45 0.454545 797 0.002668
46 0.464646 925 0.003096
47 0.474748 1115 0.003732
48 0.484849 1620 0.005422
49 0.494950 2043 0.006838
50 0.505050 1864 0.006239
51 0.515152 2322 0.007772
52 0.525253 2919 0.009771
53 0.535354 3281 0.010982
54 0.545455 5294 0.017720
55 0.555556 6570 0.021991
56 0.565657 9794 0.032783
57 0.575758 22465 0.075195
58 0.585859 37885 0.126809
59 0.595960 33909 0.113501
60 0.606061 16922 0.056642
61 0.616162 12835 0.042961
62 0.626263 9628 0.032227
63 0.636364 5771 0.019317
64 0.646465 4604 0.015411
65 0.656566 4155 0.013908
66 0.666667 3418 0.011441
67 0.676768 2986 0.009995
68 0.686869 2698 0.009031
69 0.696970 2585 0.008653
70 0.707071 2400 0.008033
71 0.717172 2228 0.007458
72 0.727273 2128 0.007123
73 0.737374 2674 0.008950
74 0.747475 2394 0.008013
75 0.757576 2444 0.008181
76 0.767677 2677 0.008960
77 0.777778 2382 0.007973
78 0.787879 2592 0.008676
79 0.797980 2187 0.007320
80 0.808081 2558 0.008562
81 0.818182 3194 0.010691
82 0.828283 3654 0.012231
83 0.838384 3410 0.011414
84 0.848485 4448 0.014888
85 0.858586 6256 0.020940
86 0.868687 6018 0.020144
87 0.878788 6040 0.020217
88 0.888889 3936 0.013175
89 0.898990 3723 0.012462
90 0.909091 4249 0.014222
91 0.919192 4689 0.015695
92 0.929293 3401 0.011384
93 0.939394 2296 0.007685
94 0.949495 918 0.003073
95 0.959596 641 0.002146
96 0.969697 564 0.001888
97 0.979798 310 0.001038
98 0.989899 126 0.000422
99 1.000000 3 0.000010
