0 0.428569 43 0.000144
1 0.430372 25 0.000084
2 0.432175 9 0.000030
3 0.433978 26 0.000087
4 0.435781 18 0.000060
5 0.437584 22 0.000074
6 0.439386 27 0.000090
7 0.441189 22 0.000074
8 0.442992 18 0.000060
9 0.444795 12 0.000040
10 0.446598 190 0.000636
11 0.448401 118 0.000395
12 0.450204 121 0.000405
13 0.452006 196 0.000656
14 0.453809 307 0.001028
15 0.455612 335 0.001121
16 0.457415 342 0.001145
17 0.459218 513 0.001717
18 0.461021 592 0.001982
19 0.462824 842 0.002818
20 0.464626 705 0.002360
21 0.466429 622 0.002082
22 0.468232 815 0.002728
23 0.470035 597 0.001998
24 0.471838 768 0.002571
25 0.473641 1038 0.003474
26 0.475444 764 0.002557
27 0.477246 979 0.003277
28 0.479049 946 0.003166
29 0.480852 1268 0.004244
30 0.482655 1204 0.004030
31 0.484458 2201 0.007367
32 0.486261 2635 0.008820
33 0.488064 3468 0.011608
34 0.489867 3339 0.011176
35 0.491669 4052 0.013563
36 0.493472 5685 0.019029
37 0.495275 7414 0.024816
38 0.497078 10234 0.034255
39 0.498881 13104 0.043862
40 0.500684 15469 0.051778
41 0.502487 21368 0.071523
42 0.504289 32620 0.109186
43 0.506092 35687 0.119452
44 0.507895 30371 0.101658
45 0.509698 20559 0.068815
46 0.511501 15167 0.050767
47 0.513304 11908 0.039859
48 0.515107 8945 0.029941
49 0.516909 7281 0.024371
50 0.518712 5128 0.017165
51 0.520515 4021 0.013459
52 0.522318 2560 0.008569
53 0.524121 3042 0.010182
54 0.525924 1579 0.005285
55 0.527727 1486 0.004974
56 0.529529 1477 0.004944
57 0.531332 1160 0.003883
58 0.533135 1009 0.003377
59 0.534938 1134 0.003796
60 0.536741 858 0.002872
61 0.538544 731 0.002447
62 0.540347 633 0.002119
63 0.542150 429 0.001436
64 0.543952 532 0.001781
65 0.545755 773 0.002587
66 0.547558 511 0.001710
67 0.549361 495 0.001657
68 0.551164 439 0.001469
69 0.552967 398 0.001332
70 0.554770 549 0.001838
71 0.556572 343 0.001148
72 0.558375 498 0.001667
73 0.560178 538 0.001801
74 0.561981 185 0.000619
75 0.563784 419 0.001402
76 0.565587 507 0.001697
77 0.567390 228 0.000763
78 0.569192 283 0.000947
79 0.570995 212 0.000710
80 0.572798 193 0.000646
81 0.574601 172 0.000576
82 0.576404 239 0.000800
83 0.578207 105 0.000351
84 0.580010 82 0.000274
85 0.581813 111 0.000372
86 0.583615 157 0.000526
87 0.585418 297 0.000994
88 0.587221 43 0.000144
89 0.589024 73 0.000244
90 0.590827 20 0.000067
91 0.592630 15 0.000050
92 0.594433 7 0.000023
93 0.596235 12 0.000040
94 0.598038 25 0.000084
95 0.599841 16 0.000054
96 0.601644 15 0.000050
97 0.603447 15 0.000050
98 0.605250 10 0.000033
99 0.607053 1 0.000003
