0 0.000000 4 0.000013
1 0.010101 1 0.000003
2 0.020202 0 0.000000
3 0.030303 3 0.000010
4 0.040404 2 0.000007
5 0.050505 2 0.000007
6 0.060606 0 0.000000
7 0.070707 0 0.000000
8 0.080808 0 0.000000
9 0.090909 4 0.000013
10 0.101010 9 0.000030
11 0.111111 3 0.000010
12 0.121212 34 0.000114
13 0.131313 4 0.000013
14 0.141414 0 0.000000
15 0.151515 0 0.000000
16 0.161616 0 0.000000
17 0.171717 1 0.000003
18 0.181818 0 0.000000
19 0.191919 12 0.000040
20 0.202020 29 0.000097
21 0.212121 81 0.000271
22 0.222222 99 0.000331
23 0.232323 28 0.000094
24 0.242424 22 0.000074
25 0.252525 8 0.000027
26 0.262626 7 0.000023
27 0.272727 18 0.000060
28 0.282828 49 0.000164
29 0.292929 132 0.000442
30 0.303030 387 0.001295
31 0.313131 719 0.002407
32 0.323232 1400 0.004686
33 0.333333 969 0.003243
34 0.343434 962 0.003220
35 0.353535 2551 0.008539
36 0.363636 3117 0.010433
37 0.373737 4868 0.016294
38 0.383838 3249 0.010875
39 0.393939 3098 0.010370
40 0.404040 4866 0.016288
41 0.414141 6618 0.022152
42 0.424242 16509 0.055259
43 0.434343 7907 0.026466
44 0.444444 6482 0.021697
45 0.454545 9553 0.031976
46 0.464646 14200 0.047530
47 0.474747 10556 0.035333
48 0.484848 11116 0.037208
49 0.494949 67012 0.224303
50 0.505050 14814 0.049586
51 0.515152 11575 0.038744
52 0.525253 19677 0.065863
53 0.535354 9832 0.032910
54 0.545455 7897 0.026433
55 0.555556 8744 0.029268
56 0.565657 11584 0.038774
57 0.575758 6440 0.021556
58 0.585859 5175 0.017322
59 0.595960 3729 0.012482
60 0.606061 3832 0.012827
61 0.616162 3778 0.012646
62 0.626263 6414 0.021469
63 0.636364 1718 0.005751
64 0.646465 1270 0.004251
65 0.656566 1660 0.005556
66 0.666667 1700 0.005690
67 0.676768 991 0.003317
68 0.686869 335 0.001121
69 0.696970 343 0.001148
70 0.707071 247 0.000827
71 0.717172 25 0.000084
72 0.727273 13 0.000044
73 0.737374 18 0.000060
74 0.747475 14 0.000047
75 0.757576 5 0.000017
76 0.767677 27 0.000090
77 0.777778 38 0.000127
78 0.787879 43 0.000144
79 0.797980 81 0.000271
80 0.808081 11 0.000037
81 0.818182 0 0.000000
82 0.828283 0 0.000000
83 0.838384 0 0.000000
84 0.848485 0 0.000000
85 0.858586 1 0.000003
86 0.868687 7 0.000023
87 0.878788 12 0.000040
88 0.888889 6 0.000020
89 0.898990 6 0.000020
90 0.909091 1 0.000003
91 0.919192 0 0.000000
92 0.929293 0 0.000000
93 0.939394 0 0.000000
94 0.949495 0 0.000000
95 0.959596 0 0.000000
96 0.969697 0 0.000000
97 0.979798 1 0.000003
98 0.989899 0 0.000000
99 1.000000 1 0.000003
