0 0.025415 45 0.000050
1 0.035339 12 0.000013
2 0.045263 188 0.000210
3 0.055188 205 0.000229
4 0.065112 245 0.000273
5 0.075037 265 0.000296
6 0.084961 183 0.000204
7 0.094885 232 0.000259
8 0.104810 307 0.000343
9 0.114734 267 0.000298
10 0.124659 253 0.000282
11 0.134583 227 0.000253
12 0.144507 222 0.000248
13 0.154432 243 0.000271
14 0.164356 256 0.000286
15 0.174281 402 0.000449
16 0.184205 372 0.000415
17 0.194129 433 0.000483
18 0.204054 366 0.000408
19 0.213978 403 0.000450
20 0.223903 521 0.000581
21 0.233827 592 0.000661
22 0.243751 699 0.000780
23 0.253676 1112 0.001241
24 0.263600 878 0.000980
25 0.273524 1231 0.001373
26 0.283449 1178 0.001314
27 0.293373 1446 0.001613
28 0.303298 1663 0.001855
29 0.313222 2199 0.002454
30 0.323146 2912 0.003249
31 0.333071 3746 0.004180
32 0.342995 2642 0.002948
33 0.352920 1935 0.002159
34 0.362844 2071 0.002311
35 0.372768 2050 0.002287
36 0.382693 2629 0.002933
37 0.392617 2902 0.003238
38 0.402542 3189 0.003558
39 0.412466 4046 0.004514
40 0.422390 4165 0.004647
41 0.432315 5644 0.006297
42 0.442239 6716 0.007493
43 0.452164 9138 0.010196
44 0.462088 13679 0.015262
45 0.472012 18132 0.020231
46 0.481937 33117 0.036950
47 0.491861 86007 0.095961
48 0.501785 202862 0.226341
49 0.511710 81779 0.091244
50 0.521634 32736 0.036525
51 0.531559 19747 0.022032
52 0.541483 15055 0.016797
53 0.551407 13736 0.015326
54 0.561332 13640 0.015219
55 0.571256 15017 0.016755
56 0.581181 26529 0.029599
57 0.591105 39930 0.044551
58 0.601029 36566 0.040798
59 0.610954 20702 0.023098
60 0.620878 14784 0.016495
61 0.630803 12116 0.013518
62 0.640727 7286 0.008129
63 0.650651 6671 0.007443
64 0.660576 5741 0.006405
65 0.670500 4835 0.005395
66 0.680425 4356 0.004860
67 0.690349 3643 0.004065
68 0.700273 3239 0.003614
69 0.710198 3114 0.003474
70 0.720122 2989 0.003335
71 0.730047 2694 0.003006
72 0.739971 2754 0.003073
73 0.749895 3002 0.003349
74 0.759820 2617 0.002920
75 0.769744 2822 0.003149
76 0.779668 2856 0.003187
77 0.789593 3189 0.003558
78 0.799517 2588 0.002888
79 0.809442 2703 0.003016
80 0.819366 2769 0.003089
81 0.829290 2979 0.003324
82 0.839215 3693 0.004120
83 0.849139 3656 0.004079
84 0.859064 4974 0.005550
85 0.868988 5192 0.005793
86 0.878912 6261 0.006986
87 0.888837 6368 0.007105
88 0.898761 4013 0.004477
89 0.908686 3167 0.003534
90 0.918610 4338 0.004840
91 0.928534 5276 0.005887
92 0.938459 3177 0.003545
93 0.948383 2650 0.002957
94 0.958308 1730 0.001930
95 0.968232 692 0.000772
96 0.978156 802 0.000895
97 0.988081 594 0.000663
98 0.998005 274 0.000306
99 1.007930 0 0.000000
