0 0.049302 179 0.000599
1 0.058985 105 0.000351
2 0.068668 96 0.000321
3 0.078351 115 0.000385
4 0.088034 73 0.000244
5 0.097718 72 0.000241
6 0.107401 71 0.000238
7 0.117084 46 0.000154
8 0.126767 53 0.000177
9 0.136450 47 0.000157
10 0.146133 46 0.000154
11 0.155816 47 0.000157
12 0.165499 42 0.000141
13 0.175182 43 0.000144
14 0.184866 34 0.000114
15 0.194549 38 0.000127
16 0.204232 33 0.000110
17 0.213915 42 0.000141
18 0.223598 71 0.000238
19 0.233281 102 0.000341
20 0.242964 260 0.000870
21 0.252647 536 0.001794
22 0.262330 288 0.000964
23 0.272013 459 0.001536
24 0.281697 552 0.001848
25 0.291380 443 0.001483
26 0.301063 615 0.002059
27 0.310746 1067 0.003571
28 0.320429 1464 0.004900
29 0.330112 2665 0.008920
30 0.339795 1523 0.005098
31 0.349478 645 0.002159
32 0.359161 315 0.001054
33 0.368845 382 0.001279
34 0.378528 267 0.000894
35 0.388211 232 0.000777
36 0.397894 211 0.000706
37 0.407577 298 0.000997
38 0.417260 615 0.002059
39 0.426943 405 0.001356
40 0.436626 465 0.001556
41 0.446309 465 0.001556
42 0.455992 768 0.002571
43 0.465676 676 0.002263
44 0.475359 1050 0.003515
45 0.485042 1532 0.005128
46 0.494725 1731 0.005794
47 0.504408 1857 0.006216
48 0.514091 1874 0.006273
49 0.523774 2046 0.006848
50 0.533457 3049 0.010206
51 0.543140 3330 0.011146
52 0.552823 5143 0.017215
53 0.562507 6402 0.021429
54 0.572190 9091 0.030430
55 0.581873 21356 0.071483
56 0.591556 36095 0.120818
57 0.601239 33149 0.110957
58 0.610922 18187 0.060876
59 0.620605 12285 0.041121
60 0.630288 10310 0.034510
61 0.639971 5834 0.019528
62 0.649655 4886 0.016354
63 0.659338 4188 0.014018
64 0.669021 3423 0.011458
65 0.678704 3004 0.010055
66 0.688387 2602 0.008709
67 0.698070 2517 0.008425
68 0.707753 2343 0.007843
69 0.717436 2287 0.007655
70 0.727119 2178 0.007290
71 0.736803 2167 0.007253
72 0.746486 2434 0.008147
73 0.756169 2373 0.007943
74 0.765852 2176 0.007284
75 0.775535 2404 0.008047
76 0.785218 2750 0.009205
77 0.794901 2454 0.008214
78 0.804584 2002 0.006701
79 0.814267 2300 0.007699
80 0.823950 2619 0.008766
81 0.833634 3204 0.010724
82 0.843317 3285 0.010996
83 0.853000 3772 0.012626
84 0.862683 4981 0.016672
85 0.872366 4933 0.016512
86 0.882049 6175 0.020669
87 0.891732 5591 0.018714
88 0.901415 3323 0.011123
89 0.911098 2902 0.009714
90 0.920781 4818 0.016127
91 0.930465 4438 0.014855
92 0.940148 2662 0.008910
93 0.949831 2743 0.009181
94 0.959514 1356 0.004539
95 0.969197 635 0.002125
96 0.978880 757 0.002534
97 0.988563 526 0.001761
98 0.998246 255 0.000854
99 1.007929 1 0.000003
