0 0.000000 7 0.000008
1 0.010101 93 0.000104
2 0.020202 144 0.000161
3 0.030303 163 0.000182
4 0.040404 169 0.000189
5 0.050505 236 0.000263
6 0.060606 194 0.000216
7 0.070707 195 0.000218
8 0.080808 266 0.000297
9 0.090909 219 0.000244
10 0.101010 244 0.000272
11 0.111111 191 0.000213
12 0.121212 205 0.000229
13 0.131313 223 0.000249
14 0.141414 237 0.000264
15 0.151515 266 0.000297
16 0.161616 272 0.000303
17 0.171717 308 0.000344
18 0.181818 392 0.000437
19 0.191919 330 0.000368
20 0.202020 502 0.000560
21 0.212121 615 0.000686
22 0.222222 614 0.000685
23 0.232323 475 0.000530
24 0.242424 703 0.000784
25 0.252525 1025 0.001144
26 0.262626 1051 0.001173
27 0.272727 1318 0.001471
28 0.282828 1506 0.001680
29 0.292929 1598 0.001783
30 0.303030 2003 0.002235
31 0.313131 3631 0.004051
32 0.323232 4618 0.005152
33 0.333333 4527 0.005051
34 0.343434 3674 0.004099
35 0.353535 4155 0.004636
36 0.363636 5478 0.006112
37 0.373737 7158 0.007986
38 0.383838 5935 0.006622
39 0.393939 6276 0.007002
40 0.404040 8797 0.009815
41 0.414141 10904 0.012166
42 0.424242 21859 0.024389
43 0.434343 13947 0.015561
44 0.444444 14253 0.015903
45 0.454545 19381 0.021624
46 0.464646 27412 0.030585
47 0.474747 30461 0.033986
48 0.484848 48845 0.054498
49 0.494949 119505 0.133336
50 0.505050 49704 0.055457
51 0.515152 32445 0.036200
52 0.525253 34463 0.038452
53 0.535354 21593 0.024092
54 0.545455 19407 0.021653
55 0.555556 20975 0.023403
56 0.565657 26645 0.029729
57 0.575758 33393 0.037258
58 0.585859 45945 0.051263
59 0.595960 40228 0.044884
60 0.606061 22977 0.025636
61 0.616162 18850 0.021032
62 0.626263 17800 0.019860
63 0.636364 9033 0.010078
64 0.646465 7509 0.008378
65 0.656566 7216 0.008051
66 0.666667 6334 0.007067
67 0.676768 5295 0.005908
68 0.686869 3910 0.004363
69 0.696970 3646 0.004068
70 0.707071 3230 0.003604
71 0.717172 2893 0.003228
72 0.727273 2607 0.002909
73 0.737374 3168 0.003535
74 0.747475 2836 0.003164
75 0.757576 2854 0.003184
76 0.767677 3222 0.003595
77 0.777778 2786 0.003108
78 0.787879 2980 0.003325
79 0.797980 2497 0.002786
80 0.808081 2843 0.003172
81 0.818182 3421 0.003817
82 0.828283 3884 0.004334
83 0.838384 3634 0.004055
84 0.848485 4676 0.005217
85 0.858586 6378 0.007116
86 0.868687 6146 0.006857
87 0.878788 6170 0.006884
88 0.888889 4085 0.004558
89 0.898990 3883 0.004332
90 0.909091 4446 0.004961
91 0.919192 4890 0.005456
92 0.929293 3633 0.004053
93 0.939394 2401 0.002679
94 0.949495 960 0.001071
95 0.959596 698 0.000779
96 0.969697 658 0.000734
97 0.979798 311 0.000347
98 0.989899 126 0.000141
99 1.000000 4 0.000004
