0 0.025415 45 0.000151
1 0.035225 12 0.000040
2 0.045036 58 0.000194
3 0.054847 74 0.000248
4 0.064658 148 0.000495
5 0.074469 150 0.000502
6 0.084279 100 0.000335
7 0.094090 143 0.000479
8 0.103901 222 0.000743
9 0.113712 232 0.000777
10 0.123522 194 0.000649
11 0.133333 181 0.000606
12 0.143144 173 0.000579
13 0.152955 183 0.000613
14 0.162765 192 0.000643
15 0.172576 356 0.001192
16 0.182387 340 0.001138
17 0.192198 367 0.001228
18 0.202009 345 0.001155
19 0.211819 333 0.001115
20 0.221630 442 0.001479
21 0.231441 488 0.001633
22 0.241252 417 0.001396
23 0.251062 517 0.001731
24 0.260873 521 0.001744
25 0.270684 733 0.002454
26 0.280495 642 0.002149
27 0.290305 801 0.002681
28 0.300116 983 0.003290
29 0.309927 994 0.003327
30 0.319738 1108 0.003709
31 0.329548 1060 0.003548
32 0.339359 1341 0.004489
33 0.349170 1422 0.004760
34 0.358981 1592 0.005329
35 0.368792 1604 0.005369
36 0.378602 2041 0.006832
37 0.388413 2583 0.008646
38 0.398224 2753 0.009215
39 0.408035 3286 0.010999
40 0.417845 3521 0.011786
41 0.427656 4281 0.014329
42 0.437467 5498 0.018403
43 0.447278 5734 0.019193
44 0.457088 7496 0.025091
45 0.466899 10516 0.035199
46 0.476710 14186 0.047484
47 0.486521 23757 0.079520
48 0.496332 44976 0.150544
49 0.506142 44273 0.148191
50 0.515953 23989 0.080296
51 0.525764 15502 0.051888
52 0.535575 10197 0.034132
53 0.545385 7496 0.025091
54 0.555196 5716 0.019133
55 0.565007 5368 0.017968
56 0.574818 4850 0.016234
57 0.584628 4608 0.015424
58 0.594439 2682 0.008977
59 0.604250 2382 0.007973
60 0.614061 2107 0.007053
61 0.623872 2317 0.007755
62 0.633682 1579 0.005285
63 0.643493 1524 0.005101
64 0.653304 1745 0.005841
65 0.663115 1484 0.004967
66 0.672925 1311 0.004388
67 0.682736 1324 0.004432
68 0.692547 954 0.003193
69 0.702358 677 0.002266
70 0.712168 695 0.002326
71 0.721979 656 0.002196
72 0.731790 444 0.001486
73 0.741601 464 0.001553
74 0.751412 365 0.001222
75 0.761222 405 0.001356
76 0.771033 472 0.001580
77 0.780844 443 0.001483
78 0.790655 321 0.001074
79 0.800465 333 0.001115
80 0.810276 365 0.001222
81 0.820087 181 0.000606
82 0.829898 195 0.000653
83 0.839708 205 0.000686
84 0.849519 177 0.000592
85 0.859330 225 0.000753
86 0.869141 166 0.000556
87 0.878952 151 0.000505
88 0.888762 179 0.000599
89 0.898573 196 0.000656
90 0.908384 170 0.000569
91 0.918195 182 0.000609
92 0.928005 147 0.000492
93 0.937816 116 0.000388
94 0.947627 79 0.000264
95 0.957438 77 0.000258
96 0.967248 26 0.000087
97 0.977059 59 0.000197
98 0.986870 36 0.000120
99 0.996681 0 0.000000
