network init start

hyperparameters
init_weight_range 0.000000 ,xavier
learning_rate 0.000200
lambda1 0.000001
lambda2 0.000001
dropout 0.020000
minibatch size 32

   DENSE CONVOLUTION  [   16    16   128] [    3     3     8] [   16    16   136] [      9216          8][   2361344]
                RELU  [   16    16   136] [    1     1     1] [   16    16   136] [         0          0][     69632]
   DENSE CONVOLUTION  [   16    16   136] [    3     3     8] [   16    16   144] [      9792          8][   2508800]
                RELU  [   16    16   144] [    1     1     1] [   16    16   144] [         0          0][     73728]
   DENSE CONVOLUTION  [   16    16   144] [    3     3     8] [   16    16   152] [     10368          8][   2656256]
                RELU  [   16    16   152] [    1     1     1] [   16    16   152] [         0          0][     77824]
   DENSE CONVOLUTION  [   16    16   152] [    3     3     8] [   16    16   160] [     10944          8][   2803712]
                RELU  [   16    16   160] [    1     1     1] [   16    16   160] [         0          0][     81920]
         CONVOLUTION  [   16    16   160] [    1     1    32] [   16    16    32] [      5120         32][   1318912]
                RELU  [   16    16    32] [    1     1     1] [   16    16    32] [         0          0][     16384]
             DROPOUT  [   16    16    32] [    1     1     1] [   16    16    32] [         0          0][     16384]
                  FC  [   16    16    32] [    1     1     3] [    1     1     3] [     24576          3][     49158]

input_geometry  [16 16 128]
output_geometry [1 1 3]
network flops operations 12034054 FLOPS, 0.012034 GFLOPS
init DONE

